2024-01-26 15:47:37,033 [INFO] Activator:176 - 


2024-01-26 15:47:37,037 [INFO] Activator:177 - !SESSION log4j initialized
2024-01-26 15:47:41,257 [INFO] LogOutputStream:77 - [STDOUT_REDIRECT] 
2024-01-26 15:47:42,550 [INFO] ApplicationProperties:184 - Using Application install path: C:\ST\STM32CubeIDE_1.14.0\STM32CubeIDE\plugins\com.st.stm32cube.common.mx_6.10.0.202311202037
2024-01-26 15:47:42,567 [INFO] DbMcusXml:78 - Set database path to: C:\ST\STM32CubeIDE_1.14.0\STM32CubeIDE\plugins\com.st.stm32cube.common.mx_6.10.0.202311202037\\db\/mcu/
2024-01-26 15:47:42,567 [INFO] ApiDb:274 - Set plugin database path to: C:\ST\STM32CubeIDE_1.14.0\STM32CubeIDE\plugins\com.st.stm32cube.common.mx_6.10.0.202311202037\\db\/plugins/boardmanager/
2024-01-26 15:47:42,568 [WARN] ApiDb:259 - Overriding images path with different value:  => C:\ST\STM32CubeIDE_1.14.0\STM32CubeIDE\plugins\com.st.stm32cube.common.mx_6.10.0.202311202037\\db\/plugins/mcufinder/images/
2024-01-26 15:47:42,579 [INFO] ApiDb:250 - Set database path to: C:\Users\hasan\.stmcufinder\plugins\mcufinder//mcu/
2024-01-26 15:47:42,580 [INFO] DbMcusAds:125 - Set database path to: C:\Users\hasan\.stmcufinder\plugins\mcufinder//mcu/
2024-01-26 15:47:42,581 [INFO] CrossReferenceDbSqlite:203 - Set database path to: C:\Users\hasan\.stmcufinder\plugins\mcufinder//mcu/cs/
2024-01-26 15:47:42,664 [INFO] RulesReader:64 - Compatibility file has been processed (297 Rules)
2024-01-26 15:47:42,736 [INFO] DbMcusXml:78 - Set database path to: C:\ST\STM32CubeIDE_1.14.0\STM32CubeIDE\plugins\com.st.stm32cube.common.mx_6.10.0.202311202037\\db\/mcu/
2024-01-26 15:47:42,736 [INFO] ApiDb:274 - Set plugin database path to: C:\ST\STM32CubeIDE_1.14.0\STM32CubeIDE\plugins\com.st.stm32cube.common.mx_6.10.0.202311202037\\db\/plugins/boardmanager/
2024-01-26 15:47:42,736 [INFO] ApiDb:261 - Set plugin images path to: C:\ST\STM32CubeIDE_1.14.0\STM32CubeIDE\plugins\com.st.stm32cube.common.mx_6.10.0.202311202037\\db\/plugins/mcufinder/images/
2024-01-26 15:47:42,736 [WARN] DbFile:41 - Overriding database path with different value: C:\Users\hasan\.stmcufinder\plugins\mcufinder/ => C:\Users\hasan\.stmcufinder\plugins\mcufinder
2024-01-26 15:47:42,736 [INFO] ApiDb:250 - Set database path to: C:\Users\hasan\.stmcufinder\plugins\mcufinder//mcu/
2024-01-26 15:47:42,736 [WARN] DbFile:41 - Overriding database path with different value: C:\Users\hasan\.stmcufinder\plugins\mcufinder/ => C:\Users\hasan\.stmcufinder\plugins\mcufinder
2024-01-26 15:47:42,736 [INFO] DbMcusAds:125 - Set database path to: C:\Users\hasan\.stmcufinder\plugins\mcufinder//mcu/
2024-01-26 15:47:42,736 [WARN] DbFile:41 - Overriding database path with different value: C:\Users\hasan\.stmcufinder\plugins\mcufinder/ => C:\Users\hasan\.stmcufinder\plugins\mcufinder
2024-01-26 15:47:42,736 [WARN] DbFile:41 - Overriding database path with different value: C:\Users\hasan\.stmcufinder\plugins\mcufinder/ => C:\Users\hasan\.stmcufinder\plugins\mcufinder
2024-01-26 15:47:42,737 [INFO] CrossReferenceDbSqlite:203 - Set database path to: C:\Users\hasan\.stmcufinder\plugins\mcufinder//mcu/cs/
2024-01-26 15:47:42,807 [INFO] MainPanel:264 - HeapMemory: 268435456
2024-01-26 15:47:42,922 [INFO] DbMcusXml:78 - Set database path to: C:\ST\STM32CubeIDE_1.14.0\STM32CubeIDE\plugins\com.st.stm32cube.common.mx_6.10.0.202311202037\\db\/mcu/
2024-01-26 15:47:42,922 [INFO] ApiDb:274 - Set plugin database path to: C:\ST\STM32CubeIDE_1.14.0\STM32CubeIDE\plugins\com.st.stm32cube.common.mx_6.10.0.202311202037\\db\/plugins/boardmanager/
2024-01-26 15:47:42,922 [INFO] ApiDb:261 - Set plugin images path to: C:\ST\STM32CubeIDE_1.14.0\STM32CubeIDE\plugins\com.st.stm32cube.common.mx_6.10.0.202311202037\\db\/plugins/mcufinder/images/
2024-01-26 15:47:42,922 [WARN] DbFile:41 - Overriding database path with different value: C:\Users\hasan\.stmcufinder\plugins\mcufinder/ => C:\Users\hasan\.stmcufinder\plugins\mcufinder
2024-01-26 15:47:42,922 [INFO] ApiDb:250 - Set database path to: C:\Users\hasan\.stmcufinder\plugins\mcufinder//mcu/
2024-01-26 15:47:42,922 [WARN] DbFile:41 - Overriding database path with different value: C:\Users\hasan\.stmcufinder\plugins\mcufinder/ => C:\Users\hasan\.stmcufinder\plugins\mcufinder
2024-01-26 15:47:42,922 [INFO] DbMcusAds:125 - Set database path to: C:\Users\hasan\.stmcufinder\plugins\mcufinder//mcu/
2024-01-26 15:47:42,922 [WARN] DbFile:41 - Overriding database path with different value: C:\Users\hasan\.stmcufinder\plugins\mcufinder/ => C:\Users\hasan\.stmcufinder\plugins\mcufinder
2024-01-26 15:47:42,922 [WARN] DbFile:41 - Overriding database path with different value: C:\Users\hasan\.stmcufinder\plugins\mcufinder/ => C:\Users\hasan\.stmcufinder\plugins\mcufinder
2024-01-26 15:47:42,923 [INFO] CrossReferenceDbSqlite:203 - Set database path to: C:\Users\hasan\.stmcufinder\plugins\mcufinder//mcu/cs/
2024-01-26 15:47:42,939 [INFO] ApplicationProperties:184 - Using Application install path: C:\ST\STM32CubeIDE_1.14.0\STM32CubeIDE\plugins\com.st.stm32cube.common.mx_6.10.0.202311202037
2024-01-26 15:47:42,940 [INFO] PluginManage:196 - Search for loadable plugins [exclusion list=, ]
2024-01-26 15:47:42,942 [INFO] PluginManage:310 - Check plugin analytics
2024-01-26 15:47:43,093 [INFO] AnalyticsPlugin:253 - Accepted Software Licenses: 
2024-01-26 15:47:43,093 [INFO] AnalyticsPlugin:255 - Accepted CMSIS Pack Licenses: 
2024-01-26 15:47:43,093 [INFO] AnalyticsPlugin:257 - Accepted Firmware Licenses: 
2024-01-26 15:47:43,096 [INFO] PluginManage:359 - Loaded plugin analytics (category:tool,tabindex:-1)
2024-01-26 15:47:43,096 [INFO] PluginManage:310 - Check plugin cadmodel
2024-01-26 15:47:43,112 [INFO] CADModel:105 - Init CAD model plugin
2024-01-26 15:47:43,112 [INFO] PluginManage:359 - Loaded plugin cadmodel (category:power,tabindex:5)
2024-01-26 15:47:43,112 [INFO] PluginManage:310 - Check plugin clock
2024-01-26 15:47:43,131 [INFO] PluginManage:359 - Loaded plugin clock (category:base,tabindex:2)
2024-01-26 15:47:43,132 [INFO] PluginManage:310 - Check plugin ddr
2024-01-26 15:47:43,134 [INFO] PluginManage:359 - Loaded plugin ddr (category:tool,tabindex:6)
2024-01-26 15:47:43,134 [INFO] PluginManage:310 - Check plugin filemanager
2024-01-26 15:47:43,261 [INFO] PluginManage:359 - Loaded plugin filemanager (category:base,tabindex:10)
2024-01-26 15:47:43,261 [INFO] PluginManage:310 - Check plugin ipmanager
2024-01-26 15:47:43,268 [INFO] PluginManage:359 - Loaded plugin ipmanager (category:base,tabindex:5)
2024-01-26 15:47:43,268 [INFO] PluginManage:310 - Check plugin lpbam
2024-01-26 15:47:43,285 [INFO] PluginManage:359 - Loaded plugin lpbam (category:base,tabindex:0)
2024-01-26 15:47:43,285 [INFO] PluginManage:310 - Check plugin memorymap
2024-01-26 15:47:43,305 [INFO] PluginManage:359 - Loaded plugin memorymap (category:base,tabindex:4)
2024-01-26 15:47:43,305 [INFO] PluginManage:310 - Check plugin pinoutandconfiguration
2024-01-26 15:47:43,319 [INFO] PluginManage:359 - Loaded plugin pinoutandconfiguration (category:base,tabindex:1)
2024-01-26 15:47:43,319 [INFO] PluginManage:310 - Check plugin pinoutconfig
2024-01-26 15:47:43,417 [WARN] SupportedApi:132 - Cannot load RTOS API schema: s4s-elt-must-match.1: The content of 'definitions' must match (annotation?, (simpleType | complexType)?, (unique | key | keyref)*)). A problem was found starting at: attribute.
2024-01-26 15:47:43,545 [INFO] PluginManage:359 - Loaded plugin pinoutconfig (category:base,tabindex:0)
2024-01-26 15:47:43,545 [INFO] PluginManage:310 - Check plugin power
2024-01-26 15:47:43,564 [INFO] PluginManage:359 - Loaded plugin power (category:power,tabindex:4)
2024-01-26 15:47:43,564 [INFO] PluginManage:310 - Check plugin projectmanager
2024-01-26 15:47:43,581 [INFO] PluginManage:359 - Loaded plugin projectmanager (category:projectmanager,tabindex:3)
2024-01-26 15:47:43,581 [INFO] PluginManage:310 - Check plugin thirdparty
2024-01-26 15:47:43,781 [INFO] PluginManage:359 - Loaded plugin thirdparty (category:base,tabindex:-1)
2024-01-26 15:47:43,781 [INFO] PluginManage:310 - Check plugin tools
2024-01-26 15:47:43,781 [WARN] IntegrityCheckThread:84 - waiting for thirdparty lock release [integrity check]
2024-01-26 15:47:43,782 [INFO] IntegrityCheckThread:86 - entering critical section [integrity check]
2024-01-26 15:47:43,782 [INFO] ThirdPartyUpdaterWithRetryManager:70 - Updater plugin not ready yet. [1/15]
2024-01-26 15:47:43,804 [INFO] PluginManage:359 - Loaded plugin tools (category:base,tabindex:7)
2024-01-26 15:47:43,804 [INFO] PluginManage:310 - Check plugin tutovideos
2024-01-26 15:47:43,957 [INFO] PluginManage:359 - Loaded plugin tutovideos (category:base,tabindex:-1)
2024-01-26 15:47:43,958 [INFO] PluginManage:310 - Check plugin updater
2024-01-26 15:47:43,970 [INFO] PluginManage:359 - Loaded plugin updater (category:base,tabindex:12)
2024-01-26 15:47:43,970 [INFO] PluginManage:310 - Check plugin userauth
2024-01-26 15:47:43,975 [INFO] UserAuth:114 - Init User Auth plugin
2024-01-26 15:47:43,975 [INFO] PluginManage:359 - Loaded plugin userauth (category:base,tabindex:14)
2024-01-26 15:47:43,975 [INFO] PluginManage:283 - PluginManage : Loaded plugins [17]
2024-01-26 15:47:44,157 [INFO] PinOutPanel:1499 - setPackage(No Configuration,No Configuration)
2024-01-26 15:47:44,214 [INFO] CADModel:165 - CPN selected for project level
2024-01-26 15:47:44,214 [INFO] CADModel:114 - Register for checkConnection events
2024-01-26 15:47:44,235 [INFO] IPUIPlugin:80 - create IPUIPlugin
2024-01-26 15:47:44,235 [INFO] PluginManager:220 - loadIPPluginJar : add adc
2024-01-26 15:47:44,258 [INFO] IPUIPlugin:80 - create IPUIPlugin
2024-01-26 15:47:44,258 [INFO] PluginManager:220 - loadIPPluginJar : add aes
2024-01-26 15:47:44,283 [INFO] IPUIPlugin:80 - create IPUIPlugin
2024-01-26 15:47:44,283 [INFO] PluginManager:220 - loadIPPluginJar : add can
2024-01-26 15:47:44,296 [INFO] IPUIPlugin:80 - create IPUIPlugin
2024-01-26 15:47:44,296 [INFO] PluginManager:220 - loadIPPluginJar : add comp
2024-01-26 15:47:44,316 [INFO] IPUIPlugin:80 - create IPUIPlugin
2024-01-26 15:47:44,316 [INFO] PluginManager:220 - loadIPPluginJar : add cryp
2024-01-26 15:47:44,333 [INFO] IPUIPlugin:80 - create IPUIPlugin
2024-01-26 15:47:44,334 [INFO] PluginManager:220 - loadIPPluginJar : add dfsdm
2024-01-26 15:47:44,343 [INFO] IPUIPlugin:80 - create IPUIPlugin
2024-01-26 15:47:44,343 [INFO] PluginManager:220 - loadIPPluginJar : add dma
2024-01-26 15:47:44,369 [INFO] IPUIPlugin:80 - create IPUIPlugin
2024-01-26 15:47:44,369 [INFO] PluginManager:220 - loadIPPluginJar : add dma3
2024-01-26 15:47:44,381 [INFO] IPUIPlugin:80 - create IPUIPlugin
2024-01-26 15:47:44,381 [INFO] PluginManager:220 - loadIPPluginJar : add fatfs
2024-01-26 15:47:44,409 [INFO] IPUIPlugin:80 - create IPUIPlugin
2024-01-26 15:47:44,409 [INFO] PluginManager:220 - loadIPPluginJar : add fmc
2024-01-26 15:47:44,420 [INFO] IPUIPlugin:80 - create IPUIPlugin
2024-01-26 15:47:44,421 [INFO] PluginManager:220 - loadIPPluginJar : add freertos
2024-01-26 15:47:44,433 [INFO] IPUIPlugin:80 - create IPUIPlugin
2024-01-26 15:47:44,433 [INFO] PluginManager:220 - loadIPPluginJar : add genericplugin
2024-01-26 15:47:44,492 [INFO] IPUIPlugin:80 - create IPUIPlugin
2024-01-26 15:47:44,492 [INFO] PluginManager:220 - loadIPPluginJar : add gfxmmu
2024-01-26 15:47:44,577 [INFO] IPUIPlugin:80 - create IPUIPlugin
2024-01-26 15:47:44,577 [INFO] PluginManager:220 - loadIPPluginJar : add gic
2024-01-26 15:47:44,587 [INFO] IPUIPlugin:80 - create IPUIPlugin
2024-01-26 15:47:44,587 [INFO] PluginManager:220 - loadIPPluginJar : add gpio
2024-01-26 15:47:44,646 [INFO] IPUIPlugin:80 - create IPUIPlugin
2024-01-26 15:47:44,646 [INFO] PluginManager:220 - loadIPPluginJar : add gtzc
2024-01-26 15:47:44,666 [INFO] IPUIPlugin:80 - create IPUIPlugin
2024-01-26 15:47:44,666 [INFO] PluginManager:220 - loadIPPluginJar : add hash
2024-01-26 15:47:44,699 [INFO] IPUIPlugin:80 - create IPUIPlugin
2024-01-26 15:47:44,699 [INFO] PluginManager:220 - loadIPPluginJar : add i2c
2024-01-26 15:47:44,722 [INFO] IPUIPlugin:80 - create IPUIPlugin
2024-01-26 15:47:44,722 [INFO] PluginManager:220 - loadIPPluginJar : add i2s
2024-01-26 15:47:44,747 [INFO] IPUIPlugin:80 - create IPUIPlugin
2024-01-26 15:47:44,747 [INFO] PluginManager:220 - loadIPPluginJar : add i3c
2024-01-26 15:47:44,814 [INFO] IPUIPlugin:80 - create IPUIPlugin
2024-01-26 15:47:44,814 [INFO] PluginManager:220 - loadIPPluginJar : add ipddr
2024-01-26 15:47:44,872 [INFO] IPUIPlugin:80 - create IPUIPlugin
2024-01-26 15:47:44,872 [INFO] PluginManager:220 - loadIPPluginJar : add linkedlist
2024-01-26 15:47:44,893 [INFO] IPUIPlugin:80 - create IPUIPlugin
2024-01-26 15:47:44,893 [INFO] PluginManager:220 - loadIPPluginJar : add lorawan
2024-01-26 15:47:44,915 [INFO] IPUIPlugin:80 - create IPUIPlugin
2024-01-26 15:47:44,915 [INFO] PluginManager:220 - loadIPPluginJar : add ltdc
2024-01-26 15:47:44,924 [INFO] IPUIPlugin:80 - create IPUIPlugin
2024-01-26 15:47:44,924 [INFO] PluginManager:220 - loadIPPluginJar : add mdma
2024-01-26 15:47:44,932 [INFO] IPUIPlugin:80 - create IPUIPlugin
2024-01-26 15:47:44,932 [INFO] PluginManager:220 - loadIPPluginJar : add nvic
2024-01-26 15:47:44,954 [INFO] IPUIPlugin:80 - create IPUIPlugin
2024-01-26 15:47:44,954 [INFO] PluginManager:220 - loadIPPluginJar : add opamp
2024-01-26 15:47:44,990 [INFO] IPUIPlugin:80 - create IPUIPlugin
2024-01-26 15:47:44,990 [INFO] PluginManager:220 - loadIPPluginJar : add openamp
2024-01-26 15:47:45,016 [INFO] IPUIPlugin:80 - create IPUIPlugin
2024-01-26 15:47:45,016 [INFO] PluginManager:220 - loadIPPluginJar : add pdm2pcm
2024-01-26 15:47:45,025 [INFO] IPUIPlugin:80 - create IPUIPlugin
2024-01-26 15:47:45,026 [INFO] PluginManager:220 - loadIPPluginJar : add plateformsettings
2024-01-26 15:47:45,040 [INFO] IPUIPlugin:80 - create IPUIPlugin
2024-01-26 15:47:45,040 [INFO] PluginManager:220 - loadIPPluginJar : add quadspi
2024-01-26 15:47:45,049 [INFO] IPUIPlugin:80 - create IPUIPlugin
2024-01-26 15:47:45,049 [INFO] PluginManager:220 - loadIPPluginJar : add resmgrutility
2024-01-26 15:47:45,079 [INFO] IPUIPlugin:80 - create IPUIPlugin
2024-01-26 15:47:45,080 [INFO] PluginManager:220 - loadIPPluginJar : add sai
2024-01-26 15:47:45,102 [INFO] IPUIPlugin:80 - create IPUIPlugin
2024-01-26 15:47:45,102 [INFO] PluginManager:220 - loadIPPluginJar : add spi
2024-01-26 15:47:45,145 [INFO] IPUIPlugin:80 - create IPUIPlugin
2024-01-26 15:47:45,145 [INFO] PluginManager:220 - loadIPPluginJar : add stm32_wpan
2024-01-26 15:47:45,158 [INFO] IPUIPlugin:80 - create IPUIPlugin
2024-01-26 15:47:45,158 [INFO] PluginManager:220 - loadIPPluginJar : add tim
2024-01-26 15:47:45,192 [INFO] IPUIPlugin:80 - create IPUIPlugin
2024-01-26 15:47:45,192 [INFO] PluginManager:220 - loadIPPluginJar : add touchsensing
2024-01-26 15:47:45,205 [INFO] IPUIPlugin:80 - create IPUIPlugin
2024-01-26 15:47:45,205 [INFO] PluginManager:220 - loadIPPluginJar : add tracer_emb
2024-01-26 15:47:45,219 [INFO] IPUIPlugin:80 - create IPUIPlugin
2024-01-26 15:47:45,219 [INFO] PluginManager:220 - loadIPPluginJar : add ts
2024-01-26 15:47:45,231 [INFO] IPUIPlugin:80 - create IPUIPlugin
2024-01-26 15:47:45,231 [INFO] PluginManager:220 - loadIPPluginJar : add tsc
2024-01-26 15:47:45,243 [INFO] IPUIPlugin:80 - create IPUIPlugin
2024-01-26 15:47:45,244 [INFO] PluginManager:220 - loadIPPluginJar : add ucpd
2024-01-26 15:47:45,271 [INFO] IPUIPlugin:80 - create IPUIPlugin
2024-01-26 15:47:45,271 [INFO] PluginManager:220 - loadIPPluginJar : add usart
2024-01-26 15:47:45,299 [INFO] IPUIPlugin:80 - create IPUIPlugin
2024-01-26 15:47:45,299 [INFO] PluginManager:220 - loadIPPluginJar : add usbx
2024-01-26 15:47:45,408 [INFO] CADModel:165 - CPN selected for project level
2024-01-26 15:47:45,408 [INFO] CADModel:114 - Register for checkConnection events
2024-01-26 15:47:45,408 [FATAL] Updater:308 - Updater called before beeing initialized
2024-01-26 15:47:45,408 [ERROR] CADModel:125 - Updater not yet initialized, retry later 
2024-01-26 15:47:45,521 [INFO] CADModel:165 - CPN selected for project level
2024-01-26 15:47:45,521 [INFO] CADModel:114 - Register for checkConnection events
2024-01-26 15:47:45,521 [FATAL] Updater:308 - Updater called before beeing initialized
2024-01-26 15:47:45,521 [ERROR] CADModel:125 - Updater not yet initialized, retry later 
2024-01-26 15:47:45,523 [FATAL] Updater:308 - Updater called before beeing initialized
2024-01-26 15:47:45,592 [FATAL] Updater:308 - Updater called before beeing initialized
2024-01-26 15:47:45,599 [INFO] DbMcusAds:53 - JSON generation date=Wed Nov 29 13:52:27 TRT 2023 (1701255147349)
2024-01-26 15:47:45,600 [FATAL] Updater:308 - Updater called before beeing initialized
2024-01-26 15:47:45,659 [WARN] DetailPanel:346 - Failed to get advertising image, set to default
2024-01-26 15:47:45,727 [FATAL] Updater:308 - Updater called before beeing initialized
2024-01-26 15:47:45,729 [FATAL] Updater:308 - Updater called before beeing initialized
2024-01-26 15:47:45,729 [FATAL] Updater:308 - Updater called before beeing initialized
2024-01-26 15:47:45,729 [WARN] DetailPanel:346 - Failed to get advertising image, set to default
2024-01-26 15:47:45,730 [FATAL] Updater:308 - Updater called before beeing initialized
2024-01-26 15:47:45,770 [ERROR] Updater:1120 - MainUpdater not yet initialized. External WinMGr cannot be set.
2024-01-26 15:47:45,777 [INFO] Updater:1056 - Updater Version found : 6.10.0
2024-01-26 15:47:45,793 [INFO] ApplicationProperties:184 - Using Application install path: C:\ST\STM32CubeIDE_1.14.0\STM32CubeIDE\plugins\com.st.stm32cube.common.mx_6.10.0.202311202037
2024-01-26 15:47:46,783 [INFO] ThirdPartyUpdaterWithRetryManager:70 - Updater plugin not ready yet. [2/15]
2024-01-26 15:47:47,363 [ERROR] LogOutputStream:75 - [STDERR_REDIRECT] Jan 26, 2024 3:47:47 PM java.util.prefs.WindowsPreferences <init>
2024-01-26 15:47:47,364 [ERROR] LogOutputStream:75 - [STDERR_REDIRECT] WARNING: Could not open/create prefs root node Software\JavaSoft\Prefs at root 0xffffffff80000002. Windows RegCreateKeyEx(...) returned error code 5.
2024-01-26 15:47:47,364 [ERROR] LogOutputStream:75 - [STDERR_REDIRECT] 
2024-01-26 15:47:47,839 [INFO] MainUpdater:2873 - connection check result : 10
2024-01-26 15:47:47,840 [INFO] MainUpdater:290 - Updater Check For Update Now.
2024-01-26 15:47:47,840 [INFO] MicroXplorer:498 - Change Database Version : DB.6.0.100
2024-01-26 15:47:47,854 [INFO] McuFinderGlobals:63 - Set McuFinder mode to 2 (CubeIDE integrated)
2024-01-26 15:47:47,863 [INFO] UserAuth:404 - Internet connection configuration mode: 1
2024-01-26 15:47:47,899 [INFO] JxBrowserEngine:152 - Initiate JxBrowser Engine with user profile folder
2024-01-26 15:47:48,018 [INFO] CheckServerUpdateThread:120 - End of CheckServer Thread
2024-01-26 15:47:50,311 [WARN] PackLoader:240 - Cannot read IP mode file for STMicroelectronics.X-CUBE-SMBUS.2.1.0
2024-01-26 15:47:50,326 [WARN] PackLoader:240 - Cannot read IP mode file for STMicroelectronics.X-CUBE-TOUCHGFX.4.23.0
2024-01-26 15:47:50,382 [WARN] PackLoader:240 - Cannot read IP mode file for STMicroelectronics.X-CUBE-AZRTOS-F7.1.1.0
2024-01-26 15:47:50,402 [WARN] PackLoader:240 - Cannot read IP mode file for STMicroelectronics.FP-SNS-MOTENV1.4.3.2
2024-01-26 15:47:50,415 [WARN] PackLoader:240 - Cannot read IP mode file for STMicroelectronics.FP-SNS-FLIGHT1.5.0.2
2024-01-26 15:47:50,433 [WARN] PackLoader:240 - Cannot read IP mode file for STMicroelectronics.X-CUBE-DISPLAY.3.0.0
2024-01-26 15:47:50,452 [WARN] PackLoader:240 - Cannot read IP mode file for STMicroelectronics.X-CUBE-BLE1.7.0.0
2024-01-26 15:47:50,464 [WARN] PackLoader:240 - Cannot read IP mode file for emotas.I-CUBE-CANOPEN.1.3.0
2024-01-26 15:47:50,475 [WARN] PackLoader:240 - Cannot read IP mode file for STMicroelectronics.FP-SNS-SMARTAG2.1.2.0
2024-01-26 15:47:50,492 [INFO] LogOutputStream:77 - [STDOUT_REDIRECT] 1 : Invalid condition id : UX_CORESTACK_Condition cause : null
2024-01-26 15:47:50,493 [INFO] LogOutputStream:77 - [STDOUT_REDIRECT] 1 : Invalid condition id : UX_CORESTACK_Condition cause : null
2024-01-26 15:47:50,494 [INFO] LogOutputStream:77 - [STDOUT_REDIRECT] 1 : Invalid condition id : UX_CORESTACK_Condition cause : null
2024-01-26 15:47:50,495 [INFO] LogOutputStream:77 - [STDOUT_REDIRECT] 1 : Invalid condition id : UX_CORESTACK_Condition cause : null
2024-01-26 15:47:50,495 [INFO] LogOutputStream:77 - [STDOUT_REDIRECT] 1 : Invalid condition id : UX_CORESTACK_Condition cause : null
2024-01-26 15:47:50,498 [WARN] PackLoader:240 - Cannot read IP mode file for STMicroelectronics.X-CUBE-AZRTOS-WL.2.0.0
2024-01-26 15:47:50,513 [WARN] PackLoader:240 - Cannot read IP mode file for WES.I-CUBE-Cesium.1.3.0
2024-01-26 15:47:50,523 [WARN] PackLoader:240 - Cannot read IP mode file for STMicroelectronics.X-CUBE-BLE2.3.3.0
2024-01-26 15:47:50,535 [WARN] PackLoader:240 - Cannot read IP mode file for STMicroelectronics.X-CUBE-ALGOBUILD.1.3.0
2024-01-26 15:47:50,558 [WARN] PackLoader:240 - Cannot read IP mode file for STMicroelectronics.X-CUBE-AZRTOS-G0.1.1.0
2024-01-26 15:47:50,571 [WARN] PackLoader:240 - Cannot read IP mode file for STMicroelectronics.X-CUBE-NFC4.3.0.0
2024-01-26 15:47:50,585 [WARN] PackLoader:240 - Cannot read IP mode file for STMicroelectronics.X-CUBE-BLEMGR.3.0.0
2024-01-26 15:47:50,598 [WARN] PackLoader:240 - Cannot read IP mode file for STMicroelectronics.FP-ATR-SIGFOX1.3.2.0
2024-01-26 15:47:50,606 [INFO] WebApp:161 - Instantiating new browser for Auth
2024-01-26 15:47:50,609 [WARN] PackLoader:240 - Cannot read IP mode file for STMicroelectronics.X-CUBE-GNSS1.6.0.0
2024-01-26 15:47:50,638 [WARN] PackLoader:240 - Cannot read IP mode file for STMicroelectronics.X-CUBE-AZRTOS-F4.1.1.0
2024-01-26 15:47:50,653 [WARN] PackLoader:240 - Cannot read IP mode file for wolfSSL.I-CUBE-wolfSSL.5.6.4
2024-01-26 15:47:50,680 [WARN] PackLoader:240 - Cannot read IP mode file for STMicroelectronics.X-CUBE-AZRTOS-L5.2.0.0
2024-01-26 15:47:50,694 [WARN] PackLoader:240 - Cannot read IP mode file for STMicroelectronics.X-CUBE-EEPRMA1.4.2.0
2024-01-26 15:47:50,708 [WARN] PackLoader:240 - Cannot read IP mode file for ITTIA_DB.I-CUBE-ITTIADB.8.8.0
2024-01-26 15:47:50,725 [WARN] PackLoader:240 - Cannot read IP mode file for STMicroelectronics.X-CUBE-NFC7.1.0.1
2024-01-26 15:47:50,738 [WARN] PackLoader:240 - Cannot read IP mode file for STMicroelectronics.X-CUBE-NFC6.3.0.0
2024-01-26 15:47:50,751 [WARN] PackLoader:240 - Cannot read IP mode file for STMicroelectronics.X-CUBE-AI.8.1.0
2024-01-26 15:47:50,779 [WARN] ConditionMgr:438 - getConditionDescription Invalid condition id : LAN8742 Phy interface Condition cause : null
2024-01-26 15:47:50,780 [WARN] PackLoader:240 - Cannot read IP mode file for STMicroelectronics.X-CUBE-AZRTOS-L4.2.0.0
2024-01-26 15:47:50,780 [WARN] ConditionMgr:1039 - genDependencies : Invalid condition id : LAN8742 Phy interface Condition cause : null
2024-01-26 15:47:50,781 [WARN] ConditionMgr:1039 - genDependencies : Invalid condition id : LAN8742 Phy interface Condition cause : null
2024-01-26 15:47:50,781 [WARN] ConditionMgr:1039 - genDependencies : Invalid condition id : LAN8742 Phy interface Condition cause : null
2024-01-26 15:47:50,794 [WARN] PackLoader:240 - Cannot read IP mode file for STMicroelectronics.X-CUBE-SFXS2LP1.4.0.0
2024-01-26 15:47:50,821 [WARN] ConditionMgr:438 - getConditionDescription Invalid condition id : UX DEVICE CLASS RTOS Condition cause : null
2024-01-26 15:47:50,822 [WARN] ConditionMgr:438 - getConditionDescription Invalid condition id : UX DEVICE CLASS RTOS Condition cause : null
2024-01-26 15:47:50,823 [WARN] PackLoader:240 - Cannot read IP mode file for STMicroelectronics.X-CUBE-AZRTOS-WB.2.0.0
2024-01-26 15:47:50,824 [WARN] ConditionMgr:1039 - genDependencies : Invalid condition id : UX DEVICE CLASS RTOS Condition cause : null
2024-01-26 15:47:50,824 [WARN] ConditionMgr:1039 - genDependencies : Invalid condition id : UX DEVICE CLASS RTOS Condition cause : null
2024-01-26 15:47:50,824 [WARN] ConditionMgr:1039 - genDependencies : Invalid condition id : UX DEVICE CLASS RTOS Condition cause : null
2024-01-26 15:47:50,824 [WARN] ConditionMgr:1039 - genDependencies : Invalid condition id : UX DEVICE CLASS RTOS Condition cause : null
2024-01-26 15:47:50,824 [WARN] ConditionMgr:1039 - genDependencies : Invalid condition id : UX DEVICE CLASS RTOS Condition cause : null
2024-01-26 15:47:50,841 [WARN] PackLoader:240 - Cannot read IP mode file for STMicroelectronics.X-CUBE-SUBG2.5.0.0
2024-01-26 15:47:50,883 [WARN] PackLoader:240 - Cannot read IP mode file for STMicroelectronics.X-CUBE-AZRTOS-G4.2.0.0
2024-01-26 15:47:50,919 [WARN] PackLoader:240 - Cannot read IP mode file for Infineon.AIROC-Wi-Fi-Bluetooth-STM32.1.5.1
2024-01-26 15:47:50,936 [WARN] PackLoader:240 - Cannot read IP mode file for STMicroelectronics.FP-SNS-MOTENVWB1.1.3.1
2024-01-26 15:47:50,949 [WARN] PackLoader:240 - Cannot read IP mode file for STMicroelectronics.X-CUBE-ISPU.2.0.0
2024-01-26 15:47:50,984 [WARN] PackLoader:240 - Cannot read IP mode file for STMicroelectronics.X-CUBE-MEMS1.10.0.0
2024-01-26 15:47:51,067 [WARN] PackLoader:240 - Cannot read IP mode file for STMicroelectronics.X-CUBE-FREERTOS.1.1.0
2024-01-26 15:47:51,078 [WARN] PackLoader:240 - Cannot read IP mode file for portGmbH.I-Cube-SoM-uGOAL.1.1.0
2024-01-26 15:47:51,088 [WARN] PackLoader:240 - Cannot read IP mode file for STMicroelectronics.X-CUBE-ALS.1.0.1
2024-01-26 15:47:51,100 [WARN] PackLoader:240 - Cannot read IP mode file for STMicroelectronics.FP-ATR-ASTRA1.2.0.0
2024-01-26 15:47:51,117 [WARN] PackLoader:240 - Cannot read IP mode file for STMicroelectronics.X-CUBE-TOF1.3.4.0
2024-01-26 15:47:51,162 [WARN] PackLoader:240 - Cannot read IP mode file for STMicroelectronics.X-CUBE-AZRTOS-H7.3.2.0
2024-01-26 15:47:51,165 [INFO] ThirdParty:978 - Integrity check success = true
2024-01-26 15:47:51,165 [INFO] IntegrityCheckThread:100 - exiting critical section [integrity check]
2024-01-26 15:47:51,165 [INFO] IntegrityCheckThread:103 - End integrity checks thread
2024-01-26 15:47:51,482 [INFO] WebApp:780 - Register for checkConnection events
2024-01-26 15:47:51,482 [INFO] WebApp:414 - Apply proxy settings
2024-01-26 15:47:51,482 [INFO] WebApp:499 - Chromium requires no authentication
2024-01-26 15:47:51,490 [INFO] WebApp:442 - Direct internet connection detected
2024-01-26 15:47:51,653 [INFO] WebApp:192 - Starting web application
2024-01-26 15:47:51,653 [INFO] WebApp:544 - Web application path used C:\ST\STM32CubeIDE_1.14.0\STM32CubeIDE\plugins\com.st.stm32cube.common.mx_6.10.0.202311202037\db\plugins\mcufinder\reactClient1\index.html
2024-01-26 15:48:12,347 [ERROR] LogOutputStream:75 - [STDERR_REDIRECT] SLF4J: Failed to load class "org.slf4j.impl.StaticLoggerBinder".
2024-01-26 15:48:12,349 [ERROR] LogOutputStream:75 - [STDERR_REDIRECT] SLF4J: Defaulting to no-operation (NOP) logger implementation
2024-01-26 15:48:12,350 [ERROR] LogOutputStream:75 - [STDERR_REDIRECT] SLF4J: See http://www.slf4j.org/codes.html#StaticLoggerBinder for further details.
2024-01-26 15:49:55,090 [INFO] McuFinderGlobals:63 - Set McuFinder mode to 2 (CubeIDE integrated)
2024-01-26 15:49:55,108 [INFO] MainUpdater:2873 - connection check result : 10
2024-01-26 15:49:55,112 [INFO] MainUpdater:2873 - connection check result : 10
2024-01-26 15:49:55,252 [INFO] MicroXplorer:468 - Change Database Path : 
2024-01-26 15:49:55,252 [INFO] MicroXplorer:498 - Change Database Version : DB.6.0.100
2024-01-26 15:49:55,256 [WARN] ThirdParty:871 - waiting for thirdparty lock release [close project]
2024-01-26 15:49:55,256 [INFO] ThirdParty:873 - entering critical section [close project]
2024-01-26 15:49:55,257 [INFO] ThirdParty:883 - exiting critical section [close project]
2024-01-26 15:49:55,258 [INFO] PinOutPanel:1499 - setPackage(No Configuration,No Configuration)
2024-01-26 15:49:55,261 [INFO] UtilMem:75 - Begin LoadConfig() Used Memory: 571385504 Bytes (916455424)
2024-01-26 15:49:55,261 [INFO] MicroXplorer:468 - Change Database Path : 
2024-01-26 15:49:55,261 [INFO] MicroXplorer:498 - Change Database Version : DB.6.0.100
2024-01-26 15:49:55,261 [INFO] OpenFileManager:312 - Change cursor
2024-01-26 15:49:55,289 [INFO] Mcu:2016 - Initializing MCU STM32F103C(8-B)Tx STM32F103C8Tx STM32F103C8T6
2024-01-26 15:49:55,978 [INFO] Context:659 - Trying to add GPIOservice into a context  which must be forbidden
2024-01-26 15:49:56,209 [INFO] RtosManager:555 - Registered RTOS mode: class=CMSIS, group=RTOS, mode=CMSIS_V1, owner=FREERTOS
2024-01-26 15:49:56,209 [INFO] RtosManager:555 - Registered RTOS mode: class=CMSIS, group=RTOS2, mode=CMSIS_V2, owner=FREERTOS
2024-01-26 15:49:56,209 [INFO] RtosManager:555 - Registered RTOS mode: class=RTOS, group=Core, mode=CMSIS_V1, owner=FREERTOS
2024-01-26 15:49:56,209 [INFO] RtosManager:555 - Registered RTOS mode: class=RTOS, group=Core, mode=CMSIS_V2, owner=FREERTOS
2024-01-26 15:49:56,210 [WARN] ModelIntegratedComponent:184 - Missing modes for component STMicroelectronics:FreeRTOS:0.0.1:STMicroelectronics:RTOS:FreeRTOS:Core:::10.2.0:
2024-01-26 15:49:56,218 [WARN] ModelIntegratedComponent:63 - No mode defined for component null
2024-01-26 15:49:56,218 [WARN] ModelIntegratedComponent:63 - No mode defined for component null
2024-01-26 15:49:56,218 [WARN] ModelIntegratedComponent:63 - No mode defined for component null
2024-01-26 15:49:56,218 [WARN] ModelIntegratedComponent:63 - No mode defined for component null
2024-01-26 15:49:56,218 [WARN] ModelIntegratedComponent:63 - No mode defined for component null
2024-01-26 15:49:56,218 [WARN] ModelIntegratedComponent:63 - No mode defined for component null
2024-01-26 15:49:56,218 [WARN] ModelIntegratedComponent:63 - No mode defined for component null
2024-01-26 15:49:56,219 [WARN] ModelIntegratedComponent:63 - No mode defined for component null
2024-01-26 15:49:56,219 [WARN] ModelIntegratedComponent:63 - No mode defined for component null
2024-01-26 15:49:56,219 [WARN] ModelIntegratedComponent:63 - No mode defined for component null
2024-01-26 15:49:56,219 [WARN] ModelIntegratedComponent:63 - No mode defined for component null
2024-01-26 15:49:56,219 [WARN] ModelIntegratedComponent:63 - No mode defined for component null
2024-01-26 15:49:56,219 [WARN] ModelIntegratedComponent:63 - No mode defined for component null
2024-01-26 15:49:56,219 [WARN] ModelIntegratedComponent:63 - No mode defined for component null
2024-01-26 15:49:56,219 [WARN] ModelIntegratedComponent:63 - No mode defined for component null
2024-01-26 15:49:56,219 [WARN] ModelIntegratedComponent:63 - No mode defined for component null
2024-01-26 15:49:56,219 [WARN] ModelIntegratedComponent:63 - No mode defined for component null
2024-01-26 15:49:56,219 [WARN] ModelIntegratedComponent:63 - No mode defined for component null
2024-01-26 15:49:56,219 [WARN] ModelIntegratedComponent:63 - No mode defined for component null
2024-01-26 15:49:56,219 [WARN] ModelIntegratedComponent:63 - No mode defined for component null
2024-01-26 15:49:56,219 [WARN] ModelIntegratedComponent:63 - No mode defined for component null
2024-01-26 15:49:56,219 [WARN] ModelIntegratedComponent:63 - No mode defined for component null
2024-01-26 15:49:56,219 [WARN] ModelIntegratedComponent:63 - No mode defined for component null
2024-01-26 15:49:56,219 [WARN] ModelIntegratedComponent:63 - No mode defined for component null
2024-01-26 15:49:56,219 [WARN] ModelIntegratedComponent:63 - No mode defined for component null
2024-01-26 15:49:56,219 [WARN] ModelIntegratedComponent:63 - No mode defined for component null
2024-01-26 15:49:56,219 [WARN] ModelIntegratedComponent:63 - No mode defined for component null
2024-01-26 15:49:56,219 [WARN] ModelIntegratedComponent:63 - No mode defined for component null
2024-01-26 15:49:56,219 [WARN] ModelIntegratedComponent:63 - No mode defined for component null
2024-01-26 15:49:56,219 [WARN] ModelIntegratedComponent:63 - No mode defined for component null
2024-01-26 15:49:56,219 [WARN] ModelIntegratedComponent:63 - No mode defined for component null
2024-01-26 15:49:56,219 [WARN] ModelIntegratedComponent:63 - No mode defined for component null
2024-01-26 15:49:56,219 [WARN] ModelIntegratedComponent:63 - No mode defined for component null
2024-01-26 15:49:56,272 [INFO] ThirdPartyModel:298 - Start build external matchings
2024-01-26 15:49:56,421 [INFO] ThirdPartyModel:316 - End build external matchings
2024-01-26 15:49:56,572 [INFO] UtilMem:75 - End LoadConfig() Used Memory: 748010960 Bytes (916455424)
2024-01-26 15:49:56,665 [INFO] ApiDb:581 - Connected to CubeFinder SQLite database (C:\Users\hasan\.stmcufinder\plugins\mcufinder\mcu\cube-finder-db.db)
2024-01-26 15:49:56,758 [INFO] ApiDb:668 - CubeFinder database Data Model version=2.1
2024-01-26 15:49:56,758 [INFO] ApiDb:669 - CubeFinder database Configuration version=3.0.39
2024-01-26 15:49:56,758 [INFO] ApiDb:670 - CubeFinder database generation date=2023-12-08 (1702028721)
2024-01-26 15:49:56,758 [INFO] ApiDb:671 - CubeFinder database FW Pack versions=[FP-ATR-ASTRA1_V2.0.0, FP-SNS-FLIGHT1_V5.0.1, FP-SNS-FLIGHT1_V5.0.2, FP-SNS-MOTENV1_V4.3.1, FP-SNS-MOTENV1_V4.3.2, FP-SNS-MOTENVWB1_V1.3.1, FP-SNS-SMARTAG2_V1.2.0, STM32Cube_FW_C0_V1.1.0, STM32Cube_FW_F4_V1.28.0, STM32Cube_FW_F7_V1.17.0, STM32Cube_FW_G0_V1.6.1, STM32Cube_FW_G4_V1.5.1, STM32Cube_FW_H5_V0.5.1, STM32Cube_FW_H5_V1.1.1, STM32Cube_FW_H5_V1.2.0RC2, STM32Cube_FW_H7_V1.11.0, STM32Cube_FW_L0_V1.12.2, STM32Cube_FW_L5_V1.5.0, STM32Cube_FW_U5_V1.3.0RC4, STM32Cube_FW_U5_V1.4.0, STM32Cube_FW_WBA_V1.0.0RC1, STM32Cube_FW_WBA_V1.1.0RC1, STM32Cube_FW_WBA_V1.2.0, STM32Cube_FW_WBA_V1.2.0RC2, STM32Cube_FW_WB_V1.15.0RC1, STM32Cube_FW_WB_V1.16.0, STM32Cube_FW_WB_V1.16.0RC2, STM32Cube_FW_WB_V1.18.0, STM32Cube_FW_WL_V1.3.0, X-CUBE-ALGOBUILD_V1.3.0, X-CUBE-ALS_V1.0.1, X-CUBE-AZRTOS-F4_V1.1.0, X-CUBE-AZRTOS-F7_V1.1.0, X-CUBE-AZRTOS-G0_V1.1.0, X-CUBE-AZRTOS-G4_V2.0.0, X-CUBE-AZRTOS-H7_V3.1.0, X-CUBE-AZRTOS-L4_V1.0.0, X-CUBE-AZRTOS-L4_V2.0.0, X-CUBE-AZRTOS-L5_V1.1.0, X-CUBE-AZRTOS-WB_V2.0.0, X-CUBE-AZRTOS-WL_V2.0.0, X-CUBE-BLE1_V7.0.0, X-CUBE-BLE2_V3.3.0, X-CUBE-BLEMGR_V3.0.0, X-CUBE-EEPRMA1_V4.1.0, X-CUBE-EEPRMA1_V4.2.0, X-CUBE-FREERTOS_V1.1.0, X-CUBE-GNSS1_V6.0.0, X-CUBE-MEMS1_V10.0.0, X-CUBE-MEMS1_V9.1.0, X-CUBE-MEMS1_V9.4.0, X-CUBE-MEMS1_V9.6.0, X-CUBE-NFC4_V3.0.0, X-CUBE-NFC7_V1.0.1, X-CUBE-SFXS2LP1_V4.0.0, X-CUBE-SUBG2_V5.0.0, X-CUBE-TOF1_V3.4.0]
2024-01-26 15:49:59,089 [INFO] ApiDb:240 - Found 371 in-development CPN: [B-G473E-ZEST1S, B-WB1M-WPAN1, B-WL5M-SUBG1, NUCLEO-C031C6, NUCLEO-H503RB, NUCLEO-H563ZI, NUCLEO-U545RE-Q, NUCLEO-U5A5ZJ-Q, NUCLEO-WBA52CG, NUCLEO-WBA55CG, STEVAL-MKBOXPRO, STEVAL-PROTEUS1, STEVAL-STWINBX1, STM320518-EVAL, STM32C0116-DK, STM32C011D6Y3TR, STM32C011D6Y6TR, STM32C011F4P3, STM32C011F4P6, STM32C011F4U3, STM32C011F4U6TR, STM32C011F6P3, STM32C011F6P6, STM32C011F6U3, STM32C011F6U6TR, STM32C011J4M3, STM32C011J4M6, STM32C011J6M3, STM32C011J6M6, STM32C0316-DK, STM32C031C4T3, STM32C031C4T6, STM32C031C4U3, STM32C031C4U6, STM32C031C6T3, STM32C031C6T6, STM32C031C6U3, STM32C031C6U6, STM32C031F4P3, STM32C031F4P6, STM32C031F6P3, STM32C031F6P6, STM32C031G4U3, STM32C031G4U6, STM32C031G6U3, STM32C031G6U6, STM32C031K4T3, STM32C031K4T6, STM32C031K4U3, STM32C031K4U6, STM32C031K6T3, STM32C031K6T6, STM32C031K6U3, STM32C031K6U6, STM32G071K8TXN, STM32G071K8UXN, STM32G081GBU6N, STM32G081KBT6N, STM32G081KBUXN, STM32G0B1CCT6N, STM32G0B1KCT6, STM32G0B1NEY6TR, STM32G0B1RCT6N, STM32G0C1CCT6, STM32G0C1CCT6N, STM32G0C1CCU6N, STM32G0C1CET6N, STM32G0C1CEU6N, STM32G0C1KCT6, STM32G0C1NEY6TR, STM32G0C1RCI6N, STM32G0C1RCT6N, STM32G0C1REI6N, STM32G0C1RET6N, STM32G0C1VCI6, STM32G0C1VEI6, STM32G471CCT6, STM32G471CCU6, STM32G471CET3, STM32G471CET6, STM32G471CEU3, STM32G471CEU6, STM32G471MCT6, STM32G471MET3, STM32G471MET6, STM32G471MEY6TR, STM32G471QCT6, STM32G471QET3, STM32G471RCT6, STM32G471RET3, STM32G471RET6, STM32G471VCH6, STM32G471VCI6, STM32G471VCT6, STM32G471VEH3, STM32G471VEH6, STM32G471VEI3, STM32G471VEI6, STM32G471VET3, STM32G471VET6, STM32G474CCT6, STM32H503CBT6, STM32H503CBU6, STM32H503EBY6TR, STM32H503KBU6, STM32H503RBT6, STM32H562AGI6, STM32H562AII6, STM32H562IGK6, STM32H562IGT6, STM32H562IIK6, STM32H562IIT6, STM32H562RGT6, STM32H562RGV6, STM32H562RIT6, STM32H562RIV6, STM32H562VGT6, STM32H562VIT6, STM32H562ZGT6, STM32H562ZIT6, STM32H563AGI6, STM32H563AII3Q, STM32H563AII6, STM32H563IGK6, STM32H563IGT6, STM32H563IIK3Q, STM32H563IIK6, STM32H563IIT3Q, STM32H563IIT6, STM32H563MIY3QTR, STM32H563RGT6, STM32H563RGV6, STM32H563RIT6, STM32H563RIV6, STM32H563VGT6, STM32H563VIT3Q, STM32H563VIT6, STM32H563ZGT6, STM32H563ZIT3Q, STM32H563ZIT6, STM32H573AII3Q, STM32H573AII6, STM32H573I-DK, STM32H573IIK3Q, STM32H573IIK6, STM32H573IIT3Q, STM32H573IIT6, STM32H573MIY3QTR, STM32H573RIT6, STM32H573RIV6, STM32H573VIT3Q, STM32H573VIT6, STM32H573ZIT3Q, STM32H573ZIT6, STM32L4R5QGI6STR, STM32MP131AAE3, STM32MP131AAF3, STM32MP131AAG3, STM32MP131CAE3, STM32MP131CAF3, STM32MP131CAG3, STM32MP131DAE7, STM32MP131DAF7, STM32MP131DAG7, STM32MP131FAE7, STM32MP131FAF7, STM32MP131FAG7, STM32MP133AAE3, STM32MP133AAF3, STM32MP133AAG3, STM32MP133CAE3, STM32MP133CAF3, STM32MP133CAG3, STM32MP133DAE7, STM32MP133DAF7, STM32MP133DAG7, STM32MP133FAE7, STM32MP133FAF7, STM32MP133FAG7, STM32MP135AAE3, STM32MP135AAF3, STM32MP135AAG3, STM32MP135CAE3, STM32MP135CAF3, STM32MP135CAG3, STM32MP135DAE7, STM32MP135DAF7, STM32MP135DAG7, STM32MP135F-DK, STM32MP135FAE7, STM32MP135FAF7, STM32MP135FAF7T, STM32MP135FAF7U, STM32MP135FAG7, STM32U535CBT6, STM32U535CBT6Q, STM32U535CBU6, STM32U535CBU6Q, STM32U535CCT6, STM32U535CCT6Q, STM32U535CCU6, STM32U535CCU6Q, STM32U535CET6, STM32U535CET6Q, STM32U535CEU6, STM32U535CEU6Q, STM32U535JEY6QTR, STM32U535NCY6QTR, STM32U535NEY6QTR, STM32U535RBI6, STM32U535RBI6Q, STM32U535RBT6, STM32U535RBT6Q, STM32U535RCI6, STM32U535RCI6Q, STM32U535RCT6, STM32U535RCT6Q, STM32U535REI6, STM32U535REI6Q, STM32U535RET6, STM32U535RET6Q, STM32U535VCI6, STM32U535VCI6Q, STM32U535VCT6, STM32U535VCT6Q, STM32U535VEI6, STM32U535VEI6Q, STM32U535VET6, STM32U535VET6Q, STM32U545CET6, STM32U545CET6Q, STM32U545CEU6, STM32U545CEU6Q, STM32U545JEY6QTR, STM32U545NEY6QTR, STM32U545REI6, STM32U545REI6Q, STM32U545RET6, STM32U545RET6Q, STM32U545VEI6, STM32U545VEI6Q, STM32U545VET6, STM32U545VET6Q, STM32U595AIH6, STM32U595AIH6Q, STM32U595AJH6, STM32U595AJH6Q, STM32U595QII6, STM32U595QII6Q, STM32U595QJI6, STM32U595QJI6Q, STM32U595RIT6, STM32U595RIT6Q, STM32U595RJT6, STM32U595RJT6Q, STM32U595VIT6, STM32U595VIT6Q, STM32U595VJT6, STM32U595VJT6Q, STM32U595ZIT6, STM32U595ZIT6Q, STM32U595ZIY6QTR, STM32U595ZJT6, STM32U595ZJT6Q, STM32U595ZJY6QTR, STM32U599BJY6QTR, STM32U599NIH6Q, STM32U599NJH6Q, STM32U599VIT6Q, STM32U599VJT6, STM32U599VJT6Q, STM32U599ZIT6Q, STM32U599ZIY6QTR, STM32U599ZJT6Q, STM32U599ZJY6QTR, STM32U5A5AJH6, STM32U5A5AJH6Q, STM32U5A5QJI6, STM32U5A5QJI6Q, STM32U5A5RJT6, STM32U5A5RJT6Q, STM32U5A5VJT6, STM32U5A5VJT6Q, STM32U5A5ZJT6, STM32U5A5ZJT6Q, STM32U5A5ZJY6QTR, STM32U5A9BJY6QTR, STM32U5A9J-DK, STM32U5A9NJH6Q, STM32U5A9VJT6Q, STM32U5A9ZJT6Q, STM32U5A9ZJY6QTR, STM32U5F7VIT6, STM32U5F7VIT6Q, STM32U5F7VJT6, STM32U5F7VJT6Q, STM32U5F9BJY6QTR, STM32U5F9NJH6Q, STM32U5F9VIT6Q, STM32U5F9VJT6Q, STM32U5F9ZIJ6QTR, STM32U5F9ZIT6Q, STM32U5F9ZJJ6QTR, STM32U5F9ZJT6Q, STM32U5G7VJT6, STM32U5G7VJT6Q, STM32U5G9BJY6QTR, STM32U5G9J-DK1, STM32U5G9J-DK2, STM32U5G9NJH6Q, STM32U5G9VJT6Q, STM32U5G9ZJJ6QTR, STM32U5G9ZJT6Q, STM32WB1MMCH6, STM32WBA50KEU6, STM32WBA50KEU6TR, STM32WBA50KGU6, STM32WBA50KGU6TR, STM32WBA52CEU6, STM32WBA52CEU6TR, STM32WBA52CEU7, STM32WBA52CEU7TR, STM32WBA52CGU6, STM32WBA52CGU6TR, STM32WBA52CGU6U, STM32WBA52CGU7, STM32WBA52CGU7TR, STM32WBA52KEU6, STM32WBA52KEU6TR, STM32WBA52KGU6, STM32WBA52KGU6TR, STM32WBA54CEU6, STM32WBA54CEU6TR, STM32WBA54CEU7, STM32WBA54CEU7TR, STM32WBA54CGU6, STM32WBA54CGU6TR, STM32WBA54CGU7, STM32WBA54CGU7TR, STM32WBA54KEU6, STM32WBA54KEU6TR, STM32WBA54KEU7, STM32WBA54KEU7TR, STM32WBA54KGU6, STM32WBA54KGU6TR, STM32WBA54KGU7, STM32WBA54KGU7TR, STM32WBA55CEU6, STM32WBA55CEU6TR, STM32WBA55CEU7, STM32WBA55CEU7TR, STM32WBA55CGU6, STM32WBA55CGU6TR, STM32WBA55CGU6U, STM32WBA55CGU7, STM32WBA55CGU7TR, STM32WBA55G-DK1, STM32WBA55HEF6, STM32WBA55HEF7, STM32WBA55HGF6, STM32WBA55HGF7, STM32WBA55UEI6, STM32WBA55UEI6TR, STM32WBA55UEI7, STM32WBA55UEI7TR, STM32WBA55UGI6, STM32WBA55UGI6TR, STM32WBA55UGI7, STM32WBA55UGI7TR, STM32WL5MOCH6, STM32WL5MOCH6TR]
2024-01-26 15:49:59,093 [INFO] DbMcus:218 - Found 3930 MCUs, 3930 are supported
2024-01-26 15:49:59,098 [INFO] ApiDb:423 - Load user favorites file C:\Users\hasan/.stm32cubeide/favorites.mcus.txt: 1 item(s)
2024-01-26 15:49:59,098 [INFO] ApiDb:427 - User favorites MCUs=[STM32F103C6T6A]
2024-01-26 15:49:59,098 [INFO] DbMcus:224 - Set 1 / 1 favorites MCUs
2024-01-26 15:49:59,378 [INFO] MicroXplorer:468 - Change Database Path : 
2024-01-26 15:49:59,378 [INFO] MicroXplorer:498 - Change Database Version : DB.6.0.100
2024-01-26 15:49:59,378 [WARN] ThirdParty:833 - waiting for thirdparty lock release [change project]
2024-01-26 15:49:59,378 [INFO] ThirdParty:835 - entering critical section [change project]
2024-01-26 15:49:59,378 [INFO] ThirdParty:1030 - CMSIS Pack Vendor :STMicroelectronics USBPD 4.1
2024-01-26 15:49:59,378 [INFO] ThirdParty:1030 - CMSIS Pack Vendor :STMicroelectronics X-CUBE-GNSS1 6.0.0
2024-01-26 15:49:59,378 [INFO] ThirdParty:1030 - CMSIS Pack Vendor :STMicroelectronics USB_HOST 2.0.0
2024-01-26 15:49:59,378 [INFO] ThirdParty:1030 - CMSIS Pack Vendor :STMicroelectronics X-CUBE-AZRTOS-F4 1.1.0
2024-01-26 15:49:59,378 [INFO] ThirdParty:1030 - CMSIS Pack Vendor :STMicroelectronics LIBJPEG 8.0.0
2024-01-26 15:49:59,378 [INFO] ThirdParty:1030 - CMSIS Pack Vendor :wolfSSL I-CUBE-wolfSSL 5.6.4
2024-01-26 15:49:59,378 [INFO] ThirdParty:1030 - CMSIS Pack Vendor :STMicroelectronics X-CUBE-SMBUS 2.1.0
2024-01-26 15:49:59,378 [INFO] ThirdParty:1030 - CMSIS Pack Vendor :STMicroelectronics USB_DEVICE 3.0.0
2024-01-26 15:49:59,378 [INFO] ThirdParty:1030 - CMSIS Pack Vendor :STMicroelectronics X-CUBE-AZRTOS-WB 2.0.0
2024-01-26 15:49:59,378 [INFO] ThirdParty:1030 - CMSIS Pack Vendor :STMicroelectronics X-CUBE-TOUCHGFX 4.23.0
2024-01-26 15:49:59,378 [INFO] ThirdParty:1030 - CMSIS Pack Vendor :STMicroelectronics X-CUBE-AZRTOS-F7 1.1.0
2024-01-26 15:49:59,379 [INFO] ThirdParty:1030 - CMSIS Pack Vendor :STMicroelectronics X-CUBE-AZRTOS-L5 2.0.0
2024-01-26 15:49:59,379 [INFO] ThirdParty:1030 - CMSIS Pack Vendor :STMicroelectronics USB_DEVICE 2.0.0
2024-01-26 15:49:59,379 [INFO] ThirdParty:1030 - CMSIS Pack Vendor :STMicroelectronics X-CUBE-EEPRMA1 4.2.0
2024-01-26 15:49:59,379 [INFO] ThirdParty:1030 - CMSIS Pack Vendor :ITTIA_DB I-CUBE-ITTIADB 8.8.0
2024-01-26 15:49:59,379 [INFO] ThirdParty:1030 - CMSIS Pack Vendor :STMicroelectronics FP-SNS-MOTENV1 4.3.2
2024-01-26 15:49:59,379 [INFO] ThirdParty:1030 - CMSIS Pack Vendor :STMicroelectronics X-CUBE-ALGOBUILD 1.3.0
2024-01-26 15:49:59,379 [INFO] ThirdParty:1030 - CMSIS Pack Vendor :STMicroelectronics FreeRTOS 0.0.1
2024-01-26 15:49:59,379 [INFO] ThirdParty:1030 - CMSIS Pack Vendor :STMicroelectronics X-CUBE-AZRTOS-G0 1.1.0
2024-01-26 15:49:59,379 [INFO] ThirdParty:1030 - CMSIS Pack Vendor :STMicroelectronics X-CUBE-NFC4 3.0.0
2024-01-26 15:49:59,379 [INFO] ThirdParty:1030 - CMSIS Pack Vendor :STMicroelectronics X-CUBE-SUBG2 5.0.0
2024-01-26 15:49:59,379 [INFO] ThirdParty:1030 - CMSIS Pack Vendor :STMicroelectronics STM32_WPAN 1.0.0
2024-01-26 15:49:59,379 [INFO] ThirdParty:1030 - CMSIS Pack Vendor :STMicroelectronics lwIP 2.0.3
2024-01-26 15:49:59,379 [INFO] ThirdParty:1030 - CMSIS Pack Vendor :STMicroelectronics FP-SNS-FLIGHT1 5.0.2
2024-01-26 15:49:59,379 [INFO] ThirdParty:1030 - CMSIS Pack Vendor :STMicroelectronics USB_HOST 1.0.0
2024-01-26 15:49:59,379 [INFO] ThirdParty:1030 - CMSIS Pack Vendor :STMicroelectronics X-CUBE-AZRTOS-G4 2.0.0
2024-01-26 15:49:59,379 [INFO] ThirdParty:1030 - CMSIS Pack Vendor :STMicroelectronics PDM2PCM 3.1.0
2024-01-26 15:49:59,379 [INFO] ThirdParty:1030 - CMSIS Pack Vendor :Infineon AIROC-Wi-Fi-Bluetooth-STM32 1.5.1
2024-01-26 15:49:59,379 [INFO] ThirdParty:1030 - CMSIS Pack Vendor :STMicroelectronics X-CUBE-BLEMGR 3.0.0
2024-01-26 15:49:59,379 [INFO] ThirdParty:1030 - CMSIS Pack Vendor :STMicroelectronics PDM2PCM 3.3.0
2024-01-26 15:49:59,379 [INFO] ThirdParty:1030 - CMSIS Pack Vendor :STMicroelectronics X-CUBE-DISPLAY 3.0.0
2024-01-26 15:49:59,379 [INFO] ThirdParty:1030 - CMSIS Pack Vendor :STMicroelectronics FP-SNS-MOTENVWB1 1.3.1
2024-01-26 15:49:59,379 [INFO] ThirdParty:1030 - CMSIS Pack Vendor :STMicroelectronics X-CUBE-BLE1 7.0.0
2024-01-26 15:49:59,379 [INFO] ThirdParty:1030 - CMSIS Pack Vendor :STMicroelectronics FP-ATR-SIGFOX1 3.2.0
2024-01-26 15:49:59,379 [INFO] ThirdParty:1030 - CMSIS Pack Vendor :STMicroelectronics X-CUBE-ISPU 2.0.0
2024-01-26 15:49:59,379 [INFO] ThirdParty:1030 - CMSIS Pack Vendor :STMicroelectronics HAL Drivers 0.0.0
2024-01-26 15:49:59,379 [INFO] ThirdParty:1030 - CMSIS Pack Vendor :STMicroelectronics MBEDTLS 2.16.2
2024-01-26 15:49:59,379 [INFO] ThirdParty:1030 - CMSIS Pack Vendor :emotas I-CUBE-CANOPEN 1.3.0
2024-01-26 15:49:59,379 [INFO] ThirdParty:1030 - CMSIS Pack Vendor :STMicroelectronics X-CUBE-MEMS1 10.0.0
2024-01-26 15:49:59,379 [INFO] ThirdParty:1030 - CMSIS Pack Vendor :STMicroelectronics X-CUBE-FREERTOS 1.1.0
2024-01-26 15:49:59,379 [INFO] ThirdParty:1030 - CMSIS Pack Vendor :STMicroelectronics X-CUBE-NFC7 1.0.1
2024-01-26 15:49:59,379 [INFO] ThirdParty:1030 - CMSIS Pack Vendor :STMicroelectronics MBEDTLS 2.14.1
2024-01-26 15:49:59,379 [INFO] ThirdParty:1030 - CMSIS Pack Vendor :STMicroelectronics X-CUBE-NFC6 3.0.0
2024-01-26 15:49:59,379 [INFO] ThirdParty:1030 - CMSIS Pack Vendor :portGmbH I-Cube-SoM-uGOAL 1.1.0
2024-01-26 15:49:59,379 [INFO] ThirdParty:1030 - CMSIS Pack Vendor :STMicroelectronics X-CUBE-ALS 1.0.1
2024-01-26 15:49:59,379 [INFO] ThirdParty:1030 - CMSIS Pack Vendor :STMicroelectronics ThreadX 1.0.0
2024-01-26 15:49:59,379 [INFO] ThirdParty:1030 - CMSIS Pack Vendor :STMicroelectronics FP-SNS-SMARTAG2 1.2.0
2024-01-26 15:49:59,379 [INFO] ThirdParty:1030 - CMSIS Pack Vendor :STMicroelectronics X-CUBE-AZRTOS-WL 2.0.0
2024-01-26 15:49:59,379 [INFO] ThirdParty:1030 - CMSIS Pack Vendor :STMicroelectronics USB_DEVICE 1.0.0
2024-01-26 15:49:59,379 [INFO] ThirdParty:1030 - CMSIS Pack Vendor :STMicroelectronics X-CUBE-AI 8.1.0
2024-01-26 15:49:59,380 [INFO] ThirdParty:1030 - CMSIS Pack Vendor :STMicroelectronics X-CUBE-AZRTOS-L4 2.0.0
2024-01-26 15:49:59,380 [INFO] ThirdParty:1030 - CMSIS Pack Vendor :STMicroelectronics ThreadX 0.0.2
2024-01-26 15:49:59,380 [INFO] ThirdParty:1030 - CMSIS Pack Vendor :WES I-CUBE-Cesium 1.3.0
2024-01-26 15:49:59,380 [INFO] ThirdParty:1030 - CMSIS Pack Vendor :STMicroelectronics FP-ATR-ASTRA1 2.0.0
2024-01-26 15:49:59,380 [INFO] ThirdParty:1030 - CMSIS Pack Vendor :STMicroelectronics lwIP 2.1.2
2024-01-26 15:49:59,380 [INFO] ThirdParty:1030 - CMSIS Pack Vendor :STMicroelectronics X-CUBE-SFXS2LP1 4.0.0
2024-01-26 15:49:59,380 [INFO] ThirdParty:1030 - CMSIS Pack Vendor :STMicroelectronics X-CUBE-BLE2 3.3.0
2024-01-26 15:49:59,380 [INFO] ThirdParty:1030 - CMSIS Pack Vendor :STMicroelectronics X-CUBE-TOF1 3.4.0
2024-01-26 15:49:59,380 [INFO] ThirdParty:1030 - CMSIS Pack Vendor :STMicroelectronics X-CUBE-AZRTOS-H7 3.2.0
2024-01-26 15:49:59,380 [INFO] ThirdParty:1030 - CMSIS Pack Vendor :STMicroelectronics PDM2PCM 3.2.0
2024-01-26 15:49:59,380 [INFO] ThirdParty:841 - exiting critical section [change project]
2024-01-26 15:49:59,560 [INFO] PinOutPanel:1499 - setPackage(No Configuration,No Configuration)
2024-01-26 15:49:59,561 [INFO] PinOutPanel:1499 - setPackage(STM32F103C8Tx,LQFP48)
2024-01-26 15:49:59,873 [INFO] UtilMem:75 - Before build in PCC Used Memory: 689829568 Bytes (916455424)
2024-01-26 15:50:00,670 [INFO] UtilMem:75 - After build in PCC Used Memory: 752286560 Bytes (916455424)
2024-01-26 15:50:00,710 [INFO] IPUIPlugin:80 - create IPUIPlugin
2024-01-26 15:50:00,710 [INFO] IPUIPlugin:80 - create IPUIPlugin
2024-01-26 15:50:00,710 [INFO] IPUIPlugin:80 - create IPUIPlugin
2024-01-26 15:50:00,710 [INFO] IPUIPlugin:80 - create IPUIPlugin
2024-01-26 15:50:00,711 [INFO] IPUIPlugin:80 - create IPUIPlugin
2024-01-26 15:50:00,711 [INFO] IPUIPlugin:80 - create IPUIPlugin
2024-01-26 15:50:00,711 [INFO] IPUIPlugin:80 - create IPUIPlugin
2024-01-26 15:50:00,711 [INFO] IPUIPlugin:80 - create IPUIPlugin
2024-01-26 15:50:00,711 [INFO] IPUIPlugin:80 - create IPUIPlugin
2024-01-26 15:50:00,711 [INFO] IPUIPlugin:80 - create IPUIPlugin
2024-01-26 15:50:00,711 [INFO] IPUIPlugin:80 - create IPUIPlugin
2024-01-26 15:50:00,711 [INFO] IPUIPlugin:80 - create IPUIPlugin
2024-01-26 15:50:00,712 [INFO] IPUIPlugin:80 - create IPUIPlugin
2024-01-26 15:50:00,712 [INFO] IPUIPlugin:80 - create IPUIPlugin
2024-01-26 15:50:00,712 [INFO] IPUIPlugin:80 - create IPUIPlugin
2024-01-26 15:50:00,712 [INFO] IPUIPlugin:80 - create IPUIPlugin
2024-01-26 15:50:00,712 [INFO] IPUIPlugin:80 - create IPUIPlugin
2024-01-26 15:50:00,712 [INFO] IPUIPlugin:80 - create IPUIPlugin
2024-01-26 15:50:00,713 [INFO] IPUIPlugin:80 - create IPUIPlugin
2024-01-26 15:50:00,713 [INFO] IPUIPlugin:80 - create IPUIPlugin
2024-01-26 15:50:00,713 [INFO] IPUIPlugin:80 - create IPUIPlugin
2024-01-26 15:50:00,713 [INFO] IPUIPlugin:80 - create IPUIPlugin
2024-01-26 15:50:00,713 [INFO] IPUIPlugin:80 - create IPUIPlugin
2024-01-26 15:50:00,714 [INFO] IPUIPlugin:80 - create IPUIPlugin
2024-01-26 15:50:00,714 [INFO] IPUIPlugin:80 - create IPUIPlugin
2024-01-26 15:50:00,714 [INFO] IPUIPlugin:80 - create IPUIPlugin
2024-01-26 15:50:00,714 [INFO] IPUIPlugin:80 - create IPUIPlugin
2024-01-26 15:50:00,982 [INFO] CADModel:165 - CPN selected for project levelSTM32F103C8T6
2024-01-26 15:50:00,982 [INFO] CADModel:114 - Register for checkConnection events
2024-01-26 15:50:01,031 [INFO] OpenFileManager:343 - Restore cursor
2024-01-26 15:52:56,031 [INFO] UtilMem:75 - End SaveConfig() Used Memory: 775004208 Bytes (1001390080)
2024-01-26 15:52:56,360 [INFO] BlockDiagram:2759 - set Specific Code input for plugin: NVIC
2024-01-26 15:52:56,360 [INFO] BlockDiagram:2759 - set Specific Code input for plugin: SYS
2024-01-26 15:52:56,360 [INFO] BlockDiagram:2759 - set Specific Code input for plugin: GPIO
2024-01-26 15:52:56,360 [INFO] BlockDiagram:2759 - set Specific Code input for plugin: ADC
2024-01-26 15:52:56,361 [INFO] BlockDiagram:2759 - set Specific Code input for plugin: RCC
2024-01-26 15:52:56,362 [INFO] CodeGenerator:807 - code generatio: config db path: C:\ST\STM32CubeIDE_1.14.0\STM32CubeIDE\plugins\com.st.stm32cube.common.mx_6.10.0.202311202037\\db\
2024-01-26 15:52:56,623 [INFO] CodeEngine:255 - oldGeneratedFile, C:\Users\hasan\STM32CubeIDE\workspace_1.14.0\pc13led\MXTmpFiles\license.tmp_save
2024-01-26 15:52:56,954 [INFO] CodeEngine:279 - Generated code: C:\Users\hasan\STM32CubeIDE\workspace_1.14.0\pc13led\MXTmpFiles\license.tmp
2024-01-26 15:52:57,076 [INFO] CodeEngine:255 - oldGeneratedFile, C:\Users\hasan\STM32CubeIDE\workspace_1.14.0\pc13led\MXTmpFiles\gpio.tmp_save
2024-01-26 15:52:57,206 [INFO] CodeEngine:279 - Generated code: C:\Users\hasan\STM32CubeIDE\workspace_1.14.0\pc13led\MXTmpFiles\gpio.tmp
2024-01-26 15:52:57,352 [INFO] CodeEngine:255 - oldGeneratedFile, C:\Users\hasan\STM32CubeIDE\workspace_1.14.0\pc13led\Core\Src\stm32f1xx_it.c_save
2024-01-26 15:52:57,506 [INFO] CodeEngine:279 - Generated code: C:\Users\hasan\STM32CubeIDE\workspace_1.14.0\pc13led\Core\Src\stm32f1xx_it.c
2024-01-26 15:52:57,528 [INFO] CodeEngine:255 - oldGeneratedFile, C:\Users\hasan\STM32CubeIDE\workspace_1.14.0\pc13led\Core\Inc\stm32f1xx_it.h_save
2024-01-26 15:52:57,607 [INFO] CodeEngine:279 - Generated code: C:\Users\hasan\STM32CubeIDE\workspace_1.14.0\pc13led\Core\Inc\stm32f1xx_it.h
2024-01-26 15:52:57,628 [INFO] CodeEngine:255 - oldGeneratedFile, C:\Users\hasan\STM32CubeIDE\workspace_1.14.0\pc13led\Core\Src\stm32f1xx_hal_msp.c_save
2024-01-26 15:52:57,733 [INFO] CodeEngine:279 - Generated code: C:\Users\hasan\STM32CubeIDE\workspace_1.14.0\pc13led\Core\Src\stm32f1xx_hal_msp.c
2024-01-26 15:52:57,741 [INFO] CodeEngine:255 - oldGeneratedFile, C:\Users\hasan\STM32CubeIDE\workspace_1.14.0\pc13led\MXTmpFiles\system.tmp_save
2024-01-26 15:52:57,793 [INFO] CodeEngine:279 - Generated code: C:\Users\hasan\STM32CubeIDE\workspace_1.14.0\pc13led\MXTmpFiles\system.tmp
2024-01-26 15:52:57,812 [INFO] CodeEngine:311 - oldGeneratedFile, C:\Users\hasan\STM32CubeIDE\workspace_1.14.0\pc13led\Core\Inc\stm32f1xx_hal_conf.h_save
2024-01-26 15:52:57,886 [INFO] CodeEngine:335 - Generated code: C:\Users\hasan\STM32CubeIDE\workspace_1.14.0\pc13led\Core\Inc\stm32f1xx_hal_conf.h
2024-01-26 15:52:57,928 [INFO] CodeEngine:255 - oldGeneratedFile, C:\Users\hasan\STM32CubeIDE\workspace_1.14.0\pc13led\Core\Inc\main.h_save
2024-01-26 15:52:58,013 [INFO] CodeEngine:279 - Generated code: C:\Users\hasan\STM32CubeIDE\workspace_1.14.0\pc13led\Core\Inc\main.h
2024-01-26 15:52:58,029 [INFO] CodeEngine:255 - oldGeneratedFile, C:\Users\hasan\STM32CubeIDE\workspace_1.14.0\pc13led\Core\Src\main.c_save
2024-01-26 15:52:58,160 [INFO] CodeEngine:279 - Generated code: C:\Users\hasan\STM32CubeIDE\workspace_1.14.0\pc13led\Core\Src\main.c
2024-01-26 15:52:58,608 [INFO] ProjectBuilder:3076 - Time for Copy HAL[1] : 149mS.
2024-01-26 15:52:58,612 [INFO] ProjectBuilder:4485 - Project Generator version: 4.2.0-B44
2024-01-26 15:52:58,839 [INFO] ConfigFileManager:1495 - The Die is : DIE410
2024-01-26 15:52:58,856 [INFO] ApiDbMcu:508 - Load IP Config File for FATFS
2024-01-26 15:52:58,870 [INFO] ApiDbMcu:508 - Load IP Config File for FREERTOS
2024-01-26 15:52:58,884 [INFO] ApiDbMcu:508 - Load IP Config File for USB_DEVICE
2024-01-26 15:52:59,757 [INFO] LogOutputStream:77 - [STDOUT_REDIRECT] 
2024-01-26 15:53:00,875 [INFO] ProjectBuilder:4747 - Time for Generating toolchain IDE Files: 2262mS.
2024-01-26 15:53:00,875 [INFO] ProjectBuilder:2947 - Time for Copy CMSIS : 0mS.
2024-01-26 15:53:00,876 [INFO] ProjectBuilder:2947 - Time for Copy CMSIS : 0mS.
2024-01-26 19:53:09,020 [ERROR] LogOutputStream:75 - [STDERR_REDIRECT] 
2024-01-26 23:35:43,670 [INFO] Activator:176 - 


2024-01-26 23:35:43,672 [INFO] Activator:177 - !SESSION log4j initialized
2024-01-26 23:35:50,409 [INFO] LogOutputStream:77 - [STDOUT_REDIRECT] 
2024-01-26 23:36:02,021 [INFO] ApplicationProperties:184 - Using Application install path: C:\ST\STM32CubeIDE_1.14.0\STM32CubeIDE\plugins\com.st.stm32cube.common.mx_6.10.0.202311202037
2024-01-26 23:36:02,037 [INFO] DbMcusXml:78 - Set database path to: C:\ST\STM32CubeIDE_1.14.0\STM32CubeIDE\plugins\com.st.stm32cube.common.mx_6.10.0.202311202037\\db\/mcu/
2024-01-26 23:36:02,038 [INFO] ApiDb:274 - Set plugin database path to: C:\ST\STM32CubeIDE_1.14.0\STM32CubeIDE\plugins\com.st.stm32cube.common.mx_6.10.0.202311202037\\db\/plugins/boardmanager/
2024-01-26 23:36:02,038 [WARN] ApiDb:259 - Overriding images path with different value:  => C:\ST\STM32CubeIDE_1.14.0\STM32CubeIDE\plugins\com.st.stm32cube.common.mx_6.10.0.202311202037\\db\/plugins/mcufinder/images/
2024-01-26 23:36:02,048 [INFO] ApiDb:250 - Set database path to: C:\Users\hasan\.stmcufinder\plugins\mcufinder//mcu/
2024-01-26 23:36:02,049 [INFO] DbMcusAds:125 - Set database path to: C:\Users\hasan\.stmcufinder\plugins\mcufinder//mcu/
2024-01-26 23:36:02,129 [INFO] CrossReferenceDbSqlite:203 - Set database path to: C:\Users\hasan\.stmcufinder\plugins\mcufinder//mcu/cs/
2024-01-26 23:36:02,215 [INFO] RulesReader:64 - Compatibility file has been processed (297 Rules)
2024-01-26 23:36:02,292 [INFO] DbMcusXml:78 - Set database path to: C:\ST\STM32CubeIDE_1.14.0\STM32CubeIDE\plugins\com.st.stm32cube.common.mx_6.10.0.202311202037\\db\/mcu/
2024-01-26 23:36:02,292 [INFO] ApiDb:274 - Set plugin database path to: C:\ST\STM32CubeIDE_1.14.0\STM32CubeIDE\plugins\com.st.stm32cube.common.mx_6.10.0.202311202037\\db\/plugins/boardmanager/
2024-01-26 23:36:02,292 [INFO] ApiDb:261 - Set plugin images path to: C:\ST\STM32CubeIDE_1.14.0\STM32CubeIDE\plugins\com.st.stm32cube.common.mx_6.10.0.202311202037\\db\/plugins/mcufinder/images/
2024-01-26 23:36:02,292 [WARN] DbFile:41 - Overriding database path with different value: C:\Users\hasan\.stmcufinder\plugins\mcufinder/ => C:\Users\hasan\.stmcufinder\plugins\mcufinder
2024-01-26 23:36:02,292 [INFO] ApiDb:250 - Set database path to: C:\Users\hasan\.stmcufinder\plugins\mcufinder//mcu/
2024-01-26 23:36:02,293 [WARN] DbFile:41 - Overriding database path with different value: C:\Users\hasan\.stmcufinder\plugins\mcufinder/ => C:\Users\hasan\.stmcufinder\plugins\mcufinder
2024-01-26 23:36:02,293 [INFO] DbMcusAds:125 - Set database path to: C:\Users\hasan\.stmcufinder\plugins\mcufinder//mcu/
2024-01-26 23:36:02,293 [WARN] DbFile:41 - Overriding database path with different value: C:\Users\hasan\.stmcufinder\plugins\mcufinder/ => C:\Users\hasan\.stmcufinder\plugins\mcufinder
2024-01-26 23:36:02,293 [WARN] DbFile:41 - Overriding database path with different value: C:\Users\hasan\.stmcufinder\plugins\mcufinder/ => C:\Users\hasan\.stmcufinder\plugins\mcufinder
2024-01-26 23:36:02,293 [INFO] CrossReferenceDbSqlite:203 - Set database path to: C:\Users\hasan\.stmcufinder\plugins\mcufinder//mcu/cs/
2024-01-26 23:36:02,371 [INFO] MainPanel:264 - HeapMemory: 268435456
2024-01-26 23:36:02,467 [INFO] DbMcusXml:78 - Set database path to: C:\ST\STM32CubeIDE_1.14.0\STM32CubeIDE\plugins\com.st.stm32cube.common.mx_6.10.0.202311202037\\db\/mcu/
2024-01-26 23:36:02,467 [INFO] ApiDb:274 - Set plugin database path to: C:\ST\STM32CubeIDE_1.14.0\STM32CubeIDE\plugins\com.st.stm32cube.common.mx_6.10.0.202311202037\\db\/plugins/boardmanager/
2024-01-26 23:36:02,467 [INFO] ApiDb:261 - Set plugin images path to: C:\ST\STM32CubeIDE_1.14.0\STM32CubeIDE\plugins\com.st.stm32cube.common.mx_6.10.0.202311202037\\db\/plugins/mcufinder/images/
2024-01-26 23:36:02,468 [WARN] DbFile:41 - Overriding database path with different value: C:\Users\hasan\.stmcufinder\plugins\mcufinder/ => C:\Users\hasan\.stmcufinder\plugins\mcufinder
2024-01-26 23:36:02,468 [INFO] ApiDb:250 - Set database path to: C:\Users\hasan\.stmcufinder\plugins\mcufinder//mcu/
2024-01-26 23:36:02,468 [WARN] DbFile:41 - Overriding database path with different value: C:\Users\hasan\.stmcufinder\plugins\mcufinder/ => C:\Users\hasan\.stmcufinder\plugins\mcufinder
2024-01-26 23:36:02,468 [INFO] DbMcusAds:125 - Set database path to: C:\Users\hasan\.stmcufinder\plugins\mcufinder//mcu/
2024-01-26 23:36:02,468 [WARN] DbFile:41 - Overriding database path with different value: C:\Users\hasan\.stmcufinder\plugins\mcufinder/ => C:\Users\hasan\.stmcufinder\plugins\mcufinder
2024-01-26 23:36:02,468 [WARN] DbFile:41 - Overriding database path with different value: C:\Users\hasan\.stmcufinder\plugins\mcufinder/ => C:\Users\hasan\.stmcufinder\plugins\mcufinder
2024-01-26 23:36:02,468 [INFO] CrossReferenceDbSqlite:203 - Set database path to: C:\Users\hasan\.stmcufinder\plugins\mcufinder//mcu/cs/
2024-01-26 23:36:02,484 [INFO] ApplicationProperties:184 - Using Application install path: C:\ST\STM32CubeIDE_1.14.0\STM32CubeIDE\plugins\com.st.stm32cube.common.mx_6.10.0.202311202037
2024-01-26 23:36:02,487 [INFO] PluginManage:196 - Search for loadable plugins [exclusion list=, ]
2024-01-26 23:36:02,488 [INFO] PluginManage:310 - Check plugin analytics
2024-01-26 23:36:02,626 [INFO] AnalyticsPlugin:253 - Accepted Software Licenses: 
2024-01-26 23:36:02,627 [INFO] AnalyticsPlugin:255 - Accepted CMSIS Pack Licenses: 
2024-01-26 23:36:02,627 [INFO] AnalyticsPlugin:257 - Accepted Firmware Licenses: 
2024-01-26 23:36:02,630 [INFO] PluginManage:359 - Loaded plugin analytics (category:tool,tabindex:-1)
2024-01-26 23:36:02,630 [INFO] PluginManage:310 - Check plugin cadmodel
2024-01-26 23:36:02,643 [INFO] CADModel:105 - Init CAD model plugin
2024-01-26 23:36:02,643 [INFO] PluginManage:359 - Loaded plugin cadmodel (category:power,tabindex:5)
2024-01-26 23:36:02,643 [INFO] PluginManage:310 - Check plugin clock
2024-01-26 23:36:02,659 [INFO] PluginManage:359 - Loaded plugin clock (category:base,tabindex:2)
2024-01-26 23:36:02,660 [INFO] PluginManage:310 - Check plugin ddr
2024-01-26 23:36:02,661 [INFO] PluginManage:359 - Loaded plugin ddr (category:tool,tabindex:6)
2024-01-26 23:36:02,661 [INFO] PluginManage:310 - Check plugin filemanager
2024-01-26 23:36:02,779 [INFO] PluginManage:359 - Loaded plugin filemanager (category:base,tabindex:10)
2024-01-26 23:36:02,779 [INFO] PluginManage:310 - Check plugin ipmanager
2024-01-26 23:36:02,785 [INFO] PluginManage:359 - Loaded plugin ipmanager (category:base,tabindex:5)
2024-01-26 23:36:02,785 [INFO] PluginManage:310 - Check plugin lpbam
2024-01-26 23:36:02,800 [INFO] PluginManage:359 - Loaded plugin lpbam (category:base,tabindex:0)
2024-01-26 23:36:02,800 [INFO] PluginManage:310 - Check plugin memorymap
2024-01-26 23:36:02,819 [INFO] PluginManage:359 - Loaded plugin memorymap (category:base,tabindex:4)
2024-01-26 23:36:02,819 [INFO] PluginManage:310 - Check plugin pinoutandconfiguration
2024-01-26 23:36:02,831 [INFO] PluginManage:359 - Loaded plugin pinoutandconfiguration (category:base,tabindex:1)
2024-01-26 23:36:02,831 [INFO] PluginManage:310 - Check plugin pinoutconfig
2024-01-26 23:36:02,901 [WARN] SupportedApi:132 - Cannot load RTOS API schema: s4s-elt-must-match.1: The content of 'definitions' must match (annotation?, (simpleType | complexType)?, (unique | key | keyref)*)). A problem was found starting at: attribute.
2024-01-26 23:36:03,019 [INFO] PluginManage:359 - Loaded plugin pinoutconfig (category:base,tabindex:0)
2024-01-26 23:36:03,019 [INFO] PluginManage:310 - Check plugin power
2024-01-26 23:36:03,042 [INFO] PluginManage:359 - Loaded plugin power (category:power,tabindex:4)
2024-01-26 23:36:03,042 [INFO] PluginManage:310 - Check plugin projectmanager
2024-01-26 23:36:03,055 [INFO] PluginManage:359 - Loaded plugin projectmanager (category:projectmanager,tabindex:3)
2024-01-26 23:36:03,055 [INFO] PluginManage:310 - Check plugin thirdparty
2024-01-26 23:36:03,244 [INFO] PluginManage:359 - Loaded plugin thirdparty (category:base,tabindex:-1)
2024-01-26 23:36:03,245 [INFO] PluginManage:310 - Check plugin tools
2024-01-26 23:36:03,244 [WARN] IntegrityCheckThread:84 - waiting for thirdparty lock release [integrity check]
2024-01-26 23:36:03,245 [INFO] IntegrityCheckThread:86 - entering critical section [integrity check]
2024-01-26 23:36:03,246 [INFO] ThirdPartyUpdaterWithRetryManager:70 - Updater plugin not ready yet. [1/15]
2024-01-26 23:36:03,269 [INFO] PluginManage:359 - Loaded plugin tools (category:base,tabindex:7)
2024-01-26 23:36:03,269 [INFO] PluginManage:310 - Check plugin tutovideos
2024-01-26 23:36:03,434 [INFO] PluginManage:359 - Loaded plugin tutovideos (category:base,tabindex:-1)
2024-01-26 23:36:03,434 [INFO] PluginManage:310 - Check plugin updater
2024-01-26 23:36:03,447 [INFO] PluginManage:359 - Loaded plugin updater (category:base,tabindex:12)
2024-01-26 23:36:03,447 [INFO] PluginManage:310 - Check plugin userauth
2024-01-26 23:36:03,452 [INFO] UserAuth:114 - Init User Auth plugin
2024-01-26 23:36:03,452 [INFO] PluginManage:359 - Loaded plugin userauth (category:base,tabindex:14)
2024-01-26 23:36:03,453 [INFO] PluginManage:283 - PluginManage : Loaded plugins [17]
2024-01-26 23:36:03,628 [INFO] PinOutPanel:1499 - setPackage(No Configuration,No Configuration)
2024-01-26 23:36:03,687 [INFO] CADModel:165 - CPN selected for project level
2024-01-26 23:36:03,687 [INFO] CADModel:114 - Register for checkConnection events
2024-01-26 23:36:03,709 [INFO] IPUIPlugin:80 - create IPUIPlugin
2024-01-26 23:36:03,709 [INFO] PluginManager:220 - loadIPPluginJar : add adc
2024-01-26 23:36:03,732 [INFO] IPUIPlugin:80 - create IPUIPlugin
2024-01-26 23:36:03,732 [INFO] PluginManager:220 - loadIPPluginJar : add aes
2024-01-26 23:36:03,756 [INFO] IPUIPlugin:80 - create IPUIPlugin
2024-01-26 23:36:03,756 [INFO] PluginManager:220 - loadIPPluginJar : add can
2024-01-26 23:36:03,769 [INFO] IPUIPlugin:80 - create IPUIPlugin
2024-01-26 23:36:03,769 [INFO] PluginManager:220 - loadIPPluginJar : add comp
2024-01-26 23:36:03,788 [INFO] IPUIPlugin:80 - create IPUIPlugin
2024-01-26 23:36:03,788 [INFO] PluginManager:220 - loadIPPluginJar : add cryp
2024-01-26 23:36:03,805 [INFO] IPUIPlugin:80 - create IPUIPlugin
2024-01-26 23:36:03,805 [INFO] PluginManager:220 - loadIPPluginJar : add dfsdm
2024-01-26 23:36:03,815 [INFO] IPUIPlugin:80 - create IPUIPlugin
2024-01-26 23:36:03,816 [INFO] PluginManager:220 - loadIPPluginJar : add dma
2024-01-26 23:36:03,843 [INFO] IPUIPlugin:80 - create IPUIPlugin
2024-01-26 23:36:03,843 [INFO] PluginManager:220 - loadIPPluginJar : add dma3
2024-01-26 23:36:03,856 [INFO] IPUIPlugin:80 - create IPUIPlugin
2024-01-26 23:36:03,856 [INFO] PluginManager:220 - loadIPPluginJar : add fatfs
2024-01-26 23:36:03,884 [INFO] IPUIPlugin:80 - create IPUIPlugin
2024-01-26 23:36:03,884 [INFO] PluginManager:220 - loadIPPluginJar : add fmc
2024-01-26 23:36:03,896 [INFO] IPUIPlugin:80 - create IPUIPlugin
2024-01-26 23:36:03,896 [INFO] PluginManager:220 - loadIPPluginJar : add freertos
2024-01-26 23:36:03,910 [INFO] IPUIPlugin:80 - create IPUIPlugin
2024-01-26 23:36:03,910 [INFO] PluginManager:220 - loadIPPluginJar : add genericplugin
2024-01-26 23:36:03,962 [INFO] IPUIPlugin:80 - create IPUIPlugin
2024-01-26 23:36:03,962 [INFO] PluginManager:220 - loadIPPluginJar : add gfxmmu
2024-01-26 23:36:04,038 [INFO] IPUIPlugin:80 - create IPUIPlugin
2024-01-26 23:36:04,039 [INFO] PluginManager:220 - loadIPPluginJar : add gic
2024-01-26 23:36:04,047 [INFO] IPUIPlugin:80 - create IPUIPlugin
2024-01-26 23:36:04,047 [INFO] PluginManager:220 - loadIPPluginJar : add gpio
2024-01-26 23:36:04,101 [INFO] IPUIPlugin:80 - create IPUIPlugin
2024-01-26 23:36:04,101 [INFO] PluginManager:220 - loadIPPluginJar : add gtzc
2024-01-26 23:36:04,119 [INFO] IPUIPlugin:80 - create IPUIPlugin
2024-01-26 23:36:04,119 [INFO] PluginManager:220 - loadIPPluginJar : add hash
2024-01-26 23:36:04,149 [INFO] IPUIPlugin:80 - create IPUIPlugin
2024-01-26 23:36:04,149 [INFO] PluginManager:220 - loadIPPluginJar : add i2c
2024-01-26 23:36:04,171 [INFO] IPUIPlugin:80 - create IPUIPlugin
2024-01-26 23:36:04,171 [INFO] PluginManager:220 - loadIPPluginJar : add i2s
2024-01-26 23:36:04,194 [INFO] IPUIPlugin:80 - create IPUIPlugin
2024-01-26 23:36:04,194 [INFO] PluginManager:220 - loadIPPluginJar : add i3c
2024-01-26 23:36:04,259 [INFO] IPUIPlugin:80 - create IPUIPlugin
2024-01-26 23:36:04,259 [INFO] PluginManager:220 - loadIPPluginJar : add ipddr
2024-01-26 23:36:04,314 [INFO] IPUIPlugin:80 - create IPUIPlugin
2024-01-26 23:36:04,315 [INFO] PluginManager:220 - loadIPPluginJar : add linkedlist
2024-01-26 23:36:04,336 [INFO] IPUIPlugin:80 - create IPUIPlugin
2024-01-26 23:36:04,336 [INFO] PluginManager:220 - loadIPPluginJar : add lorawan
2024-01-26 23:36:04,360 [INFO] IPUIPlugin:80 - create IPUIPlugin
2024-01-26 23:36:04,360 [INFO] PluginManager:220 - loadIPPluginJar : add ltdc
2024-01-26 23:36:04,370 [INFO] IPUIPlugin:80 - create IPUIPlugin
2024-01-26 23:36:04,370 [INFO] PluginManager:220 - loadIPPluginJar : add mdma
2024-01-26 23:36:04,379 [INFO] IPUIPlugin:80 - create IPUIPlugin
2024-01-26 23:36:04,379 [INFO] PluginManager:220 - loadIPPluginJar : add nvic
2024-01-26 23:36:04,400 [INFO] IPUIPlugin:80 - create IPUIPlugin
2024-01-26 23:36:04,400 [INFO] PluginManager:220 - loadIPPluginJar : add opamp
2024-01-26 23:36:04,434 [INFO] IPUIPlugin:80 - create IPUIPlugin
2024-01-26 23:36:04,434 [INFO] PluginManager:220 - loadIPPluginJar : add openamp
2024-01-26 23:36:04,459 [INFO] IPUIPlugin:80 - create IPUIPlugin
2024-01-26 23:36:04,459 [INFO] PluginManager:220 - loadIPPluginJar : add pdm2pcm
2024-01-26 23:36:04,469 [INFO] IPUIPlugin:80 - create IPUIPlugin
2024-01-26 23:36:04,470 [INFO] PluginManager:220 - loadIPPluginJar : add plateformsettings
2024-01-26 23:36:04,483 [INFO] IPUIPlugin:80 - create IPUIPlugin
2024-01-26 23:36:04,483 [INFO] PluginManager:220 - loadIPPluginJar : add quadspi
2024-01-26 23:36:04,492 [INFO] IPUIPlugin:80 - create IPUIPlugin
2024-01-26 23:36:04,492 [INFO] PluginManager:220 - loadIPPluginJar : add resmgrutility
2024-01-26 23:36:04,521 [INFO] IPUIPlugin:80 - create IPUIPlugin
2024-01-26 23:36:04,521 [INFO] PluginManager:220 - loadIPPluginJar : add sai
2024-01-26 23:36:04,544 [INFO] IPUIPlugin:80 - create IPUIPlugin
2024-01-26 23:36:04,544 [INFO] PluginManager:220 - loadIPPluginJar : add spi
2024-01-26 23:36:04,585 [INFO] IPUIPlugin:80 - create IPUIPlugin
2024-01-26 23:36:04,585 [INFO] PluginManager:220 - loadIPPluginJar : add stm32_wpan
2024-01-26 23:36:04,599 [INFO] IPUIPlugin:80 - create IPUIPlugin
2024-01-26 23:36:04,599 [INFO] PluginManager:220 - loadIPPluginJar : add tim
2024-01-26 23:36:04,631 [INFO] IPUIPlugin:80 - create IPUIPlugin
2024-01-26 23:36:04,631 [INFO] PluginManager:220 - loadIPPluginJar : add touchsensing
2024-01-26 23:36:04,643 [INFO] IPUIPlugin:80 - create IPUIPlugin
2024-01-26 23:36:04,643 [INFO] PluginManager:220 - loadIPPluginJar : add tracer_emb
2024-01-26 23:36:04,656 [INFO] IPUIPlugin:80 - create IPUIPlugin
2024-01-26 23:36:04,657 [INFO] PluginManager:220 - loadIPPluginJar : add ts
2024-01-26 23:36:04,668 [INFO] IPUIPlugin:80 - create IPUIPlugin
2024-01-26 23:36:04,668 [INFO] PluginManager:220 - loadIPPluginJar : add tsc
2024-01-26 23:36:04,681 [INFO] IPUIPlugin:80 - create IPUIPlugin
2024-01-26 23:36:04,681 [INFO] PluginManager:220 - loadIPPluginJar : add ucpd
2024-01-26 23:36:04,706 [INFO] IPUIPlugin:80 - create IPUIPlugin
2024-01-26 23:36:04,706 [INFO] PluginManager:220 - loadIPPluginJar : add usart
2024-01-26 23:36:04,731 [INFO] IPUIPlugin:80 - create IPUIPlugin
2024-01-26 23:36:04,731 [INFO] PluginManager:220 - loadIPPluginJar : add usbx
2024-01-26 23:36:04,840 [INFO] CADModel:165 - CPN selected for project level
2024-01-26 23:36:04,840 [INFO] CADModel:114 - Register for checkConnection events
2024-01-26 23:36:04,840 [FATAL] Updater:308 - Updater called before beeing initialized
2024-01-26 23:36:04,840 [ERROR] CADModel:125 - Updater not yet initialized, retry later 
2024-01-26 23:36:04,957 [INFO] CADModel:165 - CPN selected for project level
2024-01-26 23:36:04,957 [INFO] CADModel:114 - Register for checkConnection events
2024-01-26 23:36:04,957 [FATAL] Updater:308 - Updater called before beeing initialized
2024-01-26 23:36:04,957 [ERROR] CADModel:125 - Updater not yet initialized, retry later 
2024-01-26 23:36:04,959 [FATAL] Updater:308 - Updater called before beeing initialized
2024-01-26 23:36:05,029 [FATAL] Updater:308 - Updater called before beeing initialized
2024-01-26 23:36:05,037 [INFO] DbMcusAds:53 - JSON generation date=Wed Nov 29 13:52:27 TRT 2023 (1701255147349)
2024-01-26 23:36:05,037 [FATAL] Updater:308 - Updater called before beeing initialized
2024-01-26 23:36:05,101 [WARN] DetailPanel:346 - Failed to get advertising image, set to default
2024-01-26 23:36:05,162 [FATAL] Updater:308 - Updater called before beeing initialized
2024-01-26 23:36:05,165 [FATAL] Updater:308 - Updater called before beeing initialized
2024-01-26 23:36:05,165 [FATAL] Updater:308 - Updater called before beeing initialized
2024-01-26 23:36:05,165 [WARN] DetailPanel:346 - Failed to get advertising image, set to default
2024-01-26 23:36:05,165 [FATAL] Updater:308 - Updater called before beeing initialized
2024-01-26 23:36:05,209 [ERROR] Updater:1120 - MainUpdater not yet initialized. External WinMGr cannot be set.
2024-01-26 23:36:05,217 [INFO] Updater:1056 - Updater Version found : 6.10.0
2024-01-26 23:36:05,237 [INFO] ApplicationProperties:184 - Using Application install path: C:\ST\STM32CubeIDE_1.14.0\STM32CubeIDE\plugins\com.st.stm32cube.common.mx_6.10.0.202311202037
2024-01-26 23:36:06,247 [INFO] ThirdPartyUpdaterWithRetryManager:70 - Updater plugin not ready yet. [2/15]
2024-01-26 23:36:06,812 [ERROR] LogOutputStream:75 - [STDERR_REDIRECT] Jan 26, 2024 11:36:06 PM java.util.prefs.WindowsPreferences <init>
2024-01-26 23:36:06,813 [ERROR] LogOutputStream:75 - [STDERR_REDIRECT] WARNING: Could not open/create prefs root node Software\JavaSoft\Prefs at root 0xffffffff80000002. Windows RegCreateKeyEx(...) returned error code 5.
2024-01-26 23:36:06,813 [ERROR] LogOutputStream:75 - [STDERR_REDIRECT] 
2024-01-26 23:36:07,491 [INFO] MainUpdater:2873 - connection check result : 10
2024-01-26 23:36:07,492 [INFO] MainUpdater:290 - Updater Check For Update Now.
2024-01-26 23:36:07,492 [INFO] MicroXplorer:498 - Change Database Version : DB.6.0.100
2024-01-26 23:36:07,504 [INFO] McuFinderGlobals:63 - Set McuFinder mode to 2 (CubeIDE integrated)
2024-01-26 23:36:07,517 [INFO] UserAuth:404 - Internet connection configuration mode: 1
2024-01-26 23:36:07,552 [INFO] JxBrowserEngine:152 - Initiate JxBrowser Engine with user profile folder
2024-01-26 23:36:07,675 [INFO] CheckServerUpdateThread:120 - End of CheckServer Thread
2024-01-26 23:36:09,383 [WARN] PackLoader:240 - Cannot read IP mode file for STMicroelectronics.X-CUBE-SMBUS.2.1.0
2024-01-26 23:36:09,395 [WARN] PackLoader:240 - Cannot read IP mode file for STMicroelectronics.X-CUBE-TOUCHGFX.4.23.0
2024-01-26 23:36:09,431 [WARN] PackLoader:240 - Cannot read IP mode file for STMicroelectronics.X-CUBE-AZRTOS-F7.1.1.0
2024-01-26 23:36:09,445 [WARN] PackLoader:240 - Cannot read IP mode file for STMicroelectronics.FP-SNS-MOTENV1.4.3.2
2024-01-26 23:36:09,457 [WARN] PackLoader:240 - Cannot read IP mode file for STMicroelectronics.FP-SNS-FLIGHT1.5.0.2
2024-01-26 23:36:09,852 [WARN] PackLoader:240 - Cannot read IP mode file for STMicroelectronics.X-CUBE-DISPLAY.3.0.0
2024-01-26 23:36:09,868 [WARN] PackLoader:240 - Cannot read IP mode file for STMicroelectronics.X-CUBE-BLE1.7.0.0
2024-01-26 23:36:09,878 [WARN] PackLoader:240 - Cannot read IP mode file for emotas.I-CUBE-CANOPEN.1.3.0
2024-01-26 23:36:09,887 [WARN] PackLoader:240 - Cannot read IP mode file for STMicroelectronics.FP-SNS-SMARTAG2.1.2.0
2024-01-26 23:36:09,901 [INFO] LogOutputStream:77 - [STDOUT_REDIRECT] 1 : Invalid condition id : UX_CORESTACK_Condition cause : null
2024-01-26 23:36:09,902 [INFO] LogOutputStream:77 - [STDOUT_REDIRECT] 1 : Invalid condition id : UX_CORESTACK_Condition cause : null
2024-01-26 23:36:09,903 [INFO] LogOutputStream:77 - [STDOUT_REDIRECT] 1 : Invalid condition id : UX_CORESTACK_Condition cause : null
2024-01-26 23:36:09,904 [INFO] LogOutputStream:77 - [STDOUT_REDIRECT] 1 : Invalid condition id : UX_CORESTACK_Condition cause : null
2024-01-26 23:36:09,905 [INFO] LogOutputStream:77 - [STDOUT_REDIRECT] 1 : Invalid condition id : UX_CORESTACK_Condition cause : null
2024-01-26 23:36:09,907 [WARN] PackLoader:240 - Cannot read IP mode file for STMicroelectronics.X-CUBE-AZRTOS-WL.2.0.0
2024-01-26 23:36:09,921 [WARN] PackLoader:240 - Cannot read IP mode file for WES.I-CUBE-Cesium.1.3.0
2024-01-26 23:36:09,935 [WARN] PackLoader:240 - Cannot read IP mode file for STMicroelectronics.X-CUBE-BLE2.3.3.0
2024-01-26 23:36:09,950 [WARN] PackLoader:240 - Cannot read IP mode file for STMicroelectronics.X-CUBE-ALGOBUILD.1.3.0
2024-01-26 23:36:09,986 [WARN] PackLoader:240 - Cannot read IP mode file for STMicroelectronics.X-CUBE-AZRTOS-G0.1.1.0
2024-01-26 23:36:10,004 [WARN] PackLoader:240 - Cannot read IP mode file for STMicroelectronics.X-CUBE-NFC4.3.0.0
2024-01-26 23:36:10,018 [WARN] PackLoader:240 - Cannot read IP mode file for STMicroelectronics.X-CUBE-BLEMGR.3.0.0
2024-01-26 23:36:10,031 [WARN] PackLoader:240 - Cannot read IP mode file for STMicroelectronics.FP-ATR-SIGFOX1.3.2.0
2024-01-26 23:36:10,042 [WARN] PackLoader:240 - Cannot read IP mode file for STMicroelectronics.X-CUBE-GNSS1.6.0.0
2024-01-26 23:36:10,063 [WARN] PackLoader:240 - Cannot read IP mode file for STMicroelectronics.X-CUBE-AZRTOS-F4.1.1.0
2024-01-26 23:36:10,075 [WARN] PackLoader:240 - Cannot read IP mode file for wolfSSL.I-CUBE-wolfSSL.5.6.4
2024-01-26 23:36:10,097 [WARN] PackLoader:240 - Cannot read IP mode file for STMicroelectronics.X-CUBE-AZRTOS-L5.2.0.0
2024-01-26 23:36:10,109 [WARN] PackLoader:240 - Cannot read IP mode file for STMicroelectronics.X-CUBE-EEPRMA1.4.2.0
2024-01-26 23:36:10,119 [WARN] PackLoader:240 - Cannot read IP mode file for ITTIA_DB.I-CUBE-ITTIADB.8.8.0
2024-01-26 23:36:10,129 [WARN] PackLoader:240 - Cannot read IP mode file for STMicroelectronics.X-CUBE-NFC7.1.0.1
2024-01-26 23:36:10,140 [WARN] PackLoader:240 - Cannot read IP mode file for STMicroelectronics.X-CUBE-NFC6.3.0.0
2024-01-26 23:36:10,149 [WARN] PackLoader:240 - Cannot read IP mode file for STMicroelectronics.X-CUBE-AI.8.1.0
2024-01-26 23:36:10,165 [INFO] WebApp:161 - Instantiating new browser for Auth
2024-01-26 23:36:10,173 [WARN] ConditionMgr:438 - getConditionDescription Invalid condition id : LAN8742 Phy interface Condition cause : null
2024-01-26 23:36:10,174 [WARN] PackLoader:240 - Cannot read IP mode file for STMicroelectronics.X-CUBE-AZRTOS-L4.2.0.0
2024-01-26 23:36:10,175 [WARN] ConditionMgr:1039 - genDependencies : Invalid condition id : LAN8742 Phy interface Condition cause : null
2024-01-26 23:36:10,175 [WARN] ConditionMgr:1039 - genDependencies : Invalid condition id : LAN8742 Phy interface Condition cause : null
2024-01-26 23:36:10,176 [WARN] ConditionMgr:1039 - genDependencies : Invalid condition id : LAN8742 Phy interface Condition cause : null
2024-01-26 23:36:10,190 [WARN] PackLoader:240 - Cannot read IP mode file for STMicroelectronics.X-CUBE-SFXS2LP1.4.0.0
2024-01-26 23:36:10,221 [WARN] ConditionMgr:438 - getConditionDescription Invalid condition id : UX DEVICE CLASS RTOS Condition cause : null
2024-01-26 23:36:10,222 [WARN] ConditionMgr:438 - getConditionDescription Invalid condition id : UX DEVICE CLASS RTOS Condition cause : null
2024-01-26 23:36:10,223 [WARN] PackLoader:240 - Cannot read IP mode file for STMicroelectronics.X-CUBE-AZRTOS-WB.2.0.0
2024-01-26 23:36:10,223 [WARN] ConditionMgr:1039 - genDependencies : Invalid condition id : UX DEVICE CLASS RTOS Condition cause : null
2024-01-26 23:36:10,223 [WARN] ConditionMgr:1039 - genDependencies : Invalid condition id : UX DEVICE CLASS RTOS Condition cause : null
2024-01-26 23:36:10,223 [WARN] ConditionMgr:1039 - genDependencies : Invalid condition id : UX DEVICE CLASS RTOS Condition cause : null
2024-01-26 23:36:10,224 [WARN] ConditionMgr:1039 - genDependencies : Invalid condition id : UX DEVICE CLASS RTOS Condition cause : null
2024-01-26 23:36:10,224 [WARN] ConditionMgr:1039 - genDependencies : Invalid condition id : UX DEVICE CLASS RTOS Condition cause : null
2024-01-26 23:36:10,241 [WARN] PackLoader:240 - Cannot read IP mode file for STMicroelectronics.X-CUBE-SUBG2.5.0.0
2024-01-26 23:36:10,266 [WARN] PackLoader:240 - Cannot read IP mode file for STMicroelectronics.X-CUBE-AZRTOS-G4.2.0.0
2024-01-26 23:36:10,286 [WARN] PackLoader:240 - Cannot read IP mode file for Infineon.AIROC-Wi-Fi-Bluetooth-STM32.1.5.1
2024-01-26 23:36:10,299 [WARN] PackLoader:240 - Cannot read IP mode file for STMicroelectronics.FP-SNS-MOTENVWB1.1.3.1
2024-01-26 23:36:10,310 [WARN] PackLoader:240 - Cannot read IP mode file for STMicroelectronics.X-CUBE-ISPU.2.0.0
2024-01-26 23:36:10,349 [WARN] PackLoader:240 - Cannot read IP mode file for STMicroelectronics.X-CUBE-MEMS1.10.0.0
2024-01-26 23:36:10,448 [WARN] PackLoader:240 - Cannot read IP mode file for STMicroelectronics.X-CUBE-FREERTOS.1.1.0
2024-01-26 23:36:10,462 [WARN] PackLoader:240 - Cannot read IP mode file for portGmbH.I-Cube-SoM-uGOAL.1.1.0
2024-01-26 23:36:10,475 [WARN] PackLoader:240 - Cannot read IP mode file for STMicroelectronics.X-CUBE-ALS.1.0.1
2024-01-26 23:36:10,487 [WARN] PackLoader:240 - Cannot read IP mode file for STMicroelectronics.FP-ATR-ASTRA1.2.0.0
2024-01-26 23:36:10,503 [WARN] PackLoader:240 - Cannot read IP mode file for STMicroelectronics.X-CUBE-TOF1.3.4.0
2024-01-26 23:36:10,532 [WARN] PackLoader:240 - Cannot read IP mode file for STMicroelectronics.X-CUBE-AZRTOS-H7.3.2.0
2024-01-26 23:36:10,534 [INFO] ThirdParty:978 - Integrity check success = true
2024-01-26 23:36:10,534 [INFO] IntegrityCheckThread:100 - exiting critical section [integrity check]
2024-01-26 23:36:10,535 [INFO] IntegrityCheckThread:103 - End integrity checks thread
2024-01-26 23:36:10,940 [INFO] WebApp:780 - Register for checkConnection events
2024-01-26 23:36:10,940 [INFO] WebApp:414 - Apply proxy settings
2024-01-26 23:36:10,941 [INFO] WebApp:499 - Chromium requires no authentication
2024-01-26 23:36:10,950 [INFO] WebApp:442 - Direct internet connection detected
2024-01-26 23:36:11,115 [INFO] WebApp:192 - Starting web application
2024-01-26 23:36:11,116 [INFO] WebApp:544 - Web application path used C:\ST\STM32CubeIDE_1.14.0\STM32CubeIDE\plugins\com.st.stm32cube.common.mx_6.10.0.202311202037\db\plugins\mcufinder\reactClient1\index.html
2024-01-26 23:36:31,799 [ERROR] LogOutputStream:75 - [STDERR_REDIRECT] SLF4J: Failed to load class "org.slf4j.impl.StaticLoggerBinder".
2024-01-26 23:36:31,800 [ERROR] LogOutputStream:75 - [STDERR_REDIRECT] SLF4J: Defaulting to no-operation (NOP) logger implementation
2024-01-26 23:36:31,801 [ERROR] LogOutputStream:75 - [STDERR_REDIRECT] SLF4J: See http://www.slf4j.org/codes.html#StaticLoggerBinder for further details.
2024-01-26 23:46:22,561 [ERROR] LogOutputStream:75 - [STDERR_REDIRECT] 
2024-01-26 23:46:22,561 [ERROR] LogOutputStream:75 - [STDERR_REDIRECT] 
