2024-01-31 00:17:52,979 [INFO] NvicIntPanel:101 - NVIC parent = com.st.microxplorer.plugins.ip.nvic.MultiNvicIntPanel[,0,0,0x0,invalid,layout=javax.swing.BoxLayout,alignmentX=0.0,alignmentY=0.0,border=,flags=9,maximumSize=,minimumSize=,preferredSize=]
2024-01-31 00:17:56,716 [INFO] UtilMem:75 - End SaveConfig() Used Memory: 796957544 Bytes (1027604480)
2024-01-31 00:17:56,761 [INFO] UtilMem:75 - End SaveConfig() Used Memory: 810568112 Bytes (1027604480)
2024-01-31 00:17:56,847 [INFO] UtilMem:75 - End SaveConfig() Used Memory: 829442480 Bytes (1027604480)
2024-01-31 00:17:56,990 [INFO] BlockDiagram:2759 - set Specific Code input for plugin: NVIC
2024-01-31 00:17:56,990 [INFO] BlockDiagram:2759 - set Specific Code input for plugin: TIM1_8F1
2024-01-31 00:17:56,990 [INFO] BlockDiagram:2759 - set Specific Code input for plugin: SYS
2024-01-31 00:17:56,990 [INFO] BlockDiagram:2759 - set Specific Code input for plugin: GPIO
2024-01-31 00:17:56,991 [INFO] BlockDiagram:2759 - set Specific Code input for plugin: ADC
2024-01-31 00:17:56,991 [INFO] BlockDiagram:2759 - set Specific Code input for plugin: RCC
2024-01-31 00:17:56,992 [INFO] CodeGenerator:807 - code generatio: config db path: C:\ST\STM32CubeIDE_1.14.0\STM32CubeIDE\plugins\com.st.stm32cube.common.mx_6.10.0.202311202037\\db\
2024-01-31 00:17:57,079 [INFO] CodeEngine:255 - oldGeneratedFile, C:\Users\hasan\STM32CubeIDE\workspace_1.14.0\motor_deneme\MXTmpFiles\license.tmp_save
2024-01-31 00:17:57,146 [INFO] CodeEngine:279 - Generated code: C:\Users\hasan\STM32CubeIDE\workspace_1.14.0\motor_deneme\MXTmpFiles\license.tmp
2024-01-31 00:17:57,166 [INFO] CodeEngine:255 - oldGeneratedFile, C:\Users\hasan\STM32CubeIDE\workspace_1.14.0\motor_deneme\MXTmpFiles\gpio.tmp_save
2024-01-31 00:17:57,232 [INFO] CodeEngine:279 - Generated code: C:\Users\hasan\STM32CubeIDE\workspace_1.14.0\motor_deneme\MXTmpFiles\gpio.tmp
2024-01-31 00:17:57,263 [INFO] CodeEngine:255 - oldGeneratedFile, C:\Users\hasan\STM32CubeIDE\workspace_1.14.0\motor_deneme\Core\Src\stm32f1xx_it.c_save
2024-01-31 00:17:57,369 [INFO] CodeEngine:279 - Generated code: C:\Users\hasan\STM32CubeIDE\workspace_1.14.0\motor_deneme\Core\Src\stm32f1xx_it.c
2024-01-31 00:17:57,378 [INFO] CodeEngine:255 - oldGeneratedFile, C:\Users\hasan\STM32CubeIDE\workspace_1.14.0\motor_deneme\Core\Inc\stm32f1xx_it.h_save
2024-01-31 00:17:57,418 [INFO] CodeEngine:279 - Generated code: C:\Users\hasan\STM32CubeIDE\workspace_1.14.0\motor_deneme\Core\Inc\stm32f1xx_it.h
2024-01-31 00:17:57,430 [INFO] CodeEngine:255 - oldGeneratedFile, C:\Users\hasan\STM32CubeIDE\workspace_1.14.0\motor_deneme\Core\Src\stm32f1xx_hal_msp.c_save
2024-01-31 00:17:57,519 [INFO] CodeEngine:279 - Generated code: C:\Users\hasan\STM32CubeIDE\workspace_1.14.0\motor_deneme\Core\Src\stm32f1xx_hal_msp.c
2024-01-31 00:17:57,522 [INFO] CodeEngine:255 - oldGeneratedFile, C:\Users\hasan\STM32CubeIDE\workspace_1.14.0\motor_deneme\MXTmpFiles\system.tmp_save
2024-01-31 00:17:57,561 [INFO] CodeEngine:279 - Generated code: C:\Users\hasan\STM32CubeIDE\workspace_1.14.0\motor_deneme\MXTmpFiles\system.tmp
2024-01-31 00:17:57,571 [INFO] CodeEngine:311 - oldGeneratedFile, C:\Users\hasan\STM32CubeIDE\workspace_1.14.0\motor_deneme\Core\Inc\stm32f1xx_hal_conf.h_save
2024-01-31 00:17:57,636 [INFO] CodeEngine:335 - Generated code: C:\Users\hasan\STM32CubeIDE\workspace_1.14.0\motor_deneme\Core\Inc\stm32f1xx_hal_conf.h
2024-01-31 00:17:57,651 [WARN] IPConfigManager:3440 - IP not found : TIM
2024-01-31 00:17:57,651 [WARN] CodeGenerator:3939 - IP not found : null
2024-01-31 00:17:57,661 [INFO] CodeEngine:255 - oldGeneratedFile, C:\Users\hasan\STM32CubeIDE\workspace_1.14.0\motor_deneme\Core\Inc\main.h_save
2024-01-31 00:17:57,725 [INFO] CodeEngine:279 - Generated code: C:\Users\hasan\STM32CubeIDE\workspace_1.14.0\motor_deneme\Core\Inc\main.h
2024-01-31 00:17:57,734 [INFO] CodeEngine:255 - oldGeneratedFile, C:\Users\hasan\STM32CubeIDE\workspace_1.14.0\motor_deneme\Core\Src\main.c_save
2024-01-31 00:17:57,817 [INFO] CodeEngine:279 - Generated code: C:\Users\hasan\STM32CubeIDE\workspace_1.14.0\motor_deneme\Core\Src\main.c
2024-01-31 00:17:58,241 [INFO] ProjectBuilder:3076 - Time for Copy HAL[1] : 104mS.
2024-01-31 00:17:58,243 [INFO] ProjectBuilder:4485 - Project Generator version: 4.2.0-B44
2024-01-31 00:17:58,361 [INFO] ConfigFileManager:1495 - The Die is : DIE410
2024-01-31 00:17:58,362 [INFO] ApiDbMcu:508 - Load IP Config File for FATFS
2024-01-31 00:17:58,365 [INFO] ApiDbMcu:508 - Load IP Config File for FREERTOS
2024-01-31 00:17:58,366 [INFO] ApiDbMcu:508 - Load IP Config File for USB_DEVICE
2024-01-31 00:17:59,204 [INFO] ProjectBuilder:4747 - Time for Generating toolchain IDE Files: 961mS.
2024-01-31 00:17:59,205 [INFO] ProjectBuilder:2947 - Time for Copy CMSIS : 1mS.
2024-01-31 00:17:59,208 [INFO] ProjectBuilder:2947 - Time for Copy CMSIS : 0mS.
2024-01-31 03:00:41,141 [INFO] WebApp:354 - JxBrowser engine has been closed 
