2024-03-17 16:14:18,042 [INFO] Activator:176 - 


2024-03-17 16:14:18,048 [INFO] Activator:177 - !SESSION log4j initialized
2024-03-17 16:14:25,523 [INFO] LogOutputStream:77 - [STDOUT_REDIRECT] 
2024-03-17 16:14:27,477 [INFO] ApplicationProperties:184 - Using Application install path: C:\ST\STM32CubeIDE_1.14.0\STM32CubeIDE\plugins\com.st.stm32cube.common.mx_6.10.0.202311202037
2024-03-17 16:14:27,494 [INFO] DbMcusXml:78 - Set database path to: C:\ST\STM32CubeIDE_1.14.0\STM32CubeIDE\plugins\com.st.stm32cube.common.mx_6.10.0.202311202037\\db\/mcu/
2024-03-17 16:14:27,495 [INFO] ApiDb:274 - Set plugin database path to: C:\ST\STM32CubeIDE_1.14.0\STM32CubeIDE\plugins\com.st.stm32cube.common.mx_6.10.0.202311202037\\db\/plugins/boardmanager/
2024-03-17 16:14:27,496 [WARN] ApiDb:259 - Overriding images path with different value:  => C:\ST\STM32CubeIDE_1.14.0\STM32CubeIDE\plugins\com.st.stm32cube.common.mx_6.10.0.202311202037\\db\/plugins/mcufinder/images/
2024-03-17 16:14:27,507 [INFO] ApiDb:250 - Set database path to: C:\Users\hasan\.stmcufinder\plugins\mcufinder//mcu/
2024-03-17 16:14:27,508 [INFO] DbMcusAds:125 - Set database path to: C:\Users\hasan\.stmcufinder\plugins\mcufinder//mcu/
2024-03-17 16:14:27,509 [INFO] CrossReferenceDbSqlite:203 - Set database path to: C:\Users\hasan\.stmcufinder\plugins\mcufinder//mcu/cs/
2024-03-17 16:14:27,607 [INFO] RulesReader:64 - Compatibility file has been processed (297 Rules)
2024-03-17 16:14:27,693 [INFO] DbMcusXml:78 - Set database path to: C:\ST\STM32CubeIDE_1.14.0\STM32CubeIDE\plugins\com.st.stm32cube.common.mx_6.10.0.202311202037\\db\/mcu/
2024-03-17 16:14:27,693 [INFO] ApiDb:274 - Set plugin database path to: C:\ST\STM32CubeIDE_1.14.0\STM32CubeIDE\plugins\com.st.stm32cube.common.mx_6.10.0.202311202037\\db\/plugins/boardmanager/
2024-03-17 16:14:27,694 [INFO] ApiDb:261 - Set plugin images path to: C:\ST\STM32CubeIDE_1.14.0\STM32CubeIDE\plugins\com.st.stm32cube.common.mx_6.10.0.202311202037\\db\/plugins/mcufinder/images/
2024-03-17 16:14:27,694 [WARN] DbFile:41 - Overriding database path with different value: C:\Users\hasan\.stmcufinder\plugins\mcufinder/ => C:\Users\hasan\.stmcufinder\plugins\mcufinder
2024-03-17 16:14:27,694 [INFO] ApiDb:250 - Set database path to: C:\Users\hasan\.stmcufinder\plugins\mcufinder//mcu/
2024-03-17 16:14:27,694 [WARN] DbFile:41 - Overriding database path with different value: C:\Users\hasan\.stmcufinder\plugins\mcufinder/ => C:\Users\hasan\.stmcufinder\plugins\mcufinder
2024-03-17 16:14:27,694 [INFO] DbMcusAds:125 - Set database path to: C:\Users\hasan\.stmcufinder\plugins\mcufinder//mcu/
2024-03-17 16:14:27,694 [WARN] DbFile:41 - Overriding database path with different value: C:\Users\hasan\.stmcufinder\plugins\mcufinder/ => C:\Users\hasan\.stmcufinder\plugins\mcufinder
2024-03-17 16:14:27,694 [WARN] DbFile:41 - Overriding database path with different value: C:\Users\hasan\.stmcufinder\plugins\mcufinder/ => C:\Users\hasan\.stmcufinder\plugins\mcufinder
2024-03-17 16:14:27,694 [INFO] CrossReferenceDbSqlite:203 - Set database path to: C:\Users\hasan\.stmcufinder\plugins\mcufinder//mcu/cs/
2024-03-17 16:14:27,777 [INFO] MainPanel:264 - HeapMemory: 268435456
2024-03-17 16:14:27,897 [INFO] DbMcusXml:78 - Set database path to: C:\ST\STM32CubeIDE_1.14.0\STM32CubeIDE\plugins\com.st.stm32cube.common.mx_6.10.0.202311202037\\db\/mcu/
2024-03-17 16:14:27,897 [INFO] ApiDb:274 - Set plugin database path to: C:\ST\STM32CubeIDE_1.14.0\STM32CubeIDE\plugins\com.st.stm32cube.common.mx_6.10.0.202311202037\\db\/plugins/boardmanager/
2024-03-17 16:14:27,897 [INFO] ApiDb:261 - Set plugin images path to: C:\ST\STM32CubeIDE_1.14.0\STM32CubeIDE\plugins\com.st.stm32cube.common.mx_6.10.0.202311202037\\db\/plugins/mcufinder/images/
2024-03-17 16:14:27,898 [WARN] DbFile:41 - Overriding database path with different value: C:\Users\hasan\.stmcufinder\plugins\mcufinder/ => C:\Users\hasan\.stmcufinder\plugins\mcufinder
2024-03-17 16:14:27,898 [INFO] ApiDb:250 - Set database path to: C:\Users\hasan\.stmcufinder\plugins\mcufinder//mcu/
2024-03-17 16:14:27,898 [WARN] DbFile:41 - Overriding database path with different value: C:\Users\hasan\.stmcufinder\plugins\mcufinder/ => C:\Users\hasan\.stmcufinder\plugins\mcufinder
2024-03-17 16:14:27,898 [INFO] DbMcusAds:125 - Set database path to: C:\Users\hasan\.stmcufinder\plugins\mcufinder//mcu/
2024-03-17 16:14:27,898 [WARN] DbFile:41 - Overriding database path with different value: C:\Users\hasan\.stmcufinder\plugins\mcufinder/ => C:\Users\hasan\.stmcufinder\plugins\mcufinder
2024-03-17 16:14:27,898 [WARN] DbFile:41 - Overriding database path with different value: C:\Users\hasan\.stmcufinder\plugins\mcufinder/ => C:\Users\hasan\.stmcufinder\plugins\mcufinder
2024-03-17 16:14:27,898 [INFO] CrossReferenceDbSqlite:203 - Set database path to: C:\Users\hasan\.stmcufinder\plugins\mcufinder//mcu/cs/
2024-03-17 16:14:27,921 [INFO] ApplicationProperties:184 - Using Application install path: C:\ST\STM32CubeIDE_1.14.0\STM32CubeIDE\plugins\com.st.stm32cube.common.mx_6.10.0.202311202037
2024-03-17 16:14:27,922 [INFO] PluginManage:196 - Search for loadable plugins [exclusion list=, ]
2024-03-17 16:14:27,924 [INFO] PluginManage:310 - Check plugin analytics
2024-03-17 16:14:28,069 [INFO] AnalyticsPlugin:253 - Accepted Software Licenses: 
2024-03-17 16:14:28,069 [INFO] AnalyticsPlugin:255 - Accepted CMSIS Pack Licenses: 
2024-03-17 16:14:28,069 [INFO] AnalyticsPlugin:257 - Accepted Firmware Licenses: 
2024-03-17 16:14:28,073 [INFO] PluginManage:359 - Loaded plugin analytics (category:tool,tabindex:-1)
2024-03-17 16:14:28,073 [INFO] PluginManage:310 - Check plugin cadmodel
2024-03-17 16:14:28,088 [INFO] CADModel:105 - Init CAD model plugin
2024-03-17 16:14:28,088 [INFO] PluginManage:359 - Loaded plugin cadmodel (category:power,tabindex:5)
2024-03-17 16:14:28,088 [INFO] PluginManage:310 - Check plugin clock
2024-03-17 16:14:28,109 [INFO] PluginManage:359 - Loaded plugin clock (category:base,tabindex:2)
2024-03-17 16:14:28,109 [INFO] PluginManage:310 - Check plugin ddr
2024-03-17 16:14:28,112 [INFO] PluginManage:359 - Loaded plugin ddr (category:tool,tabindex:6)
2024-03-17 16:14:28,113 [INFO] PluginManage:310 - Check plugin filemanager
2024-03-17 16:14:28,258 [INFO] PluginManage:359 - Loaded plugin filemanager (category:base,tabindex:10)
2024-03-17 16:14:28,258 [INFO] PluginManage:310 - Check plugin ipmanager
2024-03-17 16:14:28,267 [INFO] PluginManage:359 - Loaded plugin ipmanager (category:base,tabindex:5)
2024-03-17 16:14:28,267 [INFO] PluginManage:310 - Check plugin lpbam
2024-03-17 16:14:28,285 [INFO] PluginManage:359 - Loaded plugin lpbam (category:base,tabindex:0)
2024-03-17 16:14:28,285 [INFO] PluginManage:310 - Check plugin memorymap
2024-03-17 16:14:28,307 [INFO] PluginManage:359 - Loaded plugin memorymap (category:base,tabindex:4)
2024-03-17 16:14:28,307 [INFO] PluginManage:310 - Check plugin pinoutandconfiguration
2024-03-17 16:14:28,322 [INFO] PluginManage:359 - Loaded plugin pinoutandconfiguration (category:base,tabindex:1)
2024-03-17 16:14:28,322 [INFO] PluginManage:310 - Check plugin pinoutconfig
2024-03-17 16:14:28,409 [WARN] SupportedApi:132 - Cannot load RTOS API schema: s4s-elt-must-match.1: The content of 'definitions' must match (annotation?, (simpleType | complexType)?, (unique | key | keyref)*)). A problem was found starting at: attribute.
2024-03-17 16:14:28,525 [INFO] PluginManage:359 - Loaded plugin pinoutconfig (category:base,tabindex:0)
2024-03-17 16:14:28,525 [INFO] PluginManage:310 - Check plugin power
2024-03-17 16:14:28,543 [INFO] PluginManage:359 - Loaded plugin power (category:power,tabindex:4)
2024-03-17 16:14:28,543 [INFO] PluginManage:310 - Check plugin projectmanager
2024-03-17 16:14:28,558 [INFO] PluginManage:359 - Loaded plugin projectmanager (category:projectmanager,tabindex:3)
2024-03-17 16:14:28,558 [INFO] PluginManage:310 - Check plugin thirdparty
2024-03-17 16:14:28,787 [INFO] PluginManage:359 - Loaded plugin thirdparty (category:base,tabindex:-1)
2024-03-17 16:14:28,787 [INFO] PluginManage:310 - Check plugin tools
2024-03-17 16:14:28,787 [WARN] IntegrityCheckThread:84 - waiting for thirdparty lock release [integrity check]
2024-03-17 16:14:28,788 [INFO] IntegrityCheckThread:86 - entering critical section [integrity check]
2024-03-17 16:14:28,788 [INFO] ThirdPartyUpdaterWithRetryManager:70 - Updater plugin not ready yet. [1/15]
2024-03-17 16:14:28,814 [INFO] PluginManage:359 - Loaded plugin tools (category:base,tabindex:7)
2024-03-17 16:14:28,814 [INFO] PluginManage:310 - Check plugin tutovideos
2024-03-17 16:14:28,990 [INFO] PluginManage:359 - Loaded plugin tutovideos (category:base,tabindex:-1)
2024-03-17 16:14:28,990 [INFO] PluginManage:310 - Check plugin updater
2024-03-17 16:14:29,004 [INFO] PluginManage:359 - Loaded plugin updater (category:base,tabindex:12)
2024-03-17 16:14:29,004 [INFO] PluginManage:310 - Check plugin userauth
2024-03-17 16:14:29,010 [INFO] UserAuth:114 - Init User Auth plugin
2024-03-17 16:14:29,010 [INFO] PluginManage:359 - Loaded plugin userauth (category:base,tabindex:14)
2024-03-17 16:14:29,010 [INFO] PluginManage:283 - PluginManage : Loaded plugins [17]
2024-03-17 16:14:29,213 [INFO] PinOutPanel:1499 - setPackage(No Configuration,No Configuration)
2024-03-17 16:14:29,283 [INFO] CADModel:165 - CPN selected for project level
2024-03-17 16:14:29,283 [INFO] CADModel:114 - Register for checkConnection events
2024-03-17 16:14:29,308 [INFO] IPUIPlugin:80 - create IPUIPlugin
2024-03-17 16:14:29,308 [INFO] PluginManager:220 - loadIPPluginJar : add adc
2024-03-17 16:14:29,336 [INFO] IPUIPlugin:80 - create IPUIPlugin
2024-03-17 16:14:29,336 [INFO] PluginManager:220 - loadIPPluginJar : add aes
2024-03-17 16:14:29,366 [INFO] IPUIPlugin:80 - create IPUIPlugin
2024-03-17 16:14:29,366 [INFO] PluginManager:220 - loadIPPluginJar : add can
2024-03-17 16:14:29,384 [INFO] IPUIPlugin:80 - create IPUIPlugin
2024-03-17 16:14:29,384 [INFO] PluginManager:220 - loadIPPluginJar : add comp
2024-03-17 16:14:29,408 [INFO] IPUIPlugin:80 - create IPUIPlugin
2024-03-17 16:14:29,408 [INFO] PluginManager:220 - loadIPPluginJar : add cryp
2024-03-17 16:14:29,429 [INFO] IPUIPlugin:80 - create IPUIPlugin
2024-03-17 16:14:29,429 [INFO] PluginManager:220 - loadIPPluginJar : add dfsdm
2024-03-17 16:14:29,444 [INFO] IPUIPlugin:80 - create IPUIPlugin
2024-03-17 16:14:29,444 [INFO] PluginManager:220 - loadIPPluginJar : add dma
2024-03-17 16:14:29,482 [INFO] IPUIPlugin:80 - create IPUIPlugin
2024-03-17 16:14:29,483 [INFO] PluginManager:220 - loadIPPluginJar : add dma3
2024-03-17 16:14:29,499 [INFO] IPUIPlugin:80 - create IPUIPlugin
2024-03-17 16:14:29,499 [INFO] PluginManager:220 - loadIPPluginJar : add fatfs
2024-03-17 16:14:29,532 [INFO] IPUIPlugin:80 - create IPUIPlugin
2024-03-17 16:14:29,532 [INFO] PluginManager:220 - loadIPPluginJar : add fmc
2024-03-17 16:14:29,546 [INFO] IPUIPlugin:80 - create IPUIPlugin
2024-03-17 16:14:29,546 [INFO] PluginManager:220 - loadIPPluginJar : add freertos
2024-03-17 16:14:29,561 [INFO] IPUIPlugin:80 - create IPUIPlugin
2024-03-17 16:14:29,561 [INFO] PluginManager:220 - loadIPPluginJar : add genericplugin
2024-03-17 16:14:29,621 [INFO] IPUIPlugin:80 - create IPUIPlugin
2024-03-17 16:14:29,621 [INFO] PluginManager:220 - loadIPPluginJar : add gfxmmu
2024-03-17 16:14:29,717 [INFO] IPUIPlugin:80 - create IPUIPlugin
2024-03-17 16:14:29,717 [INFO] PluginManager:220 - loadIPPluginJar : add gic
2024-03-17 16:14:29,727 [INFO] IPUIPlugin:80 - create IPUIPlugin
2024-03-17 16:14:29,727 [INFO] PluginManager:220 - loadIPPluginJar : add gpio
2024-03-17 16:14:29,791 [INFO] IPUIPlugin:80 - create IPUIPlugin
2024-03-17 16:14:29,791 [INFO] PluginManager:220 - loadIPPluginJar : add gtzc
2024-03-17 16:14:29,813 [INFO] IPUIPlugin:80 - create IPUIPlugin
2024-03-17 16:14:29,813 [INFO] PluginManager:220 - loadIPPluginJar : add hash
2024-03-17 16:14:29,849 [INFO] IPUIPlugin:80 - create IPUIPlugin
2024-03-17 16:14:29,849 [INFO] PluginManager:220 - loadIPPluginJar : add i2c
2024-03-17 16:14:29,874 [INFO] IPUIPlugin:80 - create IPUIPlugin
2024-03-17 16:14:29,874 [INFO] PluginManager:220 - loadIPPluginJar : add i2s
2024-03-17 16:14:29,900 [INFO] IPUIPlugin:80 - create IPUIPlugin
2024-03-17 16:14:29,900 [INFO] PluginManager:220 - loadIPPluginJar : add i3c
2024-03-17 16:14:29,968 [INFO] IPUIPlugin:80 - create IPUIPlugin
2024-03-17 16:14:29,968 [INFO] PluginManager:220 - loadIPPluginJar : add ipddr
2024-03-17 16:14:30,027 [INFO] IPUIPlugin:80 - create IPUIPlugin
2024-03-17 16:14:30,027 [INFO] PluginManager:220 - loadIPPluginJar : add linkedlist
2024-03-17 16:14:30,051 [INFO] IPUIPlugin:80 - create IPUIPlugin
2024-03-17 16:14:30,051 [INFO] PluginManager:220 - loadIPPluginJar : add lorawan
2024-03-17 16:14:30,074 [INFO] IPUIPlugin:80 - create IPUIPlugin
2024-03-17 16:14:30,074 [INFO] PluginManager:220 - loadIPPluginJar : add ltdc
2024-03-17 16:14:30,085 [INFO] IPUIPlugin:80 - create IPUIPlugin
2024-03-17 16:14:30,085 [INFO] PluginManager:220 - loadIPPluginJar : add mdma
2024-03-17 16:14:30,095 [INFO] IPUIPlugin:80 - create IPUIPlugin
2024-03-17 16:14:30,095 [INFO] PluginManager:220 - loadIPPluginJar : add nvic
2024-03-17 16:14:30,119 [INFO] IPUIPlugin:80 - create IPUIPlugin
2024-03-17 16:14:30,119 [INFO] PluginManager:220 - loadIPPluginJar : add opamp
2024-03-17 16:14:30,155 [INFO] IPUIPlugin:80 - create IPUIPlugin
2024-03-17 16:14:30,155 [INFO] PluginManager:220 - loadIPPluginJar : add openamp
2024-03-17 16:14:30,183 [INFO] IPUIPlugin:80 - create IPUIPlugin
2024-03-17 16:14:30,184 [INFO] PluginManager:220 - loadIPPluginJar : add pdm2pcm
2024-03-17 16:14:30,196 [INFO] IPUIPlugin:80 - create IPUIPlugin
2024-03-17 16:14:30,197 [INFO] PluginManager:220 - loadIPPluginJar : add plateformsettings
2024-03-17 16:14:30,215 [INFO] IPUIPlugin:80 - create IPUIPlugin
2024-03-17 16:14:30,215 [INFO] PluginManager:220 - loadIPPluginJar : add quadspi
2024-03-17 16:14:30,225 [INFO] IPUIPlugin:80 - create IPUIPlugin
2024-03-17 16:14:30,225 [INFO] PluginManager:220 - loadIPPluginJar : add resmgrutility
2024-03-17 16:14:30,263 [INFO] IPUIPlugin:80 - create IPUIPlugin
2024-03-17 16:14:30,263 [INFO] PluginManager:220 - loadIPPluginJar : add sai
2024-03-17 16:14:30,292 [INFO] IPUIPlugin:80 - create IPUIPlugin
2024-03-17 16:14:30,292 [INFO] PluginManager:220 - loadIPPluginJar : add spi
2024-03-17 16:14:30,345 [INFO] IPUIPlugin:80 - create IPUIPlugin
2024-03-17 16:14:30,345 [INFO] PluginManager:220 - loadIPPluginJar : add stm32_wpan
2024-03-17 16:14:30,363 [INFO] IPUIPlugin:80 - create IPUIPlugin
2024-03-17 16:14:30,363 [INFO] PluginManager:220 - loadIPPluginJar : add tim
2024-03-17 16:14:30,406 [INFO] IPUIPlugin:80 - create IPUIPlugin
2024-03-17 16:14:30,406 [INFO] PluginManager:220 - loadIPPluginJar : add touchsensing
2024-03-17 16:14:30,423 [INFO] IPUIPlugin:80 - create IPUIPlugin
2024-03-17 16:14:30,423 [INFO] PluginManager:220 - loadIPPluginJar : add tracer_emb
2024-03-17 16:14:30,441 [INFO] IPUIPlugin:80 - create IPUIPlugin
2024-03-17 16:14:30,441 [INFO] PluginManager:220 - loadIPPluginJar : add ts
2024-03-17 16:14:30,458 [INFO] IPUIPlugin:80 - create IPUIPlugin
2024-03-17 16:14:30,458 [INFO] PluginManager:220 - loadIPPluginJar : add tsc
2024-03-17 16:14:30,474 [INFO] IPUIPlugin:80 - create IPUIPlugin
2024-03-17 16:14:30,474 [INFO] PluginManager:220 - loadIPPluginJar : add ucpd
2024-03-17 16:14:30,506 [INFO] IPUIPlugin:80 - create IPUIPlugin
2024-03-17 16:14:30,506 [INFO] PluginManager:220 - loadIPPluginJar : add usart
2024-03-17 16:14:30,538 [INFO] IPUIPlugin:80 - create IPUIPlugin
2024-03-17 16:14:30,538 [INFO] PluginManager:220 - loadIPPluginJar : add usbx
2024-03-17 16:14:30,657 [INFO] CADModel:165 - CPN selected for project level
2024-03-17 16:14:30,658 [INFO] CADModel:114 - Register for checkConnection events
2024-03-17 16:14:30,658 [FATAL] Updater:308 - Updater called before beeing initialized
2024-03-17 16:14:30,658 [ERROR] CADModel:125 - Updater not yet initialized, retry later 
2024-03-17 16:14:30,808 [INFO] CADModel:165 - CPN selected for project level
2024-03-17 16:14:30,808 [INFO] CADModel:114 - Register for checkConnection events
2024-03-17 16:14:30,808 [FATAL] Updater:308 - Updater called before beeing initialized
2024-03-17 16:14:30,808 [ERROR] CADModel:125 - Updater not yet initialized, retry later 
2024-03-17 16:14:30,811 [FATAL] Updater:308 - Updater called before beeing initialized
2024-03-17 16:14:30,893 [FATAL] Updater:308 - Updater called before beeing initialized
2024-03-17 16:14:30,904 [INFO] DbMcusAds:53 - JSON generation date=Wed Nov 29 13:52:27 TRT 2023 (1701255147349)
2024-03-17 16:14:30,904 [FATAL] Updater:308 - Updater called before beeing initialized
2024-03-17 16:14:30,976 [WARN] DetailPanel:346 - Failed to get advertising image, set to default
2024-03-17 16:14:31,043 [FATAL] Updater:308 - Updater called before beeing initialized
2024-03-17 16:14:31,046 [FATAL] Updater:308 - Updater called before beeing initialized
2024-03-17 16:14:31,046 [FATAL] Updater:308 - Updater called before beeing initialized
2024-03-17 16:14:31,046 [WARN] DetailPanel:346 - Failed to get advertising image, set to default
2024-03-17 16:14:31,047 [FATAL] Updater:308 - Updater called before beeing initialized
2024-03-17 16:14:31,093 [ERROR] Updater:1120 - MainUpdater not yet initialized. External WinMGr cannot be set.
2024-03-17 16:14:31,101 [INFO] Updater:1056 - Updater Version found : 6.10.0
2024-03-17 16:14:31,120 [INFO] ApplicationProperties:184 - Using Application install path: C:\ST\STM32CubeIDE_1.14.0\STM32CubeIDE\plugins\com.st.stm32cube.common.mx_6.10.0.202311202037
2024-03-17 16:14:31,790 [INFO] ThirdPartyUpdaterWithRetryManager:70 - Updater plugin not ready yet. [2/15]
2024-03-17 16:14:32,694 [ERROR] LogOutputStream:75 - [STDERR_REDIRECT] Mar 17, 2024 4:14:32 PM java.util.prefs.WindowsPreferences <init>
2024-03-17 16:14:32,695 [ERROR] LogOutputStream:75 - [STDERR_REDIRECT] WARNING: Could not open/create prefs root node Software\JavaSoft\Prefs at root 0xffffffff80000002. Windows RegCreateKeyEx(...) returned error code 5.
2024-03-17 16:14:32,695 [ERROR] LogOutputStream:75 - [STDERR_REDIRECT] 
2024-03-17 16:14:34,791 [FATAL] Updater:308 - Updater called before beeing initialized
2024-03-17 16:14:34,791 [ERROR] IntegrityCheckThread:130 - Cannot retrieve database content from updater: error 21
2024-03-17 16:14:34,791 [INFO] ThirdParty:978 - Integrity check success = false
2024-03-17 16:14:34,792 [INFO] IntegrityCheckThread:100 - exiting critical section [integrity check]
2024-03-17 16:14:34,792 [INFO] IntegrityCheckThread:103 - End integrity checks thread
2024-03-17 16:14:36,241 [INFO] MainUpdater:2873 - connection check result : 10
2024-03-17 16:14:36,242 [INFO] MainUpdater:290 - Updater Check For Update Now.
2024-03-17 16:14:36,242 [INFO] MicroXplorer:498 - Change Database Version : DB.6.0.100
2024-03-17 16:14:36,256 [INFO] McuFinderGlobals:63 - Set McuFinder mode to 2 (CubeIDE integrated)
2024-03-17 16:14:36,271 [INFO] UserAuth:404 - Internet connection configuration mode: 1
2024-03-17 16:14:36,303 [INFO] JxBrowserEngine:152 - Initiate JxBrowser Engine with user profile folder
2024-03-17 16:14:36,424 [INFO] CheckServerUpdateThread:120 - End of CheckServer Thread
2024-03-17 16:14:38,917 [INFO] WebApp:161 - Instantiating new browser for Auth
2024-03-17 16:14:39,507 [INFO] WebApp:780 - Register for checkConnection events
2024-03-17 16:14:39,508 [INFO] WebApp:414 - Apply proxy settings
2024-03-17 16:14:39,508 [INFO] WebApp:499 - Chromium requires no authentication
2024-03-17 16:14:39,515 [INFO] WebApp:442 - Direct internet connection detected
2024-03-17 16:14:39,667 [INFO] WebApp:192 - Starting web application
2024-03-17 16:14:39,667 [INFO] WebApp:544 - Web application path used C:\ST\STM32CubeIDE_1.14.0\STM32CubeIDE\plugins\com.st.stm32cube.common.mx_6.10.0.202311202037\db\plugins\mcufinder\reactClient1\index.html
2024-03-17 16:14:47,396 [ERROR] LogOutputStream:75 - [STDERR_REDIRECT] SLF4J: Failed to load class "org.slf4j.impl.StaticLoggerBinder".
2024-03-17 16:14:47,397 [ERROR] LogOutputStream:75 - [STDERR_REDIRECT] SLF4J: Defaulting to no-operation (NOP) logger implementation
2024-03-17 16:14:47,398 [ERROR] LogOutputStream:75 - [STDERR_REDIRECT] SLF4J: See http://www.slf4j.org/codes.html#StaticLoggerBinder for further details.
2024-03-17 16:16:07,931 [INFO] McuFinderGlobals:63 - Set McuFinder mode to 2 (CubeIDE integrated)
2024-03-17 16:16:07,950 [INFO] MainUpdater:2873 - connection check result : 10
2024-03-17 16:16:07,955 [INFO] MainUpdater:2873 - connection check result : 10
2024-03-17 16:16:08,093 [INFO] MicroXplorer:468 - Change Database Path : 
2024-03-17 16:16:08,094 [INFO] MicroXplorer:498 - Change Database Version : DB.6.0.100
2024-03-17 16:16:08,097 [WARN] ThirdParty:871 - waiting for thirdparty lock release [close project]
2024-03-17 16:16:08,097 [INFO] ThirdParty:873 - entering critical section [close project]
2024-03-17 16:16:08,098 [INFO] ThirdParty:883 - exiting critical section [close project]
2024-03-17 16:16:08,099 [INFO] PinOutPanel:1499 - setPackage(No Configuration,No Configuration)
2024-03-17 16:16:08,102 [INFO] UtilMem:75 - Begin LoadConfig() Used Memory: 152812344 Bytes (268435456)
2024-03-17 16:16:08,103 [INFO] MicroXplorer:468 - Change Database Path : 
2024-03-17 16:16:08,103 [INFO] MicroXplorer:498 - Change Database Version : DB.6.0.100
2024-03-17 16:16:08,103 [INFO] OpenFileManager:312 - Change cursor
2024-03-17 16:16:08,112 [WARN] IntegrityCheckThread:84 - waiting for thirdparty lock release [integrity check]
2024-03-17 16:16:08,112 [INFO] IntegrityCheckThread:86 - entering critical section [integrity check]
2024-03-17 16:16:08,273 [WARN] PackLoader:240 - Cannot read IP mode file for STMicroelectronics.X-CUBE-SMBUS.2.1.0
2024-03-17 16:16:08,287 [WARN] PackLoader:240 - Cannot read IP mode file for STMicroelectronics.X-CUBE-TOUCHGFX.4.23.0
2024-03-17 16:16:08,318 [WARN] PackLoader:240 - Cannot read IP mode file for STMicroelectronics.X-CUBE-AZRTOS-F7.1.1.0
2024-03-17 16:16:08,336 [WARN] PackLoader:240 - Cannot read IP mode file for STMicroelectronics.FP-SNS-MOTENV1.4.3.2
2024-03-17 16:16:08,349 [WARN] PackLoader:240 - Cannot read IP mode file for STMicroelectronics.FP-SNS-FLIGHT1.5.0.2
2024-03-17 16:16:08,366 [WARN] PackLoader:240 - Cannot read IP mode file for STMicroelectronics.X-CUBE-DISPLAY.3.0.0
2024-03-17 16:16:08,387 [WARN] PackLoader:240 - Cannot read IP mode file for STMicroelectronics.X-CUBE-BLE1.7.0.0
2024-03-17 16:16:08,399 [WARN] PackLoader:240 - Cannot read IP mode file for emotas.I-CUBE-CANOPEN.1.3.0
2024-03-17 16:16:08,415 [WARN] PackLoader:240 - Cannot read IP mode file for STMicroelectronics.X-CUBE-BLEMGR.3.1.0
2024-03-17 16:16:08,429 [WARN] PackLoader:240 - Cannot read IP mode file for STMicroelectronics.FP-SNS-SMARTAG2.1.2.0
2024-03-17 16:16:08,447 [INFO] LogOutputStream:77 - [STDOUT_REDIRECT] 1 : Invalid condition id : UX_CORESTACK_Condition cause : null
2024-03-17 16:16:08,448 [INFO] LogOutputStream:77 - [STDOUT_REDIRECT] 1 : Invalid condition id : UX_CORESTACK_Condition cause : null
2024-03-17 16:16:08,449 [INFO] LogOutputStream:77 - [STDOUT_REDIRECT] 1 : Invalid condition id : UX_CORESTACK_Condition cause : null
2024-03-17 16:16:08,450 [INFO] LogOutputStream:77 - [STDOUT_REDIRECT] 1 : Invalid condition id : UX_CORESTACK_Condition cause : null
2024-03-17 16:16:08,450 [INFO] LogOutputStream:77 - [STDOUT_REDIRECT] 1 : Invalid condition id : UX_CORESTACK_Condition cause : null
2024-03-17 16:16:08,452 [WARN] PackLoader:240 - Cannot read IP mode file for STMicroelectronics.X-CUBE-AZRTOS-WL.2.0.0
2024-03-17 16:16:08,467 [WARN] PackLoader:240 - Cannot read IP mode file for WES.I-CUBE-Cesium.1.3.0
2024-03-17 16:16:08,479 [WARN] PackLoader:240 - Cannot read IP mode file for STMicroelectronics.X-CUBE-BLE2.3.3.0
2024-03-17 16:16:08,492 [WARN] PackLoader:240 - Cannot read IP mode file for STMicroelectronics.X-CUBE-ALGOBUILD.1.3.0
2024-03-17 16:16:08,515 [WARN] PackLoader:240 - Cannot read IP mode file for STMicroelectronics.X-CUBE-AZRTOS-G0.1.1.0
2024-03-17 16:16:08,535 [WARN] PackLoader:240 - Cannot read IP mode file for STMicroelectronics.X-CUBE-NFC4.3.0.0
2024-03-17 16:16:08,548 [WARN] PackLoader:240 - Cannot read IP mode file for STMicroelectronics.X-CUBE-BLEMGR.3.0.0
2024-03-17 16:16:08,560 [WARN] PackLoader:240 - Cannot read IP mode file for STMicroelectronics.FP-ATR-SIGFOX1.3.2.0
2024-03-17 16:16:08,572 [WARN] PackLoader:240 - Cannot read IP mode file for STMicroelectronics.X-CUBE-EEPRMA1.5.1.0
2024-03-17 16:16:08,606 [WARN] PackLoader:240 - Cannot read IP mode file for SEGGER.I-CUBE-embOS.1.3.1
2024-03-17 16:16:08,642 [WARN] PackLoader:240 - Cannot read IP mode file for STMicroelectronics.X-CUBE-GNSS1.6.0.0
2024-03-17 16:16:08,665 [WARN] PackLoader:240 - Cannot read IP mode file for STMicroelectronics.X-CUBE-AZRTOS-F4.1.1.0
2024-03-17 16:16:08,678 [WARN] PackLoader:240 - Cannot read IP mode file for wolfSSL.I-CUBE-wolfSSL.5.6.4
2024-03-17 16:16:08,705 [WARN] PackLoader:240 - Cannot read IP mode file for STMicroelectronics.X-CUBE-AZRTOS-L5.2.0.0
2024-03-17 16:16:08,720 [WARN] PackLoader:240 - Cannot read IP mode file for STMicroelectronics.X-CUBE-EEPRMA1.4.2.0
2024-03-17 16:16:08,732 [WARN] PackLoader:240 - Cannot read IP mode file for ITTIA_DB.I-CUBE-ITTIADB.8.8.0
2024-03-17 16:16:08,745 [WARN] PackLoader:240 - Cannot read IP mode file for STMicroelectronics.X-CUBE-NFC7.1.0.1
2024-03-17 16:16:08,761 [WARN] PackLoader:240 - Cannot read IP mode file for STMicroelectronics.X-CUBE-NFC6.3.0.0
2024-03-17 16:16:08,778 [WARN] PackLoader:240 - Cannot read IP mode file for STMicroelectronics.X-CUBE-AI.8.1.0
2024-03-17 16:16:08,809 [WARN] ConditionMgr:438 - getConditionDescription Invalid condition id : LAN8742 Phy interface Condition cause : null
2024-03-17 16:16:08,810 [WARN] PackLoader:240 - Cannot read IP mode file for STMicroelectronics.X-CUBE-AZRTOS-L4.2.0.0
2024-03-17 16:16:08,811 [WARN] ConditionMgr:1039 - genDependencies : Invalid condition id : LAN8742 Phy interface Condition cause : null
2024-03-17 16:16:08,811 [WARN] ConditionMgr:1039 - genDependencies : Invalid condition id : LAN8742 Phy interface Condition cause : null
2024-03-17 16:16:08,811 [WARN] ConditionMgr:1039 - genDependencies : Invalid condition id : LAN8742 Phy interface Condition cause : null
2024-03-17 16:16:08,831 [WARN] PackLoader:240 - Cannot read IP mode file for STMicroelectronics.X-CUBE-SFXS2LP1.4.0.0
2024-03-17 16:16:08,861 [WARN] ConditionMgr:438 - getConditionDescription Invalid condition id : UX DEVICE CLASS RTOS Condition cause : null
2024-03-17 16:16:08,862 [WARN] ConditionMgr:438 - getConditionDescription Invalid condition id : UX DEVICE CLASS RTOS Condition cause : null
2024-03-17 16:16:08,864 [WARN] PackLoader:240 - Cannot read IP mode file for STMicroelectronics.X-CUBE-AZRTOS-WB.2.0.0
2024-03-17 16:16:08,865 [WARN] ConditionMgr:1039 - genDependencies : Invalid condition id : UX DEVICE CLASS RTOS Condition cause : null
2024-03-17 16:16:08,865 [WARN] ConditionMgr:1039 - genDependencies : Invalid condition id : UX DEVICE CLASS RTOS Condition cause : null
2024-03-17 16:16:08,865 [WARN] ConditionMgr:1039 - genDependencies : Invalid condition id : UX DEVICE CLASS RTOS Condition cause : null
2024-03-17 16:16:08,866 [WARN] ConditionMgr:1039 - genDependencies : Invalid condition id : UX DEVICE CLASS RTOS Condition cause : null
2024-03-17 16:16:08,866 [WARN] ConditionMgr:1039 - genDependencies : Invalid condition id : UX DEVICE CLASS RTOS Condition cause : null
2024-03-17 16:16:08,899 [WARN] PackLoader:240 - Cannot read IP mode file for STMicroelectronics.X-CUBE-SUBG2.5.0.0
2024-03-17 16:16:08,932 [WARN] PackLoader:240 - Cannot read IP mode file for STMicroelectronics.X-CUBE-AZRTOS-G4.2.0.0
2024-03-17 16:16:08,952 [WARN] PackLoader:240 - Cannot read IP mode file for Infineon.AIROC-Wi-Fi-Bluetooth-STM32.1.5.1
2024-03-17 16:16:08,966 [WARN] PackLoader:240 - Cannot read IP mode file for STMicroelectronics.FP-SNS-MOTENVWB1.1.3.1
2024-03-17 16:16:08,977 [WARN] PackLoader:240 - Cannot read IP mode file for STMicroelectronics.X-CUBE-ISPU.2.0.0
2024-03-17 16:16:09,043 [WARN] PackLoader:240 - Cannot read IP mode file for STMicroelectronics.X-CUBE-MEMS1.10.0.0
2024-03-17 16:16:09,152 [WARN] PackLoader:240 - Cannot read IP mode file for STMicroelectronics.X-CUBE-FREERTOS.1.1.0
2024-03-17 16:16:09,165 [WARN] PackLoader:240 - Cannot read IP mode file for portGmbH.I-Cube-SoM-uGOAL.1.1.0
2024-03-17 16:16:09,178 [WARN] PackLoader:240 - Cannot read IP mode file for STMicroelectronics.X-CUBE-ALS.1.0.1
2024-03-17 16:16:09,191 [WARN] PackLoader:240 - Cannot read IP mode file for STMicroelectronics.FP-ATR-ASTRA1.2.0.0
2024-03-17 16:16:09,213 [WARN] PackLoader:240 - Cannot read IP mode file for STMicroelectronics.X-CUBE-TOF1.3.4.0
2024-03-17 16:16:09,244 [WARN] PackLoader:240 - Cannot read IP mode file for STMicroelectronics.X-CUBE-TOF1.3.4.1
2024-03-17 16:16:09,288 [WARN] PackLoader:240 - Cannot read IP mode file for STMicroelectronics.X-CUBE-AZRTOS-H7.3.2.0
2024-03-17 16:16:09,293 [INFO] ThirdParty:978 - Integrity check success = true
2024-03-17 16:16:09,293 [INFO] IntegrityCheckThread:100 - exiting critical section [integrity check]
2024-03-17 16:16:09,293 [INFO] IntegrityCheckThread:103 - End integrity checks thread
2024-03-17 16:16:09,327 [INFO] Mcu:2016 - Initializing MCU STM32F103C(8-B)Tx STM32F103C8Tx STM32F103C8T6
2024-03-17 16:16:10,195 [INFO] Context:659 - Trying to add GPIOservice into a context  which must be forbidden
2024-03-17 16:16:10,478 [INFO] RtosManager:555 - Registered RTOS mode: class=CMSIS, group=RTOS, mode=CMSIS_V1, owner=FREERTOS
2024-03-17 16:16:10,479 [INFO] RtosManager:555 - Registered RTOS mode: class=CMSIS, group=RTOS2, mode=CMSIS_V2, owner=FREERTOS
2024-03-17 16:16:10,479 [INFO] RtosManager:555 - Registered RTOS mode: class=RTOS, group=Core, mode=CMSIS_V1, owner=FREERTOS
2024-03-17 16:16:10,479 [INFO] RtosManager:555 - Registered RTOS mode: class=RTOS, group=Core, mode=CMSIS_V2, owner=FREERTOS
2024-03-17 16:16:10,479 [WARN] ModelIntegratedComponent:184 - Missing modes for component STMicroelectronics:FreeRTOS:0.0.1:STMicroelectronics:RTOS:FreeRTOS:Core:::10.2.0:
2024-03-17 16:16:10,491 [WARN] ModelIntegratedComponent:63 - No mode defined for component null
2024-03-17 16:16:10,491 [WARN] ModelIntegratedComponent:63 - No mode defined for component null
2024-03-17 16:16:10,491 [WARN] ModelIntegratedComponent:63 - No mode defined for component null
2024-03-17 16:16:10,491 [WARN] ModelIntegratedComponent:63 - No mode defined for component null
2024-03-17 16:16:10,491 [WARN] ModelIntegratedComponent:63 - No mode defined for component null
2024-03-17 16:16:10,491 [WARN] ModelIntegratedComponent:63 - No mode defined for component null
2024-03-17 16:16:10,491 [WARN] ModelIntegratedComponent:63 - No mode defined for component null
2024-03-17 16:16:10,491 [WARN] ModelIntegratedComponent:63 - No mode defined for component null
2024-03-17 16:16:10,491 [WARN] ModelIntegratedComponent:63 - No mode defined for component null
2024-03-17 16:16:10,491 [WARN] ModelIntegratedComponent:63 - No mode defined for component null
2024-03-17 16:16:10,491 [WARN] ModelIntegratedComponent:63 - No mode defined for component null
2024-03-17 16:16:10,491 [WARN] ModelIntegratedComponent:63 - No mode defined for component null
2024-03-17 16:16:10,491 [WARN] ModelIntegratedComponent:63 - No mode defined for component null
2024-03-17 16:16:10,491 [WARN] ModelIntegratedComponent:63 - No mode defined for component null
2024-03-17 16:16:10,491 [WARN] ModelIntegratedComponent:63 - No mode defined for component null
2024-03-17 16:16:10,492 [WARN] ModelIntegratedComponent:63 - No mode defined for component null
2024-03-17 16:16:10,492 [WARN] ModelIntegratedComponent:63 - No mode defined for component null
2024-03-17 16:16:10,492 [WARN] ModelIntegratedComponent:63 - No mode defined for component null
2024-03-17 16:16:10,492 [WARN] ModelIntegratedComponent:63 - No mode defined for component null
2024-03-17 16:16:10,492 [WARN] ModelIntegratedComponent:63 - No mode defined for component null
2024-03-17 16:16:10,492 [WARN] ModelIntegratedComponent:63 - No mode defined for component null
2024-03-17 16:16:10,492 [WARN] ModelIntegratedComponent:63 - No mode defined for component null
2024-03-17 16:16:10,492 [WARN] ModelIntegratedComponent:63 - No mode defined for component null
2024-03-17 16:16:10,492 [WARN] ModelIntegratedComponent:63 - No mode defined for component null
2024-03-17 16:16:10,492 [WARN] ModelIntegratedComponent:63 - No mode defined for component null
2024-03-17 16:16:10,492 [WARN] ModelIntegratedComponent:63 - No mode defined for component null
2024-03-17 16:16:10,492 [WARN] ModelIntegratedComponent:63 - No mode defined for component null
2024-03-17 16:16:10,492 [WARN] ModelIntegratedComponent:63 - No mode defined for component null
2024-03-17 16:16:10,492 [WARN] ModelIntegratedComponent:63 - No mode defined for component null
2024-03-17 16:16:10,492 [WARN] ModelIntegratedComponent:63 - No mode defined for component null
2024-03-17 16:16:10,492 [WARN] ModelIntegratedComponent:63 - No mode defined for component null
2024-03-17 16:16:10,492 [WARN] ModelIntegratedComponent:63 - No mode defined for component null
2024-03-17 16:16:10,492 [WARN] ModelIntegratedComponent:63 - No mode defined for component null
2024-03-17 16:16:10,559 [INFO] ThirdPartyModel:298 - Start build external matchings
2024-03-17 16:16:10,745 [INFO] ThirdPartyModel:316 - End build external matchings
2024-03-17 16:16:10,757 [INFO] RtosManager:919 - Current active RTOS is FREERTOS [Cortex-M3NS]
2024-03-17 16:16:10,763 [INFO] ImportTextPane:194 - (OptionalMessage_ERROR) IP (DMA) : Parameter (Instance) has Id (ADC1) currently not set
2024-03-17 16:16:10,763 [INFO] ImportTextPane:194 - (OptionalMessage_ERROR) IP (DMA) : Parameter (Direction) has Id (ADC1) currently not set
2024-03-17 16:16:10,763 [INFO] ImportTextPane:194 - (OptionalMessage_ERROR) IP (DMA) : Parameter (PeriphInc) has Id (ADC1) currently not set
2024-03-17 16:16:10,763 [INFO] ImportTextPane:194 - (OptionalMessage_ERROR) IP (DMA) : Parameter (MemInc) has Id (ADC1) currently not set
2024-03-17 16:16:10,764 [INFO] ImportTextPane:194 - (OptionalMessage_ERROR) IP (DMA) : Parameter (PeriphDataAlignment) has Id (ADC1) currently not set
2024-03-17 16:16:10,764 [INFO] ImportTextPane:194 - (OptionalMessage_ERROR) IP (DMA) : Parameter (MemDataAlignment) has Id (ADC1) currently not set
2024-03-17 16:16:10,764 [INFO] ImportTextPane:194 - (OptionalMessage_ERROR) IP (DMA) : Parameter (Mode) has Id (ADC1) currently not set
2024-03-17 16:16:10,764 [INFO] ImportTextPane:194 - (OptionalMessage_ERROR) IP (DMA) : Parameter (Priority) has Id (ADC1) currently not set
2024-03-17 16:16:10,771 [INFO] ImportTextPane:194 - (OptionalMessage_ERROR) IP (RCC) : Invalid parameter (FamilyName)
2024-03-17 16:16:10,771 [INFO] ImportTextPane:194 - (OptionalMessage_ERROR) IP (RCC) : Parameter (MCOFreq_Value) has invalid value (64000000)
2024-03-17 16:16:10,772 [INFO] ImportTextPane:194 - (OptionalMessage_ERROR) IP (RCC) : Parameter (USBFreq_Value) has invalid value (64000000)
2024-03-17 16:16:10,982 [INFO] UtilMem:75 - End LoadConfig() Used Memory: 257621736 Bytes (500170752)
2024-03-17 16:16:11,101 [INFO] ApiDb:581 - Connected to CubeFinder SQLite database (C:\Users\hasan\.stmcufinder\plugins\mcufinder\mcu\cube-finder-db.db)
2024-03-17 16:16:11,177 [INFO] ApiDb:668 - CubeFinder database Data Model version=2.1
2024-03-17 16:16:11,178 [INFO] ApiDb:669 - CubeFinder database Configuration version=3.0.39
2024-03-17 16:16:11,178 [INFO] ApiDb:670 - CubeFinder database generation date=2024-02-19 (1708350410)
2024-03-17 16:16:11,178 [INFO] ApiDb:671 - CubeFinder database FW Pack versions=[FP-ATR-ASTRA1_V2.0.0, FP-SNS-FLIGHT1_V5.0.1, FP-SNS-FLIGHT1_V5.0.2, FP-SNS-MOTENV1_V4.3.1, FP-SNS-MOTENV1_V4.3.2, FP-SNS-MOTENVWB1_V1.3.1, FP-SNS-SMARTAG2_V1.2.0, STM32Cube_FW_C0_V1.1.0, STM32Cube_FW_F4_V1.28.0, STM32Cube_FW_F7_V1.17.0, STM32Cube_FW_G0_V1.6.2, STM32Cube_FW_G4_V1.5.2, STM32Cube_FW_H5_V0.5.1, STM32Cube_FW_H5_V1.1.1, STM32Cube_FW_H5_V1.2.0RC2, STM32Cube_FW_H7_V1.11.0, STM32Cube_FW_L0_V1.12.2, STM32Cube_FW_L5_V1.5.0, STM32Cube_FW_U5_V1.3.0RC4, STM32Cube_FW_U5_V1.4.0, STM32Cube_FW_WBA_V1.0.0RC1, STM32Cube_FW_WBA_V1.1.0RC1, STM32Cube_FW_WBA_V1.2.0, STM32Cube_FW_WBA_V1.2.0RC2, STM32Cube_FW_WB_V1.15.0RC1, STM32Cube_FW_WB_V1.16.0, STM32Cube_FW_WB_V1.16.0RC2, STM32Cube_FW_WB_V1.18.0, STM32Cube_FW_WL_V1.3.0, X-CUBE-ALGOBUILD_V1.3.0, X-CUBE-ALS_V1.0.1, X-CUBE-AZRTOS-F4_V1.1.0, X-CUBE-AZRTOS-F7_V1.1.0, X-CUBE-AZRTOS-G0_V1.1.0, X-CUBE-AZRTOS-G4_V2.0.0, X-CUBE-AZRTOS-H7_V3.2.0, X-CUBE-AZRTOS-L4_V1.0.0, X-CUBE-AZRTOS-L4_V2.0.0, X-CUBE-AZRTOS-L5_V1.1.0, X-CUBE-AZRTOS-WB_V2.0.0, X-CUBE-AZRTOS-WL_V2.0.0, X-CUBE-BLE1_V7.0.0, X-CUBE-BLE2_V3.3.0, X-CUBE-BLEMGR_V3.0.0, X-CUBE-EEPRMA1_V4.1.0, X-CUBE-EEPRMA1_V5.1.0, X-CUBE-FREERTOS_V1.1.0, X-CUBE-GNSS1_V6.0.0, X-CUBE-MEMS1_V10.0.0, X-CUBE-MEMS1_V9.1.0, X-CUBE-MEMS1_V9.4.0, X-CUBE-MEMS1_V9.6.0, X-CUBE-NFC4_V3.0.0, X-CUBE-NFC7_V1.0.1, X-CUBE-SFXS2LP1_V4.0.0, X-CUBE-SUBG2_V5.0.0, X-CUBE-TOF1_V3.4.0]
2024-03-17 16:16:13,569 [INFO] ApiDb:240 - Found 371 in-development CPN: [B-G473E-ZEST1S, B-WB1M-WPAN1, B-WL5M-SUBG1, NUCLEO-C031C6, NUCLEO-H503RB, NUCLEO-H563ZI, NUCLEO-U545RE-Q, NUCLEO-U5A5ZJ-Q, NUCLEO-WBA52CG, NUCLEO-WBA55CG, STEVAL-MKBOXPRO, STEVAL-PROTEUS1, STEVAL-STWINBX1, STM320518-EVAL, STM32C0116-DK, STM32C011D6Y3TR, STM32C011D6Y6TR, STM32C011F4P3, STM32C011F4P6, STM32C011F4U3, STM32C011F4U6TR, STM32C011F6P3, STM32C011F6P6, STM32C011F6U3, STM32C011F6U6TR, STM32C011J4M3, STM32C011J4M6, STM32C011J6M3, STM32C011J6M6, STM32C0316-DK, STM32C031C4T3, STM32C031C4T6, STM32C031C4U3, STM32C031C4U6, STM32C031C6T3, STM32C031C6T6, STM32C031C6U3, STM32C031C6U6, STM32C031F4P3, STM32C031F4P6, STM32C031F6P3, STM32C031F6P6, STM32C031G4U3, STM32C031G4U6, STM32C031G6U3, STM32C031G6U6, STM32C031K4T3, STM32C031K4T6, STM32C031K4U3, STM32C031K4U6, STM32C031K6T3, STM32C031K6T6, STM32C031K6U3, STM32C031K6U6, STM32G071K8TXN, STM32G071K8UXN, STM32G081GBU6N, STM32G081KBT6N, STM32G081KBUXN, STM32G0B1CCT6N, STM32G0B1KCT6, STM32G0B1NEY6TR, STM32G0B1RCT6N, STM32G0C1CCT6, STM32G0C1CCT6N, STM32G0C1CCU6N, STM32G0C1CET6N, STM32G0C1CEU6N, STM32G0C1KCT6, STM32G0C1NEY6TR, STM32G0C1RCI6N, STM32G0C1RCT6N, STM32G0C1REI6N, STM32G0C1RET6N, STM32G0C1VCI6, STM32G0C1VEI6, STM32G471CCT6, STM32G471CCU6, STM32G471CET3, STM32G471CET6, STM32G471CEU3, STM32G471CEU6, STM32G471MCT6, STM32G471MET3, STM32G471MET6, STM32G471MEY6TR, STM32G471QCT6, STM32G471QET3, STM32G471RCT6, STM32G471RET3, STM32G471RET6, STM32G471VCH6, STM32G471VCI6, STM32G471VCT6, STM32G471VEH3, STM32G471VEH6, STM32G471VEI3, STM32G471VEI6, STM32G471VET3, STM32G471VET6, STM32G474CCT6, STM32H503CBT6, STM32H503CBU6, STM32H503EBY6TR, STM32H503KBU6, STM32H503RBT6, STM32H562AGI6, STM32H562AII6, STM32H562IGK6, STM32H562IGT6, STM32H562IIK6, STM32H562IIT6, STM32H562RGT6, STM32H562RGV6, STM32H562RIT6, STM32H562RIV6, STM32H562VGT6, STM32H562VIT6, STM32H562ZGT6, STM32H562ZIT6, STM32H563AGI6, STM32H563AII3Q, STM32H563AII6, STM32H563IGK6, STM32H563IGT6, STM32H563IIK3Q, STM32H563IIK6, STM32H563IIT3Q, STM32H563IIT6, STM32H563MIY3QTR, STM32H563RGT6, STM32H563RGV6, STM32H563RIT6, STM32H563RIV6, STM32H563VGT6, STM32H563VIT3Q, STM32H563VIT6, STM32H563ZGT6, STM32H563ZIT3Q, STM32H563ZIT6, STM32H573AII3Q, STM32H573AII6, STM32H573I-DK, STM32H573IIK3Q, STM32H573IIK6, STM32H573IIT3Q, STM32H573IIT6, STM32H573MIY3QTR, STM32H573RIT6, STM32H573RIV6, STM32H573VIT3Q, STM32H573VIT6, STM32H573ZIT3Q, STM32H573ZIT6, STM32L4R5QGI6STR, STM32MP131AAE3, STM32MP131AAF3, STM32MP131AAG3, STM32MP131CAE3, STM32MP131CAF3, STM32MP131CAG3, STM32MP131DAE7, STM32MP131DAF7, STM32MP131DAG7, STM32MP131FAE7, STM32MP131FAF7, STM32MP131FAG7, STM32MP133AAE3, STM32MP133AAF3, STM32MP133AAG3, STM32MP133CAE3, STM32MP133CAF3, STM32MP133CAG3, STM32MP133DAE7, STM32MP133DAF7, STM32MP133DAG7, STM32MP133FAE7, STM32MP133FAF7, STM32MP133FAG7, STM32MP135AAE3, STM32MP135AAF3, STM32MP135AAG3, STM32MP135CAE3, STM32MP135CAF3, STM32MP135CAG3, STM32MP135DAE7, STM32MP135DAF7, STM32MP135DAG7, STM32MP135F-DK, STM32MP135FAE7, STM32MP135FAF7, STM32MP135FAF7T, STM32MP135FAF7U, STM32MP135FAG7, STM32U535CBT6, STM32U535CBT6Q, STM32U535CBU6, STM32U535CBU6Q, STM32U535CCT6, STM32U535CCT6Q, STM32U535CCU6, STM32U535CCU6Q, STM32U535CET6, STM32U535CET6Q, STM32U535CEU6, STM32U535CEU6Q, STM32U535JEY6QTR, STM32U535NCY6QTR, STM32U535NEY6QTR, STM32U535RBI6, STM32U535RBI6Q, STM32U535RBT6, STM32U535RBT6Q, STM32U535RCI6, STM32U535RCI6Q, STM32U535RCT6, STM32U535RCT6Q, STM32U535REI6, STM32U535REI6Q, STM32U535RET6, STM32U535RET6Q, STM32U535VCI6, STM32U535VCI6Q, STM32U535VCT6, STM32U535VCT6Q, STM32U535VEI6, STM32U535VEI6Q, STM32U535VET6, STM32U535VET6Q, STM32U545CET6, STM32U545CET6Q, STM32U545CEU6, STM32U545CEU6Q, STM32U545JEY6QTR, STM32U545NEY6QTR, STM32U545REI6, STM32U545REI6Q, STM32U545RET6, STM32U545RET6Q, STM32U545VEI6, STM32U545VEI6Q, STM32U545VET6, STM32U545VET6Q, STM32U595AIH6, STM32U595AIH6Q, STM32U595AJH6, STM32U595AJH6Q, STM32U595QII6, STM32U595QII6Q, STM32U595QJI6, STM32U595QJI6Q, STM32U595RIT6, STM32U595RIT6Q, STM32U595RJT6, STM32U595RJT6Q, STM32U595VIT6, STM32U595VIT6Q, STM32U595VJT6, STM32U595VJT6Q, STM32U595ZIT6, STM32U595ZIT6Q, STM32U595ZIY6QTR, STM32U595ZJT6, STM32U595ZJT6Q, STM32U595ZJY6QTR, STM32U599BJY6QTR, STM32U599NIH6Q, STM32U599NJH6Q, STM32U599VIT6Q, STM32U599VJT6, STM32U599VJT6Q, STM32U599ZIT6Q, STM32U599ZIY6QTR, STM32U599ZJT6Q, STM32U599ZJY6QTR, STM32U5A5AJH6, STM32U5A5AJH6Q, STM32U5A5QJI6, STM32U5A5QJI6Q, STM32U5A5RJT6, STM32U5A5RJT6Q, STM32U5A5VJT6, STM32U5A5VJT6Q, STM32U5A5ZJT6, STM32U5A5ZJT6Q, STM32U5A5ZJY6QTR, STM32U5A9BJY6QTR, STM32U5A9J-DK, STM32U5A9NJH6Q, STM32U5A9VJT6Q, STM32U5A9ZJT6Q, STM32U5A9ZJY6QTR, STM32U5F7VIT6, STM32U5F7VIT6Q, STM32U5F7VJT6, STM32U5F7VJT6Q, STM32U5F9BJY6QTR, STM32U5F9NJH6Q, STM32U5F9VIT6Q, STM32U5F9VJT6Q, STM32U5F9ZIJ6QTR, STM32U5F9ZIT6Q, STM32U5F9ZJJ6QTR, STM32U5F9ZJT6Q, STM32U5G7VJT6, STM32U5G7VJT6Q, STM32U5G9BJY6QTR, STM32U5G9J-DK1, STM32U5G9J-DK2, STM32U5G9NJH6Q, STM32U5G9VJT6Q, STM32U5G9ZJJ6QTR, STM32U5G9ZJT6Q, STM32WB1MMCH6, STM32WBA50KEU6, STM32WBA50KEU6TR, STM32WBA50KGU6, STM32WBA50KGU6TR, STM32WBA52CEU6, STM32WBA52CEU6TR, STM32WBA52CEU7, STM32WBA52CEU7TR, STM32WBA52CGU6, STM32WBA52CGU6TR, STM32WBA52CGU6U, STM32WBA52CGU7, STM32WBA52CGU7TR, STM32WBA52KEU6, STM32WBA52KEU6TR, STM32WBA52KGU6, STM32WBA52KGU6TR, STM32WBA54CEU6, STM32WBA54CEU6TR, STM32WBA54CEU7, STM32WBA54CEU7TR, STM32WBA54CGU6, STM32WBA54CGU6TR, STM32WBA54CGU7, STM32WBA54CGU7TR, STM32WBA54KEU6, STM32WBA54KEU6TR, STM32WBA54KEU7, STM32WBA54KEU7TR, STM32WBA54KGU6, STM32WBA54KGU6TR, STM32WBA54KGU7, STM32WBA54KGU7TR, STM32WBA55CEU6, STM32WBA55CEU6TR, STM32WBA55CEU7, STM32WBA55CEU7TR, STM32WBA55CGU6, STM32WBA55CGU6TR, STM32WBA55CGU6U, STM32WBA55CGU7, STM32WBA55CGU7TR, STM32WBA55G-DK1, STM32WBA55HEF6, STM32WBA55HEF7, STM32WBA55HGF6, STM32WBA55HGF7, STM32WBA55UEI6, STM32WBA55UEI6TR, STM32WBA55UEI7, STM32WBA55UEI7TR, STM32WBA55UGI6, STM32WBA55UGI6TR, STM32WBA55UGI7, STM32WBA55UGI7TR, STM32WL5MOCH6, STM32WL5MOCH6TR]
2024-03-17 16:16:13,573 [INFO] DbMcus:218 - Found 3930 MCUs, 3930 are supported
2024-03-17 16:16:13,577 [INFO] ApiDb:423 - Load user favorites file C:\Users\hasan/.stm32cubeide/favorites.mcus.txt: 3 item(s)
2024-03-17 16:16:13,577 [INFO] ApiDb:427 - User favorites MCUs=[STM32F103C6T6A, STM32F103C8T6, STM32G030C8T6]
2024-03-17 16:16:13,577 [INFO] DbMcus:224 - Set 3 / 3 favorites MCUs
2024-03-17 16:16:13,887 [INFO] MicroXplorer:468 - Change Database Path : 
2024-03-17 16:16:13,887 [INFO] MicroXplorer:498 - Change Database Version : DB.6.0.100
2024-03-17 16:16:13,888 [WARN] ThirdParty:833 - waiting for thirdparty lock release [change project]
2024-03-17 16:16:13,888 [INFO] ThirdParty:835 - entering critical section [change project]
2024-03-17 16:16:13,888 [INFO] ThirdParty:1030 - CMSIS Pack Vendor :STMicroelectronics USBPD 4.1
2024-03-17 16:16:13,888 [INFO] ThirdParty:1030 - CMSIS Pack Vendor :STMicroelectronics X-CUBE-GNSS1 6.0.0
2024-03-17 16:16:13,888 [INFO] ThirdParty:1030 - CMSIS Pack Vendor :STMicroelectronics USB_HOST 2.0.0
2024-03-17 16:16:13,888 [INFO] ThirdParty:1030 - CMSIS Pack Vendor :STMicroelectronics X-CUBE-AZRTOS-F4 1.1.0
2024-03-17 16:16:13,888 [INFO] ThirdParty:1030 - CMSIS Pack Vendor :STMicroelectronics LIBJPEG 8.0.0
2024-03-17 16:16:13,888 [INFO] ThirdParty:1030 - CMSIS Pack Vendor :wolfSSL I-CUBE-wolfSSL 5.6.4
2024-03-17 16:16:13,888 [INFO] ThirdParty:1030 - CMSIS Pack Vendor :STMicroelectronics X-CUBE-SMBUS 2.1.0
2024-03-17 16:16:13,888 [INFO] ThirdParty:1030 - CMSIS Pack Vendor :STMicroelectronics USB_DEVICE 3.0.0
2024-03-17 16:16:13,888 [INFO] ThirdParty:1030 - CMSIS Pack Vendor :STMicroelectronics X-CUBE-AZRTOS-WB 2.0.0
2024-03-17 16:16:13,888 [INFO] ThirdParty:1030 - CMSIS Pack Vendor :STMicroelectronics X-CUBE-TOUCHGFX 4.23.0
2024-03-17 16:16:13,888 [INFO] ThirdParty:1030 - CMSIS Pack Vendor :STMicroelectronics X-CUBE-AZRTOS-F7 1.1.0
2024-03-17 16:16:13,888 [INFO] ThirdParty:1030 - CMSIS Pack Vendor :STMicroelectronics X-CUBE-AZRTOS-L5 2.0.0
2024-03-17 16:16:13,888 [INFO] ThirdParty:1030 - CMSIS Pack Vendor :STMicroelectronics USB_DEVICE 2.0.0
2024-03-17 16:16:13,888 [INFO] ThirdParty:1030 - CMSIS Pack Vendor :STMicroelectronics X-CUBE-EEPRMA1 4.2.0
2024-03-17 16:16:13,888 [INFO] ThirdParty:1030 - CMSIS Pack Vendor :ITTIA_DB I-CUBE-ITTIADB 8.8.0
2024-03-17 16:16:13,888 [INFO] ThirdParty:1030 - CMSIS Pack Vendor :STMicroelectronics FP-SNS-MOTENV1 4.3.2
2024-03-17 16:16:13,888 [INFO] ThirdParty:1030 - CMSIS Pack Vendor :STMicroelectronics X-CUBE-ALGOBUILD 1.3.0
2024-03-17 16:16:13,888 [INFO] ThirdParty:1030 - CMSIS Pack Vendor :STMicroelectronics FreeRTOS 0.0.1
2024-03-17 16:16:13,889 [INFO] ThirdParty:1030 - CMSIS Pack Vendor :STMicroelectronics X-CUBE-AZRTOS-G0 1.1.0
2024-03-17 16:16:13,889 [INFO] ThirdParty:1030 - CMSIS Pack Vendor :STMicroelectronics X-CUBE-NFC4 3.0.0
2024-03-17 16:16:13,889 [INFO] ThirdParty:1030 - CMSIS Pack Vendor :STMicroelectronics X-CUBE-SUBG2 5.0.0
2024-03-17 16:16:13,889 [INFO] ThirdParty:1030 - CMSIS Pack Vendor :STMicroelectronics STM32_WPAN 1.0.0
2024-03-17 16:16:13,889 [INFO] ThirdParty:1030 - CMSIS Pack Vendor :STMicroelectronics lwIP 2.0.3
2024-03-17 16:16:13,889 [INFO] ThirdParty:1030 - CMSIS Pack Vendor :STMicroelectronics FP-SNS-FLIGHT1 5.0.2
2024-03-17 16:16:13,889 [INFO] ThirdParty:1030 - CMSIS Pack Vendor :STMicroelectronics USB_HOST 1.0.0
2024-03-17 16:16:13,889 [INFO] ThirdParty:1030 - CMSIS Pack Vendor :STMicroelectronics X-CUBE-AZRTOS-G4 2.0.0
2024-03-17 16:16:13,889 [INFO] ThirdParty:1030 - CMSIS Pack Vendor :STMicroelectronics PDM2PCM 3.1.0
2024-03-17 16:16:13,889 [INFO] ThirdParty:1030 - CMSIS Pack Vendor :Infineon AIROC-Wi-Fi-Bluetooth-STM32 1.5.1
2024-03-17 16:16:13,889 [INFO] ThirdParty:1030 - CMSIS Pack Vendor :STMicroelectronics X-CUBE-BLEMGR 3.0.0
2024-03-17 16:16:13,889 [INFO] ThirdParty:1030 - CMSIS Pack Vendor :STMicroelectronics PDM2PCM 3.3.0
2024-03-17 16:16:13,889 [INFO] ThirdParty:1030 - CMSIS Pack Vendor :STMicroelectronics X-CUBE-DISPLAY 3.0.0
2024-03-17 16:16:13,889 [INFO] ThirdParty:1030 - CMSIS Pack Vendor :STMicroelectronics FP-SNS-MOTENVWB1 1.3.1
2024-03-17 16:16:13,889 [INFO] ThirdParty:1030 - CMSIS Pack Vendor :STMicroelectronics X-CUBE-BLE1 7.0.0
2024-03-17 16:16:13,889 [INFO] ThirdParty:1030 - CMSIS Pack Vendor :STMicroelectronics FP-ATR-SIGFOX1 3.2.0
2024-03-17 16:16:13,889 [INFO] ThirdParty:1030 - CMSIS Pack Vendor :STMicroelectronics X-CUBE-ISPU 2.0.0
2024-03-17 16:16:13,889 [INFO] ThirdParty:1030 - CMSIS Pack Vendor :STMicroelectronics X-CUBE-EEPRMA1 5.1.0
2024-03-17 16:16:13,889 [INFO] ThirdParty:1030 - CMSIS Pack Vendor :STMicroelectronics HAL Drivers 0.0.0
2024-03-17 16:16:13,889 [INFO] ThirdParty:1030 - CMSIS Pack Vendor :STMicroelectronics MBEDTLS 2.16.2
2024-03-17 16:16:13,889 [INFO] ThirdParty:1030 - CMSIS Pack Vendor :emotas I-CUBE-CANOPEN 1.3.0
2024-03-17 16:16:13,889 [INFO] ThirdParty:1030 - CMSIS Pack Vendor :STMicroelectronics X-CUBE-MEMS1 10.0.0
2024-03-17 16:16:13,889 [INFO] ThirdParty:1030 - CMSIS Pack Vendor :STMicroelectronics X-CUBE-FREERTOS 1.1.0
2024-03-17 16:16:13,889 [INFO] ThirdParty:1030 - CMSIS Pack Vendor :STMicroelectronics X-CUBE-NFC7 1.0.1
2024-03-17 16:16:13,889 [INFO] ThirdParty:1030 - CMSIS Pack Vendor :STMicroelectronics MBEDTLS 2.14.1
2024-03-17 16:16:13,889 [INFO] ThirdParty:1030 - CMSIS Pack Vendor :STMicroelectronics X-CUBE-NFC6 3.0.0
2024-03-17 16:16:13,889 [INFO] ThirdParty:1030 - CMSIS Pack Vendor :portGmbH I-Cube-SoM-uGOAL 1.1.0
2024-03-17 16:16:13,889 [INFO] ThirdParty:1030 - CMSIS Pack Vendor :STMicroelectronics X-CUBE-ALS 1.0.1
2024-03-17 16:16:13,889 [INFO] ThirdParty:1030 - CMSIS Pack Vendor :STMicroelectronics X-CUBE-BLEMGR 3.1.0
2024-03-17 16:16:13,889 [INFO] ThirdParty:1030 - CMSIS Pack Vendor :STMicroelectronics ThreadX 1.0.0
2024-03-17 16:16:13,889 [INFO] ThirdParty:1030 - CMSIS Pack Vendor :STMicroelectronics FP-SNS-SMARTAG2 1.2.0
2024-03-17 16:16:13,889 [INFO] ThirdParty:1030 - CMSIS Pack Vendor :STMicroelectronics X-CUBE-AZRTOS-WL 2.0.0
2024-03-17 16:16:13,890 [INFO] ThirdParty:1030 - CMSIS Pack Vendor :SEGGER I-CUBE-embOS 1.3.1
2024-03-17 16:16:13,890 [INFO] ThirdParty:1030 - CMSIS Pack Vendor :STMicroelectronics USB_DEVICE 1.0.0
2024-03-17 16:16:13,890 [INFO] ThirdParty:1030 - CMSIS Pack Vendor :STMicroelectronics X-CUBE-AI 8.1.0
2024-03-17 16:16:13,890 [INFO] ThirdParty:1030 - CMSIS Pack Vendor :STMicroelectronics X-CUBE-AZRTOS-L4 2.0.0
2024-03-17 16:16:13,890 [INFO] ThirdParty:1030 - CMSIS Pack Vendor :STMicroelectronics ThreadX 0.0.2
2024-03-17 16:16:13,890 [INFO] ThirdParty:1030 - CMSIS Pack Vendor :WES I-CUBE-Cesium 1.3.0
2024-03-17 16:16:13,890 [INFO] ThirdParty:1030 - CMSIS Pack Vendor :STMicroelectronics FP-ATR-ASTRA1 2.0.0
2024-03-17 16:16:13,890 [INFO] ThirdParty:1030 - CMSIS Pack Vendor :STMicroelectronics lwIP 2.1.2
2024-03-17 16:16:13,890 [INFO] ThirdParty:1030 - CMSIS Pack Vendor :STMicroelectronics X-CUBE-SFXS2LP1 4.0.0
2024-03-17 16:16:13,890 [INFO] ThirdParty:1030 - CMSIS Pack Vendor :STMicroelectronics X-CUBE-BLE2 3.3.0
2024-03-17 16:16:13,890 [INFO] ThirdParty:1030 - CMSIS Pack Vendor :STMicroelectronics X-CUBE-TOF1 3.4.0
2024-03-17 16:16:13,890 [INFO] ThirdParty:1030 - CMSIS Pack Vendor :STMicroelectronics X-CUBE-TOF1 3.4.1
2024-03-17 16:16:13,890 [INFO] ThirdParty:1030 - CMSIS Pack Vendor :STMicroelectronics X-CUBE-AZRTOS-H7 3.2.0
2024-03-17 16:16:13,890 [INFO] ThirdParty:1030 - CMSIS Pack Vendor :STMicroelectronics PDM2PCM 3.2.0
2024-03-17 16:16:13,890 [INFO] ThirdParty:841 - exiting critical section [change project]
2024-03-17 16:16:14,096 [INFO] PinOutPanel:1499 - setPackage(No Configuration,No Configuration)
2024-03-17 16:16:14,097 [INFO] PinOutPanel:1499 - setPackage(STM32F103C8Tx,LQFP48)
2024-03-17 16:16:14,494 [INFO] UtilMem:75 - Before build in PCC Used Memory: 375126936 Bytes (500170752)
2024-03-17 16:16:15,434 [INFO] UtilMem:75 - After build in PCC Used Memory: 202631032 Bytes (500170752)
2024-03-17 16:16:15,597 [INFO] ApiDbMcu:508 - Load IP Config File for FREERTOS
2024-03-17 16:16:15,642 [INFO] IPUIPlugin:80 - create IPUIPlugin
2024-03-17 16:16:15,643 [INFO] IPUIPlugin:80 - create IPUIPlugin
2024-03-17 16:16:15,643 [INFO] IPUIPlugin:80 - create IPUIPlugin
2024-03-17 16:16:15,643 [INFO] IPUIPlugin:80 - create IPUIPlugin
2024-03-17 16:16:15,643 [INFO] IPUIPlugin:80 - create IPUIPlugin
2024-03-17 16:16:15,643 [INFO] IPUIPlugin:80 - create IPUIPlugin
2024-03-17 16:16:15,643 [INFO] IPUIPlugin:80 - create IPUIPlugin
2024-03-17 16:16:15,644 [INFO] IPUIPlugin:80 - create IPUIPlugin
2024-03-17 16:16:15,644 [INFO] IPUIPlugin:80 - create IPUIPlugin
2024-03-17 16:16:15,644 [INFO] IPUIPlugin:80 - create IPUIPlugin
2024-03-17 16:16:15,644 [INFO] IPUIPlugin:80 - create IPUIPlugin
2024-03-17 16:16:15,644 [INFO] IPUIPlugin:80 - create IPUIPlugin
2024-03-17 16:16:15,645 [INFO] IPUIPlugin:80 - create IPUIPlugin
2024-03-17 16:16:15,645 [INFO] IPUIPlugin:80 - create IPUIPlugin
2024-03-17 16:16:15,646 [INFO] IPUIPlugin:80 - create IPUIPlugin
2024-03-17 16:16:15,646 [INFO] IPUIPlugin:80 - create IPUIPlugin
2024-03-17 16:16:15,646 [INFO] IPUIPlugin:80 - create IPUIPlugin
2024-03-17 16:16:15,646 [INFO] IPUIPlugin:80 - create IPUIPlugin
2024-03-17 16:16:15,647 [INFO] IPUIPlugin:80 - create IPUIPlugin
2024-03-17 16:16:15,647 [INFO] IPUIPlugin:80 - create IPUIPlugin
2024-03-17 16:16:15,647 [INFO] IPUIPlugin:80 - create IPUIPlugin
2024-03-17 16:16:15,649 [INFO] IPUIPlugin:80 - create IPUIPlugin
2024-03-17 16:16:15,649 [INFO] IPUIPlugin:80 - create IPUIPlugin
2024-03-17 16:16:15,650 [INFO] IPUIPlugin:80 - create IPUIPlugin
2024-03-17 16:16:15,651 [INFO] IPUIPlugin:80 - create IPUIPlugin
2024-03-17 16:16:15,651 [INFO] IPUIPlugin:80 - create IPUIPlugin
2024-03-17 16:16:15,651 [INFO] IPUIPlugin:80 - create IPUIPlugin
2024-03-17 16:16:15,667 [WARN] IP:2119 - I2C_Coeff_DF not found: check if there is a RefParameter without a condition.
2024-03-17 16:16:15,668 [WARN] IP:2119 - Analog_Filter not found: check if there is a RefParameter without a condition.
2024-03-17 16:16:15,707 [WARN] FreeRTOS:1023 - Null or empty value: should not occur! (nothing added to the table)
2024-03-17 16:16:15,888 [INFO] CADModel:165 - CPN selected for project levelSTM32F103C8T6
2024-03-17 16:16:15,888 [INFO] CADModel:114 - Register for checkConnection events
2024-03-17 16:16:15,890 [INFO] RtosManager:697 - Active RTOS found at IOC load: FREERTOS [Cortex-M3NS]
2024-03-17 16:16:15,928 [INFO] OpenFileManager:343 - Restore cursor
2024-03-17 16:16:16,106 [WARN] IP:2119 - I2C_Coeff_DF not found: check if there is a RefParameter without a condition.
2024-03-17 16:16:16,106 [WARN] IP:2119 - Analog_Filter not found: check if there is a RefParameter without a condition.
2024-03-17 16:16:16,106 [WARN] IP:2119 - I2C_Coeff_DF not found: check if there is a RefParameter without a condition.
2024-03-17 16:16:16,106 [WARN] IP:2119 - Analog_Filter not found: check if there is a RefParameter without a condition.
2024-03-17 18:59:36,939 [ERROR] RtosPanel:558 - Can not restore the selected Tab for FREERTOS(A reason can be that the tab is no more available.)
2024-03-17 18:59:39,762 [WARN] IP:2119 - I2C_Coeff_DF not found: check if there is a RefParameter without a condition.
2024-03-17 18:59:39,762 [WARN] IP:2119 - Analog_Filter not found: check if there is a RefParameter without a condition.
2024-03-17 18:59:39,762 [WARN] IP:2119 - I2C_Coeff_DF not found: check if there is a RefParameter without a condition.
2024-03-17 18:59:39,762 [WARN] IP:2119 - Analog_Filter not found: check if there is a RefParameter without a condition.
2024-03-17 18:59:39,829 [ERROR] RtosPanel:558 - Can not restore the selected Tab for FREERTOS(A reason can be that the tab is no more available.)
2024-03-17 18:59:50,520 [INFO] TasksAndQueuesTab:757 - Dynamic
2024-03-17 18:59:50,520 [WARN] TasksAndQueuesTab:763 - 128 128
2024-03-17 18:59:50,521 [WARN] TasksAndQueuesTab:775 - max value is: 768.0
2024-03-17 18:59:50,521 [INFO] TasksAndQueuesTab:757 - Dynamic
2024-03-17 18:59:50,521 [WARN] TasksAndQueuesTab:763 - 128 128
2024-03-17 18:59:50,521 [WARN] TasksAndQueuesTab:775 - max value is: 768.0
2024-03-17 18:59:52,017 [INFO] EditThreadDialog:704 - RAM SIZE (in KB): 20
2024-03-17 18:59:52,018 [INFO] EditThreadDialog:706 - RAM SIZE (in words): 5120
2024-03-17 19:00:03,651 [INFO] EditThreadDialog:704 - RAM SIZE (in KB): 20
2024-03-17 19:00:03,651 [INFO] EditThreadDialog:706 - RAM SIZE (in words): 5120
2024-03-17 19:00:09,500 [INFO] TasksAndQueuesTab:757 - Dynamic
2024-03-17 19:00:09,500 [WARN] TasksAndQueuesTab:763 - 128 128
2024-03-17 19:00:09,500 [WARN] TasksAndQueuesTab:775 - max value is: 768.0
2024-03-17 19:00:09,500 [INFO] TasksAndQueuesTab:757 - Dynamic
2024-03-17 19:00:09,500 [WARN] TasksAndQueuesTab:763 - 128 128
2024-03-17 19:00:09,500 [WARN] TasksAndQueuesTab:775 - max value is: 768.0
2024-03-17 19:00:11,748 [INFO] UtilMem:75 - End SaveConfig() Used Memory: 262513184 Bytes (602931200)
2024-03-17 19:00:11,820 [INFO] UtilMem:75 - End SaveConfig() Used Memory: 275088648 Bytes (602931200)
2024-03-17 19:00:12,012 [INFO] UtilMem:75 - End SaveConfig() Used Memory: 293444128 Bytes (602931200)
2024-03-17 19:00:12,451 [INFO] BlockDiagram:2759 - set Specific Code input for plugin: NVIC
2024-03-17 19:00:12,451 [INFO] BlockDiagram:2759 - set Specific Code input for plugin: FREERTOS
2024-03-17 19:00:12,451 [INFO] BlockDiagram:2759 - set Specific Code input for plugin: USART
2024-03-17 19:00:12,451 [INFO] BlockDiagram:2759 - set Specific Code input for plugin: DMA
2024-03-17 19:00:12,451 [INFO] BlockDiagram:2759 - set Specific Code input for plugin: TIM1_8F1
2024-03-17 19:00:12,451 [INFO] BlockDiagram:2759 - set Specific Code input for plugin: TIM1_8F1
2024-03-17 19:00:12,451 [INFO] BlockDiagram:2759 - set Specific Code input for plugin: SYS
2024-03-17 19:00:12,451 [INFO] BlockDiagram:2759 - set Specific Code input for plugin: GPIO
2024-03-17 19:00:12,451 [INFO] BlockDiagram:2759 - set Specific Code input for plugin: ADC
2024-03-17 19:00:12,452 [INFO] BlockDiagram:2759 - set Specific Code input for plugin: RCC
2024-03-17 19:00:12,452 [INFO] BlockDiagram:2759 - set Specific Code input for plugin: I2C
2024-03-17 19:00:12,452 [INFO] CodeGenerator:807 - code generatio: config db path: C:\ST\STM32CubeIDE_1.14.0\STM32CubeIDE\plugins\com.st.stm32cube.common.mx_6.10.0.202311202037\\db\
2024-03-17 19:00:12,462 [WARN] IP:2119 - I2C_Coeff_DF not found: check if there is a RefParameter without a condition.
2024-03-17 19:00:12,462 [WARN] IP:2119 - Analog_Filter not found: check if there is a RefParameter without a condition.
2024-03-17 19:00:12,701 [INFO] CodeEngine:255 - oldGeneratedFile, C:\Users\hasan\STM32CubeIDE\workspace_1.14.0\ROVISA\MXTmpFiles\license.tmp_save
2024-03-17 19:00:13,007 [INFO] CodeEngine:279 - Generated code: C:\Users\hasan\STM32CubeIDE\workspace_1.14.0\ROVISA\MXTmpFiles\license.tmp
2024-03-17 19:00:13,100 [INFO] CodeEngine:255 - oldGeneratedFile, C:\Users\hasan\STM32CubeIDE\workspace_1.14.0\ROVISA\MXTmpFiles\gpio.tmp_save
2024-03-17 19:00:13,249 [INFO] CodeEngine:279 - Generated code: C:\Users\hasan\STM32CubeIDE\workspace_1.14.0\ROVISA\MXTmpFiles\gpio.tmp
2024-03-17 19:00:13,619 [INFO] Middleware:1439 - No code input for Bsp Dependency
2024-03-17 19:00:13,630 [INFO] CodeEngine:255 - oldGeneratedFile, C:\Users\hasan\STM32CubeIDE\workspace_1.14.0\ROVISA\MXTmpFiles\rtos_inc.tmp_save
2024-03-17 19:00:13,743 [INFO] CodeEngine:279 - Generated code: C:\Users\hasan\STM32CubeIDE\workspace_1.14.0\ROVISA\MXTmpFiles\rtos_inc.tmp
2024-03-17 19:00:13,754 [INFO] CodeEngine:255 - oldGeneratedFile, C:\Users\hasan\STM32CubeIDE\workspace_1.14.0\ROVISA\MXTmpFiles\rtos_vars.tmp_save
2024-03-17 19:00:13,828 [INFO] CodeEngine:279 - Generated code: C:\Users\hasan\STM32CubeIDE\workspace_1.14.0\ROVISA\MXTmpFiles\rtos_vars.tmp
2024-03-17 19:00:13,839 [INFO] CodeEngine:255 - oldGeneratedFile, C:\Users\hasan\STM32CubeIDE\workspace_1.14.0\ROVISA\MXTmpFiles\rtos_pfp.tmp_save
2024-03-17 19:00:13,900 [INFO] CodeEngine:279 - Generated code: C:\Users\hasan\STM32CubeIDE\workspace_1.14.0\ROVISA\MXTmpFiles\rtos_pfp.tmp
2024-03-17 19:00:13,910 [INFO] CodeEngine:255 - oldGeneratedFile, C:\Users\hasan\STM32CubeIDE\workspace_1.14.0\ROVISA\MXTmpFiles\rtos_obj_creat.tmp_save
2024-03-17 19:00:13,972 [INFO] CodeEngine:279 - Generated code: C:\Users\hasan\STM32CubeIDE\workspace_1.14.0\ROVISA\MXTmpFiles\rtos_obj_creat.tmp
2024-03-17 19:00:13,979 [INFO] CodeEngine:255 - oldGeneratedFile, C:\Users\hasan\STM32CubeIDE\workspace_1.14.0\ROVISA\MXTmpFiles\rtos_kernelStart.tmp_save
2024-03-17 19:00:14,031 [INFO] CodeEngine:279 - Generated code: C:\Users\hasan\STM32CubeIDE\workspace_1.14.0\ROVISA\MXTmpFiles\rtos_kernelStart.tmp
2024-03-17 19:00:14,040 [INFO] CodeEngine:255 - oldGeneratedFile, C:\Users\hasan\STM32CubeIDE\workspace_1.14.0\ROVISA\MXTmpFiles\rtos_default_thread.tmp_save
2024-03-17 19:00:14,095 [INFO] CodeEngine:279 - Generated code: C:\Users\hasan\STM32CubeIDE\workspace_1.14.0\ROVISA\MXTmpFiles\rtos_default_thread.tmp
2024-03-17 19:00:14,105 [INFO] CodeEngine:255 - oldGeneratedFile, C:\Users\hasan\STM32CubeIDE\workspace_1.14.0\ROVISA\MXTmpFiles\rtos_threads.tmp_save
2024-03-17 19:00:14,157 [INFO] CodeEngine:279 - Generated code: C:\Users\hasan\STM32CubeIDE\workspace_1.14.0\ROVISA\MXTmpFiles\rtos_threads.tmp
2024-03-17 19:00:14,167 [INFO] Middleware:1439 - No code input for Bsp Dependency
2024-03-17 19:00:14,171 [INFO] CodeEngine:255 - oldGeneratedFile, C:\Users\hasan\STM32CubeIDE\workspace_1.14.0\ROVISA\MXTmpFiles\rtos_inc.tmp_save
2024-03-17 19:00:14,222 [INFO] CodeEngine:279 - Generated code: C:\Users\hasan\STM32CubeIDE\workspace_1.14.0\ROVISA\MXTmpFiles\rtos_inc.tmp
2024-03-17 19:00:14,226 [INFO] CodeEngine:255 - oldGeneratedFile, C:\Users\hasan\STM32CubeIDE\workspace_1.14.0\ROVISA\MXTmpFiles\rtos_vars.tmp_save
2024-03-17 19:00:14,264 [INFO] CodeEngine:279 - Generated code: C:\Users\hasan\STM32CubeIDE\workspace_1.14.0\ROVISA\MXTmpFiles\rtos_vars.tmp
2024-03-17 19:00:14,268 [INFO] CodeEngine:255 - oldGeneratedFile, C:\Users\hasan\STM32CubeIDE\workspace_1.14.0\ROVISA\MXTmpFiles\rtos_pfp.tmp_save
2024-03-17 19:00:14,305 [INFO] CodeEngine:279 - Generated code: C:\Users\hasan\STM32CubeIDE\workspace_1.14.0\ROVISA\MXTmpFiles\rtos_pfp.tmp
2024-03-17 19:00:14,314 [INFO] CodeEngine:255 - oldGeneratedFile, C:\Users\hasan\STM32CubeIDE\workspace_1.14.0\ROVISA\MXTmpFiles\rtos_obj_creat.tmp_save
2024-03-17 19:00:14,354 [INFO] CodeEngine:279 - Generated code: C:\Users\hasan\STM32CubeIDE\workspace_1.14.0\ROVISA\MXTmpFiles\rtos_obj_creat.tmp
2024-03-17 19:00:14,358 [INFO] CodeEngine:255 - oldGeneratedFile, C:\Users\hasan\STM32CubeIDE\workspace_1.14.0\ROVISA\MXTmpFiles\rtos_kernelStart.tmp_save
2024-03-17 19:00:14,397 [INFO] CodeEngine:279 - Generated code: C:\Users\hasan\STM32CubeIDE\workspace_1.14.0\ROVISA\MXTmpFiles\rtos_kernelStart.tmp
2024-03-17 19:00:14,401 [INFO] CodeEngine:255 - oldGeneratedFile, C:\Users\hasan\STM32CubeIDE\workspace_1.14.0\ROVISA\MXTmpFiles\rtos_default_thread.tmp_save
2024-03-17 19:00:14,441 [INFO] CodeEngine:279 - Generated code: C:\Users\hasan\STM32CubeIDE\workspace_1.14.0\ROVISA\MXTmpFiles\rtos_default_thread.tmp
2024-03-17 19:00:14,445 [INFO] CodeEngine:255 - oldGeneratedFile, C:\Users\hasan\STM32CubeIDE\workspace_1.14.0\ROVISA\MXTmpFiles\rtos_threads.tmp_save
2024-03-17 19:00:14,484 [INFO] CodeEngine:279 - Generated code: C:\Users\hasan\STM32CubeIDE\workspace_1.14.0\ROVISA\MXTmpFiles\rtos_threads.tmp
2024-03-17 19:00:14,501 [INFO] CodeEngine:255 - oldGeneratedFile, C:\Users\hasan\STM32CubeIDE\workspace_1.14.0\ROVISA\Core\Inc\FreeRTOSConfig.h_save
2024-03-17 19:00:14,574 [INFO] CodeEngine:279 - Generated code: C:\Users\hasan\STM32CubeIDE\workspace_1.14.0\ROVISA\Core\Inc\FreeRTOSConfig.h
2024-03-17 19:00:14,590 [INFO] CodeEngine:255 - oldGeneratedFile, C:\Users\hasan\STM32CubeIDE\workspace_1.14.0\ROVISA\Core\Src\freertos.c_save
2024-03-17 19:00:14,659 [INFO] CodeEngine:279 - Generated code: C:\Users\hasan\STM32CubeIDE\workspace_1.14.0\ROVISA\Core\Src\freertos.c
2024-03-17 19:00:14,678 [INFO] CodeEngine:255 - oldGeneratedFile, C:\Users\hasan\STM32CubeIDE\workspace_1.14.0\ROVISA\MXTmpFiles\dma.tmp_save
2024-03-17 19:00:14,735 [INFO] CodeEngine:279 - Generated code: C:\Users\hasan\STM32CubeIDE\workspace_1.14.0\ROVISA\MXTmpFiles\dma.tmp
2024-03-17 19:00:14,740 [INFO] CodeEngine:255 - oldGeneratedFile, C:\Users\hasan\STM32CubeIDE\workspace_1.14.0\ROVISA\MXTmpFiles\dma_GV.tmp_save
2024-03-17 19:00:14,780 [INFO] CodeEngine:279 - Generated code: C:\Users\hasan\STM32CubeIDE\workspace_1.14.0\ROVISA\MXTmpFiles\dma_GV.tmp
2024-03-17 19:00:14,803 [INFO] CodeEngine:255 - oldGeneratedFile, C:\Users\hasan\STM32CubeIDE\workspace_1.14.0\ROVISA\Core\Src\stm32f1xx_it.c_save
2024-03-17 19:00:14,887 [INFO] CodeEngine:279 - Generated code: C:\Users\hasan\STM32CubeIDE\workspace_1.14.0\ROVISA\Core\Src\stm32f1xx_it.c
2024-03-17 19:00:14,902 [INFO] CodeEngine:255 - oldGeneratedFile, C:\Users\hasan\STM32CubeIDE\workspace_1.14.0\ROVISA\Core\Inc\stm32f1xx_it.h_save
2024-03-17 19:00:14,958 [INFO] CodeEngine:279 - Generated code: C:\Users\hasan\STM32CubeIDE\workspace_1.14.0\ROVISA\Core\Inc\stm32f1xx_it.h
2024-03-17 19:00:14,977 [INFO] CodeEngine:255 - oldGeneratedFile, C:\Users\hasan\STM32CubeIDE\workspace_1.14.0\ROVISA\Core\Src\stm32f1xx_hal_msp.c_save
2024-03-17 19:00:15,083 [INFO] CodeEngine:279 - Generated code: C:\Users\hasan\STM32CubeIDE\workspace_1.14.0\ROVISA\Core\Src\stm32f1xx_hal_msp.c
2024-03-17 19:00:15,093 [INFO] CodeEngine:255 - oldGeneratedFile, C:\Users\hasan\STM32CubeIDE\workspace_1.14.0\ROVISA\MXTmpFiles\system.tmp_save
2024-03-17 19:00:15,142 [INFO] CodeEngine:279 - Generated code: C:\Users\hasan\STM32CubeIDE\workspace_1.14.0\ROVISA\MXTmpFiles\system.tmp
2024-03-17 19:00:15,157 [INFO] CodeEngine:255 - oldGeneratedFile, C:\Users\hasan\STM32CubeIDE\workspace_1.14.0\ROVISA\Core\Src\stm32f1xx_hal_timebase_tim.c_save
2024-03-17 19:00:15,221 [INFO] CodeEngine:279 - Generated code: C:\Users\hasan\STM32CubeIDE\workspace_1.14.0\ROVISA\Core\Src\stm32f1xx_hal_timebase_tim.c
2024-03-17 19:00:15,240 [INFO] CodeEngine:311 - oldGeneratedFile, C:\Users\hasan\STM32CubeIDE\workspace_1.14.0\ROVISA\Core\Inc\stm32f1xx_hal_conf.h_save
2024-03-17 19:00:15,319 [INFO] CodeEngine:335 - Generated code: C:\Users\hasan\STM32CubeIDE\workspace_1.14.0\ROVISA\Core\Inc\stm32f1xx_hal_conf.h
2024-03-17 19:00:15,346 [WARN] IPConfigManager:3440 - IP not found : TIM
2024-03-17 19:00:15,349 [WARN] CodeGenerator:3939 - IP not found : null
2024-03-17 19:00:15,375 [INFO] CodeEngine:255 - oldGeneratedFile, C:\Users\hasan\STM32CubeIDE\workspace_1.14.0\ROVISA\Core\Inc\main.h_save
2024-03-17 19:00:15,455 [INFO] CodeEngine:279 - Generated code: C:\Users\hasan\STM32CubeIDE\workspace_1.14.0\ROVISA\Core\Inc\main.h
2024-03-17 19:00:15,471 [INFO] CodeEngine:255 - oldGeneratedFile, C:\Users\hasan\STM32CubeIDE\workspace_1.14.0\ROVISA\Core\Src\main.c_save
2024-03-17 19:00:15,627 [INFO] CodeEngine:279 - Generated code: C:\Users\hasan\STM32CubeIDE\workspace_1.14.0\ROVISA\Core\Src\main.c
2024-03-17 19:00:16,118 [INFO] ProjectBuilder:3076 - Time for Copy HAL[1] : 224mS.
2024-03-17 19:00:16,124 [INFO] ProjectBuilder:4485 - Project Generator version: 4.2.0-B44
2024-03-17 19:00:16,368 [INFO] ConfigFileManager:1495 - The Die is : DIE410
2024-03-17 19:00:16,380 [INFO] ApiDbMcu:508 - Load IP Config File for FATFS
2024-03-17 19:00:16,392 [INFO] ApiDbMcu:508 - Load IP Config File for USB_DEVICE
2024-03-17 19:00:17,237 [INFO] LogOutputStream:77 - [STDOUT_REDIRECT] 
2024-03-17 19:00:18,698 [INFO] ProjectBuilder:4747 - Time for Generating toolchain IDE Files: 2573mS.
2024-03-17 19:00:18,699 [INFO] ProjectBuilder:2947 - Time for Copy CMSIS : 0mS.
2024-03-17 19:00:18,702 [INFO] ProjectBuilder:2947 - Time for Copy CMSIS : 0mS.
2024-03-17 19:01:01,842 [INFO] EditThreadDialog:704 - RAM SIZE (in KB): 20
2024-03-17 19:01:01,842 [INFO] EditThreadDialog:706 - RAM SIZE (in words): 5120
2024-03-17 19:01:10,314 [INFO] TasksAndQueuesTab:757 - Dynamic
2024-03-17 19:01:10,314 [WARN] TasksAndQueuesTab:763 - 128 128
2024-03-17 19:01:10,314 [WARN] TasksAndQueuesTab:775 - max value is: 768.0
2024-03-17 19:01:10,314 [INFO] TasksAndQueuesTab:757 - Dynamic
2024-03-17 19:01:10,314 [WARN] TasksAndQueuesTab:763 - 128 128
2024-03-17 19:01:10,314 [WARN] TasksAndQueuesTab:775 - max value is: 768.0
2024-03-17 19:01:12,261 [INFO] UtilMem:75 - End SaveConfig() Used Memory: 273191248 Bytes (874512384)
2024-03-17 19:01:12,317 [INFO] UtilMem:75 - End SaveConfig() Used Memory: 284813072 Bytes (874512384)
2024-03-17 19:01:12,447 [INFO] UtilMem:75 - End SaveConfig() Used Memory: 298233384 Bytes (874512384)
2024-03-17 19:01:12,657 [INFO] BlockDiagram:2759 - set Specific Code input for plugin: NVIC
2024-03-17 19:01:12,657 [INFO] BlockDiagram:2759 - set Specific Code input for plugin: FREERTOS
2024-03-17 19:01:12,657 [INFO] BlockDiagram:2759 - set Specific Code input for plugin: USART
2024-03-17 19:01:12,657 [INFO] BlockDiagram:2759 - set Specific Code input for plugin: DMA
2024-03-17 19:01:12,658 [INFO] BlockDiagram:2759 - set Specific Code input for plugin: TIM1_8F1
2024-03-17 19:01:12,658 [INFO] BlockDiagram:2759 - set Specific Code input for plugin: TIM1_8F1
2024-03-17 19:01:12,658 [INFO] BlockDiagram:2759 - set Specific Code input for plugin: SYS
2024-03-17 19:01:12,658 [INFO] BlockDiagram:2759 - set Specific Code input for plugin: GPIO
2024-03-17 19:01:12,658 [INFO] BlockDiagram:2759 - set Specific Code input for plugin: ADC
2024-03-17 19:01:12,658 [INFO] BlockDiagram:2759 - set Specific Code input for plugin: RCC
2024-03-17 19:01:12,658 [INFO] BlockDiagram:2759 - set Specific Code input for plugin: I2C
2024-03-17 19:01:12,660 [INFO] CodeGenerator:807 - code generatio: config db path: C:\ST\STM32CubeIDE_1.14.0\STM32CubeIDE\plugins\com.st.stm32cube.common.mx_6.10.0.202311202037\\db\
2024-03-17 19:01:12,664 [INFO] Argument:325 - Argument : hdmavalue: null
2024-03-17 19:01:12,664 [INFO] Argument:327 - 	 sub Args: 
2024-03-17 19:01:12,664 [INFO] Argument:325 - Argument : Instancevalue: DMA1_Channel1
2024-03-17 19:01:12,664 [INFO] Argument:335 - Argument : Instancevalue: DMA1_Channel1
2024-03-17 19:01:12,664 [INFO] Argument:325 - Argument : Initvalue: null
2024-03-17 19:01:12,664 [INFO] Argument:327 - 	 sub Args: 
2024-03-17 19:01:12,664 [INFO] Argument:325 - Argument : Directionvalue: DMA_PERIPH_TO_MEMORY
2024-03-17 19:01:12,664 [INFO] Argument:335 - Argument : Directionvalue: DMA_PERIPH_TO_MEMORY
2024-03-17 19:01:12,664 [INFO] Argument:325 - Argument : PeriphIncvalue: DMA_PINC_DISABLE
2024-03-17 19:01:12,664 [INFO] Argument:335 - Argument : PeriphIncvalue: DMA_PINC_DISABLE
2024-03-17 19:01:12,664 [INFO] Argument:325 - Argument : MemIncvalue: DMA_MINC_ENABLE
2024-03-17 19:01:12,664 [INFO] Argument:335 - Argument : MemIncvalue: DMA_MINC_ENABLE
2024-03-17 19:01:12,664 [INFO] Argument:325 - Argument : PeriphDataAlignmentvalue: DMA_PDATAALIGN_WORD
2024-03-17 19:01:12,664 [INFO] Argument:335 - Argument : PeriphDataAlignmentvalue: DMA_PDATAALIGN_WORD
2024-03-17 19:01:12,664 [INFO] Argument:325 - Argument : MemDataAlignmentvalue: DMA_MDATAALIGN_WORD
2024-03-17 19:01:12,664 [INFO] Argument:335 - Argument : MemDataAlignmentvalue: DMA_MDATAALIGN_WORD
2024-03-17 19:01:12,664 [INFO] Argument:325 - Argument : Modevalue: DMA_CIRCULAR
2024-03-17 19:01:12,664 [INFO] Argument:335 - Argument : Modevalue: DMA_CIRCULAR
2024-03-17 19:01:12,664 [INFO] Argument:325 - Argument : Priorityvalue: DMA_PRIORITY_LOW
2024-03-17 19:01:12,664 [INFO] Argument:335 - Argument : Priorityvalue: DMA_PRIORITY_LOW
2024-03-17 19:01:12,664 [INFO] Argument:325 - Argument : Lockvalue: null
2024-03-17 19:01:12,664 [INFO] Argument:335 - Argument : Lockvalue: null
2024-03-17 19:01:12,664 [INFO] Argument:325 - Argument : Statevalue: null
2024-03-17 19:01:12,664 [INFO] Argument:335 - Argument : Statevalue: null
2024-03-17 19:01:12,664 [INFO] Argument:325 - Argument : Parentvalue: null
2024-03-17 19:01:12,664 [INFO] Argument:335 - Argument : Parentvalue: null
2024-03-17 19:01:12,664 [INFO] Argument:325 - Argument : XferCpltCallbackvalue: null
2024-03-17 19:01:12,665 [INFO] Argument:335 - Argument : XferCpltCallbackvalue: null
2024-03-17 19:01:12,665 [INFO] Argument:325 - Argument : XferHalfCpltCallbackvalue: null
2024-03-17 19:01:12,665 [INFO] Argument:335 - Argument : XferHalfCpltCallbackvalue: null
2024-03-17 19:01:12,665 [INFO] Argument:325 - Argument : XferErrorCallbackvalue: null
2024-03-17 19:01:12,665 [INFO] Argument:335 - Argument : XferErrorCallbackvalue: null
2024-03-17 19:01:12,665 [INFO] Argument:325 - Argument : ErrorCodevalue: null
2024-03-17 19:01:12,665 [INFO] Argument:335 - Argument : ErrorCodevalue: null
2024-03-17 19:01:12,668 [WARN] IP:2119 - I2C_Coeff_DF not found: check if there is a RefParameter without a condition.
2024-03-17 19:01:12,668 [WARN] IP:2119 - Analog_Filter not found: check if there is a RefParameter without a condition.
2024-03-17 19:01:12,767 [INFO] CodeEngine:255 - oldGeneratedFile, C:\Users\hasan\STM32CubeIDE\workspace_1.14.0\ROVISA\MXTmpFiles\license.tmp_save
2024-03-17 19:01:12,824 [INFO] CodeEngine:279 - Generated code: C:\Users\hasan\STM32CubeIDE\workspace_1.14.0\ROVISA\MXTmpFiles\license.tmp
2024-03-17 19:01:12,845 [INFO] CodeEngine:255 - oldGeneratedFile, C:\Users\hasan\STM32CubeIDE\workspace_1.14.0\ROVISA\MXTmpFiles\gpio.tmp_save
2024-03-17 19:01:12,903 [INFO] CodeEngine:279 - Generated code: C:\Users\hasan\STM32CubeIDE\workspace_1.14.0\ROVISA\MXTmpFiles\gpio.tmp
2024-03-17 19:01:13,053 [INFO] Middleware:1439 - No code input for Bsp Dependency
2024-03-17 19:01:13,059 [INFO] CodeEngine:255 - oldGeneratedFile, C:\Users\hasan\STM32CubeIDE\workspace_1.14.0\ROVISA\MXTmpFiles\rtos_inc.tmp_save
2024-03-17 19:01:13,126 [INFO] CodeEngine:279 - Generated code: C:\Users\hasan\STM32CubeIDE\workspace_1.14.0\ROVISA\MXTmpFiles\rtos_inc.tmp
2024-03-17 19:01:13,129 [INFO] CodeEngine:255 - oldGeneratedFile, C:\Users\hasan\STM32CubeIDE\workspace_1.14.0\ROVISA\MXTmpFiles\rtos_vars.tmp_save
2024-03-17 19:01:13,169 [INFO] CodeEngine:279 - Generated code: C:\Users\hasan\STM32CubeIDE\workspace_1.14.0\ROVISA\MXTmpFiles\rtos_vars.tmp
2024-03-17 19:01:13,171 [INFO] CodeEngine:255 - oldGeneratedFile, C:\Users\hasan\STM32CubeIDE\workspace_1.14.0\ROVISA\MXTmpFiles\rtos_pfp.tmp_save
2024-03-17 19:01:13,209 [INFO] CodeEngine:279 - Generated code: C:\Users\hasan\STM32CubeIDE\workspace_1.14.0\ROVISA\MXTmpFiles\rtos_pfp.tmp
2024-03-17 19:01:13,211 [INFO] CodeEngine:255 - oldGeneratedFile, C:\Users\hasan\STM32CubeIDE\workspace_1.14.0\ROVISA\MXTmpFiles\rtos_obj_creat.tmp_save
2024-03-17 19:01:13,265 [INFO] CodeEngine:279 - Generated code: C:\Users\hasan\STM32CubeIDE\workspace_1.14.0\ROVISA\MXTmpFiles\rtos_obj_creat.tmp
2024-03-17 19:01:13,267 [INFO] CodeEngine:255 - oldGeneratedFile, C:\Users\hasan\STM32CubeIDE\workspace_1.14.0\ROVISA\MXTmpFiles\rtos_kernelStart.tmp_save
2024-03-17 19:01:13,350 [INFO] CodeEngine:279 - Generated code: C:\Users\hasan\STM32CubeIDE\workspace_1.14.0\ROVISA\MXTmpFiles\rtos_kernelStart.tmp
2024-03-17 19:01:13,353 [INFO] CodeEngine:255 - oldGeneratedFile, C:\Users\hasan\STM32CubeIDE\workspace_1.14.0\ROVISA\MXTmpFiles\rtos_default_thread.tmp_save
2024-03-17 19:01:13,394 [INFO] CodeEngine:279 - Generated code: C:\Users\hasan\STM32CubeIDE\workspace_1.14.0\ROVISA\MXTmpFiles\rtos_default_thread.tmp
2024-03-17 19:01:13,396 [INFO] CodeEngine:255 - oldGeneratedFile, C:\Users\hasan\STM32CubeIDE\workspace_1.14.0\ROVISA\MXTmpFiles\rtos_threads.tmp_save
2024-03-17 19:01:13,434 [INFO] CodeEngine:279 - Generated code: C:\Users\hasan\STM32CubeIDE\workspace_1.14.0\ROVISA\MXTmpFiles\rtos_threads.tmp
2024-03-17 19:01:13,443 [INFO] Middleware:1439 - No code input for Bsp Dependency
2024-03-17 19:01:13,449 [INFO] CodeEngine:255 - oldGeneratedFile, C:\Users\hasan\STM32CubeIDE\workspace_1.14.0\ROVISA\MXTmpFiles\rtos_inc.tmp_save
2024-03-17 19:01:13,499 [INFO] CodeEngine:279 - Generated code: C:\Users\hasan\STM32CubeIDE\workspace_1.14.0\ROVISA\MXTmpFiles\rtos_inc.tmp
2024-03-17 19:01:13,503 [INFO] CodeEngine:255 - oldGeneratedFile, C:\Users\hasan\STM32CubeIDE\workspace_1.14.0\ROVISA\MXTmpFiles\rtos_vars.tmp_save
2024-03-17 19:01:13,542 [INFO] CodeEngine:279 - Generated code: C:\Users\hasan\STM32CubeIDE\workspace_1.14.0\ROVISA\MXTmpFiles\rtos_vars.tmp
2024-03-17 19:01:13,545 [INFO] CodeEngine:255 - oldGeneratedFile, C:\Users\hasan\STM32CubeIDE\workspace_1.14.0\ROVISA\MXTmpFiles\rtos_pfp.tmp_save
2024-03-17 19:01:13,585 [INFO] CodeEngine:279 - Generated code: C:\Users\hasan\STM32CubeIDE\workspace_1.14.0\ROVISA\MXTmpFiles\rtos_pfp.tmp
2024-03-17 19:01:13,594 [INFO] CodeEngine:255 - oldGeneratedFile, C:\Users\hasan\STM32CubeIDE\workspace_1.14.0\ROVISA\MXTmpFiles\rtos_obj_creat.tmp_save
2024-03-17 19:01:13,633 [INFO] CodeEngine:279 - Generated code: C:\Users\hasan\STM32CubeIDE\workspace_1.14.0\ROVISA\MXTmpFiles\rtos_obj_creat.tmp
2024-03-17 19:01:13,636 [INFO] CodeEngine:255 - oldGeneratedFile, C:\Users\hasan\STM32CubeIDE\workspace_1.14.0\ROVISA\MXTmpFiles\rtos_kernelStart.tmp_save
2024-03-17 19:01:13,673 [INFO] CodeEngine:279 - Generated code: C:\Users\hasan\STM32CubeIDE\workspace_1.14.0\ROVISA\MXTmpFiles\rtos_kernelStart.tmp
2024-03-17 19:01:13,677 [INFO] CodeEngine:255 - oldGeneratedFile, C:\Users\hasan\STM32CubeIDE\workspace_1.14.0\ROVISA\MXTmpFiles\rtos_default_thread.tmp_save
2024-03-17 19:01:13,715 [INFO] CodeEngine:279 - Generated code: C:\Users\hasan\STM32CubeIDE\workspace_1.14.0\ROVISA\MXTmpFiles\rtos_default_thread.tmp
2024-03-17 19:01:13,718 [INFO] CodeEngine:255 - oldGeneratedFile, C:\Users\hasan\STM32CubeIDE\workspace_1.14.0\ROVISA\MXTmpFiles\rtos_threads.tmp_save
2024-03-17 19:01:13,754 [INFO] CodeEngine:279 - Generated code: C:\Users\hasan\STM32CubeIDE\workspace_1.14.0\ROVISA\MXTmpFiles\rtos_threads.tmp
2024-03-17 19:01:13,764 [INFO] CodeEngine:255 - oldGeneratedFile, C:\Users\hasan\STM32CubeIDE\workspace_1.14.0\ROVISA\Core\Inc\FreeRTOSConfig.h_save
2024-03-17 19:01:13,812 [INFO] CodeEngine:279 - Generated code: C:\Users\hasan\STM32CubeIDE\workspace_1.14.0\ROVISA\Core\Inc\FreeRTOSConfig.h
2024-03-17 19:01:13,821 [INFO] CodeEngine:255 - oldGeneratedFile, C:\Users\hasan\STM32CubeIDE\workspace_1.14.0\ROVISA\Core\Src\freertos.c_save
2024-03-17 19:01:13,862 [INFO] CodeEngine:279 - Generated code: C:\Users\hasan\STM32CubeIDE\workspace_1.14.0\ROVISA\Core\Src\freertos.c
2024-03-17 19:01:13,873 [INFO] CodeEngine:255 - oldGeneratedFile, C:\Users\hasan\STM32CubeIDE\workspace_1.14.0\ROVISA\MXTmpFiles\dma.tmp_save
2024-03-17 19:01:13,925 [INFO] CodeEngine:279 - Generated code: C:\Users\hasan\STM32CubeIDE\workspace_1.14.0\ROVISA\MXTmpFiles\dma.tmp
2024-03-17 19:01:13,927 [INFO] CodeEngine:255 - oldGeneratedFile, C:\Users\hasan\STM32CubeIDE\workspace_1.14.0\ROVISA\MXTmpFiles\dma_GV.tmp_save
2024-03-17 19:01:13,961 [INFO] CodeEngine:279 - Generated code: C:\Users\hasan\STM32CubeIDE\workspace_1.14.0\ROVISA\MXTmpFiles\dma_GV.tmp
2024-03-17 19:01:13,974 [INFO] CodeEngine:255 - oldGeneratedFile, C:\Users\hasan\STM32CubeIDE\workspace_1.14.0\ROVISA\Core\Src\stm32f1xx_it.c_save
2024-03-17 19:01:14,027 [INFO] CodeEngine:279 - Generated code: C:\Users\hasan\STM32CubeIDE\workspace_1.14.0\ROVISA\Core\Src\stm32f1xx_it.c
2024-03-17 19:01:14,030 [INFO] CodeEngine:255 - oldGeneratedFile, C:\Users\hasan\STM32CubeIDE\workspace_1.14.0\ROVISA\Core\Inc\stm32f1xx_it.h_save
2024-03-17 19:01:14,068 [INFO] CodeEngine:279 - Generated code: C:\Users\hasan\STM32CubeIDE\workspace_1.14.0\ROVISA\Core\Inc\stm32f1xx_it.h
2024-03-17 19:01:14,081 [INFO] CodeEngine:255 - oldGeneratedFile, C:\Users\hasan\STM32CubeIDE\workspace_1.14.0\ROVISA\Core\Src\stm32f1xx_hal_msp.c_save
2024-03-17 19:01:14,159 [INFO] CodeEngine:279 - Generated code: C:\Users\hasan\STM32CubeIDE\workspace_1.14.0\ROVISA\Core\Src\stm32f1xx_hal_msp.c
2024-03-17 19:01:14,162 [INFO] CodeEngine:255 - oldGeneratedFile, C:\Users\hasan\STM32CubeIDE\workspace_1.14.0\ROVISA\MXTmpFiles\system.tmp_save
2024-03-17 19:01:14,203 [INFO] CodeEngine:279 - Generated code: C:\Users\hasan\STM32CubeIDE\workspace_1.14.0\ROVISA\MXTmpFiles\system.tmp
2024-03-17 19:01:14,212 [INFO] CodeEngine:255 - oldGeneratedFile, C:\Users\hasan\STM32CubeIDE\workspace_1.14.0\ROVISA\Core\Src\stm32f1xx_hal_timebase_tim.c_save
2024-03-17 19:01:14,258 [INFO] CodeEngine:279 - Generated code: C:\Users\hasan\STM32CubeIDE\workspace_1.14.0\ROVISA\Core\Src\stm32f1xx_hal_timebase_tim.c
2024-03-17 19:01:14,269 [INFO] CodeEngine:311 - oldGeneratedFile, C:\Users\hasan\STM32CubeIDE\workspace_1.14.0\ROVISA\Core\Inc\stm32f1xx_hal_conf.h_save
2024-03-17 19:01:14,330 [INFO] CodeEngine:335 - Generated code: C:\Users\hasan\STM32CubeIDE\workspace_1.14.0\ROVISA\Core\Inc\stm32f1xx_hal_conf.h
2024-03-17 19:01:14,345 [WARN] IPConfigManager:3440 - IP not found : TIM
2024-03-17 19:01:14,345 [WARN] CodeGenerator:3939 - IP not found : null
2024-03-17 19:01:14,356 [INFO] CodeEngine:255 - oldGeneratedFile, C:\Users\hasan\STM32CubeIDE\workspace_1.14.0\ROVISA\Core\Inc\main.h_save
2024-03-17 19:01:14,411 [INFO] CodeEngine:279 - Generated code: C:\Users\hasan\STM32CubeIDE\workspace_1.14.0\ROVISA\Core\Inc\main.h
2024-03-17 19:01:14,420 [INFO] CodeEngine:255 - oldGeneratedFile, C:\Users\hasan\STM32CubeIDE\workspace_1.14.0\ROVISA\Core\Src\main.c_save
2024-03-17 19:01:14,541 [INFO] CodeEngine:279 - Generated code: C:\Users\hasan\STM32CubeIDE\workspace_1.14.0\ROVISA\Core\Src\main.c
2024-03-17 19:01:14,908 [INFO] ProjectBuilder:3076 - Time for Copy HAL[1] : 115mS.
2024-03-17 19:01:14,911 [INFO] ProjectBuilder:4485 - Project Generator version: 4.2.0-B44
2024-03-17 19:01:15,032 [INFO] ConfigFileManager:1495 - The Die is : DIE410
2024-03-17 19:01:16,049 [INFO] ProjectBuilder:4747 - Time for Generating toolchain IDE Files: 1139mS.
2024-03-17 19:01:16,050 [INFO] ProjectBuilder:2947 - Time for Copy CMSIS : 0mS.
2024-03-17 19:01:16,054 [INFO] ProjectBuilder:2947 - Time for Copy CMSIS : 0mS.
2024-03-17 19:01:24,365 [INFO] EditThreadDialog:704 - RAM SIZE (in KB): 20
2024-03-17 19:01:24,365 [INFO] EditThreadDialog:706 - RAM SIZE (in words): 5120
2024-03-17 19:01:28,739 [INFO] TasksAndQueuesTab:757 - Dynamic
2024-03-17 19:01:28,740 [WARN] TasksAndQueuesTab:763 - 128 128
2024-03-17 19:01:28,740 [WARN] TasksAndQueuesTab:775 - max value is: 768.0
2024-03-17 19:01:28,740 [INFO] TasksAndQueuesTab:757 - Dynamic
2024-03-17 19:01:28,740 [WARN] TasksAndQueuesTab:763 - 128 128
2024-03-17 19:01:28,740 [WARN] TasksAndQueuesTab:775 - max value is: 768.0
2024-03-17 19:01:30,237 [INFO] UtilMem:75 - End SaveConfig() Used Memory: 388367336 Bytes (954204160)
2024-03-17 19:01:30,289 [INFO] UtilMem:75 - End SaveConfig() Used Memory: 400293568 Bytes (954204160)
2024-03-17 19:01:30,393 [INFO] UtilMem:75 - End SaveConfig() Used Memory: 417201128 Bytes (954204160)
2024-03-17 19:01:30,590 [INFO] BlockDiagram:2759 - set Specific Code input for plugin: NVIC
2024-03-17 19:01:30,591 [INFO] BlockDiagram:2759 - set Specific Code input for plugin: FREERTOS
2024-03-17 19:01:30,591 [INFO] BlockDiagram:2759 - set Specific Code input for plugin: USART
2024-03-17 19:01:30,591 [INFO] BlockDiagram:2759 - set Specific Code input for plugin: DMA
2024-03-17 19:01:30,591 [INFO] BlockDiagram:2759 - set Specific Code input for plugin: TIM1_8F1
2024-03-17 19:01:30,591 [INFO] BlockDiagram:2759 - set Specific Code input for plugin: TIM1_8F1
2024-03-17 19:01:30,591 [INFO] BlockDiagram:2759 - set Specific Code input for plugin: SYS
2024-03-17 19:01:30,591 [INFO] BlockDiagram:2759 - set Specific Code input for plugin: GPIO
2024-03-17 19:01:30,591 [INFO] BlockDiagram:2759 - set Specific Code input for plugin: ADC
2024-03-17 19:01:30,591 [INFO] BlockDiagram:2759 - set Specific Code input for plugin: RCC
2024-03-17 19:01:30,591 [INFO] BlockDiagram:2759 - set Specific Code input for plugin: I2C
2024-03-17 19:01:30,592 [INFO] CodeGenerator:807 - code generatio: config db path: C:\ST\STM32CubeIDE_1.14.0\STM32CubeIDE\plugins\com.st.stm32cube.common.mx_6.10.0.202311202037\\db\
2024-03-17 19:01:30,595 [INFO] Argument:325 - Argument : hdmavalue: null
2024-03-17 19:01:30,595 [INFO] Argument:327 - 	 sub Args: 
2024-03-17 19:01:30,595 [INFO] Argument:325 - Argument : Instancevalue: DMA1_Channel1
2024-03-17 19:01:30,595 [INFO] Argument:335 - Argument : Instancevalue: DMA1_Channel1
2024-03-17 19:01:30,595 [INFO] Argument:325 - Argument : Initvalue: null
2024-03-17 19:01:30,595 [INFO] Argument:327 - 	 sub Args: 
2024-03-17 19:01:30,595 [INFO] Argument:325 - Argument : Directionvalue: DMA_PERIPH_TO_MEMORY
2024-03-17 19:01:30,595 [INFO] Argument:335 - Argument : Directionvalue: DMA_PERIPH_TO_MEMORY
2024-03-17 19:01:30,595 [INFO] Argument:325 - Argument : PeriphIncvalue: DMA_PINC_DISABLE
2024-03-17 19:01:30,595 [INFO] Argument:335 - Argument : PeriphIncvalue: DMA_PINC_DISABLE
2024-03-17 19:01:30,595 [INFO] Argument:325 - Argument : MemIncvalue: DMA_MINC_ENABLE
2024-03-17 19:01:30,595 [INFO] Argument:335 - Argument : MemIncvalue: DMA_MINC_ENABLE
2024-03-17 19:01:30,595 [INFO] Argument:325 - Argument : PeriphDataAlignmentvalue: DMA_PDATAALIGN_WORD
2024-03-17 19:01:30,595 [INFO] Argument:335 - Argument : PeriphDataAlignmentvalue: DMA_PDATAALIGN_WORD
2024-03-17 19:01:30,595 [INFO] Argument:325 - Argument : MemDataAlignmentvalue: DMA_MDATAALIGN_WORD
2024-03-17 19:01:30,595 [INFO] Argument:335 - Argument : MemDataAlignmentvalue: DMA_MDATAALIGN_WORD
2024-03-17 19:01:30,595 [INFO] Argument:325 - Argument : Modevalue: DMA_CIRCULAR
2024-03-17 19:01:30,595 [INFO] Argument:335 - Argument : Modevalue: DMA_CIRCULAR
2024-03-17 19:01:30,595 [INFO] Argument:325 - Argument : Priorityvalue: DMA_PRIORITY_LOW
2024-03-17 19:01:30,595 [INFO] Argument:335 - Argument : Priorityvalue: DMA_PRIORITY_LOW
2024-03-17 19:01:30,595 [INFO] Argument:325 - Argument : Lockvalue: null
2024-03-17 19:01:30,595 [INFO] Argument:335 - Argument : Lockvalue: null
2024-03-17 19:01:30,595 [INFO] Argument:325 - Argument : Statevalue: null
2024-03-17 19:01:30,595 [INFO] Argument:335 - Argument : Statevalue: null
2024-03-17 19:01:30,595 [INFO] Argument:325 - Argument : Parentvalue: null
2024-03-17 19:01:30,595 [INFO] Argument:335 - Argument : Parentvalue: null
2024-03-17 19:01:30,595 [INFO] Argument:325 - Argument : XferCpltCallbackvalue: null
2024-03-17 19:01:30,595 [INFO] Argument:335 - Argument : XferCpltCallbackvalue: null
2024-03-17 19:01:30,595 [INFO] Argument:325 - Argument : XferHalfCpltCallbackvalue: null
2024-03-17 19:01:30,595 [INFO] Argument:335 - Argument : XferHalfCpltCallbackvalue: null
2024-03-17 19:01:30,595 [INFO] Argument:325 - Argument : XferErrorCallbackvalue: null
2024-03-17 19:01:30,595 [INFO] Argument:335 - Argument : XferErrorCallbackvalue: null
2024-03-17 19:01:30,595 [INFO] Argument:325 - Argument : ErrorCodevalue: null
2024-03-17 19:01:30,595 [INFO] Argument:335 - Argument : ErrorCodevalue: null
2024-03-17 19:01:30,600 [WARN] IP:2119 - I2C_Coeff_DF not found: check if there is a RefParameter without a condition.
2024-03-17 19:01:30,600 [WARN] IP:2119 - Analog_Filter not found: check if there is a RefParameter without a condition.
2024-03-17 19:01:30,687 [INFO] CodeEngine:255 - oldGeneratedFile, C:\Users\hasan\STM32CubeIDE\workspace_1.14.0\ROVISA\MXTmpFiles\license.tmp_save
2024-03-17 19:01:30,742 [INFO] CodeEngine:279 - Generated code: C:\Users\hasan\STM32CubeIDE\workspace_1.14.0\ROVISA\MXTmpFiles\license.tmp
2024-03-17 19:01:30,763 [INFO] CodeEngine:255 - oldGeneratedFile, C:\Users\hasan\STM32CubeIDE\workspace_1.14.0\ROVISA\MXTmpFiles\gpio.tmp_save
2024-03-17 19:01:30,820 [INFO] CodeEngine:279 - Generated code: C:\Users\hasan\STM32CubeIDE\workspace_1.14.0\ROVISA\MXTmpFiles\gpio.tmp
2024-03-17 19:01:30,945 [INFO] Middleware:1439 - No code input for Bsp Dependency
2024-03-17 19:01:30,950 [INFO] CodeEngine:255 - oldGeneratedFile, C:\Users\hasan\STM32CubeIDE\workspace_1.14.0\ROVISA\MXTmpFiles\rtos_inc.tmp_save
2024-03-17 19:01:31,008 [INFO] CodeEngine:279 - Generated code: C:\Users\hasan\STM32CubeIDE\workspace_1.14.0\ROVISA\MXTmpFiles\rtos_inc.tmp
2024-03-17 19:01:31,010 [INFO] CodeEngine:255 - oldGeneratedFile, C:\Users\hasan\STM32CubeIDE\workspace_1.14.0\ROVISA\MXTmpFiles\rtos_vars.tmp_save
2024-03-17 19:01:31,049 [INFO] CodeEngine:279 - Generated code: C:\Users\hasan\STM32CubeIDE\workspace_1.14.0\ROVISA\MXTmpFiles\rtos_vars.tmp
2024-03-17 19:01:31,051 [INFO] CodeEngine:255 - oldGeneratedFile, C:\Users\hasan\STM32CubeIDE\workspace_1.14.0\ROVISA\MXTmpFiles\rtos_pfp.tmp_save
2024-03-17 19:01:31,088 [INFO] CodeEngine:279 - Generated code: C:\Users\hasan\STM32CubeIDE\workspace_1.14.0\ROVISA\MXTmpFiles\rtos_pfp.tmp
2024-03-17 19:01:31,090 [INFO] CodeEngine:255 - oldGeneratedFile, C:\Users\hasan\STM32CubeIDE\workspace_1.14.0\ROVISA\MXTmpFiles\rtos_obj_creat.tmp_save
2024-03-17 19:01:31,141 [INFO] CodeEngine:279 - Generated code: C:\Users\hasan\STM32CubeIDE\workspace_1.14.0\ROVISA\MXTmpFiles\rtos_obj_creat.tmp
2024-03-17 19:01:31,143 [INFO] CodeEngine:255 - oldGeneratedFile, C:\Users\hasan\STM32CubeIDE\workspace_1.14.0\ROVISA\MXTmpFiles\rtos_kernelStart.tmp_save
2024-03-17 19:01:31,180 [INFO] CodeEngine:279 - Generated code: C:\Users\hasan\STM32CubeIDE\workspace_1.14.0\ROVISA\MXTmpFiles\rtos_kernelStart.tmp
2024-03-17 19:01:31,183 [INFO] CodeEngine:255 - oldGeneratedFile, C:\Users\hasan\STM32CubeIDE\workspace_1.14.0\ROVISA\MXTmpFiles\rtos_default_thread.tmp_save
2024-03-17 19:01:31,226 [INFO] CodeEngine:279 - Generated code: C:\Users\hasan\STM32CubeIDE\workspace_1.14.0\ROVISA\MXTmpFiles\rtos_default_thread.tmp
2024-03-17 19:01:31,228 [INFO] CodeEngine:255 - oldGeneratedFile, C:\Users\hasan\STM32CubeIDE\workspace_1.14.0\ROVISA\MXTmpFiles\rtos_threads.tmp_save
2024-03-17 19:01:31,268 [INFO] CodeEngine:279 - Generated code: C:\Users\hasan\STM32CubeIDE\workspace_1.14.0\ROVISA\MXTmpFiles\rtos_threads.tmp
2024-03-17 19:01:31,275 [INFO] Middleware:1439 - No code input for Bsp Dependency
2024-03-17 19:01:31,279 [INFO] CodeEngine:255 - oldGeneratedFile, C:\Users\hasan\STM32CubeIDE\workspace_1.14.0\ROVISA\MXTmpFiles\rtos_inc.tmp_save
2024-03-17 19:01:31,328 [INFO] CodeEngine:279 - Generated code: C:\Users\hasan\STM32CubeIDE\workspace_1.14.0\ROVISA\MXTmpFiles\rtos_inc.tmp
2024-03-17 19:01:31,333 [INFO] CodeEngine:255 - oldGeneratedFile, C:\Users\hasan\STM32CubeIDE\workspace_1.14.0\ROVISA\MXTmpFiles\rtos_vars.tmp_save
2024-03-17 19:01:31,417 [INFO] CodeEngine:279 - Generated code: C:\Users\hasan\STM32CubeIDE\workspace_1.14.0\ROVISA\MXTmpFiles\rtos_vars.tmp
2024-03-17 19:01:31,421 [INFO] CodeEngine:255 - oldGeneratedFile, C:\Users\hasan\STM32CubeIDE\workspace_1.14.0\ROVISA\MXTmpFiles\rtos_pfp.tmp_save
2024-03-17 19:01:31,460 [INFO] CodeEngine:279 - Generated code: C:\Users\hasan\STM32CubeIDE\workspace_1.14.0\ROVISA\MXTmpFiles\rtos_pfp.tmp
2024-03-17 19:01:31,470 [INFO] CodeEngine:255 - oldGeneratedFile, C:\Users\hasan\STM32CubeIDE\workspace_1.14.0\ROVISA\MXTmpFiles\rtos_obj_creat.tmp_save
2024-03-17 19:01:31,510 [INFO] CodeEngine:279 - Generated code: C:\Users\hasan\STM32CubeIDE\workspace_1.14.0\ROVISA\MXTmpFiles\rtos_obj_creat.tmp
2024-03-17 19:01:31,513 [INFO] CodeEngine:255 - oldGeneratedFile, C:\Users\hasan\STM32CubeIDE\workspace_1.14.0\ROVISA\MXTmpFiles\rtos_kernelStart.tmp_save
2024-03-17 19:01:31,551 [INFO] CodeEngine:279 - Generated code: C:\Users\hasan\STM32CubeIDE\workspace_1.14.0\ROVISA\MXTmpFiles\rtos_kernelStart.tmp
2024-03-17 19:01:31,555 [INFO] CodeEngine:255 - oldGeneratedFile, C:\Users\hasan\STM32CubeIDE\workspace_1.14.0\ROVISA\MXTmpFiles\rtos_default_thread.tmp_save
2024-03-17 19:01:31,594 [INFO] CodeEngine:279 - Generated code: C:\Users\hasan\STM32CubeIDE\workspace_1.14.0\ROVISA\MXTmpFiles\rtos_default_thread.tmp
2024-03-17 19:01:31,597 [INFO] CodeEngine:255 - oldGeneratedFile, C:\Users\hasan\STM32CubeIDE\workspace_1.14.0\ROVISA\MXTmpFiles\rtos_threads.tmp_save
2024-03-17 19:01:31,637 [INFO] CodeEngine:279 - Generated code: C:\Users\hasan\STM32CubeIDE\workspace_1.14.0\ROVISA\MXTmpFiles\rtos_threads.tmp
2024-03-17 19:01:31,647 [INFO] CodeEngine:255 - oldGeneratedFile, C:\Users\hasan\STM32CubeIDE\workspace_1.14.0\ROVISA\Core\Inc\FreeRTOSConfig.h_save
2024-03-17 19:01:31,696 [INFO] CodeEngine:279 - Generated code: C:\Users\hasan\STM32CubeIDE\workspace_1.14.0\ROVISA\Core\Inc\FreeRTOSConfig.h
2024-03-17 19:01:31,706 [INFO] CodeEngine:255 - oldGeneratedFile, C:\Users\hasan\STM32CubeIDE\workspace_1.14.0\ROVISA\Core\Src\freertos.c_save
2024-03-17 19:01:31,752 [INFO] CodeEngine:279 - Generated code: C:\Users\hasan\STM32CubeIDE\workspace_1.14.0\ROVISA\Core\Src\freertos.c
2024-03-17 19:01:31,762 [INFO] CodeEngine:255 - oldGeneratedFile, C:\Users\hasan\STM32CubeIDE\workspace_1.14.0\ROVISA\MXTmpFiles\dma.tmp_save
2024-03-17 19:01:31,813 [INFO] CodeEngine:279 - Generated code: C:\Users\hasan\STM32CubeIDE\workspace_1.14.0\ROVISA\MXTmpFiles\dma.tmp
2024-03-17 19:01:31,815 [INFO] CodeEngine:255 - oldGeneratedFile, C:\Users\hasan\STM32CubeIDE\workspace_1.14.0\ROVISA\MXTmpFiles\dma_GV.tmp_save
2024-03-17 19:01:31,852 [INFO] CodeEngine:279 - Generated code: C:\Users\hasan\STM32CubeIDE\workspace_1.14.0\ROVISA\MXTmpFiles\dma_GV.tmp
2024-03-17 19:01:31,866 [INFO] CodeEngine:255 - oldGeneratedFile, C:\Users\hasan\STM32CubeIDE\workspace_1.14.0\ROVISA\Core\Src\stm32f1xx_it.c_save
2024-03-17 19:01:31,918 [INFO] CodeEngine:279 - Generated code: C:\Users\hasan\STM32CubeIDE\workspace_1.14.0\ROVISA\Core\Src\stm32f1xx_it.c
2024-03-17 19:01:31,921 [INFO] CodeEngine:255 - oldGeneratedFile, C:\Users\hasan\STM32CubeIDE\workspace_1.14.0\ROVISA\Core\Inc\stm32f1xx_it.h_save
2024-03-17 19:01:31,960 [INFO] CodeEngine:279 - Generated code: C:\Users\hasan\STM32CubeIDE\workspace_1.14.0\ROVISA\Core\Inc\stm32f1xx_it.h
2024-03-17 19:01:31,972 [INFO] CodeEngine:255 - oldGeneratedFile, C:\Users\hasan\STM32CubeIDE\workspace_1.14.0\ROVISA\Core\Src\stm32f1xx_hal_msp.c_save
2024-03-17 19:01:32,042 [INFO] CodeEngine:279 - Generated code: C:\Users\hasan\STM32CubeIDE\workspace_1.14.0\ROVISA\Core\Src\stm32f1xx_hal_msp.c
2024-03-17 19:01:32,045 [INFO] CodeEngine:255 - oldGeneratedFile, C:\Users\hasan\STM32CubeIDE\workspace_1.14.0\ROVISA\MXTmpFiles\system.tmp_save
2024-03-17 19:01:32,082 [INFO] CodeEngine:279 - Generated code: C:\Users\hasan\STM32CubeIDE\workspace_1.14.0\ROVISA\MXTmpFiles\system.tmp
2024-03-17 19:01:32,091 [INFO] CodeEngine:255 - oldGeneratedFile, C:\Users\hasan\STM32CubeIDE\workspace_1.14.0\ROVISA\Core\Src\stm32f1xx_hal_timebase_tim.c_save
2024-03-17 19:01:32,134 [INFO] CodeEngine:279 - Generated code: C:\Users\hasan\STM32CubeIDE\workspace_1.14.0\ROVISA\Core\Src\stm32f1xx_hal_timebase_tim.c
2024-03-17 19:01:32,145 [INFO] CodeEngine:311 - oldGeneratedFile, C:\Users\hasan\STM32CubeIDE\workspace_1.14.0\ROVISA\Core\Inc\stm32f1xx_hal_conf.h_save
2024-03-17 19:01:32,208 [INFO] CodeEngine:335 - Generated code: C:\Users\hasan\STM32CubeIDE\workspace_1.14.0\ROVISA\Core\Inc\stm32f1xx_hal_conf.h
2024-03-17 19:01:32,222 [WARN] IPConfigManager:3440 - IP not found : TIM
2024-03-17 19:01:32,222 [WARN] CodeGenerator:3939 - IP not found : null
2024-03-17 19:01:32,232 [INFO] CodeEngine:255 - oldGeneratedFile, C:\Users\hasan\STM32CubeIDE\workspace_1.14.0\ROVISA\Core\Inc\main.h_save
2024-03-17 19:01:32,279 [INFO] CodeEngine:279 - Generated code: C:\Users\hasan\STM32CubeIDE\workspace_1.14.0\ROVISA\Core\Inc\main.h
2024-03-17 19:01:32,289 [INFO] CodeEngine:255 - oldGeneratedFile, C:\Users\hasan\STM32CubeIDE\workspace_1.14.0\ROVISA\Core\Src\main.c_save
2024-03-17 19:01:32,392 [INFO] CodeEngine:279 - Generated code: C:\Users\hasan\STM32CubeIDE\workspace_1.14.0\ROVISA\Core\Src\main.c
2024-03-17 19:01:32,758 [INFO] ProjectBuilder:3076 - Time for Copy HAL[1] : 111mS.
2024-03-17 19:01:32,760 [INFO] ProjectBuilder:4485 - Project Generator version: 4.2.0-B44
2024-03-17 19:01:32,885 [INFO] ConfigFileManager:1495 - The Die is : DIE410
2024-03-17 19:01:33,899 [INFO] ProjectBuilder:4747 - Time for Generating toolchain IDE Files: 1139mS.
2024-03-17 19:01:33,900 [INFO] ProjectBuilder:2947 - Time for Copy CMSIS : 0mS.
2024-03-17 19:01:33,905 [INFO] ProjectBuilder:2947 - Time for Copy CMSIS : 0mS.
