2024-02-22 16:12:48,780 [INFO] Activator:176 - 


2024-02-22 16:12:48,786 [INFO] Activator:177 - !SESSION log4j initialized
2024-02-22 16:12:53,330 [INFO] LogOutputStream:77 - [STDOUT_REDIRECT] 
2024-02-22 16:12:54,490 [INFO] ApplicationProperties:184 - Using Application install path: C:\ST\STM32CubeIDE_1.14.0\STM32CubeIDE\plugins\com.st.stm32cube.common.mx_6.10.0.202311202037
2024-02-22 16:12:54,506 [INFO] DbMcusXml:78 - Set database path to: C:\ST\STM32CubeIDE_1.14.0\STM32CubeIDE\plugins\com.st.stm32cube.common.mx_6.10.0.202311202037\\db\/mcu/
2024-02-22 16:12:54,507 [INFO] ApiDb:274 - Set plugin database path to: C:\ST\STM32CubeIDE_1.14.0\STM32CubeIDE\plugins\com.st.stm32cube.common.mx_6.10.0.202311202037\\db\/plugins/boardmanager/
2024-02-22 16:12:54,507 [WARN] ApiDb:259 - Overriding images path with different value:  => C:\ST\STM32CubeIDE_1.14.0\STM32CubeIDE\plugins\com.st.stm32cube.common.mx_6.10.0.202311202037\\db\/plugins/mcufinder/images/
2024-02-22 16:12:54,517 [INFO] ApiDb:250 - Set database path to: C:\Users\hasan\.stmcufinder\plugins\mcufinder//mcu/
2024-02-22 16:12:54,517 [INFO] DbMcusAds:125 - Set database path to: C:\Users\hasan\.stmcufinder\plugins\mcufinder//mcu/
2024-02-22 16:12:54,518 [INFO] CrossReferenceDbSqlite:203 - Set database path to: C:\Users\hasan\.stmcufinder\plugins\mcufinder//mcu/cs/
2024-02-22 16:12:54,599 [INFO] RulesReader:64 - Compatibility file has been processed (297 Rules)
2024-02-22 16:12:54,670 [INFO] DbMcusXml:78 - Set database path to: C:\ST\STM32CubeIDE_1.14.0\STM32CubeIDE\plugins\com.st.stm32cube.common.mx_6.10.0.202311202037\\db\/mcu/
2024-02-22 16:12:54,670 [INFO] ApiDb:274 - Set plugin database path to: C:\ST\STM32CubeIDE_1.14.0\STM32CubeIDE\plugins\com.st.stm32cube.common.mx_6.10.0.202311202037\\db\/plugins/boardmanager/
2024-02-22 16:12:54,670 [INFO] ApiDb:261 - Set plugin images path to: C:\ST\STM32CubeIDE_1.14.0\STM32CubeIDE\plugins\com.st.stm32cube.common.mx_6.10.0.202311202037\\db\/plugins/mcufinder/images/
2024-02-22 16:12:54,670 [WARN] DbFile:41 - Overriding database path with different value: C:\Users\hasan\.stmcufinder\plugins\mcufinder/ => C:\Users\hasan\.stmcufinder\plugins\mcufinder
2024-02-22 16:12:54,670 [INFO] ApiDb:250 - Set database path to: C:\Users\hasan\.stmcufinder\plugins\mcufinder//mcu/
2024-02-22 16:12:54,670 [WARN] DbFile:41 - Overriding database path with different value: C:\Users\hasan\.stmcufinder\plugins\mcufinder/ => C:\Users\hasan\.stmcufinder\plugins\mcufinder
2024-02-22 16:12:54,670 [INFO] DbMcusAds:125 - Set database path to: C:\Users\hasan\.stmcufinder\plugins\mcufinder//mcu/
2024-02-22 16:12:54,670 [WARN] DbFile:41 - Overriding database path with different value: C:\Users\hasan\.stmcufinder\plugins\mcufinder/ => C:\Users\hasan\.stmcufinder\plugins\mcufinder
2024-02-22 16:12:54,671 [WARN] DbFile:41 - Overriding database path with different value: C:\Users\hasan\.stmcufinder\plugins\mcufinder/ => C:\Users\hasan\.stmcufinder\plugins\mcufinder
2024-02-22 16:12:54,671 [INFO] CrossReferenceDbSqlite:203 - Set database path to: C:\Users\hasan\.stmcufinder\plugins\mcufinder//mcu/cs/
2024-02-22 16:12:54,741 [INFO] MainPanel:264 - HeapMemory: 268435456
2024-02-22 16:12:54,860 [INFO] DbMcusXml:78 - Set database path to: C:\ST\STM32CubeIDE_1.14.0\STM32CubeIDE\plugins\com.st.stm32cube.common.mx_6.10.0.202311202037\\db\/mcu/
2024-02-22 16:12:54,861 [INFO] ApiDb:274 - Set plugin database path to: C:\ST\STM32CubeIDE_1.14.0\STM32CubeIDE\plugins\com.st.stm32cube.common.mx_6.10.0.202311202037\\db\/plugins/boardmanager/
2024-02-22 16:12:54,861 [INFO] ApiDb:261 - Set plugin images path to: C:\ST\STM32CubeIDE_1.14.0\STM32CubeIDE\plugins\com.st.stm32cube.common.mx_6.10.0.202311202037\\db\/plugins/mcufinder/images/
2024-02-22 16:12:54,861 [WARN] DbFile:41 - Overriding database path with different value: C:\Users\hasan\.stmcufinder\plugins\mcufinder/ => C:\Users\hasan\.stmcufinder\plugins\mcufinder
2024-02-22 16:12:54,861 [INFO] ApiDb:250 - Set database path to: C:\Users\hasan\.stmcufinder\plugins\mcufinder//mcu/
2024-02-22 16:12:54,861 [WARN] DbFile:41 - Overriding database path with different value: C:\Users\hasan\.stmcufinder\plugins\mcufinder/ => C:\Users\hasan\.stmcufinder\plugins\mcufinder
2024-02-22 16:12:54,861 [INFO] DbMcusAds:125 - Set database path to: C:\Users\hasan\.stmcufinder\plugins\mcufinder//mcu/
2024-02-22 16:12:54,861 [WARN] DbFile:41 - Overriding database path with different value: C:\Users\hasan\.stmcufinder\plugins\mcufinder/ => C:\Users\hasan\.stmcufinder\plugins\mcufinder
2024-02-22 16:12:54,861 [WARN] DbFile:41 - Overriding database path with different value: C:\Users\hasan\.stmcufinder\plugins\mcufinder/ => C:\Users\hasan\.stmcufinder\plugins\mcufinder
2024-02-22 16:12:54,861 [INFO] CrossReferenceDbSqlite:203 - Set database path to: C:\Users\hasan\.stmcufinder\plugins\mcufinder//mcu/cs/
2024-02-22 16:12:54,881 [INFO] ApplicationProperties:184 - Using Application install path: C:\ST\STM32CubeIDE_1.14.0\STM32CubeIDE\plugins\com.st.stm32cube.common.mx_6.10.0.202311202037
2024-02-22 16:12:54,883 [INFO] PluginManage:196 - Search for loadable plugins [exclusion list=, ]
2024-02-22 16:12:54,884 [INFO] PluginManage:310 - Check plugin analytics
2024-02-22 16:12:55,030 [INFO] AnalyticsPlugin:253 - Accepted Software Licenses: 
2024-02-22 16:12:55,031 [INFO] AnalyticsPlugin:255 - Accepted CMSIS Pack Licenses: 
2024-02-22 16:12:55,031 [INFO] AnalyticsPlugin:257 - Accepted Firmware Licenses: 
2024-02-22 16:12:55,034 [INFO] PluginManage:359 - Loaded plugin analytics (category:tool,tabindex:-1)
2024-02-22 16:12:55,035 [INFO] PluginManage:310 - Check plugin cadmodel
2024-02-22 16:12:55,049 [INFO] CADModel:105 - Init CAD model plugin
2024-02-22 16:12:55,049 [INFO] PluginManage:359 - Loaded plugin cadmodel (category:power,tabindex:5)
2024-02-22 16:12:55,049 [INFO] PluginManage:310 - Check plugin clock
2024-02-22 16:12:55,069 [INFO] PluginManage:359 - Loaded plugin clock (category:base,tabindex:2)
2024-02-22 16:12:55,070 [INFO] PluginManage:310 - Check plugin ddr
2024-02-22 16:12:55,072 [INFO] PluginManage:359 - Loaded plugin ddr (category:tool,tabindex:6)
2024-02-22 16:12:55,072 [INFO] PluginManage:310 - Check plugin filemanager
2024-02-22 16:12:55,201 [INFO] PluginManage:359 - Loaded plugin filemanager (category:base,tabindex:10)
2024-02-22 16:12:55,201 [INFO] PluginManage:310 - Check plugin ipmanager
2024-02-22 16:12:55,207 [INFO] PluginManage:359 - Loaded plugin ipmanager (category:base,tabindex:5)
2024-02-22 16:12:55,208 [INFO] PluginManage:310 - Check plugin lpbam
2024-02-22 16:12:55,224 [INFO] PluginManage:359 - Loaded plugin lpbam (category:base,tabindex:0)
2024-02-22 16:12:55,225 [INFO] PluginManage:310 - Check plugin memorymap
2024-02-22 16:12:55,246 [INFO] PluginManage:359 - Loaded plugin memorymap (category:base,tabindex:4)
2024-02-22 16:12:55,246 [INFO] PluginManage:310 - Check plugin pinoutandconfiguration
2024-02-22 16:12:55,260 [INFO] PluginManage:359 - Loaded plugin pinoutandconfiguration (category:base,tabindex:1)
2024-02-22 16:12:55,261 [INFO] PluginManage:310 - Check plugin pinoutconfig
2024-02-22 16:12:55,333 [WARN] SupportedApi:132 - Cannot load RTOS API schema: s4s-elt-must-match.1: The content of 'definitions' must match (annotation?, (simpleType | complexType)?, (unique | key | keyref)*)). A problem was found starting at: attribute.
2024-02-22 16:12:55,435 [INFO] PluginManage:359 - Loaded plugin pinoutconfig (category:base,tabindex:0)
2024-02-22 16:12:55,436 [INFO] PluginManage:310 - Check plugin power
2024-02-22 16:12:55,457 [INFO] PluginManage:359 - Loaded plugin power (category:power,tabindex:4)
2024-02-22 16:12:55,457 [INFO] PluginManage:310 - Check plugin projectmanager
2024-02-22 16:12:55,469 [INFO] PluginManage:359 - Loaded plugin projectmanager (category:projectmanager,tabindex:3)
2024-02-22 16:12:55,469 [INFO] PluginManage:310 - Check plugin thirdparty
2024-02-22 16:12:55,705 [INFO] PluginManage:359 - Loaded plugin thirdparty (category:base,tabindex:-1)
2024-02-22 16:12:55,705 [INFO] PluginManage:310 - Check plugin tools
2024-02-22 16:12:55,705 [WARN] IntegrityCheckThread:84 - waiting for thirdparty lock release [integrity check]
2024-02-22 16:12:55,705 [INFO] IntegrityCheckThread:86 - entering critical section [integrity check]
2024-02-22 16:12:55,705 [INFO] ThirdPartyUpdaterWithRetryManager:70 - Updater plugin not ready yet. [1/15]
2024-02-22 16:12:55,732 [INFO] PluginManage:359 - Loaded plugin tools (category:base,tabindex:7)
2024-02-22 16:12:55,732 [INFO] PluginManage:310 - Check plugin tutovideos
2024-02-22 16:12:55,906 [INFO] PluginManage:359 - Loaded plugin tutovideos (category:base,tabindex:-1)
2024-02-22 16:12:55,906 [INFO] PluginManage:310 - Check plugin updater
2024-02-22 16:12:55,918 [INFO] PluginManage:359 - Loaded plugin updater (category:base,tabindex:12)
2024-02-22 16:12:55,918 [INFO] PluginManage:310 - Check plugin userauth
2024-02-22 16:12:55,924 [INFO] UserAuth:114 - Init User Auth plugin
2024-02-22 16:12:55,924 [INFO] PluginManage:359 - Loaded plugin userauth (category:base,tabindex:14)
2024-02-22 16:12:55,924 [INFO] PluginManage:283 - PluginManage : Loaded plugins [17]
2024-02-22 16:12:56,106 [INFO] PinOutPanel:1499 - setPackage(No Configuration,No Configuration)
2024-02-22 16:12:56,168 [INFO] CADModel:165 - CPN selected for project level
2024-02-22 16:12:56,168 [INFO] CADModel:114 - Register for checkConnection events
2024-02-22 16:12:56,190 [INFO] IPUIPlugin:80 - create IPUIPlugin
2024-02-22 16:12:56,190 [INFO] PluginManager:220 - loadIPPluginJar : add adc
2024-02-22 16:12:56,214 [INFO] IPUIPlugin:80 - create IPUIPlugin
2024-02-22 16:12:56,214 [INFO] PluginManager:220 - loadIPPluginJar : add aes
2024-02-22 16:12:56,241 [INFO] IPUIPlugin:80 - create IPUIPlugin
2024-02-22 16:12:56,241 [INFO] PluginManager:220 - loadIPPluginJar : add can
2024-02-22 16:12:56,256 [INFO] IPUIPlugin:80 - create IPUIPlugin
2024-02-22 16:12:56,256 [INFO] PluginManager:220 - loadIPPluginJar : add comp
2024-02-22 16:12:56,278 [INFO] IPUIPlugin:80 - create IPUIPlugin
2024-02-22 16:12:56,278 [INFO] PluginManager:220 - loadIPPluginJar : add cryp
2024-02-22 16:12:56,297 [INFO] IPUIPlugin:80 - create IPUIPlugin
2024-02-22 16:12:56,297 [INFO] PluginManager:220 - loadIPPluginJar : add dfsdm
2024-02-22 16:12:56,309 [INFO] IPUIPlugin:80 - create IPUIPlugin
2024-02-22 16:12:56,310 [INFO] PluginManager:220 - loadIPPluginJar : add dma
2024-02-22 16:12:56,336 [INFO] IPUIPlugin:80 - create IPUIPlugin
2024-02-22 16:12:56,336 [INFO] PluginManager:220 - loadIPPluginJar : add dma3
2024-02-22 16:12:56,348 [INFO] IPUIPlugin:80 - create IPUIPlugin
2024-02-22 16:12:56,348 [INFO] PluginManager:220 - loadIPPluginJar : add fatfs
2024-02-22 16:12:56,376 [INFO] IPUIPlugin:80 - create IPUIPlugin
2024-02-22 16:12:56,376 [INFO] PluginManager:220 - loadIPPluginJar : add fmc
2024-02-22 16:12:56,389 [INFO] IPUIPlugin:80 - create IPUIPlugin
2024-02-22 16:12:56,389 [INFO] PluginManager:220 - loadIPPluginJar : add freertos
2024-02-22 16:12:56,402 [INFO] IPUIPlugin:80 - create IPUIPlugin
2024-02-22 16:12:56,402 [INFO] PluginManager:220 - loadIPPluginJar : add genericplugin
2024-02-22 16:12:56,457 [INFO] IPUIPlugin:80 - create IPUIPlugin
2024-02-22 16:12:56,457 [INFO] PluginManager:220 - loadIPPluginJar : add gfxmmu
2024-02-22 16:12:56,536 [INFO] IPUIPlugin:80 - create IPUIPlugin
2024-02-22 16:12:56,536 [INFO] PluginManager:220 - loadIPPluginJar : add gic
2024-02-22 16:12:56,546 [INFO] IPUIPlugin:80 - create IPUIPlugin
2024-02-22 16:12:56,546 [INFO] PluginManager:220 - loadIPPluginJar : add gpio
2024-02-22 16:12:56,603 [INFO] IPUIPlugin:80 - create IPUIPlugin
2024-02-22 16:12:56,604 [INFO] PluginManager:220 - loadIPPluginJar : add gtzc
2024-02-22 16:12:56,623 [INFO] IPUIPlugin:80 - create IPUIPlugin
2024-02-22 16:12:56,623 [INFO] PluginManager:220 - loadIPPluginJar : add hash
2024-02-22 16:12:56,654 [INFO] IPUIPlugin:80 - create IPUIPlugin
2024-02-22 16:12:56,655 [INFO] PluginManager:220 - loadIPPluginJar : add i2c
2024-02-22 16:12:56,678 [INFO] IPUIPlugin:80 - create IPUIPlugin
2024-02-22 16:12:56,678 [INFO] PluginManager:220 - loadIPPluginJar : add i2s
2024-02-22 16:12:56,704 [INFO] IPUIPlugin:80 - create IPUIPlugin
2024-02-22 16:12:56,704 [INFO] PluginManager:220 - loadIPPluginJar : add i3c
2024-02-22 16:12:56,771 [INFO] IPUIPlugin:80 - create IPUIPlugin
2024-02-22 16:12:56,771 [INFO] PluginManager:220 - loadIPPluginJar : add ipddr
2024-02-22 16:12:56,828 [INFO] IPUIPlugin:80 - create IPUIPlugin
2024-02-22 16:12:56,828 [INFO] PluginManager:220 - loadIPPluginJar : add linkedlist
2024-02-22 16:12:56,849 [INFO] IPUIPlugin:80 - create IPUIPlugin
2024-02-22 16:12:56,849 [INFO] PluginManager:220 - loadIPPluginJar : add lorawan
2024-02-22 16:12:56,872 [INFO] IPUIPlugin:80 - create IPUIPlugin
2024-02-22 16:12:56,872 [INFO] PluginManager:220 - loadIPPluginJar : add ltdc
2024-02-22 16:12:56,882 [INFO] IPUIPlugin:80 - create IPUIPlugin
2024-02-22 16:12:56,882 [INFO] PluginManager:220 - loadIPPluginJar : add mdma
2024-02-22 16:12:56,891 [INFO] IPUIPlugin:80 - create IPUIPlugin
2024-02-22 16:12:56,891 [INFO] PluginManager:220 - loadIPPluginJar : add nvic
2024-02-22 16:12:56,914 [INFO] IPUIPlugin:80 - create IPUIPlugin
2024-02-22 16:12:56,915 [INFO] PluginManager:220 - loadIPPluginJar : add opamp
2024-02-22 16:12:56,950 [INFO] IPUIPlugin:80 - create IPUIPlugin
2024-02-22 16:12:56,951 [INFO] PluginManager:220 - loadIPPluginJar : add openamp
2024-02-22 16:12:56,977 [INFO] IPUIPlugin:80 - create IPUIPlugin
2024-02-22 16:12:56,977 [INFO] PluginManager:220 - loadIPPluginJar : add pdm2pcm
2024-02-22 16:12:56,987 [INFO] IPUIPlugin:80 - create IPUIPlugin
2024-02-22 16:12:56,989 [INFO] PluginManager:220 - loadIPPluginJar : add plateformsettings
2024-02-22 16:12:57,004 [INFO] IPUIPlugin:80 - create IPUIPlugin
2024-02-22 16:12:57,004 [INFO] PluginManager:220 - loadIPPluginJar : add quadspi
2024-02-22 16:12:57,014 [INFO] IPUIPlugin:80 - create IPUIPlugin
2024-02-22 16:12:57,014 [INFO] PluginManager:220 - loadIPPluginJar : add resmgrutility
2024-02-22 16:12:57,045 [INFO] IPUIPlugin:80 - create IPUIPlugin
2024-02-22 16:12:57,045 [INFO] PluginManager:220 - loadIPPluginJar : add sai
2024-02-22 16:12:57,069 [INFO] IPUIPlugin:80 - create IPUIPlugin
2024-02-22 16:12:57,069 [INFO] PluginManager:220 - loadIPPluginJar : add spi
2024-02-22 16:12:57,114 [INFO] IPUIPlugin:80 - create IPUIPlugin
2024-02-22 16:12:57,114 [INFO] PluginManager:220 - loadIPPluginJar : add stm32_wpan
2024-02-22 16:12:57,129 [INFO] IPUIPlugin:80 - create IPUIPlugin
2024-02-22 16:12:57,129 [INFO] PluginManager:220 - loadIPPluginJar : add tim
2024-02-22 16:12:57,164 [INFO] IPUIPlugin:80 - create IPUIPlugin
2024-02-22 16:12:57,164 [INFO] PluginManager:220 - loadIPPluginJar : add touchsensing
2024-02-22 16:12:57,177 [INFO] IPUIPlugin:80 - create IPUIPlugin
2024-02-22 16:12:57,178 [INFO] PluginManager:220 - loadIPPluginJar : add tracer_emb
2024-02-22 16:12:57,192 [INFO] IPUIPlugin:80 - create IPUIPlugin
2024-02-22 16:12:57,192 [INFO] PluginManager:220 - loadIPPluginJar : add ts
2024-02-22 16:12:57,204 [INFO] IPUIPlugin:80 - create IPUIPlugin
2024-02-22 16:12:57,204 [INFO] PluginManager:220 - loadIPPluginJar : add tsc
2024-02-22 16:12:57,217 [INFO] IPUIPlugin:80 - create IPUIPlugin
2024-02-22 16:12:57,217 [INFO] PluginManager:220 - loadIPPluginJar : add ucpd
2024-02-22 16:12:57,244 [INFO] IPUIPlugin:80 - create IPUIPlugin
2024-02-22 16:12:57,244 [INFO] PluginManager:220 - loadIPPluginJar : add usart
2024-02-22 16:12:57,270 [INFO] IPUIPlugin:80 - create IPUIPlugin
2024-02-22 16:12:57,270 [INFO] PluginManager:220 - loadIPPluginJar : add usbx
2024-02-22 16:12:57,382 [INFO] CADModel:165 - CPN selected for project level
2024-02-22 16:12:57,383 [INFO] CADModel:114 - Register for checkConnection events
2024-02-22 16:12:57,383 [FATAL] Updater:308 - Updater called before beeing initialized
2024-02-22 16:12:57,383 [ERROR] CADModel:125 - Updater not yet initialized, retry later 
2024-02-22 16:12:57,500 [INFO] CADModel:165 - CPN selected for project level
2024-02-22 16:12:57,500 [INFO] CADModel:114 - Register for checkConnection events
2024-02-22 16:12:57,500 [FATAL] Updater:308 - Updater called before beeing initialized
2024-02-22 16:12:57,501 [ERROR] CADModel:125 - Updater not yet initialized, retry later 
2024-02-22 16:12:57,503 [FATAL] Updater:308 - Updater called before beeing initialized
2024-02-22 16:12:57,574 [FATAL] Updater:308 - Updater called before beeing initialized
2024-02-22 16:12:57,585 [INFO] DbMcusAds:53 - JSON generation date=Wed Nov 29 13:52:27 TRT 2023 (1701255147349)
2024-02-22 16:12:57,585 [FATAL] Updater:308 - Updater called before beeing initialized
2024-02-22 16:12:57,655 [WARN] DetailPanel:346 - Failed to get advertising image, set to default
2024-02-22 16:12:57,733 [FATAL] Updater:308 - Updater called before beeing initialized
2024-02-22 16:12:57,734 [FATAL] Updater:308 - Updater called before beeing initialized
2024-02-22 16:12:57,735 [FATAL] Updater:308 - Updater called before beeing initialized
2024-02-22 16:12:57,735 [WARN] DetailPanel:346 - Failed to get advertising image, set to default
2024-02-22 16:12:57,735 [FATAL] Updater:308 - Updater called before beeing initialized
2024-02-22 16:12:57,779 [ERROR] Updater:1120 - MainUpdater not yet initialized. External WinMGr cannot be set.
2024-02-22 16:12:57,786 [INFO] Updater:1056 - Updater Version found : 6.10.0
2024-02-22 16:12:57,804 [INFO] ApplicationProperties:184 - Using Application install path: C:\ST\STM32CubeIDE_1.14.0\STM32CubeIDE\plugins\com.st.stm32cube.common.mx_6.10.0.202311202037
2024-02-22 16:12:58,708 [INFO] ThirdPartyUpdaterWithRetryManager:70 - Updater plugin not ready yet. [2/15]
2024-02-22 16:12:59,374 [ERROR] LogOutputStream:75 - [STDERR_REDIRECT] Feb 22, 2024 4:12:59 PM java.util.prefs.WindowsPreferences <init>
2024-02-22 16:12:59,375 [ERROR] LogOutputStream:75 - [STDERR_REDIRECT] WARNING: Could not open/create prefs root node Software\JavaSoft\Prefs at root 0xffffffff80000002. Windows RegCreateKeyEx(...) returned error code 5.
2024-02-22 16:12:59,376 [ERROR] LogOutputStream:75 - [STDERR_REDIRECT] 
2024-02-22 16:13:00,043 [INFO] MainUpdater:2873 - connection check result : 10
2024-02-22 16:13:00,044 [INFO] MainUpdater:290 - Updater Check For Update Now.
2024-02-22 16:13:00,044 [INFO] MicroXplorer:498 - Change Database Version : DB.6.0.100
2024-02-22 16:13:00,057 [INFO] McuFinderGlobals:63 - Set McuFinder mode to 2 (CubeIDE integrated)
2024-02-22 16:13:00,068 [INFO] UserAuth:404 - Internet connection configuration mode: 1
2024-02-22 16:13:00,105 [INFO] JxBrowserEngine:152 - Initiate JxBrowser Engine with user profile folder
2024-02-22 16:13:00,232 [INFO] CheckServerUpdateThread:120 - End of CheckServer Thread
2024-02-22 16:13:01,838 [WARN] PackLoader:240 - Cannot read IP mode file for STMicroelectronics.X-CUBE-SMBUS.2.1.0
2024-02-22 16:13:01,848 [WARN] PackLoader:240 - Cannot read IP mode file for STMicroelectronics.X-CUBE-TOUCHGFX.4.23.0
2024-02-22 16:13:01,876 [WARN] PackLoader:240 - Cannot read IP mode file for STMicroelectronics.X-CUBE-AZRTOS-F7.1.1.0
2024-02-22 16:13:01,892 [WARN] PackLoader:240 - Cannot read IP mode file for STMicroelectronics.FP-SNS-MOTENV1.4.3.2
2024-02-22 16:13:01,905 [WARN] PackLoader:240 - Cannot read IP mode file for STMicroelectronics.FP-SNS-FLIGHT1.5.0.2
2024-02-22 16:13:01,920 [WARN] PackLoader:240 - Cannot read IP mode file for STMicroelectronics.X-CUBE-DISPLAY.3.0.0
2024-02-22 16:13:01,939 [WARN] PackLoader:240 - Cannot read IP mode file for STMicroelectronics.X-CUBE-BLE1.7.0.0
2024-02-22 16:13:01,952 [WARN] PackLoader:240 - Cannot read IP mode file for emotas.I-CUBE-CANOPEN.1.3.0
2024-02-22 16:13:01,964 [WARN] PackLoader:240 - Cannot read IP mode file for STMicroelectronics.FP-SNS-SMARTAG2.1.2.0
2024-02-22 16:13:01,980 [INFO] LogOutputStream:77 - [STDOUT_REDIRECT] 1 : Invalid condition id : UX_CORESTACK_Condition cause : null
2024-02-22 16:13:01,981 [INFO] LogOutputStream:77 - [STDOUT_REDIRECT] 1 : Invalid condition id : UX_CORESTACK_Condition cause : null
2024-02-22 16:13:01,982 [INFO] LogOutputStream:77 - [STDOUT_REDIRECT] 1 : Invalid condition id : UX_CORESTACK_Condition cause : null
2024-02-22 16:13:01,983 [INFO] LogOutputStream:77 - [STDOUT_REDIRECT] 1 : Invalid condition id : UX_CORESTACK_Condition cause : null
2024-02-22 16:13:01,984 [INFO] LogOutputStream:77 - [STDOUT_REDIRECT] 1 : Invalid condition id : UX_CORESTACK_Condition cause : null
2024-02-22 16:13:01,986 [WARN] PackLoader:240 - Cannot read IP mode file for STMicroelectronics.X-CUBE-AZRTOS-WL.2.0.0
2024-02-22 16:13:01,999 [WARN] PackLoader:240 - Cannot read IP mode file for WES.I-CUBE-Cesium.1.3.0
2024-02-22 16:13:02,010 [WARN] PackLoader:240 - Cannot read IP mode file for STMicroelectronics.X-CUBE-BLE2.3.3.0
2024-02-22 16:13:02,021 [WARN] PackLoader:240 - Cannot read IP mode file for STMicroelectronics.X-CUBE-ALGOBUILD.1.3.0
2024-02-22 16:13:02,043 [WARN] PackLoader:240 - Cannot read IP mode file for STMicroelectronics.X-CUBE-AZRTOS-G0.1.1.0
2024-02-22 16:13:02,436 [WARN] PackLoader:240 - Cannot read IP mode file for STMicroelectronics.X-CUBE-NFC4.3.0.0
2024-02-22 16:13:02,452 [WARN] PackLoader:240 - Cannot read IP mode file for STMicroelectronics.X-CUBE-BLEMGR.3.0.0
2024-02-22 16:13:02,463 [WARN] PackLoader:240 - Cannot read IP mode file for STMicroelectronics.FP-ATR-SIGFOX1.3.2.0
2024-02-22 16:13:02,474 [WARN] PackLoader:240 - Cannot read IP mode file for STMicroelectronics.X-CUBE-EEPRMA1.5.1.0
2024-02-22 16:13:02,507 [WARN] PackLoader:240 - Cannot read IP mode file for SEGGER.I-CUBE-embOS.1.3.1
2024-02-22 16:13:02,575 [WARN] PackLoader:240 - Cannot read IP mode file for STMicroelectronics.X-CUBE-GNSS1.6.0.0
2024-02-22 16:13:02,620 [WARN] PackLoader:240 - Cannot read IP mode file for STMicroelectronics.X-CUBE-AZRTOS-F4.1.1.0
2024-02-22 16:13:02,641 [WARN] PackLoader:240 - Cannot read IP mode file for wolfSSL.I-CUBE-wolfSSL.5.6.4
2024-02-22 16:13:02,680 [WARN] PackLoader:240 - Cannot read IP mode file for STMicroelectronics.X-CUBE-AZRTOS-L5.2.0.0
2024-02-22 16:13:02,697 [WARN] PackLoader:240 - Cannot read IP mode file for STMicroelectronics.X-CUBE-EEPRMA1.4.2.0
2024-02-22 16:13:02,709 [WARN] PackLoader:240 - Cannot read IP mode file for ITTIA_DB.I-CUBE-ITTIADB.8.8.0
2024-02-22 16:13:02,722 [WARN] PackLoader:240 - Cannot read IP mode file for STMicroelectronics.X-CUBE-NFC7.1.0.1
2024-02-22 16:13:02,735 [WARN] PackLoader:240 - Cannot read IP mode file for STMicroelectronics.X-CUBE-NFC6.3.0.0
2024-02-22 16:13:02,749 [WARN] PackLoader:240 - Cannot read IP mode file for STMicroelectronics.X-CUBE-AI.8.1.0
2024-02-22 16:13:02,785 [WARN] ConditionMgr:438 - getConditionDescription Invalid condition id : LAN8742 Phy interface Condition cause : null
2024-02-22 16:13:02,786 [WARN] PackLoader:240 - Cannot read IP mode file for STMicroelectronics.X-CUBE-AZRTOS-L4.2.0.0
2024-02-22 16:13:02,788 [WARN] ConditionMgr:1039 - genDependencies : Invalid condition id : LAN8742 Phy interface Condition cause : null
2024-02-22 16:13:02,789 [WARN] ConditionMgr:1039 - genDependencies : Invalid condition id : LAN8742 Phy interface Condition cause : null
2024-02-22 16:13:02,789 [WARN] ConditionMgr:1039 - genDependencies : Invalid condition id : LAN8742 Phy interface Condition cause : null
2024-02-22 16:13:02,807 [WARN] PackLoader:240 - Cannot read IP mode file for STMicroelectronics.X-CUBE-SFXS2LP1.4.0.0
2024-02-22 16:13:02,839 [WARN] ConditionMgr:438 - getConditionDescription Invalid condition id : UX DEVICE CLASS RTOS Condition cause : null
2024-02-22 16:13:02,840 [WARN] ConditionMgr:438 - getConditionDescription Invalid condition id : UX DEVICE CLASS RTOS Condition cause : null
2024-02-22 16:13:02,843 [WARN] PackLoader:240 - Cannot read IP mode file for STMicroelectronics.X-CUBE-AZRTOS-WB.2.0.0
2024-02-22 16:13:02,844 [WARN] ConditionMgr:1039 - genDependencies : Invalid condition id : UX DEVICE CLASS RTOS Condition cause : null
2024-02-22 16:13:02,844 [WARN] ConditionMgr:1039 - genDependencies : Invalid condition id : UX DEVICE CLASS RTOS Condition cause : null
2024-02-22 16:13:02,844 [WARN] ConditionMgr:1039 - genDependencies : Invalid condition id : UX DEVICE CLASS RTOS Condition cause : null
2024-02-22 16:13:02,844 [WARN] ConditionMgr:1039 - genDependencies : Invalid condition id : UX DEVICE CLASS RTOS Condition cause : null
2024-02-22 16:13:02,845 [WARN] ConditionMgr:1039 - genDependencies : Invalid condition id : UX DEVICE CLASS RTOS Condition cause : null
2024-02-22 16:13:02,874 [WARN] PackLoader:240 - Cannot read IP mode file for STMicroelectronics.X-CUBE-SUBG2.5.0.0
2024-02-22 16:13:02,908 [WARN] PackLoader:240 - Cannot read IP mode file for STMicroelectronics.X-CUBE-AZRTOS-G4.2.0.0
2024-02-22 16:13:02,934 [WARN] PackLoader:240 - Cannot read IP mode file for Infineon.AIROC-Wi-Fi-Bluetooth-STM32.1.5.1
2024-02-22 16:13:02,955 [WARN] PackLoader:240 - Cannot read IP mode file for STMicroelectronics.FP-SNS-MOTENVWB1.1.3.1
2024-02-22 16:13:02,972 [WARN] PackLoader:240 - Cannot read IP mode file for STMicroelectronics.X-CUBE-ISPU.2.0.0
2024-02-22 16:13:02,990 [INFO] WebApp:161 - Instantiating new browser for Auth
2024-02-22 16:13:03,049 [WARN] PackLoader:240 - Cannot read IP mode file for STMicroelectronics.X-CUBE-MEMS1.10.0.0
2024-02-22 16:13:03,162 [WARN] PackLoader:240 - Cannot read IP mode file for STMicroelectronics.X-CUBE-FREERTOS.1.1.0
2024-02-22 16:13:03,178 [WARN] PackLoader:240 - Cannot read IP mode file for portGmbH.I-Cube-SoM-uGOAL.1.1.0
2024-02-22 16:13:03,199 [WARN] PackLoader:240 - Cannot read IP mode file for STMicroelectronics.X-CUBE-ALS.1.0.1
2024-02-22 16:13:03,222 [WARN] PackLoader:240 - Cannot read IP mode file for STMicroelectronics.FP-ATR-ASTRA1.2.0.0
2024-02-22 16:13:03,247 [WARN] PackLoader:240 - Cannot read IP mode file for STMicroelectronics.X-CUBE-TOF1.3.4.0
2024-02-22 16:13:03,297 [WARN] PackLoader:240 - Cannot read IP mode file for STMicroelectronics.X-CUBE-AZRTOS-H7.3.2.0
2024-02-22 16:13:03,300 [INFO] ThirdParty:978 - Integrity check success = true
2024-02-22 16:13:03,301 [INFO] IntegrityCheckThread:100 - exiting critical section [integrity check]
2024-02-22 16:13:03,301 [INFO] IntegrityCheckThread:103 - End integrity checks thread
2024-02-22 16:13:03,991 [INFO] WebApp:780 - Register for checkConnection events
2024-02-22 16:13:03,991 [INFO] WebApp:414 - Apply proxy settings
2024-02-22 16:13:03,991 [INFO] WebApp:499 - Chromium requires no authentication
2024-02-22 16:13:04,000 [INFO] WebApp:442 - Direct internet connection detected
2024-02-22 16:13:04,152 [INFO] WebApp:192 - Starting web application
2024-02-22 16:13:04,153 [INFO] WebApp:544 - Web application path used C:\ST\STM32CubeIDE_1.14.0\STM32CubeIDE\plugins\com.st.stm32cube.common.mx_6.10.0.202311202037\db\plugins\mcufinder\reactClient1\index.html
2024-02-22 16:13:05,285 [INFO] McuFinderGlobals:63 - Set McuFinder mode to 2 (CubeIDE integrated)
2024-02-22 16:13:05,304 [INFO] MainUpdater:2873 - connection check result : 10
2024-02-22 16:13:05,308 [INFO] MainUpdater:2873 - connection check result : 10
2024-02-22 16:13:05,431 [INFO] MicroXplorer:468 - Change Database Path : 
2024-02-22 16:13:05,431 [INFO] MicroXplorer:498 - Change Database Version : DB.6.0.100
2024-02-22 16:13:05,435 [WARN] ThirdParty:871 - waiting for thirdparty lock release [close project]
2024-02-22 16:13:05,435 [INFO] ThirdParty:873 - entering critical section [close project]
2024-02-22 16:13:05,436 [INFO] ThirdParty:883 - exiting critical section [close project]
2024-02-22 16:13:05,437 [INFO] PinOutPanel:1499 - setPackage(No Configuration,No Configuration)
2024-02-22 16:13:05,440 [INFO] UtilMem:75 - Begin LoadConfig() Used Memory: 149820888 Bytes (268435456)
2024-02-22 16:13:05,441 [INFO] MicroXplorer:468 - Change Database Path : 
2024-02-22 16:13:05,441 [INFO] MicroXplorer:498 - Change Database Version : DB.6.0.100
2024-02-22 16:13:05,441 [INFO] OpenFileManager:312 - Change cursor
2024-02-22 16:13:05,466 [INFO] Mcu:2016 - Initializing MCU STM32F103C(8-B)Tx STM32F103C8Tx STM32F103C8T6
2024-02-22 16:13:06,270 [INFO] Context:659 - Trying to add GPIOservice into a context  which must be forbidden
2024-02-22 16:13:06,535 [INFO] RtosManager:555 - Registered RTOS mode: class=CMSIS, group=RTOS, mode=CMSIS_V1, owner=FREERTOS
2024-02-22 16:13:06,535 [INFO] RtosManager:555 - Registered RTOS mode: class=CMSIS, group=RTOS2, mode=CMSIS_V2, owner=FREERTOS
2024-02-22 16:13:06,535 [INFO] RtosManager:555 - Registered RTOS mode: class=RTOS, group=Core, mode=CMSIS_V1, owner=FREERTOS
2024-02-22 16:13:06,535 [INFO] RtosManager:555 - Registered RTOS mode: class=RTOS, group=Core, mode=CMSIS_V2, owner=FREERTOS
2024-02-22 16:13:06,535 [WARN] ModelIntegratedComponent:184 - Missing modes for component STMicroelectronics:FreeRTOS:0.0.1:STMicroelectronics:RTOS:FreeRTOS:Core:::10.2.0:
2024-02-22 16:13:06,547 [WARN] ModelIntegratedComponent:63 - No mode defined for component null
2024-02-22 16:13:06,547 [WARN] ModelIntegratedComponent:63 - No mode defined for component null
2024-02-22 16:13:06,547 [WARN] ModelIntegratedComponent:63 - No mode defined for component null
2024-02-22 16:13:06,547 [WARN] ModelIntegratedComponent:63 - No mode defined for component null
2024-02-22 16:13:06,547 [WARN] ModelIntegratedComponent:63 - No mode defined for component null
2024-02-22 16:13:06,547 [WARN] ModelIntegratedComponent:63 - No mode defined for component null
2024-02-22 16:13:06,547 [WARN] ModelIntegratedComponent:63 - No mode defined for component null
2024-02-22 16:13:06,547 [WARN] ModelIntegratedComponent:63 - No mode defined for component null
2024-02-22 16:13:06,547 [WARN] ModelIntegratedComponent:63 - No mode defined for component null
2024-02-22 16:13:06,547 [WARN] ModelIntegratedComponent:63 - No mode defined for component null
2024-02-22 16:13:06,547 [WARN] ModelIntegratedComponent:63 - No mode defined for component null
2024-02-22 16:13:06,547 [WARN] ModelIntegratedComponent:63 - No mode defined for component null
2024-02-22 16:13:06,547 [WARN] ModelIntegratedComponent:63 - No mode defined for component null
2024-02-22 16:13:06,548 [WARN] ModelIntegratedComponent:63 - No mode defined for component null
2024-02-22 16:13:06,548 [WARN] ModelIntegratedComponent:63 - No mode defined for component null
2024-02-22 16:13:06,548 [WARN] ModelIntegratedComponent:63 - No mode defined for component null
2024-02-22 16:13:06,548 [WARN] ModelIntegratedComponent:63 - No mode defined for component null
2024-02-22 16:13:06,548 [WARN] ModelIntegratedComponent:63 - No mode defined for component null
2024-02-22 16:13:06,548 [WARN] ModelIntegratedComponent:63 - No mode defined for component null
2024-02-22 16:13:06,548 [WARN] ModelIntegratedComponent:63 - No mode defined for component null
2024-02-22 16:13:06,548 [WARN] ModelIntegratedComponent:63 - No mode defined for component null
2024-02-22 16:13:06,548 [WARN] ModelIntegratedComponent:63 - No mode defined for component null
2024-02-22 16:13:06,548 [WARN] ModelIntegratedComponent:63 - No mode defined for component null
2024-02-22 16:13:06,548 [WARN] ModelIntegratedComponent:63 - No mode defined for component null
2024-02-22 16:13:06,548 [WARN] ModelIntegratedComponent:63 - No mode defined for component null
2024-02-22 16:13:06,548 [WARN] ModelIntegratedComponent:63 - No mode defined for component null
2024-02-22 16:13:06,548 [WARN] ModelIntegratedComponent:63 - No mode defined for component null
2024-02-22 16:13:06,548 [WARN] ModelIntegratedComponent:63 - No mode defined for component null
2024-02-22 16:13:06,548 [WARN] ModelIntegratedComponent:63 - No mode defined for component null
2024-02-22 16:13:06,548 [WARN] ModelIntegratedComponent:63 - No mode defined for component null
2024-02-22 16:13:06,548 [WARN] ModelIntegratedComponent:63 - No mode defined for component null
2024-02-22 16:13:06,548 [WARN] ModelIntegratedComponent:63 - No mode defined for component null
2024-02-22 16:13:06,548 [WARN] ModelIntegratedComponent:63 - No mode defined for component null
2024-02-22 16:13:06,611 [INFO] ThirdPartyModel:298 - Start build external matchings
2024-02-22 16:13:06,765 [INFO] ThirdPartyModel:316 - End build external matchings
2024-02-22 16:13:06,920 [INFO] UtilMem:75 - End LoadConfig() Used Memory: 198855512 Bytes (268435456)
2024-02-22 16:13:07,019 [INFO] ApiDb:581 - Connected to CubeFinder SQLite database (C:\Users\hasan\.stmcufinder\plugins\mcufinder\mcu\cube-finder-db.db)
2024-02-22 16:13:07,095 [INFO] ApiDb:668 - CubeFinder database Data Model version=2.1
2024-02-22 16:13:07,096 [INFO] ApiDb:669 - CubeFinder database Configuration version=3.0.39
2024-02-22 16:13:07,096 [INFO] ApiDb:670 - CubeFinder database generation date=2024-01-11 (1704964531)
2024-02-22 16:13:07,096 [INFO] ApiDb:671 - CubeFinder database FW Pack versions=[FP-ATR-ASTRA1_V2.0.0, FP-SNS-FLIGHT1_V5.0.1, FP-SNS-FLIGHT1_V5.0.2, FP-SNS-MOTENV1_V4.3.1, FP-SNS-MOTENV1_V4.3.2, FP-SNS-MOTENVWB1_V1.3.1, FP-SNS-SMARTAG2_V1.2.0, STM32Cube_FW_C0_V1.1.0, STM32Cube_FW_F4_V1.28.0, STM32Cube_FW_F7_V1.17.0, STM32Cube_FW_G0_V1.6.2, STM32Cube_FW_G4_V1.5.2, STM32Cube_FW_H5_V0.5.1, STM32Cube_FW_H5_V1.1.1, STM32Cube_FW_H5_V1.2.0RC2, STM32Cube_FW_H7_V1.11.0, STM32Cube_FW_L0_V1.12.2, STM32Cube_FW_L5_V1.5.0, STM32Cube_FW_U5_V1.3.0RC4, STM32Cube_FW_U5_V1.4.0, STM32Cube_FW_WBA_V1.0.0RC1, STM32Cube_FW_WBA_V1.1.0RC1, STM32Cube_FW_WBA_V1.2.0, STM32Cube_FW_WBA_V1.2.0RC2, STM32Cube_FW_WB_V1.15.0RC1, STM32Cube_FW_WB_V1.16.0, STM32Cube_FW_WB_V1.16.0RC2, STM32Cube_FW_WB_V1.18.0, STM32Cube_FW_WL_V1.3.0, X-CUBE-ALGOBUILD_V1.3.0, X-CUBE-ALS_V1.0.1, X-CUBE-AZRTOS-F4_V1.1.0, X-CUBE-AZRTOS-F7_V1.1.0, X-CUBE-AZRTOS-G0_V1.1.0, X-CUBE-AZRTOS-G4_V2.0.0, X-CUBE-AZRTOS-H7_V3.2.0, X-CUBE-AZRTOS-L4_V1.0.0, X-CUBE-AZRTOS-L4_V2.0.0, X-CUBE-AZRTOS-L5_V1.1.0, X-CUBE-AZRTOS-WB_V2.0.0, X-CUBE-AZRTOS-WL_V2.0.0, X-CUBE-BLE1_V7.0.0, X-CUBE-BLE2_V3.3.0, X-CUBE-BLEMGR_V3.0.0, X-CUBE-EEPRMA1_V4.1.0, X-CUBE-EEPRMA1_V4.2.0, X-CUBE-FREERTOS_V1.1.0, X-CUBE-GNSS1_V6.0.0, X-CUBE-MEMS1_V10.0.0, X-CUBE-MEMS1_V9.1.0, X-CUBE-MEMS1_V9.4.0, X-CUBE-MEMS1_V9.6.0, X-CUBE-NFC4_V3.0.0, X-CUBE-NFC7_V1.0.1, X-CUBE-SFXS2LP1_V4.0.0, X-CUBE-SUBG2_V5.0.0, X-CUBE-TOF1_V3.4.0]
2024-02-22 16:13:09,709 [INFO] ApiDb:240 - Found 371 in-development CPN: [B-G473E-ZEST1S, B-WB1M-WPAN1, B-WL5M-SUBG1, NUCLEO-C031C6, NUCLEO-H503RB, NUCLEO-H563ZI, NUCLEO-U545RE-Q, NUCLEO-U5A5ZJ-Q, NUCLEO-WBA52CG, NUCLEO-WBA55CG, STEVAL-MKBOXPRO, STEVAL-PROTEUS1, STEVAL-STWINBX1, STM320518-EVAL, STM32C0116-DK, STM32C011D6Y3TR, STM32C011D6Y6TR, STM32C011F4P3, STM32C011F4P6, STM32C011F4U3, STM32C011F4U6TR, STM32C011F6P3, STM32C011F6P6, STM32C011F6U3, STM32C011F6U6TR, STM32C011J4M3, STM32C011J4M6, STM32C011J6M3, STM32C011J6M6, STM32C0316-DK, STM32C031C4T3, STM32C031C4T6, STM32C031C4U3, STM32C031C4U6, STM32C031C6T3, STM32C031C6T6, STM32C031C6U3, STM32C031C6U6, STM32C031F4P3, STM32C031F4P6, STM32C031F6P3, STM32C031F6P6, STM32C031G4U3, STM32C031G4U6, STM32C031G6U3, STM32C031G6U6, STM32C031K4T3, STM32C031K4T6, STM32C031K4U3, STM32C031K4U6, STM32C031K6T3, STM32C031K6T6, STM32C031K6U3, STM32C031K6U6, STM32G071K8TXN, STM32G071K8UXN, STM32G081GBU6N, STM32G081KBT6N, STM32G081KBUXN, STM32G0B1CCT6N, STM32G0B1KCT6, STM32G0B1NEY6TR, STM32G0B1RCT6N, STM32G0C1CCT6, STM32G0C1CCT6N, STM32G0C1CCU6N, STM32G0C1CET6N, STM32G0C1CEU6N, STM32G0C1KCT6, STM32G0C1NEY6TR, STM32G0C1RCI6N, STM32G0C1RCT6N, STM32G0C1REI6N, STM32G0C1RET6N, STM32G0C1VCI6, STM32G0C1VEI6, STM32G471CCT6, STM32G471CCU6, STM32G471CET3, STM32G471CET6, STM32G471CEU3, STM32G471CEU6, STM32G471MCT6, STM32G471MET3, STM32G471MET6, STM32G471MEY6TR, STM32G471QCT6, STM32G471QET3, STM32G471RCT6, STM32G471RET3, STM32G471RET6, STM32G471VCH6, STM32G471VCI6, STM32G471VCT6, STM32G471VEH3, STM32G471VEH6, STM32G471VEI3, STM32G471VEI6, STM32G471VET3, STM32G471VET6, STM32G474CCT6, STM32H503CBT6, STM32H503CBU6, STM32H503EBY6TR, STM32H503KBU6, STM32H503RBT6, STM32H562AGI6, STM32H562AII6, STM32H562IGK6, STM32H562IGT6, STM32H562IIK6, STM32H562IIT6, STM32H562RGT6, STM32H562RGV6, STM32H562RIT6, STM32H562RIV6, STM32H562VGT6, STM32H562VIT6, STM32H562ZGT6, STM32H562ZIT6, STM32H563AGI6, STM32H563AII3Q, STM32H563AII6, STM32H563IGK6, STM32H563IGT6, STM32H563IIK3Q, STM32H563IIK6, STM32H563IIT3Q, STM32H563IIT6, STM32H563MIY3QTR, STM32H563RGT6, STM32H563RGV6, STM32H563RIT6, STM32H563RIV6, STM32H563VGT6, STM32H563VIT3Q, STM32H563VIT6, STM32H563ZGT6, STM32H563ZIT3Q, STM32H563ZIT6, STM32H573AII3Q, STM32H573AII6, STM32H573I-DK, STM32H573IIK3Q, STM32H573IIK6, STM32H573IIT3Q, STM32H573IIT6, STM32H573MIY3QTR, STM32H573RIT6, STM32H573RIV6, STM32H573VIT3Q, STM32H573VIT6, STM32H573ZIT3Q, STM32H573ZIT6, STM32L4R5QGI6STR, STM32MP131AAE3, STM32MP131AAF3, STM32MP131AAG3, STM32MP131CAE3, STM32MP131CAF3, STM32MP131CAG3, STM32MP131DAE7, STM32MP131DAF7, STM32MP131DAG7, STM32MP131FAE7, STM32MP131FAF7, STM32MP131FAG7, STM32MP133AAE3, STM32MP133AAF3, STM32MP133AAG3, STM32MP133CAE3, STM32MP133CAF3, STM32MP133CAG3, STM32MP133DAE7, STM32MP133DAF7, STM32MP133DAG7, STM32MP133FAE7, STM32MP133FAF7, STM32MP133FAG7, STM32MP135AAE3, STM32MP135AAF3, STM32MP135AAG3, STM32MP135CAE3, STM32MP135CAF3, STM32MP135CAG3, STM32MP135DAE7, STM32MP135DAF7, STM32MP135DAG7, STM32MP135F-DK, STM32MP135FAE7, STM32MP135FAF7, STM32MP135FAF7T, STM32MP135FAF7U, STM32MP135FAG7, STM32U535CBT6, STM32U535CBT6Q, STM32U535CBU6, STM32U535CBU6Q, STM32U535CCT6, STM32U535CCT6Q, STM32U535CCU6, STM32U535CCU6Q, STM32U535CET6, STM32U535CET6Q, STM32U535CEU6, STM32U535CEU6Q, STM32U535JEY6QTR, STM32U535NCY6QTR, STM32U535NEY6QTR, STM32U535RBI6, STM32U535RBI6Q, STM32U535RBT6, STM32U535RBT6Q, STM32U535RCI6, STM32U535RCI6Q, STM32U535RCT6, STM32U535RCT6Q, STM32U535REI6, STM32U535REI6Q, STM32U535RET6, STM32U535RET6Q, STM32U535VCI6, STM32U535VCI6Q, STM32U535VCT6, STM32U535VCT6Q, STM32U535VEI6, STM32U535VEI6Q, STM32U535VET6, STM32U535VET6Q, STM32U545CET6, STM32U545CET6Q, STM32U545CEU6, STM32U545CEU6Q, STM32U545JEY6QTR, STM32U545NEY6QTR, STM32U545REI6, STM32U545REI6Q, STM32U545RET6, STM32U545RET6Q, STM32U545VEI6, STM32U545VEI6Q, STM32U545VET6, STM32U545VET6Q, STM32U595AIH6, STM32U595AIH6Q, STM32U595AJH6, STM32U595AJH6Q, STM32U595QII6, STM32U595QII6Q, STM32U595QJI6, STM32U595QJI6Q, STM32U595RIT6, STM32U595RIT6Q, STM32U595RJT6, STM32U595RJT6Q, STM32U595VIT6, STM32U595VIT6Q, STM32U595VJT6, STM32U595VJT6Q, STM32U595ZIT6, STM32U595ZIT6Q, STM32U595ZIY6QTR, STM32U595ZJT6, STM32U595ZJT6Q, STM32U595ZJY6QTR, STM32U599BJY6QTR, STM32U599NIH6Q, STM32U599NJH6Q, STM32U599VIT6Q, STM32U599VJT6, STM32U599VJT6Q, STM32U599ZIT6Q, STM32U599ZIY6QTR, STM32U599ZJT6Q, STM32U599ZJY6QTR, STM32U5A5AJH6, STM32U5A5AJH6Q, STM32U5A5QJI6, STM32U5A5QJI6Q, STM32U5A5RJT6, STM32U5A5RJT6Q, STM32U5A5VJT6, STM32U5A5VJT6Q, STM32U5A5ZJT6, STM32U5A5ZJT6Q, STM32U5A5ZJY6QTR, STM32U5A9BJY6QTR, STM32U5A9J-DK, STM32U5A9NJH6Q, STM32U5A9VJT6Q, STM32U5A9ZJT6Q, STM32U5A9ZJY6QTR, STM32U5F7VIT6, STM32U5F7VIT6Q, STM32U5F7VJT6, STM32U5F7VJT6Q, STM32U5F9BJY6QTR, STM32U5F9NJH6Q, STM32U5F9VIT6Q, STM32U5F9VJT6Q, STM32U5F9ZIJ6QTR, STM32U5F9ZIT6Q, STM32U5F9ZJJ6QTR, STM32U5F9ZJT6Q, STM32U5G7VJT6, STM32U5G7VJT6Q, STM32U5G9BJY6QTR, STM32U5G9J-DK1, STM32U5G9J-DK2, STM32U5G9NJH6Q, STM32U5G9VJT6Q, STM32U5G9ZJJ6QTR, STM32U5G9ZJT6Q, STM32WB1MMCH6, STM32WBA50KEU6, STM32WBA50KEU6TR, STM32WBA50KGU6, STM32WBA50KGU6TR, STM32WBA52CEU6, STM32WBA52CEU6TR, STM32WBA52CEU7, STM32WBA52CEU7TR, STM32WBA52CGU6, STM32WBA52CGU6TR, STM32WBA52CGU6U, STM32WBA52CGU7, STM32WBA52CGU7TR, STM32WBA52KEU6, STM32WBA52KEU6TR, STM32WBA52KGU6, STM32WBA52KGU6TR, STM32WBA54CEU6, STM32WBA54CEU6TR, STM32WBA54CEU7, STM32WBA54CEU7TR, STM32WBA54CGU6, STM32WBA54CGU6TR, STM32WBA54CGU7, STM32WBA54CGU7TR, STM32WBA54KEU6, STM32WBA54KEU6TR, STM32WBA54KEU7, STM32WBA54KEU7TR, STM32WBA54KGU6, STM32WBA54KGU6TR, STM32WBA54KGU7, STM32WBA54KGU7TR, STM32WBA55CEU6, STM32WBA55CEU6TR, STM32WBA55CEU7, STM32WBA55CEU7TR, STM32WBA55CGU6, STM32WBA55CGU6TR, STM32WBA55CGU6U, STM32WBA55CGU7, STM32WBA55CGU7TR, STM32WBA55G-DK1, STM32WBA55HEF6, STM32WBA55HEF7, STM32WBA55HGF6, STM32WBA55HGF7, STM32WBA55UEI6, STM32WBA55UEI6TR, STM32WBA55UEI7, STM32WBA55UEI7TR, STM32WBA55UGI6, STM32WBA55UGI6TR, STM32WBA55UGI7, STM32WBA55UGI7TR, STM32WL5MOCH6, STM32WL5MOCH6TR]
2024-02-22 16:13:09,714 [INFO] DbMcus:218 - Found 3930 MCUs, 3930 are supported
2024-02-22 16:13:09,719 [INFO] ApiDb:423 - Load user favorites file C:\Users\hasan/.stm32cubeide/favorites.mcus.txt: 2 item(s)
2024-02-22 16:13:09,720 [INFO] ApiDb:427 - User favorites MCUs=[STM32F103C6T6A, STM32F103C8T6]
2024-02-22 16:13:09,720 [INFO] DbMcus:224 - Set 2 / 2 favorites MCUs
2024-02-22 16:13:10,106 [INFO] MicroXplorer:468 - Change Database Path : 
2024-02-22 16:13:10,106 [INFO] MicroXplorer:498 - Change Database Version : DB.6.0.100
2024-02-22 16:13:10,106 [WARN] ThirdParty:833 - waiting for thirdparty lock release [change project]
2024-02-22 16:13:10,106 [INFO] ThirdParty:835 - entering critical section [change project]
2024-02-22 16:13:10,107 [INFO] ThirdParty:1030 - CMSIS Pack Vendor :STMicroelectronics USBPD 4.1
2024-02-22 16:13:10,107 [INFO] ThirdParty:1030 - CMSIS Pack Vendor :STMicroelectronics X-CUBE-GNSS1 6.0.0
2024-02-22 16:13:10,107 [INFO] ThirdParty:1030 - CMSIS Pack Vendor :STMicroelectronics USB_HOST 2.0.0
2024-02-22 16:13:10,107 [INFO] ThirdParty:1030 - CMSIS Pack Vendor :STMicroelectronics X-CUBE-AZRTOS-F4 1.1.0
2024-02-22 16:13:10,107 [INFO] ThirdParty:1030 - CMSIS Pack Vendor :STMicroelectronics LIBJPEG 8.0.0
2024-02-22 16:13:10,107 [INFO] ThirdParty:1030 - CMSIS Pack Vendor :wolfSSL I-CUBE-wolfSSL 5.6.4
2024-02-22 16:13:10,107 [INFO] ThirdParty:1030 - CMSIS Pack Vendor :STMicroelectronics X-CUBE-SMBUS 2.1.0
2024-02-22 16:13:10,107 [INFO] ThirdParty:1030 - CMSIS Pack Vendor :STMicroelectronics USB_DEVICE 3.0.0
2024-02-22 16:13:10,107 [INFO] ThirdParty:1030 - CMSIS Pack Vendor :STMicroelectronics X-CUBE-AZRTOS-WB 2.0.0
2024-02-22 16:13:10,107 [INFO] ThirdParty:1030 - CMSIS Pack Vendor :STMicroelectronics X-CUBE-TOUCHGFX 4.23.0
2024-02-22 16:13:10,107 [INFO] ThirdParty:1030 - CMSIS Pack Vendor :STMicroelectronics X-CUBE-AZRTOS-F7 1.1.0
2024-02-22 16:13:10,107 [INFO] ThirdParty:1030 - CMSIS Pack Vendor :STMicroelectronics X-CUBE-AZRTOS-L5 2.0.0
2024-02-22 16:13:10,107 [INFO] ThirdParty:1030 - CMSIS Pack Vendor :STMicroelectronics USB_DEVICE 2.0.0
2024-02-22 16:13:10,107 [INFO] ThirdParty:1030 - CMSIS Pack Vendor :STMicroelectronics X-CUBE-EEPRMA1 4.2.0
2024-02-22 16:13:10,107 [INFO] ThirdParty:1030 - CMSIS Pack Vendor :ITTIA_DB I-CUBE-ITTIADB 8.8.0
2024-02-22 16:13:10,107 [INFO] ThirdParty:1030 - CMSIS Pack Vendor :STMicroelectronics FP-SNS-MOTENV1 4.3.2
2024-02-22 16:13:10,107 [INFO] ThirdParty:1030 - CMSIS Pack Vendor :STMicroelectronics X-CUBE-ALGOBUILD 1.3.0
2024-02-22 16:13:10,107 [INFO] ThirdParty:1030 - CMSIS Pack Vendor :STMicroelectronics FreeRTOS 0.0.1
2024-02-22 16:13:10,107 [INFO] ThirdParty:1030 - CMSIS Pack Vendor :STMicroelectronics X-CUBE-AZRTOS-G0 1.1.0
2024-02-22 16:13:10,107 [INFO] ThirdParty:1030 - CMSIS Pack Vendor :STMicroelectronics X-CUBE-NFC4 3.0.0
2024-02-22 16:13:10,107 [INFO] ThirdParty:1030 - CMSIS Pack Vendor :STMicroelectronics X-CUBE-SUBG2 5.0.0
2024-02-22 16:13:10,107 [INFO] ThirdParty:1030 - CMSIS Pack Vendor :STMicroelectronics STM32_WPAN 1.0.0
2024-02-22 16:13:10,107 [INFO] ThirdParty:1030 - CMSIS Pack Vendor :STMicroelectronics lwIP 2.0.3
2024-02-22 16:13:10,107 [INFO] ThirdParty:1030 - CMSIS Pack Vendor :STMicroelectronics FP-SNS-FLIGHT1 5.0.2
2024-02-22 16:13:10,107 [INFO] ThirdParty:1030 - CMSIS Pack Vendor :STMicroelectronics USB_HOST 1.0.0
2024-02-22 16:13:10,107 [INFO] ThirdParty:1030 - CMSIS Pack Vendor :STMicroelectronics X-CUBE-AZRTOS-G4 2.0.0
2024-02-22 16:13:10,107 [INFO] ThirdParty:1030 - CMSIS Pack Vendor :STMicroelectronics PDM2PCM 3.1.0
2024-02-22 16:13:10,107 [INFO] ThirdParty:1030 - CMSIS Pack Vendor :Infineon AIROC-Wi-Fi-Bluetooth-STM32 1.5.1
2024-02-22 16:13:10,108 [INFO] ThirdParty:1030 - CMSIS Pack Vendor :STMicroelectronics X-CUBE-BLEMGR 3.0.0
2024-02-22 16:13:10,108 [INFO] ThirdParty:1030 - CMSIS Pack Vendor :STMicroelectronics PDM2PCM 3.3.0
2024-02-22 16:13:10,108 [INFO] ThirdParty:1030 - CMSIS Pack Vendor :STMicroelectronics X-CUBE-DISPLAY 3.0.0
2024-02-22 16:13:10,108 [INFO] ThirdParty:1030 - CMSIS Pack Vendor :STMicroelectronics FP-SNS-MOTENVWB1 1.3.1
2024-02-22 16:13:10,108 [INFO] ThirdParty:1030 - CMSIS Pack Vendor :STMicroelectronics X-CUBE-BLE1 7.0.0
2024-02-22 16:13:10,108 [INFO] ThirdParty:1030 - CMSIS Pack Vendor :STMicroelectronics FP-ATR-SIGFOX1 3.2.0
2024-02-22 16:13:10,108 [INFO] ThirdParty:1030 - CMSIS Pack Vendor :STMicroelectronics X-CUBE-ISPU 2.0.0
2024-02-22 16:13:10,108 [INFO] ThirdParty:1030 - CMSIS Pack Vendor :STMicroelectronics X-CUBE-EEPRMA1 5.1.0
2024-02-22 16:13:10,108 [INFO] ThirdParty:1030 - CMSIS Pack Vendor :STMicroelectronics HAL Drivers 0.0.0
2024-02-22 16:13:10,108 [INFO] ThirdParty:1030 - CMSIS Pack Vendor :STMicroelectronics MBEDTLS 2.16.2
2024-02-22 16:13:10,108 [INFO] ThirdParty:1030 - CMSIS Pack Vendor :emotas I-CUBE-CANOPEN 1.3.0
2024-02-22 16:13:10,108 [INFO] ThirdParty:1030 - CMSIS Pack Vendor :STMicroelectronics X-CUBE-MEMS1 10.0.0
2024-02-22 16:13:10,108 [INFO] ThirdParty:1030 - CMSIS Pack Vendor :STMicroelectronics X-CUBE-FREERTOS 1.1.0
2024-02-22 16:13:10,108 [INFO] ThirdParty:1030 - CMSIS Pack Vendor :STMicroelectronics X-CUBE-NFC7 1.0.1
2024-02-22 16:13:10,108 [INFO] ThirdParty:1030 - CMSIS Pack Vendor :STMicroelectronics MBEDTLS 2.14.1
2024-02-22 16:13:10,108 [INFO] ThirdParty:1030 - CMSIS Pack Vendor :STMicroelectronics X-CUBE-NFC6 3.0.0
2024-02-22 16:13:10,108 [INFO] ThirdParty:1030 - CMSIS Pack Vendor :portGmbH I-Cube-SoM-uGOAL 1.1.0
2024-02-22 16:13:10,108 [INFO] ThirdParty:1030 - CMSIS Pack Vendor :STMicroelectronics X-CUBE-ALS 1.0.1
2024-02-22 16:13:10,108 [INFO] ThirdParty:1030 - CMSIS Pack Vendor :STMicroelectronics ThreadX 1.0.0
2024-02-22 16:13:10,108 [INFO] ThirdParty:1030 - CMSIS Pack Vendor :STMicroelectronics FP-SNS-SMARTAG2 1.2.0
2024-02-22 16:13:10,108 [INFO] ThirdParty:1030 - CMSIS Pack Vendor :STMicroelectronics X-CUBE-AZRTOS-WL 2.0.0
2024-02-22 16:13:10,108 [INFO] ThirdParty:1030 - CMSIS Pack Vendor :SEGGER I-CUBE-embOS 1.3.1
2024-02-22 16:13:10,108 [INFO] ThirdParty:1030 - CMSIS Pack Vendor :STMicroelectronics USB_DEVICE 1.0.0
2024-02-22 16:13:10,108 [INFO] ThirdParty:1030 - CMSIS Pack Vendor :STMicroelectronics X-CUBE-AI 8.1.0
2024-02-22 16:13:10,108 [INFO] ThirdParty:1030 - CMSIS Pack Vendor :STMicroelectronics X-CUBE-AZRTOS-L4 2.0.0
2024-02-22 16:13:10,108 [INFO] ThirdParty:1030 - CMSIS Pack Vendor :STMicroelectronics ThreadX 0.0.2
2024-02-22 16:13:10,108 [INFO] ThirdParty:1030 - CMSIS Pack Vendor :WES I-CUBE-Cesium 1.3.0
2024-02-22 16:13:10,108 [INFO] ThirdParty:1030 - CMSIS Pack Vendor :STMicroelectronics FP-ATR-ASTRA1 2.0.0
2024-02-22 16:13:10,108 [INFO] ThirdParty:1030 - CMSIS Pack Vendor :STMicroelectronics lwIP 2.1.2
2024-02-22 16:13:10,108 [INFO] ThirdParty:1030 - CMSIS Pack Vendor :STMicroelectronics X-CUBE-SFXS2LP1 4.0.0
2024-02-22 16:13:10,108 [INFO] ThirdParty:1030 - CMSIS Pack Vendor :STMicroelectronics X-CUBE-BLE2 3.3.0
2024-02-22 16:13:10,108 [INFO] ThirdParty:1030 - CMSIS Pack Vendor :STMicroelectronics X-CUBE-TOF1 3.4.0
2024-02-22 16:13:10,108 [INFO] ThirdParty:1030 - CMSIS Pack Vendor :STMicroelectronics X-CUBE-AZRTOS-H7 3.2.0
2024-02-22 16:13:10,108 [INFO] ThirdParty:1030 - CMSIS Pack Vendor :STMicroelectronics PDM2PCM 3.2.0
2024-02-22 16:13:10,108 [INFO] ThirdParty:841 - exiting critical section [change project]
2024-02-22 16:13:10,312 [INFO] PinOutPanel:1499 - setPackage(No Configuration,No Configuration)
2024-02-22 16:13:10,313 [INFO] PinOutPanel:1499 - setPackage(STM32F103C8Tx,LQFP48)
2024-02-22 16:13:10,656 [INFO] UtilMem:75 - Before build in PCC Used Memory: 192150768 Bytes (300941312)
2024-02-22 16:13:11,465 [INFO] UtilMem:75 - After build in PCC Used Memory: 186695600 Bytes (300941312)
2024-02-22 16:13:11,487 [INFO] IPUIPlugin:80 - create IPUIPlugin
2024-02-22 16:13:11,488 [INFO] IPUIPlugin:80 - create IPUIPlugin
2024-02-22 16:13:11,488 [INFO] IPUIPlugin:80 - create IPUIPlugin
2024-02-22 16:13:11,488 [INFO] IPUIPlugin:80 - create IPUIPlugin
2024-02-22 16:13:11,488 [INFO] IPUIPlugin:80 - create IPUIPlugin
2024-02-22 16:13:11,488 [INFO] IPUIPlugin:80 - create IPUIPlugin
2024-02-22 16:13:11,488 [INFO] IPUIPlugin:80 - create IPUIPlugin
2024-02-22 16:13:11,488 [INFO] IPUIPlugin:80 - create IPUIPlugin
2024-02-22 16:13:11,488 [INFO] IPUIPlugin:80 - create IPUIPlugin
2024-02-22 16:13:11,488 [INFO] IPUIPlugin:80 - create IPUIPlugin
2024-02-22 16:13:11,489 [INFO] IPUIPlugin:80 - create IPUIPlugin
2024-02-22 16:13:11,489 [INFO] IPUIPlugin:80 - create IPUIPlugin
2024-02-22 16:13:11,489 [INFO] IPUIPlugin:80 - create IPUIPlugin
2024-02-22 16:13:11,489 [INFO] IPUIPlugin:80 - create IPUIPlugin
2024-02-22 16:13:11,489 [INFO] IPUIPlugin:80 - create IPUIPlugin
2024-02-22 16:13:11,489 [INFO] IPUIPlugin:80 - create IPUIPlugin
2024-02-22 16:13:11,489 [INFO] IPUIPlugin:80 - create IPUIPlugin
2024-02-22 16:13:11,489 [INFO] IPUIPlugin:80 - create IPUIPlugin
2024-02-22 16:13:11,490 [INFO] IPUIPlugin:80 - create IPUIPlugin
2024-02-22 16:13:11,490 [INFO] IPUIPlugin:80 - create IPUIPlugin
2024-02-22 16:13:11,490 [INFO] IPUIPlugin:80 - create IPUIPlugin
2024-02-22 16:13:11,490 [INFO] IPUIPlugin:80 - create IPUIPlugin
2024-02-22 16:13:11,490 [INFO] IPUIPlugin:80 - create IPUIPlugin
2024-02-22 16:13:11,490 [INFO] IPUIPlugin:80 - create IPUIPlugin
2024-02-22 16:13:11,490 [INFO] IPUIPlugin:80 - create IPUIPlugin
2024-02-22 16:13:11,491 [INFO] IPUIPlugin:80 - create IPUIPlugin
2024-02-22 16:13:11,491 [INFO] IPUIPlugin:80 - create IPUIPlugin
2024-02-22 16:13:11,687 [INFO] CADModel:165 - CPN selected for project levelSTM32F103C8T6
2024-02-22 16:13:11,687 [INFO] CADModel:114 - Register for checkConnection events
2024-02-22 16:13:11,723 [INFO] OpenFileManager:343 - Restore cursor
2024-02-22 16:13:14,427 [ERROR] LogOutputStream:75 - [STDERR_REDIRECT] SLF4J: Failed to load class "org.slf4j.impl.StaticLoggerBinder".
2024-02-22 16:13:14,428 [ERROR] LogOutputStream:75 - [STDERR_REDIRECT] SLF4J: Defaulting to no-operation (NOP) logger implementation
2024-02-22 16:13:14,428 [ERROR] LogOutputStream:75 - [STDERR_REDIRECT] SLF4J: See http://www.slf4j.org/codes.html#StaticLoggerBinder for further details.
2024-02-22 16:16:38,289 [INFO] UtilMem:75 - End SaveConfig() Used Memory: 569225200 Bytes (909115392)
2024-02-22 16:16:38,760 [INFO] BlockDiagram:2759 - set Specific Code input for plugin: NVIC
2024-02-22 16:16:38,760 [INFO] BlockDiagram:2759 - set Specific Code input for plugin: TIM1_8F1
2024-02-22 16:16:38,760 [INFO] BlockDiagram:2759 - set Specific Code input for plugin: SYS
2024-02-22 16:16:38,761 [INFO] BlockDiagram:2759 - set Specific Code input for plugin: GPIO
2024-02-22 16:16:38,761 [INFO] BlockDiagram:2759 - set Specific Code input for plugin: ADC
2024-02-22 16:16:38,761 [INFO] BlockDiagram:2759 - set Specific Code input for plugin: RCC
2024-02-22 16:16:38,763 [INFO] CodeGenerator:807 - code generatio: config db path: C:\ST\STM32CubeIDE_1.14.0\STM32CubeIDE\plugins\com.st.stm32cube.common.mx_6.10.0.202311202037\\db\
2024-02-22 16:16:38,971 [INFO] CodeEngine:255 - oldGeneratedFile, C:\Users\hasan\STM32CubeIDE\workspace_1.14.0\motor_deneme\MXTmpFiles\license.tmp_save
2024-02-22 16:16:39,279 [INFO] CodeEngine:279 - Generated code: C:\Users\hasan\STM32CubeIDE\workspace_1.14.0\motor_deneme\MXTmpFiles\license.tmp
2024-02-22 16:16:39,397 [INFO] CodeEngine:255 - oldGeneratedFile, C:\Users\hasan\STM32CubeIDE\workspace_1.14.0\motor_deneme\MXTmpFiles\gpio.tmp_save
2024-02-22 16:16:39,530 [INFO] CodeEngine:279 - Generated code: C:\Users\hasan\STM32CubeIDE\workspace_1.14.0\motor_deneme\MXTmpFiles\gpio.tmp
2024-02-22 16:16:39,716 [INFO] CodeEngine:255 - oldGeneratedFile, C:\Users\hasan\STM32CubeIDE\workspace_1.14.0\motor_deneme\Core\Src\stm32f1xx_it.c_save
2024-02-22 16:16:39,850 [INFO] CodeEngine:279 - Generated code: C:\Users\hasan\STM32CubeIDE\workspace_1.14.0\motor_deneme\Core\Src\stm32f1xx_it.c
2024-02-22 16:16:39,868 [INFO] CodeEngine:255 - oldGeneratedFile, C:\Users\hasan\STM32CubeIDE\workspace_1.14.0\motor_deneme\Core\Inc\stm32f1xx_it.h_save
2024-02-22 16:16:39,968 [INFO] CodeEngine:279 - Generated code: C:\Users\hasan\STM32CubeIDE\workspace_1.14.0\motor_deneme\Core\Inc\stm32f1xx_it.h
2024-02-22 16:16:39,986 [INFO] CodeEngine:255 - oldGeneratedFile, C:\Users\hasan\STM32CubeIDE\workspace_1.14.0\motor_deneme\Core\Src\stm32f1xx_hal_msp.c_save
2024-02-22 16:16:40,102 [INFO] CodeEngine:279 - Generated code: C:\Users\hasan\STM32CubeIDE\workspace_1.14.0\motor_deneme\Core\Src\stm32f1xx_hal_msp.c
2024-02-22 16:16:40,111 [INFO] CodeEngine:255 - oldGeneratedFile, C:\Users\hasan\STM32CubeIDE\workspace_1.14.0\motor_deneme\MXTmpFiles\system.tmp_save
2024-02-22 16:16:40,164 [INFO] CodeEngine:279 - Generated code: C:\Users\hasan\STM32CubeIDE\workspace_1.14.0\motor_deneme\MXTmpFiles\system.tmp
2024-02-22 16:16:40,183 [INFO] CodeEngine:311 - oldGeneratedFile, C:\Users\hasan\STM32CubeIDE\workspace_1.14.0\motor_deneme\Core\Inc\stm32f1xx_hal_conf.h_save
2024-02-22 16:16:40,271 [INFO] CodeEngine:335 - Generated code: C:\Users\hasan\STM32CubeIDE\workspace_1.14.0\motor_deneme\Core\Inc\stm32f1xx_hal_conf.h
2024-02-22 16:16:40,296 [WARN] IPConfigManager:3440 - IP not found : TIM
2024-02-22 16:16:40,297 [WARN] CodeGenerator:3939 - IP not found : null
2024-02-22 16:16:40,312 [INFO] CodeEngine:255 - oldGeneratedFile, C:\Users\hasan\STM32CubeIDE\workspace_1.14.0\motor_deneme\Core\Inc\main.h_save
2024-02-22 16:16:40,383 [INFO] CodeEngine:279 - Generated code: C:\Users\hasan\STM32CubeIDE\workspace_1.14.0\motor_deneme\Core\Inc\main.h
2024-02-22 16:16:40,397 [INFO] CodeEngine:255 - oldGeneratedFile, C:\Users\hasan\STM32CubeIDE\workspace_1.14.0\motor_deneme\Core\Src\main.c_save
2024-02-22 16:16:40,524 [INFO] CodeEngine:279 - Generated code: C:\Users\hasan\STM32CubeIDE\workspace_1.14.0\motor_deneme\Core\Src\main.c
2024-02-22 16:16:40,966 [INFO] ProjectBuilder:3076 - Time for Copy HAL[1] : 149mS.
2024-02-22 16:16:40,970 [INFO] ProjectBuilder:4485 - Project Generator version: 4.2.0-B44
2024-02-22 16:16:41,177 [INFO] ConfigFileManager:1495 - The Die is : DIE410
2024-02-22 16:16:41,191 [INFO] ApiDbMcu:508 - Load IP Config File for FATFS
2024-02-22 16:16:41,201 [INFO] ApiDbMcu:508 - Load IP Config File for FREERTOS
2024-02-22 16:16:41,212 [INFO] ApiDbMcu:508 - Load IP Config File for USB_DEVICE
2024-02-22 16:16:41,996 [INFO] LogOutputStream:77 - [STDOUT_REDIRECT] 
2024-02-22 16:16:43,182 [INFO] ProjectBuilder:4747 - Time for Generating toolchain IDE Files: 2212mS.
2024-02-22 16:16:43,183 [INFO] ProjectBuilder:2947 - Time for Copy CMSIS : 0mS.
2024-02-22 16:16:43,185 [INFO] ProjectBuilder:2947 - Time for Copy CMSIS : 0mS.
2024-02-22 16:58:56,253 [INFO] Activator:176 - 


2024-02-22 16:58:56,255 [INFO] Activator:177 - !SESSION log4j initialized
2024-02-22 16:59:00,920 [INFO] LogOutputStream:77 - [STDOUT_REDIRECT] 
2024-02-22 16:59:01,642 [INFO] ApplicationProperties:184 - Using Application install path: C:\ST\STM32CubeIDE_1.14.0\STM32CubeIDE\plugins\com.st.stm32cube.common.mx_6.10.0.202311202037
2024-02-22 16:59:01,655 [INFO] DbMcusXml:78 - Set database path to: C:\ST\STM32CubeIDE_1.14.0\STM32CubeIDE\plugins\com.st.stm32cube.common.mx_6.10.0.202311202037\\db\/mcu/
2024-02-22 16:59:01,656 [INFO] ApiDb:274 - Set plugin database path to: C:\ST\STM32CubeIDE_1.14.0\STM32CubeIDE\plugins\com.st.stm32cube.common.mx_6.10.0.202311202037\\db\/plugins/boardmanager/
2024-02-22 16:59:01,656 [WARN] ApiDb:259 - Overriding images path with different value:  => C:\ST\STM32CubeIDE_1.14.0\STM32CubeIDE\plugins\com.st.stm32cube.common.mx_6.10.0.202311202037\\db\/plugins/mcufinder/images/
2024-02-22 16:59:01,659 [INFO] ApiDb:250 - Set database path to: C:\Users\hasan\.stmcufinder\plugins\mcufinder//mcu/
2024-02-22 16:59:01,659 [INFO] DbMcusAds:125 - Set database path to: C:\Users\hasan\.stmcufinder\plugins\mcufinder//mcu/
2024-02-22 16:59:01,661 [INFO] CrossReferenceDbSqlite:203 - Set database path to: C:\Users\hasan\.stmcufinder\plugins\mcufinder//mcu/cs/
2024-02-22 16:59:01,730 [INFO] RulesReader:64 - Compatibility file has been processed (297 Rules)
2024-02-22 16:59:01,784 [INFO] DbMcusXml:78 - Set database path to: C:\ST\STM32CubeIDE_1.14.0\STM32CubeIDE\plugins\com.st.stm32cube.common.mx_6.10.0.202311202037\\db\/mcu/
2024-02-22 16:59:01,784 [INFO] ApiDb:274 - Set plugin database path to: C:\ST\STM32CubeIDE_1.14.0\STM32CubeIDE\plugins\com.st.stm32cube.common.mx_6.10.0.202311202037\\db\/plugins/boardmanager/
2024-02-22 16:59:01,784 [INFO] ApiDb:261 - Set plugin images path to: C:\ST\STM32CubeIDE_1.14.0\STM32CubeIDE\plugins\com.st.stm32cube.common.mx_6.10.0.202311202037\\db\/plugins/mcufinder/images/
2024-02-22 16:59:01,784 [WARN] DbFile:41 - Overriding database path with different value: C:\Users\hasan\.stmcufinder\plugins\mcufinder/ => C:\Users\hasan\.stmcufinder\plugins\mcufinder
2024-02-22 16:59:01,785 [INFO] ApiDb:250 - Set database path to: C:\Users\hasan\.stmcufinder\plugins\mcufinder//mcu/
2024-02-22 16:59:01,785 [WARN] DbFile:41 - Overriding database path with different value: C:\Users\hasan\.stmcufinder\plugins\mcufinder/ => C:\Users\hasan\.stmcufinder\plugins\mcufinder
2024-02-22 16:59:01,785 [INFO] DbMcusAds:125 - Set database path to: C:\Users\hasan\.stmcufinder\plugins\mcufinder//mcu/
2024-02-22 16:59:01,785 [WARN] DbFile:41 - Overriding database path with different value: C:\Users\hasan\.stmcufinder\plugins\mcufinder/ => C:\Users\hasan\.stmcufinder\plugins\mcufinder
2024-02-22 16:59:01,785 [WARN] DbFile:41 - Overriding database path with different value: C:\Users\hasan\.stmcufinder\plugins\mcufinder/ => C:\Users\hasan\.stmcufinder\plugins\mcufinder
2024-02-22 16:59:01,785 [INFO] CrossReferenceDbSqlite:203 - Set database path to: C:\Users\hasan\.stmcufinder\plugins\mcufinder//mcu/cs/
2024-02-22 16:59:01,835 [INFO] MainPanel:264 - HeapMemory: 268435456
2024-02-22 16:59:01,886 [INFO] DbMcusXml:78 - Set database path to: C:\ST\STM32CubeIDE_1.14.0\STM32CubeIDE\plugins\com.st.stm32cube.common.mx_6.10.0.202311202037\\db\/mcu/
2024-02-22 16:59:01,886 [INFO] ApiDb:274 - Set plugin database path to: C:\ST\STM32CubeIDE_1.14.0\STM32CubeIDE\plugins\com.st.stm32cube.common.mx_6.10.0.202311202037\\db\/plugins/boardmanager/
2024-02-22 16:59:01,886 [INFO] ApiDb:261 - Set plugin images path to: C:\ST\STM32CubeIDE_1.14.0\STM32CubeIDE\plugins\com.st.stm32cube.common.mx_6.10.0.202311202037\\db\/plugins/mcufinder/images/
2024-02-22 16:59:01,886 [WARN] DbFile:41 - Overriding database path with different value: C:\Users\hasan\.stmcufinder\plugins\mcufinder/ => C:\Users\hasan\.stmcufinder\plugins\mcufinder
2024-02-22 16:59:01,886 [INFO] ApiDb:250 - Set database path to: C:\Users\hasan\.stmcufinder\plugins\mcufinder//mcu/
2024-02-22 16:59:01,886 [WARN] DbFile:41 - Overriding database path with different value: C:\Users\hasan\.stmcufinder\plugins\mcufinder/ => C:\Users\hasan\.stmcufinder\plugins\mcufinder
2024-02-22 16:59:01,886 [INFO] DbMcusAds:125 - Set database path to: C:\Users\hasan\.stmcufinder\plugins\mcufinder//mcu/
2024-02-22 16:59:01,886 [WARN] DbFile:41 - Overriding database path with different value: C:\Users\hasan\.stmcufinder\plugins\mcufinder/ => C:\Users\hasan\.stmcufinder\plugins\mcufinder
2024-02-22 16:59:01,886 [WARN] DbFile:41 - Overriding database path with different value: C:\Users\hasan\.stmcufinder\plugins\mcufinder/ => C:\Users\hasan\.stmcufinder\plugins\mcufinder
2024-02-22 16:59:01,887 [INFO] CrossReferenceDbSqlite:203 - Set database path to: C:\Users\hasan\.stmcufinder\plugins\mcufinder//mcu/cs/
2024-02-22 16:59:01,899 [INFO] ApplicationProperties:184 - Using Application install path: C:\ST\STM32CubeIDE_1.14.0\STM32CubeIDE\plugins\com.st.stm32cube.common.mx_6.10.0.202311202037
2024-02-22 16:59:01,900 [INFO] PluginManage:196 - Search for loadable plugins [exclusion list=, ]
2024-02-22 16:59:01,900 [INFO] PluginManage:310 - Check plugin analytics
2024-02-22 16:59:02,027 [INFO] AnalyticsPlugin:253 - Accepted Software Licenses: 
2024-02-22 16:59:02,027 [INFO] AnalyticsPlugin:255 - Accepted CMSIS Pack Licenses: 
2024-02-22 16:59:02,027 [INFO] AnalyticsPlugin:257 - Accepted Firmware Licenses: 
2024-02-22 16:59:02,030 [INFO] PluginManage:359 - Loaded plugin analytics (category:tool,tabindex:-1)
2024-02-22 16:59:02,031 [INFO] PluginManage:310 - Check plugin cadmodel
2024-02-22 16:59:02,035 [INFO] CADModel:105 - Init CAD model plugin
2024-02-22 16:59:02,035 [INFO] PluginManage:359 - Loaded plugin cadmodel (category:power,tabindex:5)
2024-02-22 16:59:02,035 [INFO] PluginManage:310 - Check plugin clock
2024-02-22 16:59:02,043 [INFO] PluginManage:359 - Loaded plugin clock (category:base,tabindex:2)
2024-02-22 16:59:02,043 [INFO] PluginManage:310 - Check plugin ddr
2024-02-22 16:59:02,044 [INFO] PluginManage:359 - Loaded plugin ddr (category:tool,tabindex:6)
2024-02-22 16:59:02,044 [INFO] PluginManage:310 - Check plugin filemanager
2024-02-22 16:59:02,160 [INFO] PluginManage:359 - Loaded plugin filemanager (category:base,tabindex:10)
2024-02-22 16:59:02,160 [INFO] PluginManage:310 - Check plugin ipmanager
2024-02-22 16:59:02,166 [INFO] PluginManage:359 - Loaded plugin ipmanager (category:base,tabindex:5)
2024-02-22 16:59:02,166 [INFO] PluginManage:310 - Check plugin lpbam
2024-02-22 16:59:02,173 [INFO] PluginManage:359 - Loaded plugin lpbam (category:base,tabindex:0)
2024-02-22 16:59:02,173 [INFO] PluginManage:310 - Check plugin memorymap
2024-02-22 16:59:02,181 [INFO] PluginManage:359 - Loaded plugin memorymap (category:base,tabindex:4)
2024-02-22 16:59:02,181 [INFO] PluginManage:310 - Check plugin pinoutandconfiguration
2024-02-22 16:59:02,190 [INFO] PluginManage:359 - Loaded plugin pinoutandconfiguration (category:base,tabindex:1)
2024-02-22 16:59:02,190 [INFO] PluginManage:310 - Check plugin pinoutconfig
2024-02-22 16:59:02,253 [WARN] SupportedApi:132 - Cannot load RTOS API schema: s4s-elt-must-match.1: The content of 'definitions' must match (annotation?, (simpleType | complexType)?, (unique | key | keyref)*)). A problem was found starting at: attribute.
2024-02-22 16:59:02,338 [INFO] PluginManage:359 - Loaded plugin pinoutconfig (category:base,tabindex:0)
2024-02-22 16:59:02,338 [INFO] PluginManage:310 - Check plugin power
2024-02-22 16:59:02,344 [INFO] PluginManage:359 - Loaded plugin power (category:power,tabindex:4)
2024-02-22 16:59:02,344 [INFO] PluginManage:310 - Check plugin projectmanager
2024-02-22 16:59:02,356 [INFO] PluginManage:359 - Loaded plugin projectmanager (category:projectmanager,tabindex:3)
2024-02-22 16:59:02,356 [INFO] PluginManage:310 - Check plugin thirdparty
2024-02-22 16:59:02,445 [WARN] IntegrityCheckThread:84 - waiting for thirdparty lock release [integrity check]
2024-02-22 16:59:02,445 [INFO] PluginManage:359 - Loaded plugin thirdparty (category:base,tabindex:-1)
2024-02-22 16:59:02,446 [INFO] IntegrityCheckThread:86 - entering critical section [integrity check]
2024-02-22 16:59:02,446 [INFO] PluginManage:310 - Check plugin tools
2024-02-22 16:59:02,446 [INFO] ThirdPartyUpdaterWithRetryManager:70 - Updater plugin not ready yet. [1/15]
2024-02-22 16:59:02,449 [INFO] PluginManage:359 - Loaded plugin tools (category:base,tabindex:7)
2024-02-22 16:59:02,449 [INFO] PluginManage:310 - Check plugin tutovideos
2024-02-22 16:59:02,573 [INFO] PluginManage:359 - Loaded plugin tutovideos (category:base,tabindex:-1)
2024-02-22 16:59:02,573 [INFO] PluginManage:310 - Check plugin updater
2024-02-22 16:59:02,580 [INFO] PluginManage:359 - Loaded plugin updater (category:base,tabindex:12)
2024-02-22 16:59:02,580 [INFO] PluginManage:310 - Check plugin userauth
2024-02-22 16:59:02,584 [INFO] UserAuth:114 - Init User Auth plugin
2024-02-22 16:59:02,584 [INFO] PluginManage:359 - Loaded plugin userauth (category:base,tabindex:14)
2024-02-22 16:59:02,584 [INFO] PluginManage:283 - PluginManage : Loaded plugins [17]
2024-02-22 16:59:02,719 [INFO] PinOutPanel:1499 - setPackage(No Configuration,No Configuration)
2024-02-22 16:59:02,771 [INFO] CADModel:165 - CPN selected for project level
2024-02-22 16:59:02,771 [INFO] CADModel:114 - Register for checkConnection events
2024-02-22 16:59:02,783 [INFO] IPUIPlugin:80 - create IPUIPlugin
2024-02-22 16:59:02,783 [INFO] PluginManager:220 - loadIPPluginJar : add adc
2024-02-22 16:59:02,785 [INFO] IPUIPlugin:80 - create IPUIPlugin
2024-02-22 16:59:02,785 [INFO] PluginManager:220 - loadIPPluginJar : add aes
2024-02-22 16:59:02,787 [INFO] IPUIPlugin:80 - create IPUIPlugin
2024-02-22 16:59:02,787 [INFO] PluginManager:220 - loadIPPluginJar : add can
2024-02-22 16:59:02,788 [INFO] IPUIPlugin:80 - create IPUIPlugin
2024-02-22 16:59:02,788 [INFO] PluginManager:220 - loadIPPluginJar : add comp
2024-02-22 16:59:02,790 [INFO] IPUIPlugin:80 - create IPUIPlugin
2024-02-22 16:59:02,790 [INFO] PluginManager:220 - loadIPPluginJar : add cryp
2024-02-22 16:59:02,791 [INFO] IPUIPlugin:80 - create IPUIPlugin
2024-02-22 16:59:02,791 [INFO] PluginManager:220 - loadIPPluginJar : add dfsdm
2024-02-22 16:59:02,794 [INFO] IPUIPlugin:80 - create IPUIPlugin
2024-02-22 16:59:02,795 [INFO] PluginManager:220 - loadIPPluginJar : add dma
2024-02-22 16:59:02,796 [INFO] IPUIPlugin:80 - create IPUIPlugin
2024-02-22 16:59:02,796 [INFO] PluginManager:220 - loadIPPluginJar : add dma3
2024-02-22 16:59:02,797 [INFO] IPUIPlugin:80 - create IPUIPlugin
2024-02-22 16:59:02,797 [INFO] PluginManager:220 - loadIPPluginJar : add fatfs
2024-02-22 16:59:02,799 [INFO] IPUIPlugin:80 - create IPUIPlugin
2024-02-22 16:59:02,800 [INFO] PluginManager:220 - loadIPPluginJar : add fmc
2024-02-22 16:59:02,803 [INFO] IPUIPlugin:80 - create IPUIPlugin
2024-02-22 16:59:02,803 [INFO] PluginManager:220 - loadIPPluginJar : add freertos
2024-02-22 16:59:02,803 [INFO] IPUIPlugin:80 - create IPUIPlugin
2024-02-22 16:59:02,803 [INFO] PluginManager:220 - loadIPPluginJar : add genericplugin
2024-02-22 16:59:02,804 [INFO] IPUIPlugin:80 - create IPUIPlugin
2024-02-22 16:59:02,804 [INFO] PluginManager:220 - loadIPPluginJar : add gfxmmu
2024-02-22 16:59:02,807 [INFO] IPUIPlugin:80 - create IPUIPlugin
2024-02-22 16:59:02,808 [INFO] PluginManager:220 - loadIPPluginJar : add gic
2024-02-22 16:59:02,810 [INFO] IPUIPlugin:80 - create IPUIPlugin
2024-02-22 16:59:02,810 [INFO] PluginManager:220 - loadIPPluginJar : add gpio
2024-02-22 16:59:02,811 [INFO] IPUIPlugin:80 - create IPUIPlugin
2024-02-22 16:59:02,812 [INFO] PluginManager:220 - loadIPPluginJar : add gtzc
2024-02-22 16:59:02,813 [INFO] IPUIPlugin:80 - create IPUIPlugin
2024-02-22 16:59:02,813 [INFO] PluginManager:220 - loadIPPluginJar : add hash
2024-02-22 16:59:02,814 [INFO] IPUIPlugin:80 - create IPUIPlugin
2024-02-22 16:59:02,814 [INFO] PluginManager:220 - loadIPPluginJar : add i2c
2024-02-22 16:59:02,815 [INFO] IPUIPlugin:80 - create IPUIPlugin
2024-02-22 16:59:02,815 [INFO] PluginManager:220 - loadIPPluginJar : add i2s
2024-02-22 16:59:02,816 [INFO] IPUIPlugin:80 - create IPUIPlugin
2024-02-22 16:59:02,817 [INFO] PluginManager:220 - loadIPPluginJar : add i3c
2024-02-22 16:59:02,818 [INFO] IPUIPlugin:80 - create IPUIPlugin
2024-02-22 16:59:02,819 [INFO] PluginManager:220 - loadIPPluginJar : add ipddr
2024-02-22 16:59:02,823 [INFO] IPUIPlugin:80 - create IPUIPlugin
2024-02-22 16:59:02,823 [INFO] PluginManager:220 - loadIPPluginJar : add linkedlist
2024-02-22 16:59:02,825 [INFO] IPUIPlugin:80 - create IPUIPlugin
2024-02-22 16:59:02,825 [INFO] PluginManager:220 - loadIPPluginJar : add lorawan
2024-02-22 16:59:02,826 [INFO] IPUIPlugin:80 - create IPUIPlugin
2024-02-22 16:59:02,826 [INFO] PluginManager:220 - loadIPPluginJar : add ltdc
2024-02-22 16:59:02,830 [INFO] IPUIPlugin:80 - create IPUIPlugin
2024-02-22 16:59:02,830 [INFO] PluginManager:220 - loadIPPluginJar : add mdma
2024-02-22 16:59:02,833 [INFO] IPUIPlugin:80 - create IPUIPlugin
2024-02-22 16:59:02,834 [INFO] PluginManager:220 - loadIPPluginJar : add nvic
2024-02-22 16:59:02,835 [INFO] IPUIPlugin:80 - create IPUIPlugin
2024-02-22 16:59:02,835 [INFO] PluginManager:220 - loadIPPluginJar : add opamp
2024-02-22 16:59:02,837 [INFO] IPUIPlugin:80 - create IPUIPlugin
2024-02-22 16:59:02,837 [INFO] PluginManager:220 - loadIPPluginJar : add openamp
2024-02-22 16:59:02,839 [INFO] IPUIPlugin:80 - create IPUIPlugin
2024-02-22 16:59:02,839 [INFO] PluginManager:220 - loadIPPluginJar : add pdm2pcm
2024-02-22 16:59:02,843 [INFO] IPUIPlugin:80 - create IPUIPlugin
2024-02-22 16:59:02,844 [INFO] PluginManager:220 - loadIPPluginJar : add plateformsettings
2024-02-22 16:59:02,845 [INFO] IPUIPlugin:80 - create IPUIPlugin
2024-02-22 16:59:02,845 [INFO] PluginManager:220 - loadIPPluginJar : add quadspi
2024-02-22 16:59:02,847 [INFO] IPUIPlugin:80 - create IPUIPlugin
2024-02-22 16:59:02,847 [INFO] PluginManager:220 - loadIPPluginJar : add resmgrutility
2024-02-22 16:59:02,849 [INFO] IPUIPlugin:80 - create IPUIPlugin
2024-02-22 16:59:02,849 [INFO] PluginManager:220 - loadIPPluginJar : add sai
2024-02-22 16:59:02,850 [INFO] IPUIPlugin:80 - create IPUIPlugin
2024-02-22 16:59:02,850 [INFO] PluginManager:220 - loadIPPluginJar : add spi
2024-02-22 16:59:02,854 [INFO] IPUIPlugin:80 - create IPUIPlugin
2024-02-22 16:59:02,854 [INFO] PluginManager:220 - loadIPPluginJar : add stm32_wpan
2024-02-22 16:59:02,855 [INFO] IPUIPlugin:80 - create IPUIPlugin
2024-02-22 16:59:02,855 [INFO] PluginManager:220 - loadIPPluginJar : add tim
2024-02-22 16:59:02,857 [INFO] IPUIPlugin:80 - create IPUIPlugin
2024-02-22 16:59:02,857 [INFO] PluginManager:220 - loadIPPluginJar : add touchsensing
2024-02-22 16:59:02,859 [INFO] IPUIPlugin:80 - create IPUIPlugin
2024-02-22 16:59:02,859 [INFO] PluginManager:220 - loadIPPluginJar : add tracer_emb
2024-02-22 16:59:02,860 [INFO] IPUIPlugin:80 - create IPUIPlugin
2024-02-22 16:59:02,860 [INFO] PluginManager:220 - loadIPPluginJar : add ts
2024-02-22 16:59:02,861 [INFO] IPUIPlugin:80 - create IPUIPlugin
2024-02-22 16:59:02,861 [INFO] PluginManager:220 - loadIPPluginJar : add tsc
2024-02-22 16:59:02,862 [INFO] IPUIPlugin:80 - create IPUIPlugin
2024-02-22 16:59:02,862 [INFO] PluginManager:220 - loadIPPluginJar : add ucpd
2024-02-22 16:59:02,863 [INFO] IPUIPlugin:80 - create IPUIPlugin
2024-02-22 16:59:02,864 [INFO] PluginManager:220 - loadIPPluginJar : add usart
2024-02-22 16:59:02,865 [INFO] IPUIPlugin:80 - create IPUIPlugin
2024-02-22 16:59:02,865 [INFO] PluginManager:220 - loadIPPluginJar : add usbx
2024-02-22 16:59:02,973 [INFO] CADModel:165 - CPN selected for project level
2024-02-22 16:59:02,973 [INFO] CADModel:114 - Register for checkConnection events
2024-02-22 16:59:02,973 [FATAL] Updater:308 - Updater called before beeing initialized
2024-02-22 16:59:02,973 [ERROR] CADModel:125 - Updater not yet initialized, retry later 
2024-02-22 16:59:03,063 [INFO] CADModel:165 - CPN selected for project level
2024-02-22 16:59:03,063 [INFO] CADModel:114 - Register for checkConnection events
2024-02-22 16:59:03,063 [FATAL] Updater:308 - Updater called before beeing initialized
2024-02-22 16:59:03,063 [ERROR] CADModel:125 - Updater not yet initialized, retry later 
2024-02-22 16:59:03,066 [FATAL] Updater:308 - Updater called before beeing initialized
2024-02-22 16:59:03,134 [FATAL] Updater:308 - Updater called before beeing initialized
2024-02-22 16:59:03,137 [INFO] DbMcusAds:53 - JSON generation date=Wed Nov 29 13:52:27 TRT 2023 (1701255147349)
2024-02-22 16:59:03,138 [FATAL] Updater:308 - Updater called before beeing initialized
2024-02-22 16:59:03,163 [WARN] DetailPanel:346 - Failed to get advertising image, set to default
2024-02-22 16:59:03,223 [FATAL] Updater:308 - Updater called before beeing initialized
2024-02-22 16:59:03,224 [FATAL] Updater:308 - Updater called before beeing initialized
2024-02-22 16:59:03,224 [FATAL] Updater:308 - Updater called before beeing initialized
2024-02-22 16:59:03,224 [WARN] DetailPanel:346 - Failed to get advertising image, set to default
2024-02-22 16:59:03,225 [FATAL] Updater:308 - Updater called before beeing initialized
2024-02-22 16:59:03,255 [ERROR] Updater:1120 - MainUpdater not yet initialized. External WinMGr cannot be set.
2024-02-22 16:59:03,256 [INFO] Updater:1056 - Updater Version found : 6.10.0
2024-02-22 16:59:03,270 [INFO] ApplicationProperties:184 - Using Application install path: C:\ST\STM32CubeIDE_1.14.0\STM32CubeIDE\plugins\com.st.stm32cube.common.mx_6.10.0.202311202037
2024-02-22 16:59:04,834 [ERROR] LogOutputStream:75 - [STDERR_REDIRECT] Feb 22, 2024 4:59:04 PM java.util.prefs.WindowsPreferences <init>
2024-02-22 16:59:04,836 [ERROR] LogOutputStream:75 - [STDERR_REDIRECT] WARNING: Could not open/create prefs root node Software\JavaSoft\Prefs at root 0xffffffff80000002. Windows RegCreateKeyEx(...) returned error code 5.
2024-02-22 16:59:04,836 [ERROR] LogOutputStream:75 - [STDERR_REDIRECT] 
2024-02-22 16:59:05,204 [INFO] MainUpdater:2873 - connection check result : 10
2024-02-22 16:59:05,204 [INFO] MainUpdater:290 - Updater Check For Update Now.
2024-02-22 16:59:05,204 [INFO] MicroXplorer:498 - Change Database Version : DB.6.0.100
2024-02-22 16:59:05,210 [INFO] McuFinderGlobals:63 - Set McuFinder mode to 2 (CubeIDE integrated)
2024-02-22 16:59:05,216 [INFO] UserAuth:404 - Internet connection configuration mode: 1
2024-02-22 16:59:05,239 [INFO] JxBrowserEngine:152 - Initiate JxBrowser Engine with user profile folder
2024-02-22 16:59:05,364 [INFO] CheckServerUpdateThread:120 - End of CheckServer Thread
2024-02-22 16:59:05,562 [WARN] PackLoader:240 - Cannot read IP mode file for STMicroelectronics.X-CUBE-SMBUS.2.1.0
2024-02-22 16:59:05,571 [WARN] PackLoader:240 - Cannot read IP mode file for STMicroelectronics.X-CUBE-TOUCHGFX.4.23.0
2024-02-22 16:59:05,606 [WARN] PackLoader:240 - Cannot read IP mode file for STMicroelectronics.X-CUBE-AZRTOS-F7.1.1.0
2024-02-22 16:59:05,616 [WARN] PackLoader:240 - Cannot read IP mode file for STMicroelectronics.FP-SNS-MOTENV1.4.3.2
2024-02-22 16:59:05,625 [WARN] PackLoader:240 - Cannot read IP mode file for STMicroelectronics.FP-SNS-FLIGHT1.5.0.2
2024-02-22 16:59:05,636 [WARN] PackLoader:240 - Cannot read IP mode file for STMicroelectronics.X-CUBE-DISPLAY.3.0.0
2024-02-22 16:59:05,648 [WARN] PackLoader:240 - Cannot read IP mode file for STMicroelectronics.X-CUBE-BLE1.7.0.0
2024-02-22 16:59:05,654 [WARN] PackLoader:240 - Cannot read IP mode file for emotas.I-CUBE-CANOPEN.1.3.0
2024-02-22 16:59:05,658 [WARN] PackLoader:240 - Cannot read IP mode file for STMicroelectronics.FP-SNS-SMARTAG2.1.2.0
2024-02-22 16:59:05,671 [INFO] LogOutputStream:77 - [STDOUT_REDIRECT] 1 : Invalid condition id : UX_CORESTACK_Condition cause : null
2024-02-22 16:59:05,672 [INFO] LogOutputStream:77 - [STDOUT_REDIRECT] 1 : Invalid condition id : UX_CORESTACK_Condition cause : null
2024-02-22 16:59:05,674 [INFO] LogOutputStream:77 - [STDOUT_REDIRECT] 1 : Invalid condition id : UX_CORESTACK_Condition cause : null
2024-02-22 16:59:05,675 [INFO] LogOutputStream:77 - [STDOUT_REDIRECT] 1 : Invalid condition id : UX_CORESTACK_Condition cause : null
2024-02-22 16:59:05,676 [INFO] LogOutputStream:77 - [STDOUT_REDIRECT] 1 : Invalid condition id : UX_CORESTACK_Condition cause : null
2024-02-22 16:59:05,680 [WARN] PackLoader:240 - Cannot read IP mode file for STMicroelectronics.X-CUBE-AZRTOS-WL.2.0.0
2024-02-22 16:59:05,692 [WARN] PackLoader:240 - Cannot read IP mode file for WES.I-CUBE-Cesium.1.3.0
2024-02-22 16:59:05,703 [WARN] PackLoader:240 - Cannot read IP mode file for STMicroelectronics.X-CUBE-BLE2.3.3.0
2024-02-22 16:59:05,713 [WARN] PackLoader:240 - Cannot read IP mode file for STMicroelectronics.X-CUBE-ALGOBUILD.1.3.0
2024-02-22 16:59:05,732 [WARN] PackLoader:240 - Cannot read IP mode file for STMicroelectronics.X-CUBE-AZRTOS-G0.1.1.0
2024-02-22 16:59:05,754 [WARN] PackLoader:240 - Cannot read IP mode file for STMicroelectronics.X-CUBE-NFC4.3.0.0
2024-02-22 16:59:05,768 [WARN] PackLoader:240 - Cannot read IP mode file for STMicroelectronics.X-CUBE-BLEMGR.3.0.0
2024-02-22 16:59:05,785 [WARN] PackLoader:240 - Cannot read IP mode file for STMicroelectronics.FP-ATR-SIGFOX1.3.2.0
2024-02-22 16:59:05,790 [WARN] PackLoader:240 - Cannot read IP mode file for STMicroelectronics.X-CUBE-EEPRMA1.5.1.0
2024-02-22 16:59:05,816 [WARN] PackLoader:240 - Cannot read IP mode file for SEGGER.I-CUBE-embOS.1.3.1
2024-02-22 16:59:05,844 [WARN] PackLoader:240 - Cannot read IP mode file for STMicroelectronics.X-CUBE-GNSS1.6.0.0
2024-02-22 16:59:05,855 [WARN] PackLoader:240 - Cannot read IP mode file for STMicroelectronics.X-CUBE-AZRTOS-F4.1.1.0
2024-02-22 16:59:05,860 [WARN] PackLoader:240 - Cannot read IP mode file for wolfSSL.I-CUBE-wolfSSL.5.6.4
2024-02-22 16:59:05,873 [WARN] PackLoader:240 - Cannot read IP mode file for STMicroelectronics.X-CUBE-AZRTOS-L5.2.0.0
2024-02-22 16:59:05,878 [WARN] PackLoader:240 - Cannot read IP mode file for STMicroelectronics.X-CUBE-EEPRMA1.4.2.0
2024-02-22 16:59:05,882 [WARN] PackLoader:240 - Cannot read IP mode file for ITTIA_DB.I-CUBE-ITTIADB.8.8.0
2024-02-22 16:59:05,885 [WARN] PackLoader:240 - Cannot read IP mode file for STMicroelectronics.X-CUBE-NFC7.1.0.1
2024-02-22 16:59:05,890 [WARN] PackLoader:240 - Cannot read IP mode file for STMicroelectronics.X-CUBE-NFC6.3.0.0
2024-02-22 16:59:05,901 [WARN] PackLoader:240 - Cannot read IP mode file for STMicroelectronics.X-CUBE-AI.8.1.0
2024-02-22 16:59:05,911 [WARN] ConditionMgr:438 - getConditionDescription Invalid condition id : LAN8742 Phy interface Condition cause : null
2024-02-22 16:59:05,911 [WARN] PackLoader:240 - Cannot read IP mode file for STMicroelectronics.X-CUBE-AZRTOS-L4.2.0.0
2024-02-22 16:59:05,915 [WARN] ConditionMgr:1039 - genDependencies : Invalid condition id : LAN8742 Phy interface Condition cause : null
2024-02-22 16:59:05,915 [WARN] ConditionMgr:1039 - genDependencies : Invalid condition id : LAN8742 Phy interface Condition cause : null
2024-02-22 16:59:05,916 [WARN] ConditionMgr:1039 - genDependencies : Invalid condition id : LAN8742 Phy interface Condition cause : null
2024-02-22 16:59:05,921 [WARN] PackLoader:240 - Cannot read IP mode file for STMicroelectronics.X-CUBE-SFXS2LP1.4.0.0
2024-02-22 16:59:05,928 [WARN] ConditionMgr:438 - getConditionDescription Invalid condition id : UX DEVICE CLASS RTOS Condition cause : null
2024-02-22 16:59:05,929 [WARN] ConditionMgr:438 - getConditionDescription Invalid condition id : UX DEVICE CLASS RTOS Condition cause : null
2024-02-22 16:59:05,930 [WARN] PackLoader:240 - Cannot read IP mode file for STMicroelectronics.X-CUBE-AZRTOS-WB.2.0.0
2024-02-22 16:59:05,930 [WARN] ConditionMgr:1039 - genDependencies : Invalid condition id : UX DEVICE CLASS RTOS Condition cause : null
2024-02-22 16:59:05,931 [WARN] ConditionMgr:1039 - genDependencies : Invalid condition id : UX DEVICE CLASS RTOS Condition cause : null
2024-02-22 16:59:05,931 [WARN] ConditionMgr:1039 - genDependencies : Invalid condition id : UX DEVICE CLASS RTOS Condition cause : null
2024-02-22 16:59:05,931 [WARN] ConditionMgr:1039 - genDependencies : Invalid condition id : UX DEVICE CLASS RTOS Condition cause : null
2024-02-22 16:59:05,931 [WARN] ConditionMgr:1039 - genDependencies : Invalid condition id : UX DEVICE CLASS RTOS Condition cause : null
2024-02-22 16:59:05,938 [WARN] PackLoader:240 - Cannot read IP mode file for STMicroelectronics.X-CUBE-SUBG2.5.0.0
2024-02-22 16:59:05,949 [WARN] PackLoader:240 - Cannot read IP mode file for STMicroelectronics.X-CUBE-AZRTOS-G4.2.0.0
2024-02-22 16:59:05,957 [WARN] PackLoader:240 - Cannot read IP mode file for Infineon.AIROC-Wi-Fi-Bluetooth-STM32.1.5.1
2024-02-22 16:59:05,963 [WARN] PackLoader:240 - Cannot read IP mode file for STMicroelectronics.FP-SNS-MOTENVWB1.1.3.1
2024-02-22 16:59:05,965 [WARN] PackLoader:240 - Cannot read IP mode file for STMicroelectronics.X-CUBE-ISPU.2.0.0
2024-02-22 16:59:05,986 [WARN] PackLoader:240 - Cannot read IP mode file for STMicroelectronics.X-CUBE-MEMS1.10.0.0
2024-02-22 16:59:06,075 [INFO] WebApp:161 - Instantiating new browser for Auth
2024-02-22 16:59:06,083 [WARN] PackLoader:240 - Cannot read IP mode file for STMicroelectronics.X-CUBE-FREERTOS.1.1.0
2024-02-22 16:59:06,089 [WARN] PackLoader:240 - Cannot read IP mode file for portGmbH.I-Cube-SoM-uGOAL.1.1.0
2024-02-22 16:59:06,099 [WARN] PackLoader:240 - Cannot read IP mode file for STMicroelectronics.X-CUBE-ALS.1.0.1
2024-02-22 16:59:06,106 [WARN] PackLoader:240 - Cannot read IP mode file for STMicroelectronics.FP-ATR-ASTRA1.2.0.0
2024-02-22 16:59:06,121 [WARN] PackLoader:240 - Cannot read IP mode file for STMicroelectronics.X-CUBE-TOF1.3.4.0
2024-02-22 16:59:06,186 [WARN] PackLoader:240 - Cannot read IP mode file for STMicroelectronics.X-CUBE-AZRTOS-H7.3.2.0
2024-02-22 16:59:06,194 [INFO] ThirdParty:978 - Integrity check success = true
2024-02-22 16:59:06,194 [INFO] IntegrityCheckThread:100 - exiting critical section [integrity check]
2024-02-22 16:59:06,194 [INFO] IntegrityCheckThread:103 - End integrity checks thread
2024-02-22 16:59:06,767 [INFO] WebApp:780 - Register for checkConnection events
2024-02-22 16:59:06,767 [INFO] WebApp:414 - Apply proxy settings
2024-02-22 16:59:06,768 [INFO] WebApp:499 - Chromium requires no authentication
2024-02-22 16:59:06,772 [INFO] WebApp:442 - Direct internet connection detected
2024-02-22 16:59:06,870 [INFO] WebApp:192 - Starting web application
2024-02-22 16:59:06,870 [INFO] WebApp:544 - Web application path used C:\ST\STM32CubeIDE_1.14.0\STM32CubeIDE\plugins\com.st.stm32cube.common.mx_6.10.0.202311202037\db\plugins\mcufinder\reactClient1\index.html
2024-02-22 16:59:21,886 [ERROR] LogOutputStream:75 - [STDERR_REDIRECT] SLF4J: Failed to load class "org.slf4j.impl.StaticLoggerBinder".
2024-02-22 16:59:21,887 [ERROR] LogOutputStream:75 - [STDERR_REDIRECT] SLF4J: Defaulting to no-operation (NOP) logger implementation
2024-02-22 16:59:21,890 [ERROR] LogOutputStream:75 - [STDERR_REDIRECT] SLF4J: See http://www.slf4j.org/codes.html#StaticLoggerBinder for further details.
2024-02-22 19:37:14,685 [INFO] WebApp:354 - JxBrowser engine has been closed 
