2023-12-15 08:17:58,910 [INFO] Activator:176 - 


2023-12-15 08:17:58,911 [INFO] Activator:177 - !SESSION log4j initialized
2023-12-15 08:18:01,196 [INFO] LogOutputStream:77 - [STDOUT_REDIRECT] 
2023-12-15 08:18:02,623 [INFO] ApplicationProperties:184 - Using Application install path: C:\ST\STM32CubeIDE_1.14.0\STM32CubeIDE\plugins\com.st.stm32cube.common.mx_6.10.0.202311202037
2023-12-15 08:18:02,641 [INFO] DbMcusXml:78 - Set database path to: C:\ST\STM32CubeIDE_1.14.0\STM32CubeIDE\plugins\com.st.stm32cube.common.mx_6.10.0.202311202037\\db\/mcu/
2023-12-15 08:18:02,642 [INFO] ApiDb:274 - Set plugin database path to: C:\ST\STM32CubeIDE_1.14.0\STM32CubeIDE\plugins\com.st.stm32cube.common.mx_6.10.0.202311202037\\db\/plugins/boardmanager/
2023-12-15 08:18:02,642 [WARN] ApiDb:259 - Overriding images path with different value:  => C:\ST\STM32CubeIDE_1.14.0\STM32CubeIDE\plugins\com.st.stm32cube.common.mx_6.10.0.202311202037\\db\/plugins/mcufinder/images/
2023-12-15 08:18:03,440 [WARN] ApiFinderProperties:113 - C:\Users\hasan\.stmcufinder\plugins\mcufinder\mcu\mcuFinder.mfd doesn't exist
2023-12-15 08:18:03,440 [INFO] ApiDb:250 - Set database path to: C:\Users\hasan\.stmcufinder\plugins\mcufinder//mcu/
2023-12-15 08:18:03,441 [INFO] DbMcusAds:125 - Set database path to: C:\Users\hasan\.stmcufinder\plugins\mcufinder//mcu/
2023-12-15 08:18:03,442 [INFO] CrossReferenceDbSqlite:203 - Set database path to: C:\Users\hasan\.stmcufinder\plugins\mcufinder//mcu/cs/
2023-12-15 08:18:03,508 [INFO] RulesReader:64 - Compatibility file has been processed (297 Rules)
2023-12-15 08:18:03,558 [INFO] DbMcusXml:78 - Set database path to: C:\ST\STM32CubeIDE_1.14.0\STM32CubeIDE\plugins\com.st.stm32cube.common.mx_6.10.0.202311202037\\db\/mcu/
2023-12-15 08:18:03,558 [INFO] ApiDb:274 - Set plugin database path to: C:\ST\STM32CubeIDE_1.14.0\STM32CubeIDE\plugins\com.st.stm32cube.common.mx_6.10.0.202311202037\\db\/plugins/boardmanager/
2023-12-15 08:18:03,558 [INFO] ApiDb:261 - Set plugin images path to: C:\ST\STM32CubeIDE_1.14.0\STM32CubeIDE\plugins\com.st.stm32cube.common.mx_6.10.0.202311202037\\db\/plugins/mcufinder/images/
2023-12-15 08:18:03,558 [WARN] DbFile:41 - Overriding database path with different value: C:\Users\hasan\.stmcufinder\plugins\mcufinder/ => C:\Users\hasan\.stmcufinder\plugins\mcufinder
2023-12-15 08:18:03,558 [INFO] ApiDb:250 - Set database path to: C:\Users\hasan\.stmcufinder\plugins\mcufinder//mcu/
2023-12-15 08:18:03,558 [WARN] DbFile:41 - Overriding database path with different value: C:\Users\hasan\.stmcufinder\plugins\mcufinder/ => C:\Users\hasan\.stmcufinder\plugins\mcufinder
2023-12-15 08:18:03,558 [INFO] DbMcusAds:125 - Set database path to: C:\Users\hasan\.stmcufinder\plugins\mcufinder//mcu/
2023-12-15 08:18:03,558 [WARN] DbFile:41 - Overriding database path with different value: C:\Users\hasan\.stmcufinder\plugins\mcufinder/ => C:\Users\hasan\.stmcufinder\plugins\mcufinder
2023-12-15 08:18:03,558 [WARN] DbFile:41 - Overriding database path with different value: C:\Users\hasan\.stmcufinder\plugins\mcufinder/ => C:\Users\hasan\.stmcufinder\plugins\mcufinder
2023-12-15 08:18:03,558 [INFO] CrossReferenceDbSqlite:203 - Set database path to: C:\Users\hasan\.stmcufinder\plugins\mcufinder//mcu/cs/
2023-12-15 08:18:03,774 [INFO] MainPanel:264 - HeapMemory: 268435456
2023-12-15 08:18:03,843 [INFO] DbMcusXml:78 - Set database path to: C:\ST\STM32CubeIDE_1.14.0\STM32CubeIDE\plugins\com.st.stm32cube.common.mx_6.10.0.202311202037\\db\/mcu/
2023-12-15 08:18:03,843 [INFO] ApiDb:274 - Set plugin database path to: C:\ST\STM32CubeIDE_1.14.0\STM32CubeIDE\plugins\com.st.stm32cube.common.mx_6.10.0.202311202037\\db\/plugins/boardmanager/
2023-12-15 08:18:03,843 [INFO] ApiDb:261 - Set plugin images path to: C:\ST\STM32CubeIDE_1.14.0\STM32CubeIDE\plugins\com.st.stm32cube.common.mx_6.10.0.202311202037\\db\/plugins/mcufinder/images/
2023-12-15 08:18:03,843 [WARN] DbFile:41 - Overriding database path with different value: C:\Users\hasan\.stmcufinder\plugins\mcufinder/ => C:\Users\hasan\.stmcufinder\plugins\mcufinder
2023-12-15 08:18:03,844 [INFO] ApiDb:250 - Set database path to: C:\Users\hasan\.stmcufinder\plugins\mcufinder//mcu/
2023-12-15 08:18:03,844 [WARN] DbFile:41 - Overriding database path with different value: C:\Users\hasan\.stmcufinder\plugins\mcufinder/ => C:\Users\hasan\.stmcufinder\plugins\mcufinder
2023-12-15 08:18:03,844 [INFO] DbMcusAds:125 - Set database path to: C:\Users\hasan\.stmcufinder\plugins\mcufinder//mcu/
2023-12-15 08:18:03,844 [WARN] DbFile:41 - Overriding database path with different value: C:\Users\hasan\.stmcufinder\plugins\mcufinder/ => C:\Users\hasan\.stmcufinder\plugins\mcufinder
2023-12-15 08:18:03,844 [WARN] DbFile:41 - Overriding database path with different value: C:\Users\hasan\.stmcufinder\plugins\mcufinder/ => C:\Users\hasan\.stmcufinder\plugins\mcufinder
2023-12-15 08:18:03,844 [INFO] CrossReferenceDbSqlite:203 - Set database path to: C:\Users\hasan\.stmcufinder\plugins\mcufinder//mcu/cs/
2023-12-15 08:18:03,857 [INFO] ApplicationProperties:184 - Using Application install path: C:\ST\STM32CubeIDE_1.14.0\STM32CubeIDE\plugins\com.st.stm32cube.common.mx_6.10.0.202311202037
2023-12-15 08:18:03,858 [INFO] PluginManage:196 - Search for loadable plugins [exclusion list=, ]
2023-12-15 08:18:03,859 [INFO] PluginManage:310 - Check plugin analytics
2023-12-15 08:18:03,991 [INFO] AnalyticsPlugin:253 - Accepted Software Licenses: 
2023-12-15 08:18:03,991 [INFO] AnalyticsPlugin:255 - Accepted CMSIS Pack Licenses: 
2023-12-15 08:18:03,991 [INFO] AnalyticsPlugin:257 - Accepted Firmware Licenses: 
2023-12-15 08:18:03,994 [INFO] PluginManage:359 - Loaded plugin analytics (category:tool,tabindex:-1)
2023-12-15 08:18:03,994 [INFO] PluginManage:310 - Check plugin cadmodel
2023-12-15 08:18:03,997 [INFO] CADModel:105 - Init CAD model plugin
2023-12-15 08:18:03,998 [INFO] PluginManage:359 - Loaded plugin cadmodel (category:power,tabindex:5)
2023-12-15 08:18:03,998 [INFO] PluginManage:310 - Check plugin clock
2023-12-15 08:18:04,005 [INFO] PluginManage:359 - Loaded plugin clock (category:base,tabindex:2)
2023-12-15 08:18:04,005 [INFO] PluginManage:310 - Check plugin ddr
2023-12-15 08:18:04,006 [INFO] PluginManage:359 - Loaded plugin ddr (category:tool,tabindex:6)
2023-12-15 08:18:04,007 [INFO] PluginManage:310 - Check plugin filemanager
2023-12-15 08:18:04,131 [INFO] PluginManage:359 - Loaded plugin filemanager (category:base,tabindex:10)
2023-12-15 08:18:04,131 [INFO] PluginManage:310 - Check plugin ipmanager
2023-12-15 08:18:04,141 [INFO] PluginManage:359 - Loaded plugin ipmanager (category:base,tabindex:5)
2023-12-15 08:18:04,141 [INFO] PluginManage:310 - Check plugin lpbam
2023-12-15 08:18:04,150 [INFO] PluginManage:359 - Loaded plugin lpbam (category:base,tabindex:0)
2023-12-15 08:18:04,151 [INFO] PluginManage:310 - Check plugin memorymap
2023-12-15 08:18:04,158 [INFO] PluginManage:359 - Loaded plugin memorymap (category:base,tabindex:4)
2023-12-15 08:18:04,158 [INFO] PluginManage:310 - Check plugin pinoutandconfiguration
2023-12-15 08:18:04,163 [INFO] PluginManage:359 - Loaded plugin pinoutandconfiguration (category:base,tabindex:1)
2023-12-15 08:18:04,163 [INFO] PluginManage:310 - Check plugin pinoutconfig
2023-12-15 08:18:04,214 [WARN] SupportedApi:132 - Cannot load RTOS API schema: s4s-elt-must-match.1: The content of 'definitions' must match (annotation?, (simpleType | complexType)?, (unique | key | keyref)*)). A problem was found starting at: attribute.
2023-12-15 08:18:04,296 [INFO] PluginManage:359 - Loaded plugin pinoutconfig (category:base,tabindex:0)
2023-12-15 08:18:04,297 [INFO] PluginManage:310 - Check plugin power
2023-12-15 08:18:04,302 [INFO] PluginManage:359 - Loaded plugin power (category:power,tabindex:4)
2023-12-15 08:18:04,302 [INFO] PluginManage:310 - Check plugin projectmanager
2023-12-15 08:18:04,314 [INFO] PluginManage:359 - Loaded plugin projectmanager (category:projectmanager,tabindex:3)
2023-12-15 08:18:04,314 [INFO] PluginManage:310 - Check plugin thirdparty
2023-12-15 08:18:04,381 [INFO] PluginManage:359 - Loaded plugin thirdparty (category:base,tabindex:-1)
2023-12-15 08:18:04,382 [INFO] PluginManage:310 - Check plugin tools
2023-12-15 08:18:04,381 [WARN] IntegrityCheckThread:84 - waiting for thirdparty lock release [integrity check]
2023-12-15 08:18:04,382 [INFO] IntegrityCheckThread:86 - entering critical section [integrity check]
2023-12-15 08:18:04,382 [INFO] ThirdPartyUpdaterWithRetryManager:70 - Updater plugin not ready yet. [1/15]
2023-12-15 08:18:04,384 [INFO] PluginManage:359 - Loaded plugin tools (category:base,tabindex:7)
2023-12-15 08:18:04,384 [INFO] PluginManage:310 - Check plugin tutovideos
2023-12-15 08:18:04,502 [INFO] PluginManage:359 - Loaded plugin tutovideos (category:base,tabindex:-1)
2023-12-15 08:18:04,502 [INFO] PluginManage:310 - Check plugin updater
2023-12-15 08:18:04,509 [INFO] PluginManage:359 - Loaded plugin updater (category:base,tabindex:12)
2023-12-15 08:18:04,509 [INFO] PluginManage:310 - Check plugin userauth
2023-12-15 08:18:04,513 [INFO] UserAuth:114 - Init User Auth plugin
2023-12-15 08:18:04,513 [INFO] PluginManage:359 - Loaded plugin userauth (category:base,tabindex:14)
2023-12-15 08:18:04,513 [INFO] PluginManage:283 - PluginManage : Loaded plugins [17]
2023-12-15 08:18:04,639 [INFO] PinOutPanel:1499 - setPackage(No Configuration,No Configuration)
2023-12-15 08:18:04,685 [INFO] CADModel:165 - CPN selected for project level
2023-12-15 08:18:04,685 [INFO] CADModel:114 - Register for checkConnection events
2023-12-15 08:18:04,695 [INFO] IPUIPlugin:80 - create IPUIPlugin
2023-12-15 08:18:04,695 [INFO] PluginManager:220 - loadIPPluginJar : add adc
2023-12-15 08:18:04,698 [INFO] IPUIPlugin:80 - create IPUIPlugin
2023-12-15 08:18:04,698 [INFO] PluginManager:220 - loadIPPluginJar : add aes
2023-12-15 08:18:04,699 [INFO] IPUIPlugin:80 - create IPUIPlugin
2023-12-15 08:18:04,699 [INFO] PluginManager:220 - loadIPPluginJar : add can
2023-12-15 08:18:04,700 [INFO] IPUIPlugin:80 - create IPUIPlugin
2023-12-15 08:18:04,700 [INFO] PluginManager:220 - loadIPPluginJar : add comp
2023-12-15 08:18:04,702 [INFO] IPUIPlugin:80 - create IPUIPlugin
2023-12-15 08:18:04,702 [INFO] PluginManager:220 - loadIPPluginJar : add cryp
2023-12-15 08:18:04,703 [INFO] IPUIPlugin:80 - create IPUIPlugin
2023-12-15 08:18:04,703 [INFO] PluginManager:220 - loadIPPluginJar : add dfsdm
2023-12-15 08:18:04,706 [INFO] IPUIPlugin:80 - create IPUIPlugin
2023-12-15 08:18:04,706 [INFO] PluginManager:220 - loadIPPluginJar : add dma
2023-12-15 08:18:04,708 [INFO] IPUIPlugin:80 - create IPUIPlugin
2023-12-15 08:18:04,708 [INFO] PluginManager:220 - loadIPPluginJar : add dma3
2023-12-15 08:18:04,708 [INFO] IPUIPlugin:80 - create IPUIPlugin
2023-12-15 08:18:04,708 [INFO] PluginManager:220 - loadIPPluginJar : add fatfs
2023-12-15 08:18:04,711 [INFO] IPUIPlugin:80 - create IPUIPlugin
2023-12-15 08:18:04,711 [INFO] PluginManager:220 - loadIPPluginJar : add fmc
2023-12-15 08:18:04,715 [INFO] IPUIPlugin:80 - create IPUIPlugin
2023-12-15 08:18:04,715 [INFO] PluginManager:220 - loadIPPluginJar : add freertos
2023-12-15 08:18:04,715 [INFO] IPUIPlugin:80 - create IPUIPlugin
2023-12-15 08:18:04,715 [INFO] PluginManager:220 - loadIPPluginJar : add genericplugin
2023-12-15 08:18:04,716 [INFO] IPUIPlugin:80 - create IPUIPlugin
2023-12-15 08:18:04,717 [INFO] PluginManager:220 - loadIPPluginJar : add gfxmmu
2023-12-15 08:18:04,719 [INFO] IPUIPlugin:80 - create IPUIPlugin
2023-12-15 08:18:04,719 [INFO] PluginManager:220 - loadIPPluginJar : add gic
2023-12-15 08:18:04,722 [INFO] IPUIPlugin:80 - create IPUIPlugin
2023-12-15 08:18:04,722 [INFO] PluginManager:220 - loadIPPluginJar : add gpio
2023-12-15 08:18:04,724 [INFO] IPUIPlugin:80 - create IPUIPlugin
2023-12-15 08:18:04,724 [INFO] PluginManager:220 - loadIPPluginJar : add gtzc
2023-12-15 08:18:04,725 [INFO] IPUIPlugin:80 - create IPUIPlugin
2023-12-15 08:18:04,725 [INFO] PluginManager:220 - loadIPPluginJar : add hash
2023-12-15 08:18:04,727 [INFO] IPUIPlugin:80 - create IPUIPlugin
2023-12-15 08:18:04,727 [INFO] PluginManager:220 - loadIPPluginJar : add i2c
2023-12-15 08:18:04,729 [INFO] IPUIPlugin:80 - create IPUIPlugin
2023-12-15 08:18:04,729 [INFO] PluginManager:220 - loadIPPluginJar : add i2s
2023-12-15 08:18:04,730 [INFO] IPUIPlugin:80 - create IPUIPlugin
2023-12-15 08:18:04,730 [INFO] PluginManager:220 - loadIPPluginJar : add i3c
2023-12-15 08:18:04,732 [INFO] IPUIPlugin:80 - create IPUIPlugin
2023-12-15 08:18:04,732 [INFO] PluginManager:220 - loadIPPluginJar : add ipddr
2023-12-15 08:18:04,736 [INFO] IPUIPlugin:80 - create IPUIPlugin
2023-12-15 08:18:04,736 [INFO] PluginManager:220 - loadIPPluginJar : add linkedlist
2023-12-15 08:18:04,738 [INFO] IPUIPlugin:80 - create IPUIPlugin
2023-12-15 08:18:04,738 [INFO] PluginManager:220 - loadIPPluginJar : add lorawan
2023-12-15 08:18:04,739 [INFO] IPUIPlugin:80 - create IPUIPlugin
2023-12-15 08:18:04,739 [INFO] PluginManager:220 - loadIPPluginJar : add ltdc
2023-12-15 08:18:04,743 [INFO] IPUIPlugin:80 - create IPUIPlugin
2023-12-15 08:18:04,743 [INFO] PluginManager:220 - loadIPPluginJar : add mdma
2023-12-15 08:18:04,745 [INFO] IPUIPlugin:80 - create IPUIPlugin
2023-12-15 08:18:04,745 [INFO] PluginManager:220 - loadIPPluginJar : add nvic
2023-12-15 08:18:04,747 [INFO] IPUIPlugin:80 - create IPUIPlugin
2023-12-15 08:18:04,747 [INFO] PluginManager:220 - loadIPPluginJar : add opamp
2023-12-15 08:18:04,749 [INFO] IPUIPlugin:80 - create IPUIPlugin
2023-12-15 08:18:04,749 [INFO] PluginManager:220 - loadIPPluginJar : add openamp
2023-12-15 08:18:04,750 [INFO] IPUIPlugin:80 - create IPUIPlugin
2023-12-15 08:18:04,750 [INFO] PluginManager:220 - loadIPPluginJar : add pdm2pcm
2023-12-15 08:18:04,754 [INFO] IPUIPlugin:80 - create IPUIPlugin
2023-12-15 08:18:04,757 [INFO] PluginManager:220 - loadIPPluginJar : add plateformsettings
2023-12-15 08:18:04,758 [INFO] IPUIPlugin:80 - create IPUIPlugin
2023-12-15 08:18:04,758 [INFO] PluginManager:220 - loadIPPluginJar : add quadspi
2023-12-15 08:18:04,761 [INFO] IPUIPlugin:80 - create IPUIPlugin
2023-12-15 08:18:04,761 [INFO] PluginManager:220 - loadIPPluginJar : add resmgrutility
2023-12-15 08:18:04,763 [INFO] IPUIPlugin:80 - create IPUIPlugin
2023-12-15 08:18:04,763 [INFO] PluginManager:220 - loadIPPluginJar : add sai
2023-12-15 08:18:04,764 [INFO] IPUIPlugin:80 - create IPUIPlugin
2023-12-15 08:18:04,764 [INFO] PluginManager:220 - loadIPPluginJar : add spi
2023-12-15 08:18:04,768 [INFO] IPUIPlugin:80 - create IPUIPlugin
2023-12-15 08:18:04,768 [INFO] PluginManager:220 - loadIPPluginJar : add stm32_wpan
2023-12-15 08:18:04,769 [INFO] IPUIPlugin:80 - create IPUIPlugin
2023-12-15 08:18:04,769 [INFO] PluginManager:220 - loadIPPluginJar : add tim
2023-12-15 08:18:04,771 [INFO] IPUIPlugin:80 - create IPUIPlugin
2023-12-15 08:18:04,771 [INFO] PluginManager:220 - loadIPPluginJar : add touchsensing
2023-12-15 08:18:04,772 [INFO] IPUIPlugin:80 - create IPUIPlugin
2023-12-15 08:18:04,772 [INFO] PluginManager:220 - loadIPPluginJar : add tracer_emb
2023-12-15 08:18:04,773 [INFO] IPUIPlugin:80 - create IPUIPlugin
2023-12-15 08:18:04,773 [INFO] PluginManager:220 - loadIPPluginJar : add ts
2023-12-15 08:18:04,773 [INFO] IPUIPlugin:80 - create IPUIPlugin
2023-12-15 08:18:04,774 [INFO] PluginManager:220 - loadIPPluginJar : add tsc
2023-12-15 08:18:04,774 [INFO] IPUIPlugin:80 - create IPUIPlugin
2023-12-15 08:18:04,775 [INFO] PluginManager:220 - loadIPPluginJar : add ucpd
2023-12-15 08:18:04,776 [INFO] IPUIPlugin:80 - create IPUIPlugin
2023-12-15 08:18:04,776 [INFO] PluginManager:220 - loadIPPluginJar : add usart
2023-12-15 08:18:04,779 [INFO] IPUIPlugin:80 - create IPUIPlugin
2023-12-15 08:18:04,779 [INFO] PluginManager:220 - loadIPPluginJar : add usbx
2023-12-15 08:18:04,890 [INFO] CADModel:165 - CPN selected for project level
2023-12-15 08:18:04,891 [INFO] CADModel:114 - Register for checkConnection events
2023-12-15 08:18:04,891 [FATAL] Updater:308 - Updater called before beeing initialized
2023-12-15 08:18:04,891 [ERROR] CADModel:125 - Updater not yet initialized, retry later 
2023-12-15 08:18:04,985 [INFO] CADModel:165 - CPN selected for project level
2023-12-15 08:18:04,985 [INFO] CADModel:114 - Register for checkConnection events
2023-12-15 08:18:04,985 [FATAL] Updater:308 - Updater called before beeing initialized
2023-12-15 08:18:04,985 [ERROR] CADModel:125 - Updater not yet initialized, retry later 
2023-12-15 08:18:04,987 [FATAL] Updater:308 - Updater called before beeing initialized
2023-12-15 08:18:05,045 [FATAL] Updater:308 - Updater called before beeing initialized
2023-12-15 08:18:05,048 [INFO] DbMcusAds:53 - JSON generation date=Thu Sep 30 09:55:09 TRT 2021 (1632984909247)
2023-12-15 08:18:05,048 [FATAL] Updater:308 - Updater called before beeing initialized
2023-12-15 08:18:05,071 [WARN] DetailPanel:346 - Failed to get advertising image, set to default
2023-12-15 08:18:05,172 [FATAL] Updater:308 - Updater called before beeing initialized
2023-12-15 08:18:05,174 [FATAL] Updater:308 - Updater called before beeing initialized
2023-12-15 08:18:05,174 [FATAL] Updater:308 - Updater called before beeing initialized
2023-12-15 08:18:05,174 [WARN] DetailPanel:346 - Failed to get advertising image, set to default
2023-12-15 08:18:05,174 [FATAL] Updater:308 - Updater called before beeing initialized
2023-12-15 08:18:05,212 [ERROR] Updater:1120 - MainUpdater not yet initialized. External WinMGr cannot be set.
2023-12-15 08:18:05,214 [INFO] Updater:1056 - Updater Version found : 6.10.0
2023-12-15 08:18:05,227 [INFO] ApplicationProperties:184 - Using Application install path: C:\ST\STM32CubeIDE_1.14.0\STM32CubeIDE\plugins\com.st.stm32cube.common.mx_6.10.0.202311202037
2023-12-15 08:18:06,796 [ERROR] LogOutputStream:75 - [STDERR_REDIRECT] Dec 15, 2023 8:18:06 AM java.util.prefs.WindowsPreferences <init>
2023-12-15 08:18:06,797 [ERROR] LogOutputStream:75 - [STDERR_REDIRECT] WARNING: Could not open/create prefs root node Software\JavaSoft\Prefs at root 0xffffffff80000002. Windows RegCreateKeyEx(...) returned error code 5.
2023-12-15 08:18:06,797 [ERROR] LogOutputStream:75 - [STDERR_REDIRECT] 
2023-12-15 08:18:06,807 [INFO] MainUpdater:526 - Copy updater definitions from MX database
2023-12-15 08:18:06,832 [INFO] MainUpdater:559 - Copy flag file definitions from MX database
2023-12-15 08:18:06,834 [INFO] MainUpdater:575 - Copy thirdparty index definitions from MX database
2023-12-15 08:18:06,835 [INFO] MainUpdater:594 - Copy default thirdparty db definitions from MX database
2023-12-15 08:18:07,383 [INFO] ThirdPartyUpdaterWithRetryManager:70 - Updater plugin not ready yet. [2/15]
2023-12-15 08:18:07,559 [INFO] MainUpdater:2873 - connection check result : 10
2023-12-15 08:18:07,559 [INFO] MainUpdater:3567 - Updater definition file requires update
2023-12-15 08:18:07,560 [INFO] MainUpdater:290 - Updater Check For Update Now.
2023-12-15 08:18:07,560 [INFO] MicroXplorer:498 - Change Database Version : DB.6.0.100
2023-12-15 08:18:07,566 [INFO] McuFinderGlobals:63 - Set McuFinder mode to 2 (CubeIDE integrated)
2023-12-15 08:18:07,566 [INFO] UserAuth:180 - activating auth plugin
2023-12-15 08:18:07,568 [INFO] UserAuth:404 - Internet connection configuration mode: 1
2023-12-15 08:18:07,574 [INFO] JxBrowserEngine:152 - Initiate JxBrowser Engine with user profile folder
2023-12-15 08:18:07,991 [INFO] ServerAccessManage:473 - Download File updaters.zip
2023-12-15 08:18:08,305 [INFO] FileExtend:240 - Unzip File : updaters.zip
2023-12-15 08:18:08,305 [INFO] FileExtend:255 - Standard Zip Deflate
2023-12-15 08:18:08,846 [INFO] ServerAccessManage:473 - Download File PacksControlFlags.xml
2023-12-15 08:18:09,160 [INFO] ServerAccessManage:473 - Download File cubemx.pidx
2023-12-15 08:18:09,509 [INFO] ServerAccessManage:473 - Download File STMicroelectronics.FP-ATR-ASTRA1.pdsc
2023-12-15 08:18:10,386 [WARN] MainUpdater:1194 - Updater busy. Cannot search thirdparties
2023-12-15 08:18:10,386 [INFO] ThirdPartyUpdaterWithRetryManager:96 - Updater plugin is busy. [1/15]
2023-12-15 08:18:10,627 [INFO] ServerAccessManage:473 - Download File STMicroelectronics.FP-ATR-SIGFOX1.pdsc
2023-12-15 08:18:11,290 [INFO] ServerAccessManage:473 - Download File STMicroelectronics.FP-SNS-FLIGHT1.pdsc
2023-12-15 08:18:12,562 [INFO] ServerAccessManage:473 - Download File STMicroelectronics.FP-SNS-MOTENV1.pdsc
2023-12-15 08:18:13,387 [WARN] MainUpdater:1194 - Updater busy. Cannot search thirdparties
2023-12-15 08:18:13,387 [INFO] ThirdPartyUpdaterWithRetryManager:96 - Updater plugin is busy. [2/15]
2023-12-15 08:18:13,835 [INFO] ServerAccessManage:473 - Download File STMicroelectronics.FP-SNS-MOTENVWB1.pdsc
2023-12-15 08:18:14,665 [INFO] ServerAccessManage:473 - Download File STMicroelectronics.FP-SNS-SMARTAG2.pdsc
2023-12-15 08:18:14,720 [INFO] WebApp:161 - Instantiating new browser for Auth
2023-12-15 08:18:16,389 [WARN] MainUpdater:1194 - Updater busy. Cannot search thirdparties
2023-12-15 08:18:16,389 [INFO] ThirdPartyUpdaterWithRetryManager:96 - Updater plugin is busy. [3/15]
2023-12-15 08:18:18,955 [INFO] WebApp:780 - Register for checkConnection events
2023-12-15 08:18:18,955 [INFO] WebApp:414 - Apply proxy settings
2023-12-15 08:18:18,955 [INFO] WebApp:499 - Chromium requires no authentication
2023-12-15 08:18:18,959 [INFO] WebApp:442 - Direct internet connection detected
2023-12-15 08:18:19,054 [INFO] WebApp:192 - Starting web application
2023-12-15 08:18:19,054 [INFO] WebApp:544 - Web application path used C:\ST\STM32CubeIDE_1.14.0\STM32CubeIDE\plugins\com.st.stm32cube.common.mx_6.10.0.202311202037\db\plugins\mcufinder\reactClient1\index.html
2023-12-15 08:18:19,325 [INFO] ServerAccessManage:473 - Download File STMicroelectronics.X-CUBE-AI.pdsc
2023-12-15 08:18:19,390 [WARN] MainUpdater:1194 - Updater busy. Cannot search thirdparties
2023-12-15 08:18:19,390 [INFO] ThirdPartyUpdaterWithRetryManager:96 - Updater plugin is busy. [4/15]
2023-12-15 08:18:22,391 [WARN] MainUpdater:1194 - Updater busy. Cannot search thirdparties
2023-12-15 08:18:22,391 [INFO] ThirdPartyUpdaterWithRetryManager:96 - Updater plugin is busy. [5/15]
2023-12-15 08:18:24,622 [INFO] ServerAccessManage:473 - Download File STMicroelectronics.X-CUBE-ALS.pdsc
2023-12-15 08:18:25,392 [WARN] MainUpdater:1194 - Updater busy. Cannot search thirdparties
2023-12-15 08:18:25,392 [INFO] ThirdPartyUpdaterWithRetryManager:96 - Updater plugin is busy. [6/15]
2023-12-15 08:18:28,393 [WARN] MainUpdater:1194 - Updater busy. Cannot search thirdparties
2023-12-15 08:18:28,393 [INFO] ThirdPartyUpdaterWithRetryManager:96 - Updater plugin is busy. [7/15]
2023-12-15 08:18:30,017 [INFO] ServerAccessManage:473 - Download File STMicroelectronics.X-CUBE-BLE1.pdsc
2023-12-15 08:18:31,393 [WARN] MainUpdater:1194 - Updater busy. Cannot search thirdparties
2023-12-15 08:18:31,393 [INFO] ThirdPartyUpdaterWithRetryManager:96 - Updater plugin is busy. [8/15]
2023-12-15 08:18:33,988 [ERROR] ServerAccessManage:1089 - Problem, file not found on Server
2023-12-15 08:18:34,237 [INFO] ServerAccessManage:473 - Download File STMicroelectronics.X-CUBE-BLE2.pdsc
2023-12-15 08:18:34,394 [WARN] MainUpdater:1194 - Updater busy. Cannot search thirdparties
2023-12-15 08:18:34,394 [INFO] ThirdPartyUpdaterWithRetryManager:96 - Updater plugin is busy. [9/15]
2023-12-15 08:18:36,878 [INFO] ServerAccessManage:473 - Download File STMicroelectronics.X-CUBE-BLEMGR.pdsc
2023-12-15 08:18:37,395 [WARN] MainUpdater:1194 - Updater busy. Cannot search thirdparties
2023-12-15 08:18:37,395 [INFO] ThirdPartyUpdaterWithRetryManager:96 - Updater plugin is busy. [10/15]
2023-12-15 08:18:39,255 [INFO] ServerAccessManage:473 - Download File STMicroelectronics.X-CUBE-DISPLAY.pdsc
2023-12-15 08:18:40,395 [WARN] MainUpdater:1194 - Updater busy. Cannot search thirdparties
2023-12-15 08:18:40,395 [INFO] ThirdPartyUpdaterWithRetryManager:96 - Updater plugin is busy. [11/15]
2023-12-15 08:18:41,167 [INFO] ServerAccessManage:473 - Download File STMicroelectronics.X-CUBE-EEPRMA1.pdsc
2023-12-15 08:18:42,189 [ERROR] ServerAccessManage:1089 - Problem, file not found on Server
2023-12-15 08:18:43,395 [WARN] MainUpdater:1194 - Updater busy. Cannot search thirdparties
2023-12-15 08:18:43,395 [INFO] ThirdPartyUpdaterWithRetryManager:96 - Updater plugin is busy. [12/15]
2023-12-15 08:18:43,423 [INFO] ServerAccessManage:473 - Download File STMicroelectronics.X-CUBE-FREERTOS.pdsc
2023-12-15 08:18:46,398 [WARN] MainUpdater:1194 - Updater busy. Cannot search thirdparties
2023-12-15 08:18:46,398 [INFO] ThirdPartyUpdaterWithRetryManager:96 - Updater plugin is busy. [13/15]
2023-12-15 08:18:46,970 [ERROR] LogOutputStream:75 - [STDERR_REDIRECT] SLF4J: Failed to load class "org.slf4j.impl.StaticLoggerBinder".
2023-12-15 08:18:46,971 [ERROR] LogOutputStream:75 - [STDERR_REDIRECT] SLF4J: Defaulting to no-operation (NOP) logger implementation
2023-12-15 08:18:46,972 [ERROR] LogOutputStream:75 - [STDERR_REDIRECT] SLF4J: See http://www.slf4j.org/codes.html#StaticLoggerBinder for further details.
2023-12-15 08:18:47,474 [INFO] ServerAccessManage:473 - Download File STMicroelectronics.X-CUBE-GNSS1.pdsc
2023-12-15 08:18:49,400 [WARN] MainUpdater:1194 - Updater busy. Cannot search thirdparties
2023-12-15 08:18:49,400 [INFO] ThirdPartyUpdaterWithRetryManager:96 - Updater plugin is busy. [14/15]
2023-12-15 08:18:50,025 [ERROR] ServerAccessManage:1089 - Problem, file not found on Server
2023-12-15 08:18:50,400 [ERROR] ServerAccessManage:1089 - Problem, file not found on Server
2023-12-15 08:18:50,793 [ERROR] ServerAccessManage:1089 - Problem, file not found on Server
2023-12-15 08:18:51,184 [ERROR] ServerAccessManage:1089 - Problem, file not found on Server
2023-12-15 08:18:51,574 [ERROR] ServerAccessManage:1089 - Problem, file not found on Server
2023-12-15 08:18:52,095 [ERROR] ServerAccessManage:1089 - Problem, file not found on Server
2023-12-15 08:18:52,401 [WARN] MainUpdater:1194 - Updater busy. Cannot search thirdparties
2023-12-15 08:18:52,401 [INFO] ThirdPartyUpdaterWithRetryManager:96 - Updater plugin is busy. [15/15]
2023-12-15 08:18:52,401 [ERROR] IntegrityCheckThread:130 - Cannot retrieve database content from updater: error -1
2023-12-15 08:18:52,401 [INFO] ThirdParty:978 - Integrity check success = false
2023-12-15 08:18:52,401 [INFO] IntegrityCheckThread:100 - exiting critical section [integrity check]
2023-12-15 08:18:52,401 [INFO] IntegrityCheckThread:103 - End integrity checks thread
2023-12-15 08:18:52,437 [INFO] ServerAccessManage:473 - Download File STMicroelectronics.X-CUBE-ISPU.pdsc
2023-12-15 08:18:53,448 [INFO] ServerAccessManage:473 - Download File STMicroelectronics.X-CUBE-MEMS1.pdsc
2023-12-15 08:19:00,747 [INFO] ServerAccessManage:473 - Download File STMicroelectronics.X-CUBE-NFC4.pdsc
2023-12-15 08:19:04,794 [INFO] ServerAccessManage:473 - Download File STMicroelectronics.X-CUBE-NFC6.pdsc
2023-12-15 08:19:05,225 [INFO] ServerAccessManage:473 - Download File STMicroelectronics.X-CUBE-NFC7.pdsc
2023-12-15 08:19:06,063 [INFO] ServerAccessManage:473 - Download File STMicroelectronics.X-CUBE-SFXS2LP1.pdsc
2023-12-15 08:19:07,717 [INFO] ServerAccessManage:473 - Download File STMicroelectronics.X-CUBE-SUBG2.pdsc
2023-12-15 08:19:11,448 [INFO] ServerAccessManage:473 - Download File STMicroelectronics.X-CUBE-SMBUS.pdsc
2023-12-15 08:19:12,085 [ERROR] ServerAccessManage:1089 - Problem, file not found on Server
2023-12-15 08:19:12,433 [INFO] ServerAccessManage:473 - Download File STMicroelectronics.X-CUBE-TOF1.pdsc
2023-12-15 08:19:14,797 [ERROR] ServerAccessManage:1089 - Problem, file not found on Server
2023-12-15 08:19:15,308 [INFO] ServerAccessManage:473 - Download File STMicroelectronics.X-CUBE-TOUCHGFX.pdsc
2023-12-15 08:19:21,054 [INFO] ServerAccessManage:473 - Download File STMicroelectronics.X-CUBE-ALGOBUILD.pdsc
2023-12-15 08:19:23,151 [INFO] ServerAccessManage:473 - Download File STMicroelectronics.X-CUBE-AZRTOS-H7.pdsc
2023-12-15 08:19:26,823 [INFO] ServerAccessManage:473 - Download File STMicroelectronics.X-CUBE-AZRTOS-F4.pdsc
2023-12-15 08:19:28,360 [INFO] ServerAccessManage:473 - Download File STMicroelectronics.X-CUBE-AZRTOS-F7.pdsc
2023-12-15 08:19:29,578 [INFO] ServerAccessManage:473 - Download File STMicroelectronics.X-CUBE-AZRTOS-L4.pdsc
2023-12-15 08:19:32,192 [INFO] ServerAccessManage:473 - Download File STMicroelectronics.X-CUBE-AZRTOS-L5.pdsc
2023-12-15 08:19:34,306 [INFO] ServerAccessManage:473 - Download File STMicroelectronics.X-CUBE-AZRTOS-G0.pdsc
2023-12-15 08:19:35,376 [INFO] ServerAccessManage:473 - Download File STMicroelectronics.X-CUBE-AZRTOS-G4.pdsc
2023-12-15 08:19:36,881 [INFO] ServerAccessManage:473 - Download File STMicroelectronics.X-CUBE-AZRTOS-WB.pdsc
2023-12-15 08:19:38,522 [INFO] ServerAccessManage:473 - Download File STMicroelectronics.X-CUBE-AZRTOS-WL.pdsc
2023-12-15 08:19:41,070 [INFO] ServerAccessManage:473 - Download File wolfSSL.I-CUBE-wolfSSL.pdsc
2023-12-15 08:19:51,272 [ERROR] ServerAccessManage:1089 - Problem, file not found on Server
2023-12-15 08:19:51,836 [ERROR] ServerAccessManage:1089 - Problem, file not found on Server
2023-12-15 08:19:52,395 [ERROR] ServerAccessManage:1089 - Problem, file not found on Server
2023-12-15 08:19:54,040 [ERROR] ServerAccessManage:1096 - Problem, Http access forbiden
2023-12-15 08:19:54,040 [ERROR] ServerAccessManage:651 - Problem, Http access forbiden : RoweBots.I-CUBE-UNISONRTOS.pdsc.
2023-12-15 08:19:55,272 [ERROR] ServerAccessManage:1172 - Problem during Server Connection :  IO error PKIX path building failed: sun.security.provider.certpath.SunCertPathBuilderException: unable to find valid certification path to requested target
2023-12-15 08:19:55,272 [ERROR] ServerAccessManage:651 - Problem during Server Connection :  : SEGGER.I-CUBE-embOS.pdsc.
2023-12-15 08:19:56,745 [INFO] ServerAccessManage:473 - Download File portGmbH.I-Cube-SoM-uGOAL.pdsc
2023-12-15 08:19:59,061 [ERROR] ServerAccessManage:1089 - Problem, file not found on Server
2023-12-15 08:19:59,145 [ERROR] ServerAccessManage:1089 - Problem, file not found on Server
2023-12-15 08:19:59,236 [ERROR] ServerAccessManage:1089 - Problem, file not found on Server
2023-12-15 08:20:00,056 [INFO] ServerAccessManage:473 - Download File emotas.I-CUBE-CANOPEN.pdsc
2023-12-15 08:20:02,189 [INFO] ServerAccessManage:473 - Download File WES.I-CUBE-Cesium.pdsc
2023-12-15 08:20:03,035 [ERROR] ServerAccessManage:1089 - Problem, file not found on Server
2023-12-15 08:20:03,432 [ERROR] ServerAccessManage:1089 - Problem, file not found on Server
2023-12-15 08:20:05,018 [INFO] ServerAccessManage:473 - Download File ITTIA_DB.I-CUBE-ITTIADB.pdsc
2023-12-15 08:20:11,239 [INFO] ServerAccessManage:473 - Download File Infineon.AIROC-Wi-Fi-Bluetooth-STM32.pdsc
2023-12-15 08:20:13,198 [WARN] PackLoader:240 - Cannot read IP mode file for STMicroelectronics.FP-ATR-ASTRA1.2.0.0
2023-12-15 08:20:13,202 [WARN] CheckServerUpdateThread:151 - Open CheckUpdateFile Fail
2023-12-15 08:20:13,204 [WARN] PackLoader:240 - Cannot read IP mode file for STMicroelectronics.FP-ATR-SIGFOX1.3.2.0
2023-12-15 08:20:13,209 [WARN] PackLoader:240 - Cannot read IP mode file for STMicroelectronics.FP-SNS-FLIGHT1.5.0.2
2023-12-15 08:20:13,214 [WARN] PackLoader:240 - Cannot read IP mode file for STMicroelectronics.FP-SNS-MOTENV1.4.3.2
2023-12-15 08:20:13,220 [WARN] PackLoader:240 - Cannot read IP mode file for STMicroelectronics.FP-SNS-MOTENVWB1.1.3.1
2023-12-15 08:20:13,226 [WARN] PackLoader:240 - Cannot read IP mode file for STMicroelectronics.FP-SNS-SMARTAG2.1.2.0
2023-12-15 08:20:13,230 [WARN] PackLoader:240 - Cannot read IP mode file for STMicroelectronics.X-CUBE-AI.8.1.0
2023-12-15 08:20:13,234 [WARN] PackLoader:240 - Cannot read IP mode file for STMicroelectronics.X-CUBE-ALS.1.0.1
2023-12-15 08:20:13,240 [WARN] PackLoader:240 - Cannot read IP mode file for STMicroelectronics.X-CUBE-BLE1.7.0.0
2023-12-15 08:20:13,245 [WARN] PackLoader:240 - Cannot read IP mode file for STMicroelectronics.X-CUBE-BLE2.3.3.0
2023-12-15 08:20:13,255 [WARN] PackLoader:240 - Cannot read IP mode file for STMicroelectronics.X-CUBE-BLEMGR.3.0.0
2023-12-15 08:20:13,266 [WARN] PackLoader:240 - Cannot read IP mode file for STMicroelectronics.X-CUBE-DISPLAY.3.0.0
2023-12-15 08:20:13,273 [WARN] PackLoader:240 - Cannot read IP mode file for STMicroelectronics.X-CUBE-EEPRMA1.4.2.0
2023-12-15 08:20:13,278 [WARN] PackLoader:240 - Cannot read IP mode file for STMicroelectronics.X-CUBE-FREERTOS.1.1.0
2023-12-15 08:20:13,282 [WARN] PackLoader:240 - Cannot read IP mode file for STMicroelectronics.X-CUBE-GNSS1.6.0.0
2023-12-15 08:20:13,285 [WARN] PackLoader:240 - Cannot read IP mode file for STMicroelectronics.X-CUBE-ISPU.2.0.0
2023-12-15 08:20:13,321 [INFO] CheckServerUpdateThread:120 - End of CheckServer Thread
2023-12-15 08:20:13,323 [WARN] PackLoader:240 - Cannot read IP mode file for STMicroelectronics.X-CUBE-MEMS1.10.0.0
2023-12-15 08:20:13,433 [WARN] PackLoader:240 - Cannot read IP mode file for STMicroelectronics.X-CUBE-NFC4.3.0.0
2023-12-15 08:20:13,440 [WARN] PackLoader:240 - Cannot read IP mode file for STMicroelectronics.X-CUBE-NFC6.3.0.0
2023-12-15 08:20:13,445 [WARN] PackLoader:240 - Cannot read IP mode file for STMicroelectronics.X-CUBE-NFC7.1.0.1
2023-12-15 08:20:13,452 [WARN] PackLoader:240 - Cannot read IP mode file for STMicroelectronics.X-CUBE-SFXS2LP1.4.0.0
2023-12-15 08:20:13,459 [WARN] PackLoader:240 - Cannot read IP mode file for STMicroelectronics.X-CUBE-SUBG2.5.0.0
2023-12-15 08:20:13,465 [WARN] PackLoader:240 - Cannot read IP mode file for STMicroelectronics.X-CUBE-SMBUS.2.1.0
2023-12-15 08:20:13,473 [WARN] PackLoader:240 - Cannot read IP mode file for STMicroelectronics.X-CUBE-TOF1.3.4.0
2023-12-15 08:20:13,487 [WARN] PackLoader:240 - Cannot read IP mode file for STMicroelectronics.X-CUBE-TOUCHGFX.4.23.0
2023-12-15 08:20:13,491 [WARN] PackLoader:240 - Cannot read IP mode file for STMicroelectronics.X-CUBE-ALGOBUILD.1.3.0
2023-12-15 08:20:13,506 [WARN] PackLoader:240 - Cannot read IP mode file for STMicroelectronics.X-CUBE-AZRTOS-H7.3.2.0
2023-12-15 08:20:13,521 [WARN] PackLoader:240 - Cannot read IP mode file for STMicroelectronics.X-CUBE-AZRTOS-F4.1.1.0
2023-12-15 08:20:13,535 [WARN] PackLoader:240 - Cannot read IP mode file for STMicroelectronics.X-CUBE-AZRTOS-F7.1.1.0
2023-12-15 08:20:13,553 [WARN] ConditionMgr:438 - getConditionDescription Invalid condition id : LAN8742 Phy interface Condition cause : null
2023-12-15 08:20:13,553 [WARN] PackLoader:240 - Cannot read IP mode file for STMicroelectronics.X-CUBE-AZRTOS-L4.2.0.0
2023-12-15 08:20:13,555 [WARN] ConditionMgr:1039 - genDependencies : Invalid condition id : LAN8742 Phy interface Condition cause : null
2023-12-15 08:20:13,555 [WARN] ConditionMgr:1039 - genDependencies : Invalid condition id : LAN8742 Phy interface Condition cause : null
2023-12-15 08:20:13,556 [WARN] ConditionMgr:1039 - genDependencies : Invalid condition id : LAN8742 Phy interface Condition cause : null
2023-12-15 08:20:13,574 [WARN] PackLoader:240 - Cannot read IP mode file for STMicroelectronics.X-CUBE-AZRTOS-L5.2.0.0
2023-12-15 08:20:13,589 [WARN] PackLoader:240 - Cannot read IP mode file for STMicroelectronics.X-CUBE-AZRTOS-G0.1.1.0
2023-12-15 08:20:13,600 [WARN] PackLoader:240 - Cannot read IP mode file for STMicroelectronics.X-CUBE-AZRTOS-G4.2.0.0
2023-12-15 08:20:13,614 [WARN] ConditionMgr:438 - getConditionDescription Invalid condition id : UX DEVICE CLASS RTOS Condition cause : null
2023-12-15 08:20:13,614 [WARN] ConditionMgr:438 - getConditionDescription Invalid condition id : UX DEVICE CLASS RTOS Condition cause : null
2023-12-15 08:20:13,617 [WARN] PackLoader:240 - Cannot read IP mode file for STMicroelectronics.X-CUBE-AZRTOS-WB.2.0.0
2023-12-15 08:20:13,618 [WARN] ConditionMgr:1039 - genDependencies : Invalid condition id : UX DEVICE CLASS RTOS Condition cause : null
2023-12-15 08:20:13,618 [WARN] ConditionMgr:1039 - genDependencies : Invalid condition id : UX DEVICE CLASS RTOS Condition cause : null
2023-12-15 08:20:13,618 [WARN] ConditionMgr:1039 - genDependencies : Invalid condition id : UX DEVICE CLASS RTOS Condition cause : null
2023-12-15 08:20:13,618 [WARN] ConditionMgr:1039 - genDependencies : Invalid condition id : UX DEVICE CLASS RTOS Condition cause : null
2023-12-15 08:20:13,618 [WARN] ConditionMgr:1039 - genDependencies : Invalid condition id : UX DEVICE CLASS RTOS Condition cause : null
2023-12-15 08:20:13,627 [INFO] LogOutputStream:77 - [STDOUT_REDIRECT] 1 : Invalid condition id : UX_CORESTACK_Condition cause : null
2023-12-15 08:20:13,627 [INFO] LogOutputStream:77 - [STDOUT_REDIRECT] 1 : Invalid condition id : UX_CORESTACK_Condition cause : null
2023-12-15 08:20:13,628 [INFO] LogOutputStream:77 - [STDOUT_REDIRECT] 1 : Invalid condition id : UX_CORESTACK_Condition cause : null
2023-12-15 08:20:13,629 [INFO] LogOutputStream:77 - [STDOUT_REDIRECT] 1 : Invalid condition id : UX_CORESTACK_Condition cause : null
2023-12-15 08:20:13,629 [INFO] LogOutputStream:77 - [STDOUT_REDIRECT] 1 : Invalid condition id : UX_CORESTACK_Condition cause : null
2023-12-15 08:20:13,631 [WARN] PackLoader:240 - Cannot read IP mode file for STMicroelectronics.X-CUBE-AZRTOS-WL.2.0.0
2023-12-15 08:20:13,636 [WARN] PackLoader:240 - Cannot read IP mode file for wolfSSL.I-CUBE-wolfSSL.5.6.4
2023-12-15 08:20:13,641 [WARN] PackLoader:240 - Cannot read IP mode file for portGmbH.I-Cube-SoM-uGOAL.1.1.0
2023-12-15 08:20:13,645 [WARN] PackLoader:240 - Cannot read IP mode file for emotas.I-CUBE-CANOPEN.1.3.0
2023-12-15 08:20:13,653 [WARN] PackLoader:240 - Cannot read IP mode file for WES.I-CUBE-Cesium.1.3.0
2023-12-15 08:20:13,658 [WARN] PackLoader:240 - Cannot read IP mode file for ITTIA_DB.I-CUBE-ITTIADB.8.8.0
2023-12-15 08:20:13,666 [WARN] PackLoader:240 - Cannot read IP mode file for Infineon.AIROC-Wi-Fi-Bluetooth-STM32.1.5.1
2023-12-15 08:20:13,670 [INFO] PopulateThirdPartyThread:66 - Ending populate Thread
2023-12-15 08:20:13,672 [INFO] ThirdParty:1030 - CMSIS Pack Vendor :STMicroelectronics X-CUBE-DISPLAY 3.0.0
2023-12-15 08:20:13,672 [INFO] ThirdParty:1030 - CMSIS Pack Vendor :STMicroelectronics X-CUBE-GNSS1 6.0.0
2023-12-15 08:20:13,672 [INFO] ThirdParty:1030 - CMSIS Pack Vendor :STMicroelectronics FP-SNS-MOTENVWB1 1.3.1
2023-12-15 08:20:13,672 [INFO] ThirdParty:1030 - CMSIS Pack Vendor :STMicroelectronics X-CUBE-AZRTOS-F4 1.1.0
2023-12-15 08:20:13,672 [INFO] ThirdParty:1030 - CMSIS Pack Vendor :STMicroelectronics FP-ATR-SIGFOX1 3.2.0
2023-12-15 08:20:13,672 [INFO] ThirdParty:1030 - CMSIS Pack Vendor :STMicroelectronics X-CUBE-BLE1 7.0.0
2023-12-15 08:20:13,672 [INFO] ThirdParty:1030 - CMSIS Pack Vendor :wolfSSL I-CUBE-wolfSSL 5.6.4
2023-12-15 08:20:13,672 [INFO] ThirdParty:1030 - CMSIS Pack Vendor :STMicroelectronics X-CUBE-SMBUS 2.1.0
2023-12-15 08:20:13,672 [INFO] ThirdParty:1030 - CMSIS Pack Vendor :STMicroelectronics X-CUBE-ISPU 2.0.0
2023-12-15 08:20:13,672 [INFO] ThirdParty:1030 - CMSIS Pack Vendor :STMicroelectronics X-CUBE-AZRTOS-WB 2.0.0
2023-12-15 08:20:13,672 [INFO] ThirdParty:1030 - CMSIS Pack Vendor :emotas I-CUBE-CANOPEN 1.3.0
2023-12-15 08:20:13,672 [INFO] ThirdParty:1030 - CMSIS Pack Vendor :STMicroelectronics X-CUBE-MEMS1 10.0.0
2023-12-15 08:20:13,672 [INFO] ThirdParty:1030 - CMSIS Pack Vendor :STMicroelectronics X-CUBE-FREERTOS 1.1.0
2023-12-15 08:20:13,672 [INFO] ThirdParty:1030 - CMSIS Pack Vendor :STMicroelectronics X-CUBE-NFC7 1.0.1
2023-12-15 08:20:13,672 [INFO] ThirdParty:1030 - CMSIS Pack Vendor :STMicroelectronics X-CUBE-TOUCHGFX 4.23.0
2023-12-15 08:20:13,672 [INFO] ThirdParty:1030 - CMSIS Pack Vendor :STMicroelectronics X-CUBE-AZRTOS-F7 1.1.0
2023-12-15 08:20:13,672 [INFO] ThirdParty:1030 - CMSIS Pack Vendor :STMicroelectronics X-CUBE-AZRTOS-L5 2.0.0
2023-12-15 08:20:13,672 [INFO] ThirdParty:1030 - CMSIS Pack Vendor :STMicroelectronics X-CUBE-NFC6 3.0.0
2023-12-15 08:20:13,672 [INFO] ThirdParty:1030 - CMSIS Pack Vendor :STMicroelectronics X-CUBE-ALS 1.0.1
2023-12-15 08:20:13,672 [INFO] ThirdParty:1030 - CMSIS Pack Vendor :portGmbH I-Cube-SoM-uGOAL 1.1.0
2023-12-15 08:20:13,672 [INFO] ThirdParty:1030 - CMSIS Pack Vendor :STMicroelectronics X-CUBE-EEPRMA1 4.2.0
2023-12-15 08:20:13,672 [INFO] ThirdParty:1030 - CMSIS Pack Vendor :ITTIA_DB I-CUBE-ITTIADB 8.8.0
2023-12-15 08:20:13,672 [INFO] ThirdParty:1030 - CMSIS Pack Vendor :STMicroelectronics FP-SNS-SMARTAG2 1.2.0
2023-12-15 08:20:13,672 [INFO] ThirdParty:1030 - CMSIS Pack Vendor :STMicroelectronics FP-SNS-MOTENV1 4.3.2
2023-12-15 08:20:13,672 [INFO] ThirdParty:1030 - CMSIS Pack Vendor :STMicroelectronics X-CUBE-ALGOBUILD 1.3.0
2023-12-15 08:20:13,673 [INFO] ThirdParty:1030 - CMSIS Pack Vendor :STMicroelectronics X-CUBE-AZRTOS-WL 2.0.0
2023-12-15 08:20:13,673 [INFO] ThirdParty:1030 - CMSIS Pack Vendor :STMicroelectronics X-CUBE-AZRTOS-G0 1.1.0
2023-12-15 08:20:13,673 [INFO] ThirdParty:1030 - CMSIS Pack Vendor :STMicroelectronics X-CUBE-AI 8.1.0
2023-12-15 08:20:13,673 [INFO] ThirdParty:1030 - CMSIS Pack Vendor :STMicroelectronics X-CUBE-NFC4 3.0.0
2023-12-15 08:20:13,673 [INFO] ThirdParty:1030 - CMSIS Pack Vendor :STMicroelectronics X-CUBE-SUBG2 5.0.0
2023-12-15 08:20:13,673 [INFO] ThirdParty:1030 - CMSIS Pack Vendor :STMicroelectronics X-CUBE-AZRTOS-L4 2.0.0
2023-12-15 08:20:13,673 [INFO] ThirdParty:1030 - CMSIS Pack Vendor :STMicroelectronics FP-ATR-ASTRA1 2.0.0
2023-12-15 08:20:13,673 [INFO] ThirdParty:1030 - CMSIS Pack Vendor :WES I-CUBE-Cesium 1.3.0
2023-12-15 08:20:13,673 [INFO] ThirdParty:1030 - CMSIS Pack Vendor :STMicroelectronics X-CUBE-SFXS2LP1 4.0.0
2023-12-15 08:20:13,673 [INFO] ThirdParty:1030 - CMSIS Pack Vendor :STMicroelectronics FP-SNS-FLIGHT1 5.0.2
2023-12-15 08:20:13,673 [INFO] ThirdParty:1030 - CMSIS Pack Vendor :STMicroelectronics X-CUBE-BLE2 3.3.0
2023-12-15 08:20:13,673 [INFO] ThirdParty:1030 - CMSIS Pack Vendor :STMicroelectronics X-CUBE-TOF1 3.4.0
2023-12-15 08:20:13,673 [INFO] ThirdParty:1030 - CMSIS Pack Vendor :STMicroelectronics X-CUBE-AZRTOS-G4 2.0.0
2023-12-15 08:20:13,673 [INFO] ThirdParty:1030 - CMSIS Pack Vendor :STMicroelectronics X-CUBE-AZRTOS-H7 3.2.0
2023-12-15 08:20:13,673 [INFO] ThirdParty:1030 - CMSIS Pack Vendor :Infineon AIROC-Wi-Fi-Bluetooth-STM32 1.5.1
2023-12-15 08:20:13,673 [INFO] ThirdParty:1030 - CMSIS Pack Vendor :STMicroelectronics X-CUBE-BLEMGR 3.0.0
2023-12-15 08:20:13,674 [INFO] LoadServerUpdatesThread:375 - End of LoadServerUpdate Thread
2023-12-15 08:20:34,243 [ERROR] LogOutputStream:75 - [STDERR_REDIRECT] 
2023-12-15 14:18:09,430 [INFO] Activator:176 - 


2023-12-15 14:18:09,432 [INFO] Activator:177 - !SESSION log4j initialized
2023-12-15 14:18:11,938 [INFO] LogOutputStream:77 - [STDOUT_REDIRECT] 
2023-12-15 14:18:12,126 [ERROR] ConfigurationRetriever:142 - IOException on connection: sw-center.st.com
2023-12-15 14:18:12,126 [ERROR] ConfigurationRetriever:142 - IOException on connection: sw-center.st.com
2023-12-15 14:18:12,127 [ERROR] ConfigurationRetriever:142 - IOException on connection: sw-center.st.com
2023-12-15 14:18:12,130 [ERROR] ConfigurationRetriever:142 - IOException on connection: sw-center.st.com
2023-12-15 14:18:12,131 [ERROR] ConfigurationRetriever:142 - IOException on connection: sw-center.st.com
2023-12-15 14:18:12,131 [ERROR] ConfigurationRetriever:142 - IOException on connection: sw-center.st.com
2023-12-15 14:18:14,537 [ERROR] ConfigurationRetriever:142 - IOException on connection: sw-center.st.com
2023-12-15 14:18:14,538 [ERROR] ConfigurationRetriever:142 - IOException on connection: sw-center.st.com
2023-12-15 14:18:14,538 [ERROR] ConfigurationRetriever:142 - IOException on connection: sw-center.st.com
2023-12-15 14:18:16,559 [INFO] ApplicationProperties:184 - Using Application install path: C:\ST\STM32CubeIDE_1.14.0\STM32CubeIDE\plugins\com.st.stm32cube.common.mx_6.10.0.202311202037
2023-12-15 14:18:16,592 [INFO] DbMcusXml:78 - Set database path to: C:\ST\STM32CubeIDE_1.14.0\STM32CubeIDE\plugins\com.st.stm32cube.common.mx_6.10.0.202311202037\\db\/mcu/
2023-12-15 14:18:16,592 [INFO] ApiDb:274 - Set plugin database path to: C:\ST\STM32CubeIDE_1.14.0\STM32CubeIDE\plugins\com.st.stm32cube.common.mx_6.10.0.202311202037\\db\/plugins/boardmanager/
2023-12-15 14:18:16,593 [WARN] ApiDb:259 - Overriding images path with different value:  => C:\ST\STM32CubeIDE_1.14.0\STM32CubeIDE\plugins\com.st.stm32cube.common.mx_6.10.0.202311202037\\db\/plugins/mcufinder/images/
2023-12-15 14:18:16,609 [INFO] ApiDb:250 - Set database path to: C:\Users\hasan\.stmcufinder\plugins\mcufinder//mcu/
2023-12-15 14:18:16,611 [INFO] DbMcusAds:125 - Set database path to: C:\Users\hasan\.stmcufinder\plugins\mcufinder//mcu/
2023-12-15 14:18:16,616 [INFO] CrossReferenceDbSqlite:203 - Set database path to: C:\Users\hasan\.stmcufinder\plugins\mcufinder//mcu/cs/
2023-12-15 14:18:16,782 [INFO] RulesReader:64 - Compatibility file has been processed (297 Rules)
2023-12-15 14:18:16,925 [INFO] DbMcusXml:78 - Set database path to: C:\ST\STM32CubeIDE_1.14.0\STM32CubeIDE\plugins\com.st.stm32cube.common.mx_6.10.0.202311202037\\db\/mcu/
2023-12-15 14:18:16,925 [INFO] ApiDb:274 - Set plugin database path to: C:\ST\STM32CubeIDE_1.14.0\STM32CubeIDE\plugins\com.st.stm32cube.common.mx_6.10.0.202311202037\\db\/plugins/boardmanager/
2023-12-15 14:18:16,926 [INFO] ApiDb:261 - Set plugin images path to: C:\ST\STM32CubeIDE_1.14.0\STM32CubeIDE\plugins\com.st.stm32cube.common.mx_6.10.0.202311202037\\db\/plugins/mcufinder/images/
2023-12-15 14:18:16,926 [WARN] DbFile:41 - Overriding database path with different value: C:\Users\hasan\.stmcufinder\plugins\mcufinder/ => C:\Users\hasan\.stmcufinder\plugins\mcufinder
2023-12-15 14:18:16,926 [INFO] ApiDb:250 - Set database path to: C:\Users\hasan\.stmcufinder\plugins\mcufinder//mcu/
2023-12-15 14:18:16,927 [WARN] DbFile:41 - Overriding database path with different value: C:\Users\hasan\.stmcufinder\plugins\mcufinder/ => C:\Users\hasan\.stmcufinder\plugins\mcufinder
2023-12-15 14:18:16,927 [INFO] DbMcusAds:125 - Set database path to: C:\Users\hasan\.stmcufinder\plugins\mcufinder//mcu/
2023-12-15 14:18:16,927 [WARN] DbFile:41 - Overriding database path with different value: C:\Users\hasan\.stmcufinder\plugins\mcufinder/ => C:\Users\hasan\.stmcufinder\plugins\mcufinder
2023-12-15 14:18:16,927 [WARN] DbFile:41 - Overriding database path with different value: C:\Users\hasan\.stmcufinder\plugins\mcufinder/ => C:\Users\hasan\.stmcufinder\plugins\mcufinder
2023-12-15 14:18:16,927 [INFO] CrossReferenceDbSqlite:203 - Set database path to: C:\Users\hasan\.stmcufinder\plugins\mcufinder//mcu/cs/
2023-12-15 14:18:17,071 [INFO] MainPanel:264 - HeapMemory: 268435456
2023-12-15 14:18:17,242 [INFO] DbMcusXml:78 - Set database path to: C:\ST\STM32CubeIDE_1.14.0\STM32CubeIDE\plugins\com.st.stm32cube.common.mx_6.10.0.202311202037\\db\/mcu/
2023-12-15 14:18:17,242 [INFO] ApiDb:274 - Set plugin database path to: C:\ST\STM32CubeIDE_1.14.0\STM32CubeIDE\plugins\com.st.stm32cube.common.mx_6.10.0.202311202037\\db\/plugins/boardmanager/
2023-12-15 14:18:17,242 [INFO] ApiDb:261 - Set plugin images path to: C:\ST\STM32CubeIDE_1.14.0\STM32CubeIDE\plugins\com.st.stm32cube.common.mx_6.10.0.202311202037\\db\/plugins/mcufinder/images/
2023-12-15 14:18:17,243 [WARN] DbFile:41 - Overriding database path with different value: C:\Users\hasan\.stmcufinder\plugins\mcufinder/ => C:\Users\hasan\.stmcufinder\plugins\mcufinder
2023-12-15 14:18:17,243 [INFO] ApiDb:250 - Set database path to: C:\Users\hasan\.stmcufinder\plugins\mcufinder//mcu/
2023-12-15 14:18:17,243 [WARN] DbFile:41 - Overriding database path with different value: C:\Users\hasan\.stmcufinder\plugins\mcufinder/ => C:\Users\hasan\.stmcufinder\plugins\mcufinder
2023-12-15 14:18:17,243 [INFO] DbMcusAds:125 - Set database path to: C:\Users\hasan\.stmcufinder\plugins\mcufinder//mcu/
2023-12-15 14:18:17,243 [WARN] DbFile:41 - Overriding database path with different value: C:\Users\hasan\.stmcufinder\plugins\mcufinder/ => C:\Users\hasan\.stmcufinder\plugins\mcufinder
2023-12-15 14:18:17,243 [WARN] DbFile:41 - Overriding database path with different value: C:\Users\hasan\.stmcufinder\plugins\mcufinder/ => C:\Users\hasan\.stmcufinder\plugins\mcufinder
2023-12-15 14:18:17,243 [INFO] CrossReferenceDbSqlite:203 - Set database path to: C:\Users\hasan\.stmcufinder\plugins\mcufinder//mcu/cs/
2023-12-15 14:18:17,273 [INFO] ApplicationProperties:184 - Using Application install path: C:\ST\STM32CubeIDE_1.14.0\STM32CubeIDE\plugins\com.st.stm32cube.common.mx_6.10.0.202311202037
2023-12-15 14:18:17,277 [INFO] PluginManage:196 - Search for loadable plugins [exclusion list=, ]
2023-12-15 14:18:17,280 [INFO] PluginManage:310 - Check plugin analytics
2023-12-15 14:18:17,524 [INFO] AnalyticsPlugin:253 - Accepted Software Licenses: 
2023-12-15 14:18:17,524 [INFO] AnalyticsPlugin:255 - Accepted CMSIS Pack Licenses: 
2023-12-15 14:18:17,524 [INFO] AnalyticsPlugin:257 - Accepted Firmware Licenses: 
2023-12-15 14:18:17,525 [INFO] PluginManage:359 - Loaded plugin analytics (category:tool,tabindex:-1)
2023-12-15 14:18:17,525 [INFO] PluginManage:310 - Check plugin cadmodel
2023-12-15 14:18:17,527 [ERROR] ConfigurationRetriever:142 - IOException on connection: sw-center.st.com
2023-12-15 14:18:17,528 [ERROR] ConfigurationRetriever:142 - IOException on connection: sw-center.st.com
2023-12-15 14:18:17,528 [ERROR] ConfigurationRetriever:142 - IOException on connection: sw-center.st.com
2023-12-15 14:18:17,542 [INFO] CADModel:105 - Init CAD model plugin
2023-12-15 14:18:17,542 [INFO] PluginManage:359 - Loaded plugin cadmodel (category:power,tabindex:5)
2023-12-15 14:18:17,543 [INFO] PluginManage:310 - Check plugin clock
2023-12-15 14:18:17,576 [INFO] PluginManage:359 - Loaded plugin clock (category:base,tabindex:2)
2023-12-15 14:18:17,576 [INFO] PluginManage:310 - Check plugin ddr
2023-12-15 14:18:17,578 [INFO] PluginManage:359 - Loaded plugin ddr (category:tool,tabindex:6)
2023-12-15 14:18:17,579 [INFO] PluginManage:310 - Check plugin filemanager
2023-12-15 14:18:17,793 [INFO] PluginManage:359 - Loaded plugin filemanager (category:base,tabindex:10)
2023-12-15 14:18:17,793 [INFO] PluginManage:310 - Check plugin ipmanager
2023-12-15 14:18:17,800 [INFO] PluginManage:359 - Loaded plugin ipmanager (category:base,tabindex:5)
2023-12-15 14:18:17,800 [INFO] PluginManage:310 - Check plugin lpbam
2023-12-15 14:18:17,818 [INFO] PluginManage:359 - Loaded plugin lpbam (category:base,tabindex:0)
2023-12-15 14:18:17,818 [INFO] PluginManage:310 - Check plugin memorymap
2023-12-15 14:18:17,842 [INFO] PluginManage:359 - Loaded plugin memorymap (category:base,tabindex:4)
2023-12-15 14:18:17,842 [INFO] PluginManage:310 - Check plugin pinoutandconfiguration
2023-12-15 14:18:17,857 [INFO] PluginManage:359 - Loaded plugin pinoutandconfiguration (category:base,tabindex:1)
2023-12-15 14:18:17,857 [INFO] PluginManage:310 - Check plugin pinoutconfig
2023-12-15 14:18:17,911 [INFO] McuFinderGlobals:63 - Set McuFinder mode to 2 (CubeIDE integrated)
2023-12-15 14:18:17,955 [WARN] SupportedApi:132 - Cannot load RTOS API schema: s4s-elt-must-match.1: The content of 'definitions' must match (annotation?, (simpleType | complexType)?, (unique | key | keyref)*)). A problem was found starting at: attribute.
2023-12-15 14:18:18,185 [INFO] PluginManage:359 - Loaded plugin pinoutconfig (category:base,tabindex:0)
2023-12-15 14:18:18,185 [INFO] PluginManage:310 - Check plugin power
2023-12-15 14:18:18,215 [INFO] PluginManage:359 - Loaded plugin power (category:power,tabindex:4)
2023-12-15 14:18:18,215 [INFO] PluginManage:310 - Check plugin projectmanager
2023-12-15 14:18:18,234 [INFO] PluginManage:359 - Loaded plugin projectmanager (category:projectmanager,tabindex:3)
2023-12-15 14:18:18,234 [INFO] PluginManage:310 - Check plugin thirdparty
2023-12-15 14:18:18,595 [INFO] PluginManage:359 - Loaded plugin thirdparty (category:base,tabindex:-1)
2023-12-15 14:18:18,595 [INFO] PluginManage:310 - Check plugin tools
2023-12-15 14:18:18,595 [WARN] IntegrityCheckThread:84 - waiting for thirdparty lock release [integrity check]
2023-12-15 14:18:18,595 [INFO] IntegrityCheckThread:86 - entering critical section [integrity check]
2023-12-15 14:18:18,596 [INFO] ThirdPartyUpdaterWithRetryManager:70 - Updater plugin not ready yet. [1/15]
2023-12-15 14:18:18,648 [INFO] PluginManage:359 - Loaded plugin tools (category:base,tabindex:7)
2023-12-15 14:18:18,648 [INFO] PluginManage:310 - Check plugin tutovideos
2023-12-15 14:18:18,847 [INFO] PluginManage:359 - Loaded plugin tutovideos (category:base,tabindex:-1)
2023-12-15 14:18:18,847 [INFO] PluginManage:310 - Check plugin updater
2023-12-15 14:18:18,862 [INFO] PluginManage:359 - Loaded plugin updater (category:base,tabindex:12)
2023-12-15 14:18:18,862 [INFO] PluginManage:310 - Check plugin userauth
2023-12-15 14:18:18,867 [INFO] UserAuth:114 - Init User Auth plugin
2023-12-15 14:18:18,867 [INFO] PluginManage:359 - Loaded plugin userauth (category:base,tabindex:14)
2023-12-15 14:18:18,868 [INFO] PluginManage:283 - PluginManage : Loaded plugins [17]
2023-12-15 14:18:19,072 [INFO] PinOutPanel:1499 - setPackage(No Configuration,No Configuration)
2023-12-15 14:18:19,133 [INFO] CADModel:165 - CPN selected for project level
2023-12-15 14:18:19,133 [INFO] CADModel:114 - Register for checkConnection events
2023-12-15 14:18:19,153 [INFO] IPUIPlugin:80 - create IPUIPlugin
2023-12-15 14:18:19,153 [INFO] PluginManager:220 - loadIPPluginJar : add adc
2023-12-15 14:18:19,176 [INFO] IPUIPlugin:80 - create IPUIPlugin
2023-12-15 14:18:19,176 [INFO] PluginManager:220 - loadIPPluginJar : add aes
2023-12-15 14:18:19,200 [INFO] IPUIPlugin:80 - create IPUIPlugin
2023-12-15 14:18:19,200 [INFO] PluginManager:220 - loadIPPluginJar : add can
2023-12-15 14:18:19,211 [INFO] IPUIPlugin:80 - create IPUIPlugin
2023-12-15 14:18:19,211 [INFO] PluginManager:220 - loadIPPluginJar : add comp
2023-12-15 14:18:19,230 [INFO] IPUIPlugin:80 - create IPUIPlugin
2023-12-15 14:18:19,230 [INFO] PluginManager:220 - loadIPPluginJar : add cryp
2023-12-15 14:18:19,246 [INFO] IPUIPlugin:80 - create IPUIPlugin
2023-12-15 14:18:19,246 [INFO] PluginManager:220 - loadIPPluginJar : add dfsdm
2023-12-15 14:18:19,257 [INFO] IPUIPlugin:80 - create IPUIPlugin
2023-12-15 14:18:19,257 [INFO] PluginManager:220 - loadIPPluginJar : add dma
2023-12-15 14:18:19,281 [INFO] IPUIPlugin:80 - create IPUIPlugin
2023-12-15 14:18:19,282 [INFO] PluginManager:220 - loadIPPluginJar : add dma3
2023-12-15 14:18:19,291 [INFO] IPUIPlugin:80 - create IPUIPlugin
2023-12-15 14:18:19,291 [INFO] PluginManager:220 - loadIPPluginJar : add fatfs
2023-12-15 14:18:19,318 [INFO] IPUIPlugin:80 - create IPUIPlugin
2023-12-15 14:18:19,318 [INFO] PluginManager:220 - loadIPPluginJar : add fmc
2023-12-15 14:18:19,329 [INFO] IPUIPlugin:80 - create IPUIPlugin
2023-12-15 14:18:19,329 [INFO] PluginManager:220 - loadIPPluginJar : add freertos
2023-12-15 14:18:19,340 [INFO] IPUIPlugin:80 - create IPUIPlugin
2023-12-15 14:18:19,340 [INFO] PluginManager:220 - loadIPPluginJar : add genericplugin
2023-12-15 14:18:19,391 [INFO] IPUIPlugin:80 - create IPUIPlugin
2023-12-15 14:18:19,391 [INFO] PluginManager:220 - loadIPPluginJar : add gfxmmu
2023-12-15 14:18:19,462 [INFO] IPUIPlugin:80 - create IPUIPlugin
2023-12-15 14:18:19,463 [INFO] PluginManager:220 - loadIPPluginJar : add gic
2023-12-15 14:18:19,470 [INFO] IPUIPlugin:80 - create IPUIPlugin
2023-12-15 14:18:19,470 [INFO] PluginManager:220 - loadIPPluginJar : add gpio
2023-12-15 14:18:19,522 [INFO] IPUIPlugin:80 - create IPUIPlugin
2023-12-15 14:18:19,522 [INFO] PluginManager:220 - loadIPPluginJar : add gtzc
2023-12-15 14:18:19,540 [INFO] IPUIPlugin:80 - create IPUIPlugin
2023-12-15 14:18:19,540 [INFO] PluginManager:220 - loadIPPluginJar : add hash
2023-12-15 14:18:19,568 [INFO] IPUIPlugin:80 - create IPUIPlugin
2023-12-15 14:18:19,568 [INFO] PluginManager:220 - loadIPPluginJar : add i2c
2023-12-15 14:18:19,590 [INFO] IPUIPlugin:80 - create IPUIPlugin
2023-12-15 14:18:19,590 [INFO] PluginManager:220 - loadIPPluginJar : add i2s
2023-12-15 14:18:19,613 [INFO] IPUIPlugin:80 - create IPUIPlugin
2023-12-15 14:18:19,613 [INFO] PluginManager:220 - loadIPPluginJar : add i3c
2023-12-15 14:18:19,674 [INFO] IPUIPlugin:80 - create IPUIPlugin
2023-12-15 14:18:19,674 [INFO] PluginManager:220 - loadIPPluginJar : add ipddr
2023-12-15 14:18:19,726 [INFO] IPUIPlugin:80 - create IPUIPlugin
2023-12-15 14:18:19,726 [INFO] PluginManager:220 - loadIPPluginJar : add linkedlist
2023-12-15 14:18:19,744 [INFO] IPUIPlugin:80 - create IPUIPlugin
2023-12-15 14:18:19,744 [INFO] PluginManager:220 - loadIPPluginJar : add lorawan
2023-12-15 14:18:19,766 [INFO] IPUIPlugin:80 - create IPUIPlugin
2023-12-15 14:18:19,766 [INFO] PluginManager:220 - loadIPPluginJar : add ltdc
2023-12-15 14:18:19,776 [INFO] IPUIPlugin:80 - create IPUIPlugin
2023-12-15 14:18:19,776 [INFO] PluginManager:220 - loadIPPluginJar : add mdma
2023-12-15 14:18:19,783 [INFO] IPUIPlugin:80 - create IPUIPlugin
2023-12-15 14:18:19,783 [INFO] PluginManager:220 - loadIPPluginJar : add nvic
2023-12-15 14:18:19,803 [INFO] IPUIPlugin:80 - create IPUIPlugin
2023-12-15 14:18:19,803 [INFO] PluginManager:220 - loadIPPluginJar : add opamp
2023-12-15 14:18:19,836 [INFO] IPUIPlugin:80 - create IPUIPlugin
2023-12-15 14:18:19,836 [INFO] PluginManager:220 - loadIPPluginJar : add openamp
2023-12-15 14:18:19,859 [INFO] IPUIPlugin:80 - create IPUIPlugin
2023-12-15 14:18:19,859 [INFO] PluginManager:220 - loadIPPluginJar : add pdm2pcm
2023-12-15 14:18:19,868 [INFO] IPUIPlugin:80 - create IPUIPlugin
2023-12-15 14:18:19,870 [INFO] PluginManager:220 - loadIPPluginJar : add plateformsettings
2023-12-15 14:18:19,882 [INFO] IPUIPlugin:80 - create IPUIPlugin
2023-12-15 14:18:19,882 [INFO] PluginManager:220 - loadIPPluginJar : add quadspi
2023-12-15 14:18:19,890 [INFO] IPUIPlugin:80 - create IPUIPlugin
2023-12-15 14:18:19,890 [INFO] PluginManager:220 - loadIPPluginJar : add resmgrutility
2023-12-15 14:18:19,917 [INFO] IPUIPlugin:80 - create IPUIPlugin
2023-12-15 14:18:19,917 [INFO] PluginManager:220 - loadIPPluginJar : add sai
2023-12-15 14:18:19,938 [INFO] IPUIPlugin:80 - create IPUIPlugin
2023-12-15 14:18:19,938 [INFO] PluginManager:220 - loadIPPluginJar : add spi
2023-12-15 14:18:19,979 [INFO] IPUIPlugin:80 - create IPUIPlugin
2023-12-15 14:18:19,979 [INFO] PluginManager:220 - loadIPPluginJar : add stm32_wpan
2023-12-15 14:18:19,992 [INFO] IPUIPlugin:80 - create IPUIPlugin
2023-12-15 14:18:19,992 [INFO] PluginManager:220 - loadIPPluginJar : add tim
2023-12-15 14:18:20,023 [INFO] IPUIPlugin:80 - create IPUIPlugin
2023-12-15 14:18:20,023 [INFO] PluginManager:220 - loadIPPluginJar : add touchsensing
2023-12-15 14:18:20,035 [INFO] IPUIPlugin:80 - create IPUIPlugin
2023-12-15 14:18:20,035 [INFO] PluginManager:220 - loadIPPluginJar : add tracer_emb
2023-12-15 14:18:20,049 [INFO] IPUIPlugin:80 - create IPUIPlugin
2023-12-15 14:18:20,049 [INFO] PluginManager:220 - loadIPPluginJar : add ts
2023-12-15 14:18:20,060 [INFO] IPUIPlugin:80 - create IPUIPlugin
2023-12-15 14:18:20,060 [INFO] PluginManager:220 - loadIPPluginJar : add tsc
2023-12-15 14:18:20,072 [INFO] IPUIPlugin:80 - create IPUIPlugin
2023-12-15 14:18:20,073 [INFO] PluginManager:220 - loadIPPluginJar : add ucpd
2023-12-15 14:18:20,097 [INFO] IPUIPlugin:80 - create IPUIPlugin
2023-12-15 14:18:20,097 [INFO] PluginManager:220 - loadIPPluginJar : add usart
2023-12-15 14:18:20,122 [INFO] IPUIPlugin:80 - create IPUIPlugin
2023-12-15 14:18:20,122 [INFO] PluginManager:220 - loadIPPluginJar : add usbx
2023-12-15 14:18:20,235 [INFO] CADModel:165 - CPN selected for project level
2023-12-15 14:18:20,235 [INFO] CADModel:114 - Register for checkConnection events
2023-12-15 14:18:20,236 [FATAL] Updater:308 - Updater called before beeing initialized
2023-12-15 14:18:20,236 [ERROR] CADModel:125 - Updater not yet initialized, retry later 
2023-12-15 14:18:20,354 [INFO] CADModel:165 - CPN selected for project level
2023-12-15 14:18:20,354 [INFO] CADModel:114 - Register for checkConnection events
2023-12-15 14:18:20,354 [FATAL] Updater:308 - Updater called before beeing initialized
2023-12-15 14:18:20,354 [ERROR] CADModel:125 - Updater not yet initialized, retry later 
2023-12-15 14:18:20,357 [FATAL] Updater:308 - Updater called before beeing initialized
2023-12-15 14:18:20,429 [FATAL] Updater:308 - Updater called before beeing initialized
2023-12-15 14:18:20,436 [INFO] DbMcusAds:53 - JSON generation date=Thu Sep 30 09:55:09 TRT 2021 (1632984909247)
2023-12-15 14:18:20,436 [FATAL] Updater:308 - Updater called before beeing initialized
2023-12-15 14:18:20,496 [WARN] DetailPanel:346 - Failed to get advertising image, set to default
2023-12-15 14:18:20,561 [FATAL] Updater:308 - Updater called before beeing initialized
2023-12-15 14:18:20,564 [FATAL] Updater:308 - Updater called before beeing initialized
2023-12-15 14:18:20,564 [FATAL] Updater:308 - Updater called before beeing initialized
2023-12-15 14:18:20,564 [WARN] DetailPanel:346 - Failed to get advertising image, set to default
2023-12-15 14:18:20,564 [FATAL] Updater:308 - Updater called before beeing initialized
2023-12-15 14:18:20,610 [ERROR] Updater:1120 - MainUpdater not yet initialized. External WinMGr cannot be set.
2023-12-15 14:18:20,618 [INFO] Updater:1056 - Updater Version found : 6.10.0
2023-12-15 14:18:20,633 [INFO] ApplicationProperties:184 - Using Application install path: C:\ST\STM32CubeIDE_1.14.0\STM32CubeIDE\plugins\com.st.stm32cube.common.mx_6.10.0.202311202037
2023-12-15 14:18:21,598 [INFO] ThirdPartyUpdaterWithRetryManager:70 - Updater plugin not ready yet. [2/15]
2023-12-15 14:18:22,200 [ERROR] LogOutputStream:75 - [STDERR_REDIRECT] Dec 15, 2023 2:18:22 PM java.util.prefs.WindowsPreferences <init>
2023-12-15 14:18:22,201 [ERROR] LogOutputStream:75 - [STDERR_REDIRECT] WARNING: Could not open/create prefs root node Software\JavaSoft\Prefs at root 0xffffffff80000002. Windows RegCreateKeyEx(...) returned error code 5.
2023-12-15 14:18:22,202 [ERROR] LogOutputStream:75 - [STDERR_REDIRECT] 
2023-12-15 14:18:22,349 [INFO] MainUpdater:2873 - connection check result : 22
2023-12-15 14:18:22,350 [INFO] MainUpdater:290 - Updater Check For Update Now.
2023-12-15 14:18:22,350 [INFO] MicroXplorer:498 - Change Database Version : DB.6.0.100
2023-12-15 14:18:22,365 [INFO] McuFinderGlobals:63 - Set McuFinder mode to 2 (CubeIDE integrated)
2023-12-15 14:18:22,365 [INFO] UserAuth:180 - activating auth plugin
2023-12-15 14:18:22,367 [INFO] UserAuth:404 - Internet connection configuration mode: 2
2023-12-15 14:18:22,381 [INFO] UserAuth:404 - Internet connection configuration mode: 2
2023-12-15 14:18:22,527 [INFO] CheckServerUpdateThread:120 - End of CheckServer Thread
2023-12-15 14:18:22,575 [INFO] MainUpdater:2873 - connection check result : 22
2023-12-15 14:18:22,581 [INFO] MainUpdater:2873 - connection check result : 22
2023-12-15 14:18:24,788 [WARN] PackLoader:240 - Cannot read IP mode file for STMicroelectronics.X-CUBE-SMBUS.2.1.0
2023-12-15 14:18:24,800 [WARN] PackLoader:240 - Cannot read IP mode file for STMicroelectronics.X-CUBE-TOUCHGFX.4.23.0
2023-12-15 14:18:24,831 [WARN] PackLoader:240 - Cannot read IP mode file for STMicroelectronics.X-CUBE-AZRTOS-F7.1.1.0
2023-12-15 14:18:24,846 [WARN] PackLoader:240 - Cannot read IP mode file for STMicroelectronics.FP-SNS-MOTENV1.4.3.2
2023-12-15 14:18:24,858 [WARN] PackLoader:240 - Cannot read IP mode file for STMicroelectronics.FP-SNS-FLIGHT1.5.0.2
2023-12-15 14:18:24,870 [WARN] PackLoader:240 - Cannot read IP mode file for STMicroelectronics.X-CUBE-DISPLAY.3.0.0
2023-12-15 14:18:24,884 [WARN] PackLoader:240 - Cannot read IP mode file for STMicroelectronics.X-CUBE-BLE1.7.0.0
2023-12-15 14:18:24,894 [WARN] PackLoader:240 - Cannot read IP mode file for emotas.I-CUBE-CANOPEN.1.3.0
2023-12-15 14:18:24,903 [WARN] PackLoader:240 - Cannot read IP mode file for STMicroelectronics.FP-SNS-SMARTAG2.1.2.0
2023-12-15 14:18:24,918 [INFO] LogOutputStream:77 - [STDOUT_REDIRECT] 1 : Invalid condition id : UX_CORESTACK_Condition cause : null
2023-12-15 14:18:24,919 [INFO] LogOutputStream:77 - [STDOUT_REDIRECT] 1 : Invalid condition id : UX_CORESTACK_Condition cause : null
2023-12-15 14:18:24,919 [INFO] LogOutputStream:77 - [STDOUT_REDIRECT] 1 : Invalid condition id : UX_CORESTACK_Condition cause : null
2023-12-15 14:18:24,920 [INFO] LogOutputStream:77 - [STDOUT_REDIRECT] 1 : Invalid condition id : UX_CORESTACK_Condition cause : null
2023-12-15 14:18:24,921 [INFO] LogOutputStream:77 - [STDOUT_REDIRECT] 1 : Invalid condition id : UX_CORESTACK_Condition cause : null
2023-12-15 14:18:24,924 [WARN] PackLoader:240 - Cannot read IP mode file for STMicroelectronics.X-CUBE-AZRTOS-WL.2.0.0
2023-12-15 14:18:24,936 [WARN] PackLoader:240 - Cannot read IP mode file for WES.I-CUBE-Cesium.1.3.0
2023-12-15 14:18:24,945 [WARN] PackLoader:240 - Cannot read IP mode file for STMicroelectronics.X-CUBE-BLE2.3.3.0
2023-12-15 14:18:24,957 [WARN] PackLoader:240 - Cannot read IP mode file for STMicroelectronics.X-CUBE-ALGOBUILD.1.3.0
2023-12-15 14:18:24,980 [WARN] PackLoader:240 - Cannot read IP mode file for STMicroelectronics.X-CUBE-AZRTOS-G0.1.1.0
2023-12-15 14:18:24,993 [WARN] PackLoader:240 - Cannot read IP mode file for STMicroelectronics.X-CUBE-NFC4.3.0.0
2023-12-15 14:18:25,007 [WARN] PackLoader:240 - Cannot read IP mode file for STMicroelectronics.X-CUBE-BLEMGR.3.0.0
2023-12-15 14:18:25,016 [WARN] PackLoader:240 - Cannot read IP mode file for STMicroelectronics.FP-ATR-SIGFOX1.3.2.0
2023-12-15 14:18:25,024 [WARN] PackLoader:240 - Cannot read IP mode file for STMicroelectronics.X-CUBE-GNSS1.6.0.0
2023-12-15 14:18:25,045 [WARN] PackLoader:240 - Cannot read IP mode file for STMicroelectronics.X-CUBE-AZRTOS-F4.1.1.0
2023-12-15 14:18:25,055 [WARN] PackLoader:240 - Cannot read IP mode file for wolfSSL.I-CUBE-wolfSSL.5.6.4
2023-12-15 14:18:25,077 [WARN] PackLoader:240 - Cannot read IP mode file for STMicroelectronics.X-CUBE-AZRTOS-L5.2.0.0
2023-12-15 14:18:25,089 [WARN] PackLoader:240 - Cannot read IP mode file for STMicroelectronics.X-CUBE-EEPRMA1.4.2.0
2023-12-15 14:18:25,099 [WARN] PackLoader:240 - Cannot read IP mode file for ITTIA_DB.I-CUBE-ITTIADB.8.8.0
2023-12-15 14:18:25,110 [WARN] PackLoader:240 - Cannot read IP mode file for STMicroelectronics.X-CUBE-NFC7.1.0.1
2023-12-15 14:18:25,124 [WARN] PackLoader:240 - Cannot read IP mode file for STMicroelectronics.X-CUBE-NFC6.3.0.0
2023-12-15 14:18:25,136 [WARN] PackLoader:240 - Cannot read IP mode file for STMicroelectronics.X-CUBE-AI.8.1.0
2023-12-15 14:18:25,159 [WARN] ConditionMgr:438 - getConditionDescription Invalid condition id : LAN8742 Phy interface Condition cause : null
2023-12-15 14:18:25,160 [WARN] PackLoader:240 - Cannot read IP mode file for STMicroelectronics.X-CUBE-AZRTOS-L4.2.0.0
2023-12-15 14:18:25,161 [WARN] ConditionMgr:1039 - genDependencies : Invalid condition id : LAN8742 Phy interface Condition cause : null
2023-12-15 14:18:25,161 [WARN] ConditionMgr:1039 - genDependencies : Invalid condition id : LAN8742 Phy interface Condition cause : null
2023-12-15 14:18:25,161 [WARN] ConditionMgr:1039 - genDependencies : Invalid condition id : LAN8742 Phy interface Condition cause : null
2023-12-15 14:18:25,173 [WARN] PackLoader:240 - Cannot read IP mode file for STMicroelectronics.X-CUBE-SFXS2LP1.4.0.0
2023-12-15 14:18:25,194 [WARN] ConditionMgr:438 - getConditionDescription Invalid condition id : UX DEVICE CLASS RTOS Condition cause : null
2023-12-15 14:18:25,194 [WARN] ConditionMgr:438 - getConditionDescription Invalid condition id : UX DEVICE CLASS RTOS Condition cause : null
2023-12-15 14:18:25,195 [WARN] PackLoader:240 - Cannot read IP mode file for STMicroelectronics.X-CUBE-AZRTOS-WB.2.0.0
2023-12-15 14:18:25,196 [WARN] ConditionMgr:1039 - genDependencies : Invalid condition id : UX DEVICE CLASS RTOS Condition cause : null
2023-12-15 14:18:25,196 [WARN] ConditionMgr:1039 - genDependencies : Invalid condition id : UX DEVICE CLASS RTOS Condition cause : null
2023-12-15 14:18:25,196 [WARN] ConditionMgr:1039 - genDependencies : Invalid condition id : UX DEVICE CLASS RTOS Condition cause : null
2023-12-15 14:18:25,196 [WARN] ConditionMgr:1039 - genDependencies : Invalid condition id : UX DEVICE CLASS RTOS Condition cause : null
2023-12-15 14:18:25,196 [WARN] ConditionMgr:1039 - genDependencies : Invalid condition id : UX DEVICE CLASS RTOS Condition cause : null
2023-12-15 14:18:25,213 [WARN] PackLoader:240 - Cannot read IP mode file for STMicroelectronics.X-CUBE-SUBG2.5.0.0
2023-12-15 14:18:25,239 [WARN] PackLoader:240 - Cannot read IP mode file for STMicroelectronics.X-CUBE-AZRTOS-G4.2.0.0
2023-12-15 14:18:25,259 [WARN] PackLoader:240 - Cannot read IP mode file for Infineon.AIROC-Wi-Fi-Bluetooth-STM32.1.5.1
2023-12-15 14:18:25,272 [WARN] PackLoader:240 - Cannot read IP mode file for STMicroelectronics.FP-SNS-MOTENVWB1.1.3.1
2023-12-15 14:18:25,283 [WARN] PackLoader:240 - Cannot read IP mode file for STMicroelectronics.X-CUBE-ISPU.2.0.0
2023-12-15 14:18:25,315 [WARN] PackLoader:240 - Cannot read IP mode file for STMicroelectronics.X-CUBE-MEMS1.10.0.0
2023-12-15 14:18:25,400 [WARN] PackLoader:240 - Cannot read IP mode file for STMicroelectronics.X-CUBE-FREERTOS.1.1.0
2023-12-15 14:18:25,411 [WARN] PackLoader:240 - Cannot read IP mode file for portGmbH.I-Cube-SoM-uGOAL.1.1.0
2023-12-15 14:18:25,421 [WARN] PackLoader:240 - Cannot read IP mode file for STMicroelectronics.X-CUBE-ALS.1.0.1
2023-12-15 14:18:25,431 [WARN] PackLoader:240 - Cannot read IP mode file for STMicroelectronics.FP-ATR-ASTRA1.2.0.0
2023-12-15 14:18:25,445 [WARN] PackLoader:240 - Cannot read IP mode file for STMicroelectronics.X-CUBE-TOF1.3.4.0
2023-12-15 14:18:25,475 [WARN] PackLoader:240 - Cannot read IP mode file for STMicroelectronics.X-CUBE-AZRTOS-H7.3.2.0
2023-12-15 14:18:25,477 [INFO] ThirdParty:978 - Integrity check success = true
2023-12-15 14:18:25,477 [INFO] IntegrityCheckThread:100 - exiting critical section [integrity check]
2023-12-15 14:18:25,477 [INFO] IntegrityCheckThread:103 - End integrity checks thread
2023-12-15 14:18:27,219 [INFO] MainUpdater:2873 - connection check result : 22
2023-12-15 14:18:30,025 [INFO] MainUpdater:2873 - connection check result : 22
2023-12-15 14:18:30,805 [INFO] MicroXplorer:468 - Change Database Path : 
2023-12-15 14:18:30,805 [INFO] MicroXplorer:498 - Change Database Version : DB.6.0.100
2023-12-15 14:18:30,809 [WARN] ThirdParty:871 - waiting for thirdparty lock release [close project]
2023-12-15 14:18:30,809 [INFO] ThirdParty:873 - entering critical section [close project]
2023-12-15 14:18:30,810 [INFO] ThirdParty:883 - exiting critical section [close project]
2023-12-15 14:18:30,811 [INFO] PinOutPanel:1499 - setPackage(No Configuration,No Configuration)
2023-12-15 14:18:30,813 [INFO] UtilMem:75 - Begin LoadConfig() Used Memory: 190924960 Bytes (432013312)
2023-12-15 14:18:31,999 [ERROR] ServerAccessManage:1146 - Warning during Server Connection :  Unknown host sw-center.st.com
2023-12-15 14:18:31,999 [ERROR] ServerAccessManage:651 - Unknown host server name. : stm32cube_db_v6080.zip.
2023-12-15 14:18:32,872 [INFO] LoadServerPackagesThread:196 - End of LoadServerPackages Thread
2023-12-15 14:18:32,992 [INFO] CheckServerUpdateThread:120 - End of CheckServer Thread
2023-12-15 14:18:38,946 [INFO] MainUpdater:2873 - connection check result : 22
2023-12-15 14:18:38,946 [INFO] MainUpdater:2873 - connection check result : 22
2023-12-15 14:18:40,917 [INFO] MainUpdater:2873 - connection check result : 22
2023-12-15 14:18:41,941 [INFO] MicroXplorer:468 - Change Database Path : 
2023-12-15 14:18:41,941 [INFO] MicroXplorer:498 - Change Database Version : DB.6.0.100
2023-12-15 14:18:41,941 [WARN] ThirdParty:871 - waiting for thirdparty lock release [close project]
2023-12-15 14:18:41,941 [INFO] ThirdParty:873 - entering critical section [close project]
2023-12-15 14:18:41,941 [INFO] ThirdParty:883 - exiting critical section [close project]
2023-12-15 14:18:41,942 [INFO] PinOutPanel:1499 - setPackage(No Configuration,No Configuration)
2023-12-15 14:18:41,942 [INFO] UtilMem:75 - Begin LoadConfig() Used Memory: 302522984 Bytes (432013312)
2023-12-15 14:18:43,154 [ERROR] LogOutputStream:75 - [STDERR_REDIRECT] SLF4J: Failed to load class "org.slf4j.impl.StaticLoggerBinder".
2023-12-15 14:18:43,155 [ERROR] LogOutputStream:75 - [STDERR_REDIRECT] SLF4J: Defaulting to no-operation (NOP) logger implementation
2023-12-15 14:18:43,156 [ERROR] LogOutputStream:75 - [STDERR_REDIRECT] SLF4J: See http://www.slf4j.org/codes.html#StaticLoggerBinder for further details.
2023-12-15 14:27:10,199 [ERROR] ConfigurationRetriever:142 - IOException on connection: sw-center.st.com
2023-12-15 14:27:10,199 [ERROR] ConfigurationRetriever:142 - IOException on connection: sw-center.st.com
2023-12-15 14:27:10,199 [ERROR] ConfigurationRetriever:142 - IOException on connection: sw-center.st.com
2023-12-15 14:27:10,584 [ERROR] LogOutputStream:75 - [STDERR_REDIRECT] 
