2024-02-05 02:50:29,337 [INFO] Activator:176 - 


2024-02-05 02:50:29,345 [INFO] Activator:177 - !SESSION log4j initialized
2024-02-05 02:50:34,882 [INFO] LogOutputStream:77 - [STDOUT_REDIRECT] 
2024-02-05 02:50:46,376 [INFO] ApplicationProperties:184 - Using Application install path: C:\ST\STM32CubeIDE_1.14.0\STM32CubeIDE\plugins\com.st.stm32cube.common.mx_6.10.0.202311202037
2024-02-05 02:50:46,394 [INFO] DbMcusXml:78 - Set database path to: C:\ST\STM32CubeIDE_1.14.0\STM32CubeIDE\plugins\com.st.stm32cube.common.mx_6.10.0.202311202037\\db\/mcu/
2024-02-05 02:50:46,395 [INFO] ApiDb:274 - Set plugin database path to: C:\ST\STM32CubeIDE_1.14.0\STM32CubeIDE\plugins\com.st.stm32cube.common.mx_6.10.0.202311202037\\db\/plugins/boardmanager/
2024-02-05 02:50:46,395 [WARN] ApiDb:259 - Overriding images path with different value:  => C:\ST\STM32CubeIDE_1.14.0\STM32CubeIDE\plugins\com.st.stm32cube.common.mx_6.10.0.202311202037\\db\/plugins/mcufinder/images/
2024-02-05 02:50:46,406 [INFO] ApiDb:250 - Set database path to: C:\Users\hasan\.stmcufinder\plugins\mcufinder//mcu/
2024-02-05 02:50:46,407 [INFO] DbMcusAds:125 - Set database path to: C:\Users\hasan\.stmcufinder\plugins\mcufinder//mcu/
2024-02-05 02:50:46,426 [INFO] CrossReferenceDbSqlite:203 - Set database path to: C:\Users\hasan\.stmcufinder\plugins\mcufinder//mcu/cs/
2024-02-05 02:50:46,517 [INFO] RulesReader:64 - Compatibility file has been processed (297 Rules)
2024-02-05 02:50:46,609 [INFO] DbMcusXml:78 - Set database path to: C:\ST\STM32CubeIDE_1.14.0\STM32CubeIDE\plugins\com.st.stm32cube.common.mx_6.10.0.202311202037\\db\/mcu/
2024-02-05 02:50:46,609 [INFO] ApiDb:274 - Set plugin database path to: C:\ST\STM32CubeIDE_1.14.0\STM32CubeIDE\plugins\com.st.stm32cube.common.mx_6.10.0.202311202037\\db\/plugins/boardmanager/
2024-02-05 02:50:46,609 [INFO] ApiDb:261 - Set plugin images path to: C:\ST\STM32CubeIDE_1.14.0\STM32CubeIDE\plugins\com.st.stm32cube.common.mx_6.10.0.202311202037\\db\/plugins/mcufinder/images/
2024-02-05 02:50:46,610 [WARN] DbFile:41 - Overriding database path with different value: C:\Users\hasan\.stmcufinder\plugins\mcufinder/ => C:\Users\hasan\.stmcufinder\plugins\mcufinder
2024-02-05 02:50:46,610 [INFO] ApiDb:250 - Set database path to: C:\Users\hasan\.stmcufinder\plugins\mcufinder//mcu/
2024-02-05 02:50:46,610 [WARN] DbFile:41 - Overriding database path with different value: C:\Users\hasan\.stmcufinder\plugins\mcufinder/ => C:\Users\hasan\.stmcufinder\plugins\mcufinder
2024-02-05 02:50:46,610 [INFO] DbMcusAds:125 - Set database path to: C:\Users\hasan\.stmcufinder\plugins\mcufinder//mcu/
2024-02-05 02:50:46,610 [WARN] DbFile:41 - Overriding database path with different value: C:\Users\hasan\.stmcufinder\plugins\mcufinder/ => C:\Users\hasan\.stmcufinder\plugins\mcufinder
2024-02-05 02:50:46,610 [WARN] DbFile:41 - Overriding database path with different value: C:\Users\hasan\.stmcufinder\plugins\mcufinder/ => C:\Users\hasan\.stmcufinder\plugins\mcufinder
2024-02-05 02:50:46,610 [INFO] CrossReferenceDbSqlite:203 - Set database path to: C:\Users\hasan\.stmcufinder\plugins\mcufinder//mcu/cs/
2024-02-05 02:50:46,693 [INFO] MainPanel:264 - HeapMemory: 268435456
2024-02-05 02:50:46,792 [INFO] DbMcusXml:78 - Set database path to: C:\ST\STM32CubeIDE_1.14.0\STM32CubeIDE\plugins\com.st.stm32cube.common.mx_6.10.0.202311202037\\db\/mcu/
2024-02-05 02:50:46,792 [INFO] ApiDb:274 - Set plugin database path to: C:\ST\STM32CubeIDE_1.14.0\STM32CubeIDE\plugins\com.st.stm32cube.common.mx_6.10.0.202311202037\\db\/plugins/boardmanager/
2024-02-05 02:50:46,792 [INFO] ApiDb:261 - Set plugin images path to: C:\ST\STM32CubeIDE_1.14.0\STM32CubeIDE\plugins\com.st.stm32cube.common.mx_6.10.0.202311202037\\db\/plugins/mcufinder/images/
2024-02-05 02:50:46,793 [WARN] DbFile:41 - Overriding database path with different value: C:\Users\hasan\.stmcufinder\plugins\mcufinder/ => C:\Users\hasan\.stmcufinder\plugins\mcufinder
2024-02-05 02:50:46,793 [INFO] ApiDb:250 - Set database path to: C:\Users\hasan\.stmcufinder\plugins\mcufinder//mcu/
2024-02-05 02:50:46,793 [WARN] DbFile:41 - Overriding database path with different value: C:\Users\hasan\.stmcufinder\plugins\mcufinder/ => C:\Users\hasan\.stmcufinder\plugins\mcufinder
2024-02-05 02:50:46,793 [INFO] DbMcusAds:125 - Set database path to: C:\Users\hasan\.stmcufinder\plugins\mcufinder//mcu/
2024-02-05 02:50:46,793 [WARN] DbFile:41 - Overriding database path with different value: C:\Users\hasan\.stmcufinder\plugins\mcufinder/ => C:\Users\hasan\.stmcufinder\plugins\mcufinder
2024-02-05 02:50:46,793 [WARN] DbFile:41 - Overriding database path with different value: C:\Users\hasan\.stmcufinder\plugins\mcufinder/ => C:\Users\hasan\.stmcufinder\plugins\mcufinder
2024-02-05 02:50:46,793 [INFO] CrossReferenceDbSqlite:203 - Set database path to: C:\Users\hasan\.stmcufinder\plugins\mcufinder//mcu/cs/
2024-02-05 02:50:46,809 [INFO] ApplicationProperties:184 - Using Application install path: C:\ST\STM32CubeIDE_1.14.0\STM32CubeIDE\plugins\com.st.stm32cube.common.mx_6.10.0.202311202037
2024-02-05 02:50:46,810 [INFO] PluginManage:196 - Search for loadable plugins [exclusion list=, ]
2024-02-05 02:50:46,812 [INFO] PluginManage:310 - Check plugin analytics
2024-02-05 02:50:46,970 [INFO] AnalyticsPlugin:253 - Accepted Software Licenses: 
2024-02-05 02:50:46,971 [INFO] AnalyticsPlugin:255 - Accepted CMSIS Pack Licenses: 
2024-02-05 02:50:46,971 [INFO] AnalyticsPlugin:257 - Accepted Firmware Licenses: 
2024-02-05 02:50:46,974 [INFO] PluginManage:359 - Loaded plugin analytics (category:tool,tabindex:-1)
2024-02-05 02:50:46,975 [INFO] PluginManage:310 - Check plugin cadmodel
2024-02-05 02:50:46,996 [INFO] CADModel:105 - Init CAD model plugin
2024-02-05 02:50:46,996 [INFO] PluginManage:359 - Loaded plugin cadmodel (category:power,tabindex:5)
2024-02-05 02:50:46,996 [INFO] PluginManage:310 - Check plugin clock
2024-02-05 02:50:47,022 [INFO] PluginManage:359 - Loaded plugin clock (category:base,tabindex:2)
2024-02-05 02:50:47,022 [INFO] PluginManage:310 - Check plugin ddr
2024-02-05 02:50:47,027 [INFO] PluginManage:359 - Loaded plugin ddr (category:tool,tabindex:6)
2024-02-05 02:50:47,027 [INFO] PluginManage:310 - Check plugin filemanager
2024-02-05 02:50:47,171 [INFO] PluginManage:359 - Loaded plugin filemanager (category:base,tabindex:10)
2024-02-05 02:50:47,171 [INFO] PluginManage:310 - Check plugin ipmanager
2024-02-05 02:50:47,180 [INFO] PluginManage:359 - Loaded plugin ipmanager (category:base,tabindex:5)
2024-02-05 02:50:47,180 [INFO] PluginManage:310 - Check plugin lpbam
2024-02-05 02:50:47,199 [INFO] PluginManage:359 - Loaded plugin lpbam (category:base,tabindex:0)
2024-02-05 02:50:47,199 [INFO] PluginManage:310 - Check plugin memorymap
2024-02-05 02:50:47,222 [INFO] PluginManage:359 - Loaded plugin memorymap (category:base,tabindex:4)
2024-02-05 02:50:47,222 [INFO] PluginManage:310 - Check plugin pinoutandconfiguration
2024-02-05 02:50:47,238 [INFO] PluginManage:359 - Loaded plugin pinoutandconfiguration (category:base,tabindex:1)
2024-02-05 02:50:47,239 [INFO] PluginManage:310 - Check plugin pinoutconfig
2024-02-05 02:50:47,325 [WARN] SupportedApi:132 - Cannot load RTOS API schema: s4s-elt-must-match.1: The content of 'definitions' must match (annotation?, (simpleType | complexType)?, (unique | key | keyref)*)). A problem was found starting at: attribute.
2024-02-05 02:50:47,449 [INFO] PluginManage:359 - Loaded plugin pinoutconfig (category:base,tabindex:0)
2024-02-05 02:50:47,449 [INFO] PluginManage:310 - Check plugin power
2024-02-05 02:50:47,468 [INFO] PluginManage:359 - Loaded plugin power (category:power,tabindex:4)
2024-02-05 02:50:47,468 [INFO] PluginManage:310 - Check plugin projectmanager
2024-02-05 02:50:47,482 [INFO] PluginManage:359 - Loaded plugin projectmanager (category:projectmanager,tabindex:3)
2024-02-05 02:50:47,482 [INFO] PluginManage:310 - Check plugin thirdparty
2024-02-05 02:50:47,707 [INFO] PluginManage:359 - Loaded plugin thirdparty (category:base,tabindex:-1)
2024-02-05 02:50:47,707 [INFO] PluginManage:310 - Check plugin tools
2024-02-05 02:50:47,707 [WARN] IntegrityCheckThread:84 - waiting for thirdparty lock release [integrity check]
2024-02-05 02:50:47,707 [INFO] IntegrityCheckThread:86 - entering critical section [integrity check]
2024-02-05 02:50:47,708 [INFO] ThirdPartyUpdaterWithRetryManager:70 - Updater plugin not ready yet. [1/15]
2024-02-05 02:50:47,730 [INFO] PluginManage:359 - Loaded plugin tools (category:base,tabindex:7)
2024-02-05 02:50:47,731 [INFO] PluginManage:310 - Check plugin tutovideos
2024-02-05 02:50:47,899 [INFO] PluginManage:359 - Loaded plugin tutovideos (category:base,tabindex:-1)
2024-02-05 02:50:47,899 [INFO] PluginManage:310 - Check plugin updater
2024-02-05 02:50:47,912 [INFO] PluginManage:359 - Loaded plugin updater (category:base,tabindex:12)
2024-02-05 02:50:47,912 [INFO] PluginManage:310 - Check plugin userauth
2024-02-05 02:50:47,918 [INFO] UserAuth:114 - Init User Auth plugin
2024-02-05 02:50:47,918 [INFO] PluginManage:359 - Loaded plugin userauth (category:base,tabindex:14)
2024-02-05 02:50:47,918 [INFO] PluginManage:283 - PluginManage : Loaded plugins [17]
2024-02-05 02:50:48,141 [INFO] PinOutPanel:1499 - setPackage(No Configuration,No Configuration)
2024-02-05 02:50:48,212 [INFO] CADModel:165 - CPN selected for project level
2024-02-05 02:50:48,212 [INFO] CADModel:114 - Register for checkConnection events
2024-02-05 02:50:48,240 [INFO] IPUIPlugin:80 - create IPUIPlugin
2024-02-05 02:50:48,240 [INFO] PluginManager:220 - loadIPPluginJar : add adc
2024-02-05 02:50:48,269 [INFO] IPUIPlugin:80 - create IPUIPlugin
2024-02-05 02:50:48,270 [INFO] PluginManager:220 - loadIPPluginJar : add aes
2024-02-05 02:50:48,303 [INFO] IPUIPlugin:80 - create IPUIPlugin
2024-02-05 02:50:48,303 [INFO] PluginManager:220 - loadIPPluginJar : add can
2024-02-05 02:50:48,320 [INFO] IPUIPlugin:80 - create IPUIPlugin
2024-02-05 02:50:48,320 [INFO] PluginManager:220 - loadIPPluginJar : add comp
2024-02-05 02:50:48,346 [INFO] IPUIPlugin:80 - create IPUIPlugin
2024-02-05 02:50:48,346 [INFO] PluginManager:220 - loadIPPluginJar : add cryp
2024-02-05 02:50:48,366 [INFO] IPUIPlugin:80 - create IPUIPlugin
2024-02-05 02:50:48,366 [INFO] PluginManager:220 - loadIPPluginJar : add dfsdm
2024-02-05 02:50:48,378 [INFO] IPUIPlugin:80 - create IPUIPlugin
2024-02-05 02:50:48,378 [INFO] PluginManager:220 - loadIPPluginJar : add dma
2024-02-05 02:50:48,408 [INFO] IPUIPlugin:80 - create IPUIPlugin
2024-02-05 02:50:48,408 [INFO] PluginManager:220 - loadIPPluginJar : add dma3
2024-02-05 02:50:48,422 [INFO] IPUIPlugin:80 - create IPUIPlugin
2024-02-05 02:50:48,422 [INFO] PluginManager:220 - loadIPPluginJar : add fatfs
2024-02-05 02:50:48,456 [INFO] IPUIPlugin:80 - create IPUIPlugin
2024-02-05 02:50:48,456 [INFO] PluginManager:220 - loadIPPluginJar : add fmc
2024-02-05 02:50:48,472 [INFO] IPUIPlugin:80 - create IPUIPlugin
2024-02-05 02:50:48,472 [INFO] PluginManager:220 - loadIPPluginJar : add freertos
2024-02-05 02:50:48,488 [INFO] IPUIPlugin:80 - create IPUIPlugin
2024-02-05 02:50:48,488 [INFO] PluginManager:220 - loadIPPluginJar : add genericplugin
2024-02-05 02:50:48,558 [INFO] IPUIPlugin:80 - create IPUIPlugin
2024-02-05 02:50:48,558 [INFO] PluginManager:220 - loadIPPluginJar : add gfxmmu
2024-02-05 02:50:48,640 [INFO] IPUIPlugin:80 - create IPUIPlugin
2024-02-05 02:50:48,640 [INFO] PluginManager:220 - loadIPPluginJar : add gic
2024-02-05 02:50:48,651 [INFO] IPUIPlugin:80 - create IPUIPlugin
2024-02-05 02:50:48,651 [INFO] PluginManager:220 - loadIPPluginJar : add gpio
2024-02-05 02:50:48,709 [INFO] IPUIPlugin:80 - create IPUIPlugin
2024-02-05 02:50:48,709 [INFO] PluginManager:220 - loadIPPluginJar : add gtzc
2024-02-05 02:50:48,732 [INFO] IPUIPlugin:80 - create IPUIPlugin
2024-02-05 02:50:48,732 [INFO] PluginManager:220 - loadIPPluginJar : add hash
2024-02-05 02:50:48,775 [INFO] IPUIPlugin:80 - create IPUIPlugin
2024-02-05 02:50:48,775 [INFO] PluginManager:220 - loadIPPluginJar : add i2c
2024-02-05 02:50:48,804 [INFO] IPUIPlugin:80 - create IPUIPlugin
2024-02-05 02:50:48,804 [INFO] PluginManager:220 - loadIPPluginJar : add i2s
2024-02-05 02:50:48,831 [INFO] IPUIPlugin:80 - create IPUIPlugin
2024-02-05 02:50:48,831 [INFO] PluginManager:220 - loadIPPluginJar : add i3c
2024-02-05 02:50:48,907 [INFO] IPUIPlugin:80 - create IPUIPlugin
2024-02-05 02:50:48,907 [INFO] PluginManager:220 - loadIPPluginJar : add ipddr
2024-02-05 02:50:48,977 [INFO] IPUIPlugin:80 - create IPUIPlugin
2024-02-05 02:50:48,977 [INFO] PluginManager:220 - loadIPPluginJar : add linkedlist
2024-02-05 02:50:49,004 [INFO] IPUIPlugin:80 - create IPUIPlugin
2024-02-05 02:50:49,004 [INFO] PluginManager:220 - loadIPPluginJar : add lorawan
2024-02-05 02:50:49,031 [INFO] IPUIPlugin:80 - create IPUIPlugin
2024-02-05 02:50:49,031 [INFO] PluginManager:220 - loadIPPluginJar : add ltdc
2024-02-05 02:50:49,044 [INFO] IPUIPlugin:80 - create IPUIPlugin
2024-02-05 02:50:49,044 [INFO] PluginManager:220 - loadIPPluginJar : add mdma
2024-02-05 02:50:49,054 [INFO] IPUIPlugin:80 - create IPUIPlugin
2024-02-05 02:50:49,054 [INFO] PluginManager:220 - loadIPPluginJar : add nvic
2024-02-05 02:50:49,080 [INFO] IPUIPlugin:80 - create IPUIPlugin
2024-02-05 02:50:49,080 [INFO] PluginManager:220 - loadIPPluginJar : add opamp
2024-02-05 02:50:49,120 [INFO] IPUIPlugin:80 - create IPUIPlugin
2024-02-05 02:50:49,120 [INFO] PluginManager:220 - loadIPPluginJar : add openamp
2024-02-05 02:50:49,147 [INFO] IPUIPlugin:80 - create IPUIPlugin
2024-02-05 02:50:49,148 [INFO] PluginManager:220 - loadIPPluginJar : add pdm2pcm
2024-02-05 02:50:49,158 [INFO] IPUIPlugin:80 - create IPUIPlugin
2024-02-05 02:50:49,160 [INFO] PluginManager:220 - loadIPPluginJar : add plateformsettings
2024-02-05 02:50:49,177 [INFO] IPUIPlugin:80 - create IPUIPlugin
2024-02-05 02:50:49,177 [INFO] PluginManager:220 - loadIPPluginJar : add quadspi
2024-02-05 02:50:49,193 [INFO] IPUIPlugin:80 - create IPUIPlugin
2024-02-05 02:50:49,193 [INFO] PluginManager:220 - loadIPPluginJar : add resmgrutility
2024-02-05 02:50:49,229 [INFO] IPUIPlugin:80 - create IPUIPlugin
2024-02-05 02:50:49,229 [INFO] PluginManager:220 - loadIPPluginJar : add sai
2024-02-05 02:50:49,256 [INFO] IPUIPlugin:80 - create IPUIPlugin
2024-02-05 02:50:49,256 [INFO] PluginManager:220 - loadIPPluginJar : add spi
2024-02-05 02:50:49,306 [INFO] IPUIPlugin:80 - create IPUIPlugin
2024-02-05 02:50:49,306 [INFO] PluginManager:220 - loadIPPluginJar : add stm32_wpan
2024-02-05 02:50:49,324 [INFO] IPUIPlugin:80 - create IPUIPlugin
2024-02-05 02:50:49,324 [INFO] PluginManager:220 - loadIPPluginJar : add tim
2024-02-05 02:50:49,367 [INFO] IPUIPlugin:80 - create IPUIPlugin
2024-02-05 02:50:49,367 [INFO] PluginManager:220 - loadIPPluginJar : add touchsensing
2024-02-05 02:50:49,384 [INFO] IPUIPlugin:80 - create IPUIPlugin
2024-02-05 02:50:49,384 [INFO] PluginManager:220 - loadIPPluginJar : add tracer_emb
2024-02-05 02:50:49,401 [INFO] IPUIPlugin:80 - create IPUIPlugin
2024-02-05 02:50:49,401 [INFO] PluginManager:220 - loadIPPluginJar : add ts
2024-02-05 02:50:49,416 [INFO] IPUIPlugin:80 - create IPUIPlugin
2024-02-05 02:50:49,416 [INFO] PluginManager:220 - loadIPPluginJar : add tsc
2024-02-05 02:50:49,432 [INFO] IPUIPlugin:80 - create IPUIPlugin
2024-02-05 02:50:49,432 [INFO] PluginManager:220 - loadIPPluginJar : add ucpd
2024-02-05 02:50:49,466 [INFO] IPUIPlugin:80 - create IPUIPlugin
2024-02-05 02:50:49,466 [INFO] PluginManager:220 - loadIPPluginJar : add usart
2024-02-05 02:50:49,497 [INFO] IPUIPlugin:80 - create IPUIPlugin
2024-02-05 02:50:49,497 [INFO] PluginManager:220 - loadIPPluginJar : add usbx
2024-02-05 02:50:49,611 [INFO] CADModel:165 - CPN selected for project level
2024-02-05 02:50:49,611 [INFO] CADModel:114 - Register for checkConnection events
2024-02-05 02:50:49,611 [FATAL] Updater:308 - Updater called before beeing initialized
2024-02-05 02:50:49,611 [ERROR] CADModel:125 - Updater not yet initialized, retry later 
2024-02-05 02:50:49,747 [INFO] CADModel:165 - CPN selected for project level
2024-02-05 02:50:49,747 [INFO] CADModel:114 - Register for checkConnection events
2024-02-05 02:50:49,747 [FATAL] Updater:308 - Updater called before beeing initialized
2024-02-05 02:50:49,747 [ERROR] CADModel:125 - Updater not yet initialized, retry later 
2024-02-05 02:50:49,750 [FATAL] Updater:308 - Updater called before beeing initialized
2024-02-05 02:50:49,831 [FATAL] Updater:308 - Updater called before beeing initialized
2024-02-05 02:50:49,839 [INFO] DbMcusAds:53 - JSON generation date=Wed Nov 29 13:52:27 TRT 2023 (1701255147200)
2024-02-05 02:50:49,839 [FATAL] Updater:308 - Updater called before beeing initialized
2024-02-05 02:50:49,908 [WARN] DetailPanel:346 - Failed to get advertising image, set to default
2024-02-05 02:50:49,971 [FATAL] Updater:308 - Updater called before beeing initialized
2024-02-05 02:50:49,973 [FATAL] Updater:308 - Updater called before beeing initialized
2024-02-05 02:50:49,973 [FATAL] Updater:308 - Updater called before beeing initialized
2024-02-05 02:50:49,973 [WARN] DetailPanel:346 - Failed to get advertising image, set to default
2024-02-05 02:50:49,974 [FATAL] Updater:308 - Updater called before beeing initialized
2024-02-05 02:50:50,022 [ERROR] Updater:1120 - MainUpdater not yet initialized. External WinMGr cannot be set.
2024-02-05 02:50:50,031 [INFO] Updater:1056 - Updater Version found : 6.10.0
2024-02-05 02:50:50,053 [INFO] ApplicationProperties:184 - Using Application install path: C:\ST\STM32CubeIDE_1.14.0\STM32CubeIDE\plugins\com.st.stm32cube.common.mx_6.10.0.202311202037
2024-02-05 02:50:50,708 [INFO] ThirdPartyUpdaterWithRetryManager:70 - Updater plugin not ready yet. [2/15]
2024-02-05 02:50:51,628 [ERROR] LogOutputStream:75 - [STDERR_REDIRECT] Feb 05, 2024 2:50:51 AM java.util.prefs.WindowsPreferences <init>
2024-02-05 02:50:51,629 [ERROR] LogOutputStream:75 - [STDERR_REDIRECT] WARNING: Could not open/create prefs root node Software\JavaSoft\Prefs at root 0xffffffff80000002. Windows RegCreateKeyEx(...) returned error code 5.
2024-02-05 02:50:51,629 [ERROR] LogOutputStream:75 - [STDERR_REDIRECT] 
2024-02-05 02:50:52,158 [INFO] MainUpdater:2873 - connection check result : 10
2024-02-05 02:50:52,159 [INFO] MainUpdater:290 - Updater Check For Update Now.
2024-02-05 02:50:52,159 [INFO] MicroXplorer:498 - Change Database Version : DB.6.0.100
2024-02-05 02:50:52,172 [INFO] McuFinderGlobals:63 - Set McuFinder mode to 2 (CubeIDE integrated)
2024-02-05 02:50:52,189 [INFO] UserAuth:404 - Internet connection configuration mode: 1
2024-02-05 02:50:52,246 [INFO] JxBrowserEngine:152 - Initiate JxBrowser Engine with user profile folder
2024-02-05 02:50:52,378 [INFO] CheckServerUpdateThread:120 - End of CheckServer Thread
2024-02-05 02:50:53,854 [WARN] PackLoader:240 - Cannot read IP mode file for STMicroelectronics.X-CUBE-SMBUS.2.1.0
2024-02-05 02:50:53,866 [WARN] PackLoader:240 - Cannot read IP mode file for STMicroelectronics.X-CUBE-TOUCHGFX.4.23.0
2024-02-05 02:50:53,899 [WARN] PackLoader:240 - Cannot read IP mode file for STMicroelectronics.X-CUBE-AZRTOS-F7.1.1.0
2024-02-05 02:50:53,915 [WARN] PackLoader:240 - Cannot read IP mode file for STMicroelectronics.FP-SNS-MOTENV1.4.3.2
2024-02-05 02:50:53,931 [WARN] PackLoader:240 - Cannot read IP mode file for STMicroelectronics.FP-SNS-FLIGHT1.5.0.2
2024-02-05 02:50:53,945 [WARN] PackLoader:240 - Cannot read IP mode file for STMicroelectronics.X-CUBE-DISPLAY.3.0.0
2024-02-05 02:50:53,971 [WARN] PackLoader:240 - Cannot read IP mode file for STMicroelectronics.X-CUBE-BLE1.7.0.0
2024-02-05 02:50:53,990 [WARN] PackLoader:240 - Cannot read IP mode file for emotas.I-CUBE-CANOPEN.1.3.0
2024-02-05 02:50:54,006 [WARN] PackLoader:240 - Cannot read IP mode file for STMicroelectronics.FP-SNS-SMARTAG2.1.2.0
2024-02-05 02:50:54,032 [INFO] LogOutputStream:77 - [STDOUT_REDIRECT] 1 : Invalid condition id : UX_CORESTACK_Condition cause : null
2024-02-05 02:50:54,033 [INFO] LogOutputStream:77 - [STDOUT_REDIRECT] 1 : Invalid condition id : UX_CORESTACK_Condition cause : null
2024-02-05 02:50:54,034 [INFO] LogOutputStream:77 - [STDOUT_REDIRECT] 1 : Invalid condition id : UX_CORESTACK_Condition cause : null
2024-02-05 02:50:54,035 [INFO] LogOutputStream:77 - [STDOUT_REDIRECT] 1 : Invalid condition id : UX_CORESTACK_Condition cause : null
2024-02-05 02:50:54,036 [INFO] LogOutputStream:77 - [STDOUT_REDIRECT] 1 : Invalid condition id : UX_CORESTACK_Condition cause : null
2024-02-05 02:50:54,039 [WARN] PackLoader:240 - Cannot read IP mode file for STMicroelectronics.X-CUBE-AZRTOS-WL.2.0.0
2024-02-05 02:50:54,059 [WARN] PackLoader:240 - Cannot read IP mode file for WES.I-CUBE-Cesium.1.3.0
2024-02-05 02:50:54,069 [WARN] PackLoader:240 - Cannot read IP mode file for STMicroelectronics.X-CUBE-BLE2.3.3.0
2024-02-05 02:50:54,081 [WARN] PackLoader:240 - Cannot read IP mode file for STMicroelectronics.X-CUBE-ALGOBUILD.1.3.0
2024-02-05 02:50:54,104 [WARN] PackLoader:240 - Cannot read IP mode file for STMicroelectronics.X-CUBE-AZRTOS-G0.1.1.0
2024-02-05 02:50:54,116 [WARN] PackLoader:240 - Cannot read IP mode file for STMicroelectronics.X-CUBE-NFC4.3.0.0
2024-02-05 02:50:54,131 [WARN] PackLoader:240 - Cannot read IP mode file for STMicroelectronics.X-CUBE-BLEMGR.3.0.0
2024-02-05 02:50:54,141 [WARN] PackLoader:240 - Cannot read IP mode file for STMicroelectronics.FP-ATR-SIGFOX1.3.2.0
2024-02-05 02:50:54,151 [WARN] PackLoader:240 - Cannot read IP mode file for STMicroelectronics.X-CUBE-EEPRMA1.5.1.0
2024-02-05 02:50:54,179 [WARN] PackLoader:240 - Cannot read IP mode file for SEGGER.I-CUBE-embOS.1.3.1
2024-02-05 02:50:54,221 [WARN] PackLoader:240 - Cannot read IP mode file for STMicroelectronics.X-CUBE-GNSS1.6.0.0
2024-02-05 02:50:54,250 [WARN] PackLoader:240 - Cannot read IP mode file for STMicroelectronics.X-CUBE-AZRTOS-F4.1.1.0
2024-02-05 02:50:54,267 [WARN] PackLoader:240 - Cannot read IP mode file for wolfSSL.I-CUBE-wolfSSL.5.6.4
2024-02-05 02:50:54,303 [WARN] PackLoader:240 - Cannot read IP mode file for STMicroelectronics.X-CUBE-AZRTOS-L5.2.0.0
2024-02-05 02:50:54,315 [WARN] PackLoader:240 - Cannot read IP mode file for STMicroelectronics.X-CUBE-EEPRMA1.4.2.0
2024-02-05 02:50:54,325 [WARN] PackLoader:240 - Cannot read IP mode file for ITTIA_DB.I-CUBE-ITTIADB.8.8.0
2024-02-05 02:50:54,336 [WARN] PackLoader:240 - Cannot read IP mode file for STMicroelectronics.X-CUBE-NFC7.1.0.1
2024-02-05 02:50:54,353 [WARN] PackLoader:240 - Cannot read IP mode file for STMicroelectronics.X-CUBE-NFC6.3.0.0
2024-02-05 02:50:54,371 [WARN] PackLoader:240 - Cannot read IP mode file for STMicroelectronics.X-CUBE-AI.8.1.0
2024-02-05 02:50:54,411 [WARN] ConditionMgr:438 - getConditionDescription Invalid condition id : LAN8742 Phy interface Condition cause : null
2024-02-05 02:50:54,411 [WARN] PackLoader:240 - Cannot read IP mode file for STMicroelectronics.X-CUBE-AZRTOS-L4.2.0.0
2024-02-05 02:50:54,413 [WARN] ConditionMgr:1039 - genDependencies : Invalid condition id : LAN8742 Phy interface Condition cause : null
2024-02-05 02:50:54,413 [WARN] ConditionMgr:1039 - genDependencies : Invalid condition id : LAN8742 Phy interface Condition cause : null
2024-02-05 02:50:54,414 [WARN] ConditionMgr:1039 - genDependencies : Invalid condition id : LAN8742 Phy interface Condition cause : null
2024-02-05 02:50:54,432 [WARN] PackLoader:240 - Cannot read IP mode file for STMicroelectronics.X-CUBE-SFXS2LP1.4.0.0
2024-02-05 02:50:54,465 [WARN] ConditionMgr:438 - getConditionDescription Invalid condition id : UX DEVICE CLASS RTOS Condition cause : null
2024-02-05 02:50:54,466 [WARN] ConditionMgr:438 - getConditionDescription Invalid condition id : UX DEVICE CLASS RTOS Condition cause : null
2024-02-05 02:50:54,468 [WARN] PackLoader:240 - Cannot read IP mode file for STMicroelectronics.X-CUBE-AZRTOS-WB.2.0.0
2024-02-05 02:50:54,469 [WARN] ConditionMgr:1039 - genDependencies : Invalid condition id : UX DEVICE CLASS RTOS Condition cause : null
2024-02-05 02:50:54,469 [WARN] ConditionMgr:1039 - genDependencies : Invalid condition id : UX DEVICE CLASS RTOS Condition cause : null
2024-02-05 02:50:54,469 [WARN] ConditionMgr:1039 - genDependencies : Invalid condition id : UX DEVICE CLASS RTOS Condition cause : null
2024-02-05 02:50:54,469 [WARN] ConditionMgr:1039 - genDependencies : Invalid condition id : UX DEVICE CLASS RTOS Condition cause : null
2024-02-05 02:50:54,470 [WARN] ConditionMgr:1039 - genDependencies : Invalid condition id : UX DEVICE CLASS RTOS Condition cause : null
2024-02-05 02:50:54,495 [WARN] PackLoader:240 - Cannot read IP mode file for STMicroelectronics.X-CUBE-SUBG2.5.0.0
2024-02-05 02:50:54,534 [WARN] PackLoader:240 - Cannot read IP mode file for STMicroelectronics.X-CUBE-AZRTOS-G4.2.0.0
2024-02-05 02:50:54,561 [WARN] PackLoader:240 - Cannot read IP mode file for Infineon.AIROC-Wi-Fi-Bluetooth-STM32.1.5.1
2024-02-05 02:50:54,584 [WARN] PackLoader:240 - Cannot read IP mode file for STMicroelectronics.FP-SNS-MOTENVWB1.1.3.1
2024-02-05 02:50:54,602 [WARN] PackLoader:240 - Cannot read IP mode file for STMicroelectronics.X-CUBE-ISPU.2.0.0
2024-02-05 02:50:54,643 [WARN] PackLoader:240 - Cannot read IP mode file for STMicroelectronics.X-CUBE-MEMS1.10.0.0
2024-02-05 02:50:54,746 [WARN] PackLoader:240 - Cannot read IP mode file for STMicroelectronics.X-CUBE-FREERTOS.1.1.0
2024-02-05 02:50:54,764 [WARN] PackLoader:240 - Cannot read IP mode file for portGmbH.I-Cube-SoM-uGOAL.1.1.0
2024-02-05 02:50:54,781 [WARN] PackLoader:240 - Cannot read IP mode file for STMicroelectronics.X-CUBE-ALS.1.0.1
2024-02-05 02:50:54,805 [WARN] PackLoader:240 - Cannot read IP mode file for STMicroelectronics.FP-ATR-ASTRA1.2.0.0
2024-02-05 02:50:54,842 [WARN] PackLoader:240 - Cannot read IP mode file for STMicroelectronics.X-CUBE-TOF1.3.4.0
2024-02-05 02:50:55,263 [WARN] PackLoader:240 - Cannot read IP mode file for STMicroelectronics.X-CUBE-AZRTOS-H7.3.2.0
2024-02-05 02:50:55,266 [INFO] ThirdParty:978 - Integrity check success = true
2024-02-05 02:50:55,266 [INFO] IntegrityCheckThread:100 - exiting critical section [integrity check]
2024-02-05 02:50:55,266 [INFO] IntegrityCheckThread:103 - End integrity checks thread
2024-02-05 02:50:55,554 [INFO] WebApp:161 - Instantiating new browser for Auth
2024-02-05 02:50:56,150 [INFO] WebApp:780 - Register for checkConnection events
2024-02-05 02:50:56,150 [INFO] WebApp:414 - Apply proxy settings
2024-02-05 02:50:56,150 [INFO] WebApp:499 - Chromium requires no authentication
2024-02-05 02:50:56,157 [INFO] WebApp:442 - Direct internet connection detected
2024-02-05 02:50:56,308 [INFO] WebApp:192 - Starting web application
2024-02-05 02:50:56,308 [INFO] WebApp:544 - Web application path used C:\ST\STM32CubeIDE_1.14.0\STM32CubeIDE\plugins\com.st.stm32cube.common.mx_6.10.0.202311202037\db\plugins\mcufinder\reactClient1\index.html
2024-02-05 02:51:06,472 [ERROR] LogOutputStream:75 - [STDERR_REDIRECT] SLF4J: Failed to load class "org.slf4j.impl.StaticLoggerBinder".
2024-02-05 02:51:06,473 [ERROR] LogOutputStream:75 - [STDERR_REDIRECT] SLF4J: Defaulting to no-operation (NOP) logger implementation
2024-02-05 02:51:06,474 [ERROR] LogOutputStream:75 - [STDERR_REDIRECT] SLF4J: See http://www.slf4j.org/codes.html#StaticLoggerBinder for further details.
2024-02-05 02:54:01,866 [ERROR] LogOutputStream:75 - [STDERR_REDIRECT] 
