2024-02-13 20:29:07,935 [INFO] Activator:176 - 


2024-02-13 20:29:07,943 [INFO] Activator:177 - !SESSION log4j initialized
2024-02-13 20:29:11,368 [INFO] LogOutputStream:77 - [STDOUT_REDIRECT] 
2024-02-13 20:29:13,261 [INFO] ApplicationProperties:184 - Using Application install path: C:\ST\STM32CubeIDE_1.14.0\STM32CubeIDE\plugins\com.st.stm32cube.common.mx_6.10.0.202311202037
2024-02-13 20:29:13,279 [INFO] DbMcusXml:78 - Set database path to: C:\ST\STM32CubeIDE_1.14.0\STM32CubeIDE\plugins\com.st.stm32cube.common.mx_6.10.0.202311202037\\db\/mcu/
2024-02-13 20:29:13,279 [INFO] ApiDb:274 - Set plugin database path to: C:\ST\STM32CubeIDE_1.14.0\STM32CubeIDE\plugins\com.st.stm32cube.common.mx_6.10.0.202311202037\\db\/plugins/boardmanager/
2024-02-13 20:29:13,280 [WARN] ApiDb:259 - Overriding images path with different value:  => C:\ST\STM32CubeIDE_1.14.0\STM32CubeIDE\plugins\com.st.stm32cube.common.mx_6.10.0.202311202037\\db\/plugins/mcufinder/images/
2024-02-13 20:29:13,291 [INFO] ApiDb:250 - Set database path to: C:\Users\hasan\.stmcufinder\plugins\mcufinder//mcu/
2024-02-13 20:29:13,292 [INFO] DbMcusAds:125 - Set database path to: C:\Users\hasan\.stmcufinder\plugins\mcufinder//mcu/
2024-02-13 20:29:13,293 [INFO] CrossReferenceDbSqlite:203 - Set database path to: C:\Users\hasan\.stmcufinder\plugins\mcufinder//mcu/cs/
2024-02-13 20:29:13,385 [INFO] RulesReader:64 - Compatibility file has been processed (297 Rules)
2024-02-13 20:29:13,465 [INFO] DbMcusXml:78 - Set database path to: C:\ST\STM32CubeIDE_1.14.0\STM32CubeIDE\plugins\com.st.stm32cube.common.mx_6.10.0.202311202037\\db\/mcu/
2024-02-13 20:29:13,465 [INFO] ApiDb:274 - Set plugin database path to: C:\ST\STM32CubeIDE_1.14.0\STM32CubeIDE\plugins\com.st.stm32cube.common.mx_6.10.0.202311202037\\db\/plugins/boardmanager/
2024-02-13 20:29:13,465 [INFO] ApiDb:261 - Set plugin images path to: C:\ST\STM32CubeIDE_1.14.0\STM32CubeIDE\plugins\com.st.stm32cube.common.mx_6.10.0.202311202037\\db\/plugins/mcufinder/images/
2024-02-13 20:29:13,465 [WARN] DbFile:41 - Overriding database path with different value: C:\Users\hasan\.stmcufinder\plugins\mcufinder/ => C:\Users\hasan\.stmcufinder\plugins\mcufinder
2024-02-13 20:29:13,465 [INFO] ApiDb:250 - Set database path to: C:\Users\hasan\.stmcufinder\plugins\mcufinder//mcu/
2024-02-13 20:29:13,465 [WARN] DbFile:41 - Overriding database path with different value: C:\Users\hasan\.stmcufinder\plugins\mcufinder/ => C:\Users\hasan\.stmcufinder\plugins\mcufinder
2024-02-13 20:29:13,465 [INFO] DbMcusAds:125 - Set database path to: C:\Users\hasan\.stmcufinder\plugins\mcufinder//mcu/
2024-02-13 20:29:13,466 [WARN] DbFile:41 - Overriding database path with different value: C:\Users\hasan\.stmcufinder\plugins\mcufinder/ => C:\Users\hasan\.stmcufinder\plugins\mcufinder
2024-02-13 20:29:13,466 [WARN] DbFile:41 - Overriding database path with different value: C:\Users\hasan\.stmcufinder\plugins\mcufinder/ => C:\Users\hasan\.stmcufinder\plugins\mcufinder
2024-02-13 20:29:13,466 [INFO] CrossReferenceDbSqlite:203 - Set database path to: C:\Users\hasan\.stmcufinder\plugins\mcufinder//mcu/cs/
2024-02-13 20:29:13,544 [INFO] MainPanel:264 - HeapMemory: 268435456
2024-02-13 20:29:13,645 [INFO] DbMcusXml:78 - Set database path to: C:\ST\STM32CubeIDE_1.14.0\STM32CubeIDE\plugins\com.st.stm32cube.common.mx_6.10.0.202311202037\\db\/mcu/
2024-02-13 20:29:13,645 [INFO] ApiDb:274 - Set plugin database path to: C:\ST\STM32CubeIDE_1.14.0\STM32CubeIDE\plugins\com.st.stm32cube.common.mx_6.10.0.202311202037\\db\/plugins/boardmanager/
2024-02-13 20:29:13,645 [INFO] ApiDb:261 - Set plugin images path to: C:\ST\STM32CubeIDE_1.14.0\STM32CubeIDE\plugins\com.st.stm32cube.common.mx_6.10.0.202311202037\\db\/plugins/mcufinder/images/
2024-02-13 20:29:13,645 [WARN] DbFile:41 - Overriding database path with different value: C:\Users\hasan\.stmcufinder\plugins\mcufinder/ => C:\Users\hasan\.stmcufinder\plugins\mcufinder
2024-02-13 20:29:13,645 [INFO] ApiDb:250 - Set database path to: C:\Users\hasan\.stmcufinder\plugins\mcufinder//mcu/
2024-02-13 20:29:13,646 [WARN] DbFile:41 - Overriding database path with different value: C:\Users\hasan\.stmcufinder\plugins\mcufinder/ => C:\Users\hasan\.stmcufinder\plugins\mcufinder
2024-02-13 20:29:13,646 [INFO] DbMcusAds:125 - Set database path to: C:\Users\hasan\.stmcufinder\plugins\mcufinder//mcu/
2024-02-13 20:29:13,646 [WARN] DbFile:41 - Overriding database path with different value: C:\Users\hasan\.stmcufinder\plugins\mcufinder/ => C:\Users\hasan\.stmcufinder\plugins\mcufinder
2024-02-13 20:29:13,646 [WARN] DbFile:41 - Overriding database path with different value: C:\Users\hasan\.stmcufinder\plugins\mcufinder/ => C:\Users\hasan\.stmcufinder\plugins\mcufinder
2024-02-13 20:29:13,646 [INFO] CrossReferenceDbSqlite:203 - Set database path to: C:\Users\hasan\.stmcufinder\plugins\mcufinder//mcu/cs/
2024-02-13 20:29:13,663 [INFO] ApplicationProperties:184 - Using Application install path: C:\ST\STM32CubeIDE_1.14.0\STM32CubeIDE\plugins\com.st.stm32cube.common.mx_6.10.0.202311202037
2024-02-13 20:29:13,665 [INFO] PluginManage:196 - Search for loadable plugins [exclusion list=, ]
2024-02-13 20:29:13,667 [INFO] PluginManage:310 - Check plugin analytics
2024-02-13 20:29:13,798 [INFO] AnalyticsPlugin:253 - Accepted Software Licenses: 
2024-02-13 20:29:13,798 [INFO] AnalyticsPlugin:255 - Accepted CMSIS Pack Licenses: 
2024-02-13 20:29:13,799 [INFO] AnalyticsPlugin:257 - Accepted Firmware Licenses: 
2024-02-13 20:29:13,800 [INFO] PluginManage:359 - Loaded plugin analytics (category:tool,tabindex:-1)
2024-02-13 20:29:13,801 [INFO] PluginManage:310 - Check plugin cadmodel
2024-02-13 20:29:13,818 [INFO] CADModel:105 - Init CAD model plugin
2024-02-13 20:29:13,818 [INFO] PluginManage:359 - Loaded plugin cadmodel (category:power,tabindex:5)
2024-02-13 20:29:13,818 [INFO] PluginManage:310 - Check plugin clock
2024-02-13 20:29:13,838 [INFO] PluginManage:359 - Loaded plugin clock (category:base,tabindex:2)
2024-02-13 20:29:13,838 [INFO] PluginManage:310 - Check plugin ddr
2024-02-13 20:29:13,841 [INFO] PluginManage:359 - Loaded plugin ddr (category:tool,tabindex:6)
2024-02-13 20:29:13,841 [INFO] PluginManage:310 - Check plugin filemanager
2024-02-13 20:29:13,997 [INFO] PluginManage:359 - Loaded plugin filemanager (category:base,tabindex:10)
2024-02-13 20:29:13,997 [INFO] PluginManage:310 - Check plugin ipmanager
2024-02-13 20:29:14,002 [INFO] PluginManage:359 - Loaded plugin ipmanager (category:base,tabindex:5)
2024-02-13 20:29:14,003 [INFO] PluginManage:310 - Check plugin lpbam
2024-02-13 20:29:14,020 [INFO] PluginManage:359 - Loaded plugin lpbam (category:base,tabindex:0)
2024-02-13 20:29:14,020 [INFO] PluginManage:310 - Check plugin memorymap
2024-02-13 20:29:14,040 [INFO] PluginManage:359 - Loaded plugin memorymap (category:base,tabindex:4)
2024-02-13 20:29:14,040 [INFO] PluginManage:310 - Check plugin pinoutandconfiguration
2024-02-13 20:29:14,055 [INFO] PluginManage:359 - Loaded plugin pinoutandconfiguration (category:base,tabindex:1)
2024-02-13 20:29:14,055 [INFO] PluginManage:310 - Check plugin pinoutconfig
2024-02-13 20:29:14,131 [WARN] SupportedApi:132 - Cannot load RTOS API schema: s4s-elt-must-match.1: The content of 'definitions' must match (annotation?, (simpleType | complexType)?, (unique | key | keyref)*)). A problem was found starting at: attribute.
2024-02-13 20:29:14,254 [INFO] PluginManage:359 - Loaded plugin pinoutconfig (category:base,tabindex:0)
2024-02-13 20:29:14,254 [INFO] PluginManage:310 - Check plugin power
2024-02-13 20:29:14,276 [INFO] PluginManage:359 - Loaded plugin power (category:power,tabindex:4)
2024-02-13 20:29:14,276 [INFO] PluginManage:310 - Check plugin projectmanager
2024-02-13 20:29:14,290 [INFO] PluginManage:359 - Loaded plugin projectmanager (category:projectmanager,tabindex:3)
2024-02-13 20:29:14,291 [INFO] PluginManage:310 - Check plugin thirdparty
2024-02-13 20:29:14,525 [INFO] PluginManage:359 - Loaded plugin thirdparty (category:base,tabindex:-1)
2024-02-13 20:29:14,526 [INFO] PluginManage:310 - Check plugin tools
2024-02-13 20:29:14,526 [WARN] IntegrityCheckThread:84 - waiting for thirdparty lock release [integrity check]
2024-02-13 20:29:14,526 [INFO] IntegrityCheckThread:86 - entering critical section [integrity check]
2024-02-13 20:29:14,527 [INFO] ThirdPartyUpdaterWithRetryManager:70 - Updater plugin not ready yet. [1/15]
2024-02-13 20:29:14,553 [INFO] PluginManage:359 - Loaded plugin tools (category:base,tabindex:7)
2024-02-13 20:29:14,553 [INFO] PluginManage:310 - Check plugin tutovideos
2024-02-13 20:29:14,724 [INFO] PluginManage:359 - Loaded plugin tutovideos (category:base,tabindex:-1)
2024-02-13 20:29:14,724 [INFO] PluginManage:310 - Check plugin updater
2024-02-13 20:29:14,737 [INFO] PluginManage:359 - Loaded plugin updater (category:base,tabindex:12)
2024-02-13 20:29:14,738 [INFO] PluginManage:310 - Check plugin userauth
2024-02-13 20:29:14,743 [INFO] UserAuth:114 - Init User Auth plugin
2024-02-13 20:29:14,743 [INFO] PluginManage:359 - Loaded plugin userauth (category:base,tabindex:14)
2024-02-13 20:29:14,743 [INFO] PluginManage:283 - PluginManage : Loaded plugins [17]
2024-02-13 20:29:14,923 [INFO] PinOutPanel:1499 - setPackage(No Configuration,No Configuration)
2024-02-13 20:29:14,984 [INFO] CADModel:165 - CPN selected for project level
2024-02-13 20:29:14,984 [INFO] CADModel:114 - Register for checkConnection events
2024-02-13 20:29:15,011 [INFO] IPUIPlugin:80 - create IPUIPlugin
2024-02-13 20:29:15,011 [INFO] PluginManager:220 - loadIPPluginJar : add adc
2024-02-13 20:29:15,040 [INFO] IPUIPlugin:80 - create IPUIPlugin
2024-02-13 20:29:15,040 [INFO] PluginManager:220 - loadIPPluginJar : add aes
2024-02-13 20:29:15,068 [INFO] IPUIPlugin:80 - create IPUIPlugin
2024-02-13 20:29:15,068 [INFO] PluginManager:220 - loadIPPluginJar : add can
2024-02-13 20:29:15,084 [INFO] IPUIPlugin:80 - create IPUIPlugin
2024-02-13 20:29:15,084 [INFO] PluginManager:220 - loadIPPluginJar : add comp
2024-02-13 20:29:15,109 [INFO] IPUIPlugin:80 - create IPUIPlugin
2024-02-13 20:29:15,109 [INFO] PluginManager:220 - loadIPPluginJar : add cryp
2024-02-13 20:29:15,129 [INFO] IPUIPlugin:80 - create IPUIPlugin
2024-02-13 20:29:15,129 [INFO] PluginManager:220 - loadIPPluginJar : add dfsdm
2024-02-13 20:29:15,140 [INFO] IPUIPlugin:80 - create IPUIPlugin
2024-02-13 20:29:15,141 [INFO] PluginManager:220 - loadIPPluginJar : add dma
2024-02-13 20:29:15,171 [INFO] IPUIPlugin:80 - create IPUIPlugin
2024-02-13 20:29:15,171 [INFO] PluginManager:220 - loadIPPluginJar : add dma3
2024-02-13 20:29:15,185 [INFO] IPUIPlugin:80 - create IPUIPlugin
2024-02-13 20:29:15,186 [INFO] PluginManager:220 - loadIPPluginJar : add fatfs
2024-02-13 20:29:15,221 [INFO] IPUIPlugin:80 - create IPUIPlugin
2024-02-13 20:29:15,221 [INFO] PluginManager:220 - loadIPPluginJar : add fmc
2024-02-13 20:29:15,236 [INFO] IPUIPlugin:80 - create IPUIPlugin
2024-02-13 20:29:15,236 [INFO] PluginManager:220 - loadIPPluginJar : add freertos
2024-02-13 20:29:15,253 [INFO] IPUIPlugin:80 - create IPUIPlugin
2024-02-13 20:29:15,254 [INFO] PluginManager:220 - loadIPPluginJar : add genericplugin
2024-02-13 20:29:15,319 [INFO] IPUIPlugin:80 - create IPUIPlugin
2024-02-13 20:29:15,319 [INFO] PluginManager:220 - loadIPPluginJar : add gfxmmu
2024-02-13 20:29:15,419 [INFO] IPUIPlugin:80 - create IPUIPlugin
2024-02-13 20:29:15,419 [INFO] PluginManager:220 - loadIPPluginJar : add gic
2024-02-13 20:29:15,432 [INFO] IPUIPlugin:80 - create IPUIPlugin
2024-02-13 20:29:15,433 [INFO] PluginManager:220 - loadIPPluginJar : add gpio
2024-02-13 20:29:15,506 [INFO] IPUIPlugin:80 - create IPUIPlugin
2024-02-13 20:29:15,506 [INFO] PluginManager:220 - loadIPPluginJar : add gtzc
2024-02-13 20:29:15,531 [INFO] IPUIPlugin:80 - create IPUIPlugin
2024-02-13 20:29:15,531 [INFO] PluginManager:220 - loadIPPluginJar : add hash
2024-02-13 20:29:15,569 [INFO] IPUIPlugin:80 - create IPUIPlugin
2024-02-13 20:29:15,570 [INFO] PluginManager:220 - loadIPPluginJar : add i2c
2024-02-13 20:29:15,598 [INFO] IPUIPlugin:80 - create IPUIPlugin
2024-02-13 20:29:15,599 [INFO] PluginManager:220 - loadIPPluginJar : add i2s
2024-02-13 20:29:15,629 [INFO] IPUIPlugin:80 - create IPUIPlugin
2024-02-13 20:29:15,629 [INFO] PluginManager:220 - loadIPPluginJar : add i3c
2024-02-13 20:29:15,706 [INFO] IPUIPlugin:80 - create IPUIPlugin
2024-02-13 20:29:15,706 [INFO] PluginManager:220 - loadIPPluginJar : add ipddr
2024-02-13 20:29:15,772 [INFO] IPUIPlugin:80 - create IPUIPlugin
2024-02-13 20:29:15,772 [INFO] PluginManager:220 - loadIPPluginJar : add linkedlist
2024-02-13 20:29:15,797 [INFO] IPUIPlugin:80 - create IPUIPlugin
2024-02-13 20:29:15,797 [INFO] PluginManager:220 - loadIPPluginJar : add lorawan
2024-02-13 20:29:15,825 [INFO] IPUIPlugin:80 - create IPUIPlugin
2024-02-13 20:29:15,826 [INFO] PluginManager:220 - loadIPPluginJar : add ltdc
2024-02-13 20:29:15,837 [INFO] IPUIPlugin:80 - create IPUIPlugin
2024-02-13 20:29:15,837 [INFO] PluginManager:220 - loadIPPluginJar : add mdma
2024-02-13 20:29:15,847 [INFO] IPUIPlugin:80 - create IPUIPlugin
2024-02-13 20:29:15,847 [INFO] PluginManager:220 - loadIPPluginJar : add nvic
2024-02-13 20:29:15,875 [INFO] IPUIPlugin:80 - create IPUIPlugin
2024-02-13 20:29:15,875 [INFO] PluginManager:220 - loadIPPluginJar : add opamp
2024-02-13 20:29:15,927 [INFO] IPUIPlugin:80 - create IPUIPlugin
2024-02-13 20:29:15,928 [INFO] PluginManager:220 - loadIPPluginJar : add openamp
2024-02-13 20:29:15,965 [INFO] IPUIPlugin:80 - create IPUIPlugin
2024-02-13 20:29:15,965 [INFO] PluginManager:220 - loadIPPluginJar : add pdm2pcm
2024-02-13 20:29:15,980 [INFO] IPUIPlugin:80 - create IPUIPlugin
2024-02-13 20:29:15,982 [INFO] PluginManager:220 - loadIPPluginJar : add plateformsettings
2024-02-13 20:29:16,002 [INFO] IPUIPlugin:80 - create IPUIPlugin
2024-02-13 20:29:16,002 [INFO] PluginManager:220 - loadIPPluginJar : add quadspi
2024-02-13 20:29:16,018 [INFO] IPUIPlugin:80 - create IPUIPlugin
2024-02-13 20:29:16,018 [INFO] PluginManager:220 - loadIPPluginJar : add resmgrutility
2024-02-13 20:29:16,070 [INFO] IPUIPlugin:80 - create IPUIPlugin
2024-02-13 20:29:16,071 [INFO] PluginManager:220 - loadIPPluginJar : add sai
2024-02-13 20:29:16,135 [INFO] IPUIPlugin:80 - create IPUIPlugin
2024-02-13 20:29:16,135 [INFO] PluginManager:220 - loadIPPluginJar : add spi
2024-02-13 20:29:16,226 [INFO] IPUIPlugin:80 - create IPUIPlugin
2024-02-13 20:29:16,226 [INFO] PluginManager:220 - loadIPPluginJar : add stm32_wpan
2024-02-13 20:29:16,262 [INFO] IPUIPlugin:80 - create IPUIPlugin
2024-02-13 20:29:16,262 [INFO] PluginManager:220 - loadIPPluginJar : add tim
2024-02-13 20:29:16,334 [INFO] IPUIPlugin:80 - create IPUIPlugin
2024-02-13 20:29:16,334 [INFO] PluginManager:220 - loadIPPluginJar : add touchsensing
2024-02-13 20:29:16,361 [INFO] IPUIPlugin:80 - create IPUIPlugin
2024-02-13 20:29:16,361 [INFO] PluginManager:220 - loadIPPluginJar : add tracer_emb
2024-02-13 20:29:16,390 [INFO] IPUIPlugin:80 - create IPUIPlugin
2024-02-13 20:29:16,390 [INFO] PluginManager:220 - loadIPPluginJar : add ts
2024-02-13 20:29:16,413 [INFO] IPUIPlugin:80 - create IPUIPlugin
2024-02-13 20:29:16,413 [INFO] PluginManager:220 - loadIPPluginJar : add tsc
2024-02-13 20:29:16,434 [INFO] IPUIPlugin:80 - create IPUIPlugin
2024-02-13 20:29:16,434 [INFO] PluginManager:220 - loadIPPluginJar : add ucpd
2024-02-13 20:29:16,478 [INFO] IPUIPlugin:80 - create IPUIPlugin
2024-02-13 20:29:16,478 [INFO] PluginManager:220 - loadIPPluginJar : add usart
2024-02-13 20:29:16,518 [INFO] IPUIPlugin:80 - create IPUIPlugin
2024-02-13 20:29:16,518 [INFO] PluginManager:220 - loadIPPluginJar : add usbx
2024-02-13 20:29:16,643 [INFO] CADModel:165 - CPN selected for project level
2024-02-13 20:29:16,643 [INFO] CADModel:114 - Register for checkConnection events
2024-02-13 20:29:16,643 [FATAL] Updater:308 - Updater called before beeing initialized
2024-02-13 20:29:16,643 [ERROR] CADModel:125 - Updater not yet initialized, retry later 
2024-02-13 20:29:16,765 [INFO] CADModel:165 - CPN selected for project level
2024-02-13 20:29:16,766 [INFO] CADModel:114 - Register for checkConnection events
2024-02-13 20:29:16,766 [FATAL] Updater:308 - Updater called before beeing initialized
2024-02-13 20:29:16,766 [ERROR] CADModel:125 - Updater not yet initialized, retry later 
2024-02-13 20:29:16,768 [FATAL] Updater:308 - Updater called before beeing initialized
2024-02-13 20:29:16,849 [FATAL] Updater:308 - Updater called before beeing initialized
2024-02-13 20:29:16,863 [INFO] DbMcusAds:53 - JSON generation date=Wed Nov 29 13:52:27 TRT 2023 (1701255147200)
2024-02-13 20:29:16,863 [FATAL] Updater:308 - Updater called before beeing initialized
2024-02-13 20:29:16,935 [WARN] DetailPanel:346 - Failed to get advertising image, set to default
2024-02-13 20:29:16,999 [FATAL] Updater:308 - Updater called before beeing initialized
2024-02-13 20:29:17,001 [FATAL] Updater:308 - Updater called before beeing initialized
2024-02-13 20:29:17,001 [FATAL] Updater:308 - Updater called before beeing initialized
2024-02-13 20:29:17,001 [WARN] DetailPanel:346 - Failed to get advertising image, set to default
2024-02-13 20:29:17,002 [FATAL] Updater:308 - Updater called before beeing initialized
2024-02-13 20:29:17,058 [ERROR] Updater:1120 - MainUpdater not yet initialized. External WinMGr cannot be set.
2024-02-13 20:29:17,069 [INFO] Updater:1056 - Updater Version found : 6.10.0
2024-02-13 20:29:17,093 [INFO] ApplicationProperties:184 - Using Application install path: C:\ST\STM32CubeIDE_1.14.0\STM32CubeIDE\plugins\com.st.stm32cube.common.mx_6.10.0.202311202037
2024-02-13 20:29:17,527 [INFO] ThirdPartyUpdaterWithRetryManager:70 - Updater plugin not ready yet. [2/15]
2024-02-13 20:29:18,676 [ERROR] LogOutputStream:75 - [STDERR_REDIRECT] Feb 13, 2024 8:29:18 PM java.util.prefs.WindowsPreferences <init>
2024-02-13 20:29:18,677 [ERROR] LogOutputStream:75 - [STDERR_REDIRECT] WARNING: Could not open/create prefs root node Software\JavaSoft\Prefs at root 0xffffffff80000002. Windows RegCreateKeyEx(...) returned error code 5.
2024-02-13 20:29:18,677 [ERROR] LogOutputStream:75 - [STDERR_REDIRECT] 
2024-02-13 20:29:19,033 [INFO] MainUpdater:2873 - connection check result : 10
2024-02-13 20:29:19,034 [INFO] MainUpdater:290 - Updater Check For Update Now.
2024-02-13 20:29:19,034 [INFO] MicroXplorer:498 - Change Database Version : DB.6.0.100
2024-02-13 20:29:19,055 [INFO] McuFinderGlobals:63 - Set McuFinder mode to 2 (CubeIDE integrated)
2024-02-13 20:29:19,075 [INFO] UserAuth:404 - Internet connection configuration mode: 1
2024-02-13 20:29:19,122 [INFO] JxBrowserEngine:152 - Initiate JxBrowser Engine with user profile folder
2024-02-13 20:29:19,256 [INFO] CheckServerUpdateThread:120 - End of CheckServer Thread
2024-02-13 20:29:20,668 [WARN] PackLoader:240 - Cannot read IP mode file for STMicroelectronics.X-CUBE-SMBUS.2.1.0
2024-02-13 20:29:20,681 [WARN] PackLoader:240 - Cannot read IP mode file for STMicroelectronics.X-CUBE-TOUCHGFX.4.23.0
2024-02-13 20:29:20,716 [WARN] PackLoader:240 - Cannot read IP mode file for STMicroelectronics.X-CUBE-AZRTOS-F7.1.1.0
2024-02-13 20:29:20,736 [WARN] PackLoader:240 - Cannot read IP mode file for STMicroelectronics.FP-SNS-MOTENV1.4.3.2
2024-02-13 20:29:20,750 [WARN] PackLoader:240 - Cannot read IP mode file for STMicroelectronics.FP-SNS-FLIGHT1.5.0.2
2024-02-13 20:29:20,769 [WARN] PackLoader:240 - Cannot read IP mode file for STMicroelectronics.X-CUBE-DISPLAY.3.0.0
2024-02-13 20:29:20,791 [WARN] PackLoader:240 - Cannot read IP mode file for STMicroelectronics.X-CUBE-BLE1.7.0.0
2024-02-13 20:29:20,804 [WARN] PackLoader:240 - Cannot read IP mode file for emotas.I-CUBE-CANOPEN.1.3.0
2024-02-13 20:29:20,816 [WARN] PackLoader:240 - Cannot read IP mode file for STMicroelectronics.FP-SNS-SMARTAG2.1.2.0
2024-02-13 20:29:20,832 [INFO] LogOutputStream:77 - [STDOUT_REDIRECT] 1 : Invalid condition id : UX_CORESTACK_Condition cause : null
2024-02-13 20:29:20,833 [INFO] LogOutputStream:77 - [STDOUT_REDIRECT] 1 : Invalid condition id : UX_CORESTACK_Condition cause : null
2024-02-13 20:29:20,834 [INFO] LogOutputStream:77 - [STDOUT_REDIRECT] 1 : Invalid condition id : UX_CORESTACK_Condition cause : null
2024-02-13 20:29:20,835 [INFO] LogOutputStream:77 - [STDOUT_REDIRECT] 1 : Invalid condition id : UX_CORESTACK_Condition cause : null
2024-02-13 20:29:20,835 [INFO] LogOutputStream:77 - [STDOUT_REDIRECT] 1 : Invalid condition id : UX_CORESTACK_Condition cause : null
2024-02-13 20:29:20,837 [WARN] PackLoader:240 - Cannot read IP mode file for STMicroelectronics.X-CUBE-AZRTOS-WL.2.0.0
2024-02-13 20:29:20,853 [WARN] PackLoader:240 - Cannot read IP mode file for WES.I-CUBE-Cesium.1.3.0
2024-02-13 20:29:20,863 [WARN] PackLoader:240 - Cannot read IP mode file for STMicroelectronics.X-CUBE-BLE2.3.3.0
2024-02-13 20:29:20,875 [WARN] PackLoader:240 - Cannot read IP mode file for STMicroelectronics.X-CUBE-ALGOBUILD.1.3.0
2024-02-13 20:29:20,897 [WARN] PackLoader:240 - Cannot read IP mode file for STMicroelectronics.X-CUBE-AZRTOS-G0.1.1.0
2024-02-13 20:29:20,910 [WARN] PackLoader:240 - Cannot read IP mode file for STMicroelectronics.X-CUBE-NFC4.3.0.0
2024-02-13 20:29:20,924 [WARN] PackLoader:240 - Cannot read IP mode file for STMicroelectronics.X-CUBE-BLEMGR.3.0.0
2024-02-13 20:29:20,938 [WARN] PackLoader:240 - Cannot read IP mode file for STMicroelectronics.FP-ATR-SIGFOX1.3.2.0
2024-02-13 20:29:20,949 [WARN] PackLoader:240 - Cannot read IP mode file for STMicroelectronics.X-CUBE-EEPRMA1.5.1.0
2024-02-13 20:29:20,986 [WARN] PackLoader:240 - Cannot read IP mode file for SEGGER.I-CUBE-embOS.1.3.1
2024-02-13 20:29:21,066 [WARN] PackLoader:240 - Cannot read IP mode file for STMicroelectronics.X-CUBE-GNSS1.6.0.0
2024-02-13 20:29:21,098 [WARN] PackLoader:240 - Cannot read IP mode file for STMicroelectronics.X-CUBE-AZRTOS-F4.1.1.0
2024-02-13 20:29:21,110 [WARN] PackLoader:240 - Cannot read IP mode file for wolfSSL.I-CUBE-wolfSSL.5.6.4
2024-02-13 20:29:21,134 [WARN] PackLoader:240 - Cannot read IP mode file for STMicroelectronics.X-CUBE-AZRTOS-L5.2.0.0
2024-02-13 20:29:21,149 [WARN] PackLoader:240 - Cannot read IP mode file for STMicroelectronics.X-CUBE-EEPRMA1.4.2.0
2024-02-13 20:29:21,164 [WARN] PackLoader:240 - Cannot read IP mode file for ITTIA_DB.I-CUBE-ITTIADB.8.8.0
2024-02-13 20:29:21,177 [WARN] PackLoader:240 - Cannot read IP mode file for STMicroelectronics.X-CUBE-NFC7.1.0.1
2024-02-13 20:29:21,195 [WARN] PackLoader:240 - Cannot read IP mode file for STMicroelectronics.X-CUBE-NFC6.3.0.0
2024-02-13 20:29:21,208 [WARN] PackLoader:240 - Cannot read IP mode file for STMicroelectronics.X-CUBE-AI.8.1.0
2024-02-13 20:29:21,235 [WARN] ConditionMgr:438 - getConditionDescription Invalid condition id : LAN8742 Phy interface Condition cause : null
2024-02-13 20:29:21,236 [WARN] PackLoader:240 - Cannot read IP mode file for STMicroelectronics.X-CUBE-AZRTOS-L4.2.0.0
2024-02-13 20:29:21,237 [WARN] ConditionMgr:1039 - genDependencies : Invalid condition id : LAN8742 Phy interface Condition cause : null
2024-02-13 20:29:21,237 [WARN] ConditionMgr:1039 - genDependencies : Invalid condition id : LAN8742 Phy interface Condition cause : null
2024-02-13 20:29:21,237 [WARN] ConditionMgr:1039 - genDependencies : Invalid condition id : LAN8742 Phy interface Condition cause : null
2024-02-13 20:29:21,254 [WARN] PackLoader:240 - Cannot read IP mode file for STMicroelectronics.X-CUBE-SFXS2LP1.4.0.0
2024-02-13 20:29:21,276 [WARN] ConditionMgr:438 - getConditionDescription Invalid condition id : UX DEVICE CLASS RTOS Condition cause : null
2024-02-13 20:29:21,276 [WARN] ConditionMgr:438 - getConditionDescription Invalid condition id : UX DEVICE CLASS RTOS Condition cause : null
2024-02-13 20:29:21,278 [WARN] PackLoader:240 - Cannot read IP mode file for STMicroelectronics.X-CUBE-AZRTOS-WB.2.0.0
2024-02-13 20:29:21,278 [WARN] ConditionMgr:1039 - genDependencies : Invalid condition id : UX DEVICE CLASS RTOS Condition cause : null
2024-02-13 20:29:21,278 [WARN] ConditionMgr:1039 - genDependencies : Invalid condition id : UX DEVICE CLASS RTOS Condition cause : null
2024-02-13 20:29:21,279 [WARN] ConditionMgr:1039 - genDependencies : Invalid condition id : UX DEVICE CLASS RTOS Condition cause : null
2024-02-13 20:29:21,279 [WARN] ConditionMgr:1039 - genDependencies : Invalid condition id : UX DEVICE CLASS RTOS Condition cause : null
2024-02-13 20:29:21,279 [WARN] ConditionMgr:1039 - genDependencies : Invalid condition id : UX DEVICE CLASS RTOS Condition cause : null
2024-02-13 20:29:21,296 [WARN] PackLoader:240 - Cannot read IP mode file for STMicroelectronics.X-CUBE-SUBG2.5.0.0
2024-02-13 20:29:21,323 [WARN] PackLoader:240 - Cannot read IP mode file for STMicroelectronics.X-CUBE-AZRTOS-G4.2.0.0
2024-02-13 20:29:21,345 [WARN] PackLoader:240 - Cannot read IP mode file for Infineon.AIROC-Wi-Fi-Bluetooth-STM32.1.5.1
2024-02-13 20:29:21,357 [WARN] PackLoader:240 - Cannot read IP mode file for STMicroelectronics.FP-SNS-MOTENVWB1.1.3.1
2024-02-13 20:29:21,373 [WARN] PackLoader:240 - Cannot read IP mode file for STMicroelectronics.X-CUBE-ISPU.2.0.0
2024-02-13 20:29:21,410 [WARN] PackLoader:240 - Cannot read IP mode file for STMicroelectronics.X-CUBE-MEMS1.10.0.0
2024-02-13 20:29:21,498 [WARN] PackLoader:240 - Cannot read IP mode file for STMicroelectronics.X-CUBE-FREERTOS.1.1.0
2024-02-13 20:29:21,511 [WARN] PackLoader:240 - Cannot read IP mode file for portGmbH.I-Cube-SoM-uGOAL.1.1.0
2024-02-13 20:29:21,526 [WARN] PackLoader:240 - Cannot read IP mode file for STMicroelectronics.X-CUBE-ALS.1.0.1
2024-02-13 20:29:21,538 [WARN] PackLoader:240 - Cannot read IP mode file for STMicroelectronics.FP-ATR-ASTRA1.2.0.0
2024-02-13 20:29:21,558 [WARN] PackLoader:240 - Cannot read IP mode file for STMicroelectronics.X-CUBE-TOF1.3.4.0
2024-02-13 20:29:21,600 [WARN] PackLoader:240 - Cannot read IP mode file for STMicroelectronics.X-CUBE-AZRTOS-H7.3.2.0
2024-02-13 20:29:21,603 [INFO] ThirdParty:978 - Integrity check success = true
2024-02-13 20:29:21,603 [INFO] IntegrityCheckThread:100 - exiting critical section [integrity check]
2024-02-13 20:29:21,603 [INFO] IntegrityCheckThread:103 - End integrity checks thread
2024-02-13 20:29:22,420 [INFO] WebApp:161 - Instantiating new browser for Auth
2024-02-13 20:29:22,938 [INFO] WebApp:780 - Register for checkConnection events
2024-02-13 20:29:22,938 [INFO] WebApp:414 - Apply proxy settings
2024-02-13 20:29:22,939 [INFO] WebApp:499 - Chromium requires no authentication
2024-02-13 20:29:22,945 [INFO] WebApp:442 - Direct internet connection detected
2024-02-13 20:29:23,097 [INFO] WebApp:192 - Starting web application
2024-02-13 20:29:23,097 [INFO] WebApp:544 - Web application path used C:\ST\STM32CubeIDE_1.14.0\STM32CubeIDE\plugins\com.st.stm32cube.common.mx_6.10.0.202311202037\db\plugins\mcufinder\reactClient1\index.html
2024-02-13 20:29:32,312 [ERROR] LogOutputStream:75 - [STDERR_REDIRECT] SLF4J: Failed to load class "org.slf4j.impl.StaticLoggerBinder".
2024-02-13 20:29:32,314 [ERROR] LogOutputStream:75 - [STDERR_REDIRECT] SLF4J: Defaulting to no-operation (NOP) logger implementation
2024-02-13 20:29:32,314 [ERROR] LogOutputStream:75 - [STDERR_REDIRECT] SLF4J: See http://www.slf4j.org/codes.html#StaticLoggerBinder for further details.
2024-02-13 20:29:40,814 [ERROR] LogOutputStream:75 - [STDERR_REDIRECT] 
2024-02-13 20:29:44,712 [INFO] Activator:176 - 


2024-02-13 20:29:44,714 [INFO] Activator:177 - !SESSION log4j initialized
2024-02-13 20:29:46,904 [INFO] LogOutputStream:77 - [STDOUT_REDIRECT] 
2024-02-13 20:29:48,041 [INFO] ApplicationProperties:184 - Using Application install path: C:\ST\STM32CubeIDE_1.14.0\STM32CubeIDE\plugins\com.st.stm32cube.common.mx_6.10.0.202311202037
2024-02-13 20:29:48,055 [INFO] DbMcusXml:78 - Set database path to: C:\ST\STM32CubeIDE_1.14.0\STM32CubeIDE\plugins\com.st.stm32cube.common.mx_6.10.0.202311202037\\db\/mcu/
2024-02-13 20:29:48,056 [INFO] ApiDb:274 - Set plugin database path to: C:\ST\STM32CubeIDE_1.14.0\STM32CubeIDE\plugins\com.st.stm32cube.common.mx_6.10.0.202311202037\\db\/plugins/boardmanager/
2024-02-13 20:29:48,056 [WARN] ApiDb:259 - Overriding images path with different value:  => C:\ST\STM32CubeIDE_1.14.0\STM32CubeIDE\plugins\com.st.stm32cube.common.mx_6.10.0.202311202037\\db\/plugins/mcufinder/images/
2024-02-13 20:29:48,059 [INFO] ApiDb:250 - Set database path to: C:\Users\hasan\.stmcufinder\plugins\mcufinder//mcu/
2024-02-13 20:29:48,060 [INFO] DbMcusAds:125 - Set database path to: C:\Users\hasan\.stmcufinder\plugins\mcufinder//mcu/
2024-02-13 20:29:48,062 [INFO] CrossReferenceDbSqlite:203 - Set database path to: C:\Users\hasan\.stmcufinder\plugins\mcufinder//mcu/cs/
2024-02-13 20:29:48,131 [INFO] RulesReader:64 - Compatibility file has been processed (297 Rules)
2024-02-13 20:29:48,187 [INFO] DbMcusXml:78 - Set database path to: C:\ST\STM32CubeIDE_1.14.0\STM32CubeIDE\plugins\com.st.stm32cube.common.mx_6.10.0.202311202037\\db\/mcu/
2024-02-13 20:29:48,188 [INFO] ApiDb:274 - Set plugin database path to: C:\ST\STM32CubeIDE_1.14.0\STM32CubeIDE\plugins\com.st.stm32cube.common.mx_6.10.0.202311202037\\db\/plugins/boardmanager/
2024-02-13 20:29:48,188 [INFO] ApiDb:261 - Set plugin images path to: C:\ST\STM32CubeIDE_1.14.0\STM32CubeIDE\plugins\com.st.stm32cube.common.mx_6.10.0.202311202037\\db\/plugins/mcufinder/images/
2024-02-13 20:29:48,188 [WARN] DbFile:41 - Overriding database path with different value: C:\Users\hasan\.stmcufinder\plugins\mcufinder/ => C:\Users\hasan\.stmcufinder\plugins\mcufinder
2024-02-13 20:29:48,188 [INFO] ApiDb:250 - Set database path to: C:\Users\hasan\.stmcufinder\plugins\mcufinder//mcu/
2024-02-13 20:29:48,188 [WARN] DbFile:41 - Overriding database path with different value: C:\Users\hasan\.stmcufinder\plugins\mcufinder/ => C:\Users\hasan\.stmcufinder\plugins\mcufinder
2024-02-13 20:29:48,188 [INFO] DbMcusAds:125 - Set database path to: C:\Users\hasan\.stmcufinder\plugins\mcufinder//mcu/
2024-02-13 20:29:48,188 [WARN] DbFile:41 - Overriding database path with different value: C:\Users\hasan\.stmcufinder\plugins\mcufinder/ => C:\Users\hasan\.stmcufinder\plugins\mcufinder
2024-02-13 20:29:48,188 [WARN] DbFile:41 - Overriding database path with different value: C:\Users\hasan\.stmcufinder\plugins\mcufinder/ => C:\Users\hasan\.stmcufinder\plugins\mcufinder
2024-02-13 20:29:48,188 [INFO] CrossReferenceDbSqlite:203 - Set database path to: C:\Users\hasan\.stmcufinder\plugins\mcufinder//mcu/cs/
2024-02-13 20:29:48,237 [INFO] MainPanel:264 - HeapMemory: 268435456
2024-02-13 20:29:48,282 [INFO] DbMcusXml:78 - Set database path to: C:\ST\STM32CubeIDE_1.14.0\STM32CubeIDE\plugins\com.st.stm32cube.common.mx_6.10.0.202311202037\\db\/mcu/
2024-02-13 20:29:48,282 [INFO] ApiDb:274 - Set plugin database path to: C:\ST\STM32CubeIDE_1.14.0\STM32CubeIDE\plugins\com.st.stm32cube.common.mx_6.10.0.202311202037\\db\/plugins/boardmanager/
2024-02-13 20:29:48,282 [INFO] ApiDb:261 - Set plugin images path to: C:\ST\STM32CubeIDE_1.14.0\STM32CubeIDE\plugins\com.st.stm32cube.common.mx_6.10.0.202311202037\\db\/plugins/mcufinder/images/
2024-02-13 20:29:48,282 [WARN] DbFile:41 - Overriding database path with different value: C:\Users\hasan\.stmcufinder\plugins\mcufinder/ => C:\Users\hasan\.stmcufinder\plugins\mcufinder
2024-02-13 20:29:48,282 [INFO] ApiDb:250 - Set database path to: C:\Users\hasan\.stmcufinder\plugins\mcufinder//mcu/
2024-02-13 20:29:48,282 [WARN] DbFile:41 - Overriding database path with different value: C:\Users\hasan\.stmcufinder\plugins\mcufinder/ => C:\Users\hasan\.stmcufinder\plugins\mcufinder
2024-02-13 20:29:48,283 [INFO] DbMcusAds:125 - Set database path to: C:\Users\hasan\.stmcufinder\plugins\mcufinder//mcu/
2024-02-13 20:29:48,283 [WARN] DbFile:41 - Overriding database path with different value: C:\Users\hasan\.stmcufinder\plugins\mcufinder/ => C:\Users\hasan\.stmcufinder\plugins\mcufinder
2024-02-13 20:29:48,283 [WARN] DbFile:41 - Overriding database path with different value: C:\Users\hasan\.stmcufinder\plugins\mcufinder/ => C:\Users\hasan\.stmcufinder\plugins\mcufinder
2024-02-13 20:29:48,283 [INFO] CrossReferenceDbSqlite:203 - Set database path to: C:\Users\hasan\.stmcufinder\plugins\mcufinder//mcu/cs/
2024-02-13 20:29:48,293 [INFO] ApplicationProperties:184 - Using Application install path: C:\ST\STM32CubeIDE_1.14.0\STM32CubeIDE\plugins\com.st.stm32cube.common.mx_6.10.0.202311202037
2024-02-13 20:29:48,294 [INFO] PluginManage:196 - Search for loadable plugins [exclusion list=, ]
2024-02-13 20:29:48,295 [INFO] PluginManage:310 - Check plugin analytics
2024-02-13 20:29:48,432 [INFO] AnalyticsPlugin:253 - Accepted Software Licenses: 
2024-02-13 20:29:48,432 [INFO] AnalyticsPlugin:255 - Accepted CMSIS Pack Licenses: 
2024-02-13 20:29:48,433 [INFO] AnalyticsPlugin:257 - Accepted Firmware Licenses: 
2024-02-13 20:29:48,435 [INFO] PluginManage:359 - Loaded plugin analytics (category:tool,tabindex:-1)
2024-02-13 20:29:48,436 [INFO] PluginManage:310 - Check plugin cadmodel
2024-02-13 20:29:48,439 [INFO] CADModel:105 - Init CAD model plugin
2024-02-13 20:29:48,439 [INFO] PluginManage:359 - Loaded plugin cadmodel (category:power,tabindex:5)
2024-02-13 20:29:48,440 [INFO] PluginManage:310 - Check plugin clock
2024-02-13 20:29:48,446 [INFO] PluginManage:359 - Loaded plugin clock (category:base,tabindex:2)
2024-02-13 20:29:48,446 [INFO] PluginManage:310 - Check plugin ddr
2024-02-13 20:29:48,447 [INFO] PluginManage:359 - Loaded plugin ddr (category:tool,tabindex:6)
2024-02-13 20:29:48,448 [INFO] PluginManage:310 - Check plugin filemanager
2024-02-13 20:29:48,590 [INFO] PluginManage:359 - Loaded plugin filemanager (category:base,tabindex:10)
2024-02-13 20:29:48,591 [INFO] PluginManage:310 - Check plugin ipmanager
2024-02-13 20:29:48,599 [INFO] PluginManage:359 - Loaded plugin ipmanager (category:base,tabindex:5)
2024-02-13 20:29:48,599 [INFO] PluginManage:310 - Check plugin lpbam
2024-02-13 20:29:48,608 [INFO] PluginManage:359 - Loaded plugin lpbam (category:base,tabindex:0)
2024-02-13 20:29:48,608 [INFO] PluginManage:310 - Check plugin memorymap
2024-02-13 20:29:48,618 [INFO] PluginManage:359 - Loaded plugin memorymap (category:base,tabindex:4)
2024-02-13 20:29:48,618 [INFO] PluginManage:310 - Check plugin pinoutandconfiguration
2024-02-13 20:29:48,623 [INFO] PluginManage:359 - Loaded plugin pinoutandconfiguration (category:base,tabindex:1)
2024-02-13 20:29:48,623 [INFO] PluginManage:310 - Check plugin pinoutconfig
2024-02-13 20:29:48,677 [WARN] SupportedApi:132 - Cannot load RTOS API schema: s4s-elt-must-match.1: The content of 'definitions' must match (annotation?, (simpleType | complexType)?, (unique | key | keyref)*)). A problem was found starting at: attribute.
2024-02-13 20:29:48,761 [INFO] PluginManage:359 - Loaded plugin pinoutconfig (category:base,tabindex:0)
2024-02-13 20:29:48,761 [INFO] PluginManage:310 - Check plugin power
2024-02-13 20:29:48,767 [INFO] PluginManage:359 - Loaded plugin power (category:power,tabindex:4)
2024-02-13 20:29:48,767 [INFO] PluginManage:310 - Check plugin projectmanager
2024-02-13 20:29:48,778 [INFO] PluginManage:359 - Loaded plugin projectmanager (category:projectmanager,tabindex:3)
2024-02-13 20:29:48,779 [INFO] PluginManage:310 - Check plugin thirdparty
2024-02-13 20:29:48,857 [INFO] PluginManage:359 - Loaded plugin thirdparty (category:base,tabindex:-1)
2024-02-13 20:29:48,857 [INFO] PluginManage:310 - Check plugin tools
2024-02-13 20:29:48,857 [WARN] IntegrityCheckThread:84 - waiting for thirdparty lock release [integrity check]
2024-02-13 20:29:48,858 [INFO] IntegrityCheckThread:86 - entering critical section [integrity check]
2024-02-13 20:29:48,858 [INFO] ThirdPartyUpdaterWithRetryManager:70 - Updater plugin not ready yet. [1/15]
2024-02-13 20:29:48,859 [INFO] PluginManage:359 - Loaded plugin tools (category:base,tabindex:7)
2024-02-13 20:29:48,859 [INFO] PluginManage:310 - Check plugin tutovideos
2024-02-13 20:29:48,962 [INFO] PluginManage:359 - Loaded plugin tutovideos (category:base,tabindex:-1)
2024-02-13 20:29:48,962 [INFO] PluginManage:310 - Check plugin updater
2024-02-13 20:29:48,969 [INFO] PluginManage:359 - Loaded plugin updater (category:base,tabindex:12)
2024-02-13 20:29:48,969 [INFO] PluginManage:310 - Check plugin userauth
2024-02-13 20:29:48,973 [INFO] UserAuth:114 - Init User Auth plugin
2024-02-13 20:29:48,973 [INFO] PluginManage:359 - Loaded plugin userauth (category:base,tabindex:14)
2024-02-13 20:29:48,973 [INFO] PluginManage:283 - PluginManage : Loaded plugins [17]
2024-02-13 20:29:49,101 [INFO] PinOutPanel:1499 - setPackage(No Configuration,No Configuration)
2024-02-13 20:29:49,151 [INFO] CADModel:165 - CPN selected for project level
2024-02-13 20:29:49,151 [INFO] CADModel:114 - Register for checkConnection events
2024-02-13 20:29:49,162 [INFO] IPUIPlugin:80 - create IPUIPlugin
2024-02-13 20:29:49,162 [INFO] PluginManager:220 - loadIPPluginJar : add adc
2024-02-13 20:29:49,163 [INFO] IPUIPlugin:80 - create IPUIPlugin
2024-02-13 20:29:49,163 [INFO] PluginManager:220 - loadIPPluginJar : add aes
2024-02-13 20:29:49,165 [INFO] IPUIPlugin:80 - create IPUIPlugin
2024-02-13 20:29:49,165 [INFO] PluginManager:220 - loadIPPluginJar : add can
2024-02-13 20:29:49,166 [INFO] IPUIPlugin:80 - create IPUIPlugin
2024-02-13 20:29:49,166 [INFO] PluginManager:220 - loadIPPluginJar : add comp
2024-02-13 20:29:49,167 [INFO] IPUIPlugin:80 - create IPUIPlugin
2024-02-13 20:29:49,167 [INFO] PluginManager:220 - loadIPPluginJar : add cryp
2024-02-13 20:29:49,168 [INFO] IPUIPlugin:80 - create IPUIPlugin
2024-02-13 20:29:49,169 [INFO] PluginManager:220 - loadIPPluginJar : add dfsdm
2024-02-13 20:29:49,172 [INFO] IPUIPlugin:80 - create IPUIPlugin
2024-02-13 20:29:49,172 [INFO] PluginManager:220 - loadIPPluginJar : add dma
2024-02-13 20:29:49,174 [INFO] IPUIPlugin:80 - create IPUIPlugin
2024-02-13 20:29:49,174 [INFO] PluginManager:220 - loadIPPluginJar : add dma3
2024-02-13 20:29:49,174 [INFO] IPUIPlugin:80 - create IPUIPlugin
2024-02-13 20:29:49,174 [INFO] PluginManager:220 - loadIPPluginJar : add fatfs
2024-02-13 20:29:49,177 [INFO] IPUIPlugin:80 - create IPUIPlugin
2024-02-13 20:29:49,177 [INFO] PluginManager:220 - loadIPPluginJar : add fmc
2024-02-13 20:29:49,180 [INFO] IPUIPlugin:80 - create IPUIPlugin
2024-02-13 20:29:49,180 [INFO] PluginManager:220 - loadIPPluginJar : add freertos
2024-02-13 20:29:49,181 [INFO] IPUIPlugin:80 - create IPUIPlugin
2024-02-13 20:29:49,181 [INFO] PluginManager:220 - loadIPPluginJar : add genericplugin
2024-02-13 20:29:49,182 [INFO] IPUIPlugin:80 - create IPUIPlugin
2024-02-13 20:29:49,182 [INFO] PluginManager:220 - loadIPPluginJar : add gfxmmu
2024-02-13 20:29:49,186 [INFO] IPUIPlugin:80 - create IPUIPlugin
2024-02-13 20:29:49,186 [INFO] PluginManager:220 - loadIPPluginJar : add gic
2024-02-13 20:29:49,189 [INFO] IPUIPlugin:80 - create IPUIPlugin
2024-02-13 20:29:49,189 [INFO] PluginManager:220 - loadIPPluginJar : add gpio
2024-02-13 20:29:49,191 [INFO] IPUIPlugin:80 - create IPUIPlugin
2024-02-13 20:29:49,191 [INFO] PluginManager:220 - loadIPPluginJar : add gtzc
2024-02-13 20:29:49,192 [INFO] IPUIPlugin:80 - create IPUIPlugin
2024-02-13 20:29:49,192 [INFO] PluginManager:220 - loadIPPluginJar : add hash
2024-02-13 20:29:49,193 [INFO] IPUIPlugin:80 - create IPUIPlugin
2024-02-13 20:29:49,193 [INFO] PluginManager:220 - loadIPPluginJar : add i2c
2024-02-13 20:29:49,195 [INFO] IPUIPlugin:80 - create IPUIPlugin
2024-02-13 20:29:49,195 [INFO] PluginManager:220 - loadIPPluginJar : add i2s
2024-02-13 20:29:49,196 [INFO] IPUIPlugin:80 - create IPUIPlugin
2024-02-13 20:29:49,196 [INFO] PluginManager:220 - loadIPPluginJar : add i3c
2024-02-13 20:29:49,198 [INFO] IPUIPlugin:80 - create IPUIPlugin
2024-02-13 20:29:49,198 [INFO] PluginManager:220 - loadIPPluginJar : add ipddr
2024-02-13 20:29:49,202 [INFO] IPUIPlugin:80 - create IPUIPlugin
2024-02-13 20:29:49,202 [INFO] PluginManager:220 - loadIPPluginJar : add linkedlist
2024-02-13 20:29:49,204 [INFO] IPUIPlugin:80 - create IPUIPlugin
2024-02-13 20:29:49,204 [INFO] PluginManager:220 - loadIPPluginJar : add lorawan
2024-02-13 20:29:49,204 [INFO] IPUIPlugin:80 - create IPUIPlugin
2024-02-13 20:29:49,204 [INFO] PluginManager:220 - loadIPPluginJar : add ltdc
2024-02-13 20:29:49,208 [INFO] IPUIPlugin:80 - create IPUIPlugin
2024-02-13 20:29:49,208 [INFO] PluginManager:220 - loadIPPluginJar : add mdma
2024-02-13 20:29:49,212 [INFO] IPUIPlugin:80 - create IPUIPlugin
2024-02-13 20:29:49,212 [INFO] PluginManager:220 - loadIPPluginJar : add nvic
2024-02-13 20:29:49,213 [INFO] IPUIPlugin:80 - create IPUIPlugin
2024-02-13 20:29:49,213 [INFO] PluginManager:220 - loadIPPluginJar : add opamp
2024-02-13 20:29:49,215 [INFO] IPUIPlugin:80 - create IPUIPlugin
2024-02-13 20:29:49,215 [INFO] PluginManager:220 - loadIPPluginJar : add openamp
2024-02-13 20:29:49,216 [INFO] IPUIPlugin:80 - create IPUIPlugin
2024-02-13 20:29:49,216 [INFO] PluginManager:220 - loadIPPluginJar : add pdm2pcm
2024-02-13 20:29:49,220 [INFO] IPUIPlugin:80 - create IPUIPlugin
2024-02-13 20:29:49,221 [INFO] PluginManager:220 - loadIPPluginJar : add plateformsettings
2024-02-13 20:29:49,222 [INFO] IPUIPlugin:80 - create IPUIPlugin
2024-02-13 20:29:49,222 [INFO] PluginManager:220 - loadIPPluginJar : add quadspi
2024-02-13 20:29:49,224 [INFO] IPUIPlugin:80 - create IPUIPlugin
2024-02-13 20:29:49,224 [INFO] PluginManager:220 - loadIPPluginJar : add resmgrutility
2024-02-13 20:29:49,225 [INFO] IPUIPlugin:80 - create IPUIPlugin
2024-02-13 20:29:49,225 [INFO] PluginManager:220 - loadIPPluginJar : add sai
2024-02-13 20:29:49,226 [INFO] IPUIPlugin:80 - create IPUIPlugin
2024-02-13 20:29:49,226 [INFO] PluginManager:220 - loadIPPluginJar : add spi
2024-02-13 20:29:49,229 [INFO] IPUIPlugin:80 - create IPUIPlugin
2024-02-13 20:29:49,229 [INFO] PluginManager:220 - loadIPPluginJar : add stm32_wpan
2024-02-13 20:29:49,230 [INFO] IPUIPlugin:80 - create IPUIPlugin
2024-02-13 20:29:49,230 [INFO] PluginManager:220 - loadIPPluginJar : add tim
2024-02-13 20:29:49,232 [INFO] IPUIPlugin:80 - create IPUIPlugin
2024-02-13 20:29:49,232 [INFO] PluginManager:220 - loadIPPluginJar : add touchsensing
2024-02-13 20:29:49,233 [INFO] IPUIPlugin:80 - create IPUIPlugin
2024-02-13 20:29:49,233 [INFO] PluginManager:220 - loadIPPluginJar : add tracer_emb
2024-02-13 20:29:49,234 [INFO] IPUIPlugin:80 - create IPUIPlugin
2024-02-13 20:29:49,234 [INFO] PluginManager:220 - loadIPPluginJar : add ts
2024-02-13 20:29:49,235 [INFO] IPUIPlugin:80 - create IPUIPlugin
2024-02-13 20:29:49,235 [INFO] PluginManager:220 - loadIPPluginJar : add tsc
2024-02-13 20:29:49,235 [INFO] IPUIPlugin:80 - create IPUIPlugin
2024-02-13 20:29:49,235 [INFO] PluginManager:220 - loadIPPluginJar : add ucpd
2024-02-13 20:29:49,237 [INFO] IPUIPlugin:80 - create IPUIPlugin
2024-02-13 20:29:49,237 [INFO] PluginManager:220 - loadIPPluginJar : add usart
2024-02-13 20:29:49,238 [INFO] IPUIPlugin:80 - create IPUIPlugin
2024-02-13 20:29:49,238 [INFO] PluginManager:220 - loadIPPluginJar : add usbx
2024-02-13 20:29:49,343 [INFO] CADModel:165 - CPN selected for project level
2024-02-13 20:29:49,343 [INFO] CADModel:114 - Register for checkConnection events
2024-02-13 20:29:49,344 [FATAL] Updater:308 - Updater called before beeing initialized
2024-02-13 20:29:49,344 [ERROR] CADModel:125 - Updater not yet initialized, retry later 
2024-02-13 20:29:49,434 [INFO] CADModel:165 - CPN selected for project level
2024-02-13 20:29:49,434 [INFO] CADModel:114 - Register for checkConnection events
2024-02-13 20:29:49,434 [FATAL] Updater:308 - Updater called before beeing initialized
2024-02-13 20:29:49,434 [ERROR] CADModel:125 - Updater not yet initialized, retry later 
2024-02-13 20:29:49,437 [FATAL] Updater:308 - Updater called before beeing initialized
2024-02-13 20:29:49,512 [FATAL] Updater:308 - Updater called before beeing initialized
2024-02-13 20:29:49,517 [INFO] DbMcusAds:53 - JSON generation date=Wed Nov 29 13:52:27 TRT 2023 (1701255147200)
2024-02-13 20:29:49,517 [FATAL] Updater:308 - Updater called before beeing initialized
2024-02-13 20:29:49,542 [WARN] DetailPanel:346 - Failed to get advertising image, set to default
2024-02-13 20:29:49,601 [FATAL] Updater:308 - Updater called before beeing initialized
2024-02-13 20:29:49,602 [FATAL] Updater:308 - Updater called before beeing initialized
2024-02-13 20:29:49,603 [FATAL] Updater:308 - Updater called before beeing initialized
2024-02-13 20:29:49,603 [WARN] DetailPanel:346 - Failed to get advertising image, set to default
2024-02-13 20:29:49,603 [FATAL] Updater:308 - Updater called before beeing initialized
2024-02-13 20:29:49,635 [ERROR] Updater:1120 - MainUpdater not yet initialized. External WinMGr cannot be set.
2024-02-13 20:29:49,637 [INFO] Updater:1056 - Updater Version found : 6.10.0
2024-02-13 20:29:49,655 [INFO] ApplicationProperties:184 - Using Application install path: C:\ST\STM32CubeIDE_1.14.0\STM32CubeIDE\plugins\com.st.stm32cube.common.mx_6.10.0.202311202037
2024-02-13 20:29:51,225 [ERROR] LogOutputStream:75 - [STDERR_REDIRECT] Feb 13, 2024 8:29:51 PM java.util.prefs.WindowsPreferences <init>
2024-02-13 20:29:51,227 [ERROR] LogOutputStream:75 - [STDERR_REDIRECT] WARNING: Could not open/create prefs root node Software\JavaSoft\Prefs at root 0xffffffff80000002. Windows RegCreateKeyEx(...) returned error code 5.
2024-02-13 20:29:51,227 [ERROR] LogOutputStream:75 - [STDERR_REDIRECT] 
2024-02-13 20:29:51,426 [INFO] MainUpdater:2873 - connection check result : 10
2024-02-13 20:29:51,427 [INFO] MainUpdater:290 - Updater Check For Update Now.
2024-02-13 20:29:51,427 [INFO] MicroXplorer:498 - Change Database Version : DB.6.0.100
2024-02-13 20:29:51,431 [INFO] McuFinderGlobals:63 - Set McuFinder mode to 2 (CubeIDE integrated)
2024-02-13 20:29:51,437 [INFO] UserAuth:404 - Internet connection configuration mode: 1
2024-02-13 20:29:51,457 [INFO] JxBrowserEngine:152 - Initiate JxBrowser Engine with user profile folder
2024-02-13 20:29:51,585 [INFO] CheckServerUpdateThread:120 - End of CheckServer Thread
2024-02-13 20:29:51,851 [INFO] WebApp:161 - Instantiating new browser for Auth
2024-02-13 20:29:51,977 [WARN] PackLoader:240 - Cannot read IP mode file for STMicroelectronics.X-CUBE-SMBUS.2.1.0
2024-02-13 20:29:51,983 [WARN] PackLoader:240 - Cannot read IP mode file for STMicroelectronics.X-CUBE-TOUCHGFX.4.23.0
2024-02-13 20:29:52,012 [WARN] PackLoader:240 - Cannot read IP mode file for STMicroelectronics.X-CUBE-AZRTOS-F7.1.1.0
2024-02-13 20:29:52,025 [WARN] PackLoader:240 - Cannot read IP mode file for STMicroelectronics.FP-SNS-MOTENV1.4.3.2
2024-02-13 20:29:52,031 [WARN] PackLoader:240 - Cannot read IP mode file for STMicroelectronics.FP-SNS-FLIGHT1.5.0.2
2024-02-13 20:29:52,041 [WARN] PackLoader:240 - Cannot read IP mode file for STMicroelectronics.X-CUBE-DISPLAY.3.0.0
2024-02-13 20:29:52,058 [WARN] PackLoader:240 - Cannot read IP mode file for STMicroelectronics.X-CUBE-BLE1.7.0.0
2024-02-13 20:29:52,064 [WARN] PackLoader:240 - Cannot read IP mode file for emotas.I-CUBE-CANOPEN.1.3.0
2024-02-13 20:29:52,069 [WARN] PackLoader:240 - Cannot read IP mode file for STMicroelectronics.FP-SNS-SMARTAG2.1.2.0
2024-02-13 20:29:52,083 [INFO] LogOutputStream:77 - [STDOUT_REDIRECT] 1 : Invalid condition id : UX_CORESTACK_Condition cause : null
2024-02-13 20:29:52,084 [INFO] LogOutputStream:77 - [STDOUT_REDIRECT] 1 : Invalid condition id : UX_CORESTACK_Condition cause : null
2024-02-13 20:29:52,086 [INFO] LogOutputStream:77 - [STDOUT_REDIRECT] 1 : Invalid condition id : UX_CORESTACK_Condition cause : null
2024-02-13 20:29:52,090 [INFO] LogOutputStream:77 - [STDOUT_REDIRECT] 1 : Invalid condition id : UX_CORESTACK_Condition cause : null
2024-02-13 20:29:52,091 [INFO] LogOutputStream:77 - [STDOUT_REDIRECT] 1 : Invalid condition id : UX_CORESTACK_Condition cause : null
2024-02-13 20:29:52,096 [WARN] PackLoader:240 - Cannot read IP mode file for STMicroelectronics.X-CUBE-AZRTOS-WL.2.0.0
2024-02-13 20:29:52,112 [WARN] PackLoader:240 - Cannot read IP mode file for WES.I-CUBE-Cesium.1.3.0
2024-02-13 20:29:52,117 [WARN] PackLoader:240 - Cannot read IP mode file for STMicroelectronics.X-CUBE-BLE2.3.3.0
2024-02-13 20:29:52,127 [WARN] PackLoader:240 - Cannot read IP mode file for STMicroelectronics.X-CUBE-ALGOBUILD.1.3.0
2024-02-13 20:29:52,159 [WARN] PackLoader:240 - Cannot read IP mode file for STMicroelectronics.X-CUBE-AZRTOS-G0.1.1.0
2024-02-13 20:29:52,171 [WARN] PackLoader:240 - Cannot read IP mode file for STMicroelectronics.X-CUBE-NFC4.3.0.0
2024-02-13 20:29:52,185 [WARN] PackLoader:240 - Cannot read IP mode file for STMicroelectronics.X-CUBE-BLEMGR.3.0.0
2024-02-13 20:29:52,206 [WARN] PackLoader:240 - Cannot read IP mode file for STMicroelectronics.FP-ATR-SIGFOX1.3.2.0
2024-02-13 20:29:52,213 [WARN] PackLoader:240 - Cannot read IP mode file for STMicroelectronics.X-CUBE-EEPRMA1.5.1.0
2024-02-13 20:29:52,252 [WARN] PackLoader:240 - Cannot read IP mode file for SEGGER.I-CUBE-embOS.1.3.1
2024-02-13 20:29:52,293 [WARN] PackLoader:240 - Cannot read IP mode file for STMicroelectronics.X-CUBE-GNSS1.6.0.0
2024-02-13 20:29:52,307 [WARN] PackLoader:240 - Cannot read IP mode file for STMicroelectronics.X-CUBE-AZRTOS-F4.1.1.0
2024-02-13 20:29:52,312 [WARN] PackLoader:240 - Cannot read IP mode file for wolfSSL.I-CUBE-wolfSSL.5.6.4
2024-02-13 20:29:52,326 [WARN] PackLoader:240 - Cannot read IP mode file for STMicroelectronics.X-CUBE-AZRTOS-L5.2.0.0
2024-02-13 20:29:52,332 [WARN] PackLoader:240 - Cannot read IP mode file for STMicroelectronics.X-CUBE-EEPRMA1.4.2.0
2024-02-13 20:29:52,337 [WARN] PackLoader:240 - Cannot read IP mode file for ITTIA_DB.I-CUBE-ITTIADB.8.8.0
2024-02-13 20:29:52,343 [WARN] PackLoader:240 - Cannot read IP mode file for STMicroelectronics.X-CUBE-NFC7.1.0.1
2024-02-13 20:29:52,351 [WARN] PackLoader:240 - Cannot read IP mode file for STMicroelectronics.X-CUBE-NFC6.3.0.0
2024-02-13 20:29:52,356 [WARN] PackLoader:240 - Cannot read IP mode file for STMicroelectronics.X-CUBE-AI.8.1.0
2024-02-13 20:29:52,373 [WARN] ConditionMgr:438 - getConditionDescription Invalid condition id : LAN8742 Phy interface Condition cause : null
2024-02-13 20:29:52,374 [WARN] PackLoader:240 - Cannot read IP mode file for STMicroelectronics.X-CUBE-AZRTOS-L4.2.0.0
2024-02-13 20:29:52,375 [WARN] ConditionMgr:1039 - genDependencies : Invalid condition id : LAN8742 Phy interface Condition cause : null
2024-02-13 20:29:52,375 [WARN] ConditionMgr:1039 - genDependencies : Invalid condition id : LAN8742 Phy interface Condition cause : null
2024-02-13 20:29:52,376 [WARN] ConditionMgr:1039 - genDependencies : Invalid condition id : LAN8742 Phy interface Condition cause : null
2024-02-13 20:29:52,380 [WARN] PackLoader:240 - Cannot read IP mode file for STMicroelectronics.X-CUBE-SFXS2LP1.4.0.0
2024-02-13 20:29:52,388 [WARN] ConditionMgr:438 - getConditionDescription Invalid condition id : UX DEVICE CLASS RTOS Condition cause : null
2024-02-13 20:29:52,388 [WARN] ConditionMgr:438 - getConditionDescription Invalid condition id : UX DEVICE CLASS RTOS Condition cause : null
2024-02-13 20:29:52,389 [WARN] PackLoader:240 - Cannot read IP mode file for STMicroelectronics.X-CUBE-AZRTOS-WB.2.0.0
2024-02-13 20:29:52,389 [WARN] ConditionMgr:1039 - genDependencies : Invalid condition id : UX DEVICE CLASS RTOS Condition cause : null
2024-02-13 20:29:52,389 [WARN] ConditionMgr:1039 - genDependencies : Invalid condition id : UX DEVICE CLASS RTOS Condition cause : null
2024-02-13 20:29:52,390 [WARN] ConditionMgr:1039 - genDependencies : Invalid condition id : UX DEVICE CLASS RTOS Condition cause : null
2024-02-13 20:29:52,390 [WARN] ConditionMgr:1039 - genDependencies : Invalid condition id : UX DEVICE CLASS RTOS Condition cause : null
2024-02-13 20:29:52,390 [WARN] ConditionMgr:1039 - genDependencies : Invalid condition id : UX DEVICE CLASS RTOS Condition cause : null
2024-02-13 20:29:52,396 [WARN] PackLoader:240 - Cannot read IP mode file for STMicroelectronics.X-CUBE-SUBG2.5.0.0
2024-02-13 20:29:52,408 [WARN] PackLoader:240 - Cannot read IP mode file for STMicroelectronics.X-CUBE-AZRTOS-G4.2.0.0
2024-02-13 20:29:52,416 [WARN] PackLoader:240 - Cannot read IP mode file for Infineon.AIROC-Wi-Fi-Bluetooth-STM32.1.5.1
2024-02-13 20:29:52,421 [WARN] PackLoader:240 - Cannot read IP mode file for STMicroelectronics.FP-SNS-MOTENVWB1.1.3.1
2024-02-13 20:29:52,424 [WARN] PackLoader:240 - Cannot read IP mode file for STMicroelectronics.X-CUBE-ISPU.2.0.0
2024-02-13 20:29:52,444 [WARN] PackLoader:240 - Cannot read IP mode file for STMicroelectronics.X-CUBE-MEMS1.10.0.0
2024-02-13 20:29:52,538 [WARN] PackLoader:240 - Cannot read IP mode file for STMicroelectronics.X-CUBE-FREERTOS.1.1.0
2024-02-13 20:29:52,543 [WARN] PackLoader:240 - Cannot read IP mode file for portGmbH.I-Cube-SoM-uGOAL.1.1.0
2024-02-13 20:29:52,546 [WARN] PackLoader:240 - Cannot read IP mode file for STMicroelectronics.X-CUBE-ALS.1.0.1
2024-02-13 20:29:52,549 [WARN] PackLoader:240 - Cannot read IP mode file for STMicroelectronics.FP-ATR-ASTRA1.2.0.0
2024-02-13 20:29:52,557 [WARN] PackLoader:240 - Cannot read IP mode file for STMicroelectronics.X-CUBE-TOF1.3.4.0
2024-02-13 20:29:52,576 [WARN] PackLoader:240 - Cannot read IP mode file for STMicroelectronics.X-CUBE-AZRTOS-H7.3.2.0
2024-02-13 20:29:52,580 [INFO] ThirdParty:978 - Integrity check success = true
2024-02-13 20:29:52,581 [INFO] IntegrityCheckThread:100 - exiting critical section [integrity check]
2024-02-13 20:29:52,581 [INFO] IntegrityCheckThread:103 - End integrity checks thread
2024-02-13 20:29:52,910 [INFO] WebApp:780 - Register for checkConnection events
2024-02-13 20:29:52,910 [INFO] WebApp:414 - Apply proxy settings
2024-02-13 20:29:52,910 [INFO] WebApp:499 - Chromium requires no authentication
2024-02-13 20:29:52,916 [INFO] WebApp:442 - Direct internet connection detected
2024-02-13 20:29:53,035 [INFO] WebApp:192 - Starting web application
2024-02-13 20:29:53,035 [INFO] WebApp:544 - Web application path used C:\ST\STM32CubeIDE_1.14.0\STM32CubeIDE\plugins\com.st.stm32cube.common.mx_6.10.0.202311202037\db\plugins\mcufinder\reactClient1\index.html
2024-02-13 20:30:07,559 [INFO] McuFinderGlobals:63 - Set McuFinder mode to 2 (CubeIDE integrated)
2024-02-13 20:30:07,589 [INFO] MainUpdater:2873 - connection check result : 10
2024-02-13 20:30:07,595 [INFO] MainUpdater:2873 - connection check result : 10
2024-02-13 20:30:07,607 [ERROR] LogOutputStream:75 - [STDERR_REDIRECT] SLF4J: Failed to load class "org.slf4j.impl.StaticLoggerBinder".
2024-02-13 20:30:07,609 [ERROR] LogOutputStream:75 - [STDERR_REDIRECT] SLF4J: Defaulting to no-operation (NOP) logger implementation
2024-02-13 20:30:07,610 [ERROR] LogOutputStream:75 - [STDERR_REDIRECT] SLF4J: See http://www.slf4j.org/codes.html#StaticLoggerBinder for further details.
2024-02-13 20:30:07,752 [INFO] MicroXplorer:468 - Change Database Path : 
2024-02-13 20:30:07,752 [INFO] MicroXplorer:498 - Change Database Version : DB.6.0.100
2024-02-13 20:30:07,756 [WARN] ThirdParty:871 - waiting for thirdparty lock release [close project]
2024-02-13 20:30:07,757 [INFO] ThirdParty:873 - entering critical section [close project]
2024-02-13 20:30:07,758 [INFO] ThirdParty:883 - exiting critical section [close project]
2024-02-13 20:30:07,759 [INFO] PinOutPanel:1499 - setPackage(No Configuration,No Configuration)
2024-02-13 20:30:07,761 [INFO] UtilMem:75 - Begin LoadConfig() Used Memory: 189014888 Bytes (268435456)
2024-02-13 20:30:07,762 [INFO] MicroXplorer:468 - Change Database Path : 
2024-02-13 20:30:07,762 [INFO] MicroXplorer:498 - Change Database Version : DB.6.0.100
2024-02-13 20:30:07,762 [INFO] OpenFileManager:312 - Change cursor
2024-02-13 20:30:07,794 [INFO] Mcu:2016 - Initializing MCU STM32F103C(8-B)Tx STM32F103C8Tx STM32F103C8T6
2024-02-13 20:30:08,889 [INFO] Context:659 - Trying to add GPIOservice into a context  which must be forbidden
2024-02-13 20:30:09,165 [INFO] RtosManager:555 - Registered RTOS mode: class=CMSIS, group=RTOS, mode=CMSIS_V1, owner=FREERTOS
2024-02-13 20:30:09,165 [INFO] RtosManager:555 - Registered RTOS mode: class=CMSIS, group=RTOS2, mode=CMSIS_V2, owner=FREERTOS
2024-02-13 20:30:09,165 [INFO] RtosManager:555 - Registered RTOS mode: class=RTOS, group=Core, mode=CMSIS_V1, owner=FREERTOS
2024-02-13 20:30:09,165 [INFO] RtosManager:555 - Registered RTOS mode: class=RTOS, group=Core, mode=CMSIS_V2, owner=FREERTOS
2024-02-13 20:30:09,165 [WARN] ModelIntegratedComponent:184 - Missing modes for component STMicroelectronics:FreeRTOS:0.0.1:STMicroelectronics:RTOS:FreeRTOS:Core:::10.2.0:
2024-02-13 20:30:09,175 [WARN] ModelIntegratedComponent:63 - No mode defined for component null
2024-02-13 20:30:09,175 [WARN] ModelIntegratedComponent:63 - No mode defined for component null
2024-02-13 20:30:09,175 [WARN] ModelIntegratedComponent:63 - No mode defined for component null
2024-02-13 20:30:09,175 [WARN] ModelIntegratedComponent:63 - No mode defined for component null
2024-02-13 20:30:09,175 [WARN] ModelIntegratedComponent:63 - No mode defined for component null
2024-02-13 20:30:09,175 [WARN] ModelIntegratedComponent:63 - No mode defined for component null
2024-02-13 20:30:09,175 [WARN] ModelIntegratedComponent:63 - No mode defined for component null
2024-02-13 20:30:09,175 [WARN] ModelIntegratedComponent:63 - No mode defined for component null
2024-02-13 20:30:09,175 [WARN] ModelIntegratedComponent:63 - No mode defined for component null
2024-02-13 20:30:09,175 [WARN] ModelIntegratedComponent:63 - No mode defined for component null
2024-02-13 20:30:09,175 [WARN] ModelIntegratedComponent:63 - No mode defined for component null
2024-02-13 20:30:09,175 [WARN] ModelIntegratedComponent:63 - No mode defined for component null
2024-02-13 20:30:09,175 [WARN] ModelIntegratedComponent:63 - No mode defined for component null
2024-02-13 20:30:09,175 [WARN] ModelIntegratedComponent:63 - No mode defined for component null
2024-02-13 20:30:09,175 [WARN] ModelIntegratedComponent:63 - No mode defined for component null
2024-02-13 20:30:09,175 [WARN] ModelIntegratedComponent:63 - No mode defined for component null
2024-02-13 20:30:09,175 [WARN] ModelIntegratedComponent:63 - No mode defined for component null
2024-02-13 20:30:09,175 [WARN] ModelIntegratedComponent:63 - No mode defined for component null
2024-02-13 20:30:09,175 [WARN] ModelIntegratedComponent:63 - No mode defined for component null
2024-02-13 20:30:09,175 [WARN] ModelIntegratedComponent:63 - No mode defined for component null
2024-02-13 20:30:09,175 [WARN] ModelIntegratedComponent:63 - No mode defined for component null
2024-02-13 20:30:09,175 [WARN] ModelIntegratedComponent:63 - No mode defined for component null
2024-02-13 20:30:09,175 [WARN] ModelIntegratedComponent:63 - No mode defined for component null
2024-02-13 20:30:09,176 [WARN] ModelIntegratedComponent:63 - No mode defined for component null
2024-02-13 20:30:09,176 [WARN] ModelIntegratedComponent:63 - No mode defined for component null
2024-02-13 20:30:09,176 [WARN] ModelIntegratedComponent:63 - No mode defined for component null
2024-02-13 20:30:09,176 [WARN] ModelIntegratedComponent:63 - No mode defined for component null
2024-02-13 20:30:09,176 [WARN] ModelIntegratedComponent:63 - No mode defined for component null
2024-02-13 20:30:09,176 [WARN] ModelIntegratedComponent:63 - No mode defined for component null
2024-02-13 20:30:09,176 [WARN] ModelIntegratedComponent:63 - No mode defined for component null
2024-02-13 20:30:09,176 [WARN] ModelIntegratedComponent:63 - No mode defined for component null
2024-02-13 20:30:09,176 [WARN] ModelIntegratedComponent:63 - No mode defined for component null
2024-02-13 20:30:09,176 [WARN] ModelIntegratedComponent:63 - No mode defined for component null
2024-02-13 20:30:09,242 [INFO] ThirdPartyModel:298 - Start build external matchings
2024-02-13 20:30:09,434 [INFO] ThirdPartyModel:316 - End build external matchings
2024-02-13 20:30:09,737 [INFO] UtilMem:75 - End LoadConfig() Used Memory: 241234400 Bytes (556793856)
2024-02-13 20:30:09,867 [INFO] ApiDb:581 - Connected to CubeFinder SQLite database (C:\Users\hasan\.stmcufinder\plugins\mcufinder\mcu\cube-finder-db.db)
2024-02-13 20:30:09,937 [INFO] ApiDb:668 - CubeFinder database Data Model version=2.1
2024-02-13 20:30:09,937 [INFO] ApiDb:669 - CubeFinder database Configuration version=3.0.39
2024-02-13 20:30:09,937 [INFO] ApiDb:670 - CubeFinder database generation date=2024-01-11 (1704964531)
2024-02-13 20:30:09,937 [INFO] ApiDb:671 - CubeFinder database FW Pack versions=[FP-ATR-ASTRA1_V2.0.0, FP-SNS-FLIGHT1_V5.0.1, FP-SNS-FLIGHT1_V5.0.2, FP-SNS-MOTENV1_V4.3.1, FP-SNS-MOTENV1_V4.3.2, FP-SNS-MOTENVWB1_V1.3.1, FP-SNS-SMARTAG2_V1.2.0, STM32Cube_FW_C0_V1.1.0, STM32Cube_FW_F4_V1.28.0, STM32Cube_FW_F7_V1.17.0, STM32Cube_FW_G0_V1.6.2, STM32Cube_FW_G4_V1.5.2, STM32Cube_FW_H5_V0.5.1, STM32Cube_FW_H5_V1.1.1, STM32Cube_FW_H5_V1.2.0RC2, STM32Cube_FW_H7_V1.11.0, STM32Cube_FW_L0_V1.12.2, STM32Cube_FW_L5_V1.5.0, STM32Cube_FW_U5_V1.3.0RC4, STM32Cube_FW_U5_V1.4.0, STM32Cube_FW_WBA_V1.0.0RC1, STM32Cube_FW_WBA_V1.1.0RC1, STM32Cube_FW_WBA_V1.2.0, STM32Cube_FW_WBA_V1.2.0RC2, STM32Cube_FW_WB_V1.15.0RC1, STM32Cube_FW_WB_V1.16.0, STM32Cube_FW_WB_V1.16.0RC2, STM32Cube_FW_WB_V1.18.0, STM32Cube_FW_WL_V1.3.0, X-CUBE-ALGOBUILD_V1.3.0, X-CUBE-ALS_V1.0.1, X-CUBE-AZRTOS-F4_V1.1.0, X-CUBE-AZRTOS-F7_V1.1.0, X-CUBE-AZRTOS-G0_V1.1.0, X-CUBE-AZRTOS-G4_V2.0.0, X-CUBE-AZRTOS-H7_V3.2.0, X-CUBE-AZRTOS-L4_V1.0.0, X-CUBE-AZRTOS-L4_V2.0.0, X-CUBE-AZRTOS-L5_V1.1.0, X-CUBE-AZRTOS-WB_V2.0.0, X-CUBE-AZRTOS-WL_V2.0.0, X-CUBE-BLE1_V7.0.0, X-CUBE-BLE2_V3.3.0, X-CUBE-BLEMGR_V3.0.0, X-CUBE-EEPRMA1_V4.1.0, X-CUBE-EEPRMA1_V4.2.0, X-CUBE-FREERTOS_V1.1.0, X-CUBE-GNSS1_V6.0.0, X-CUBE-MEMS1_V10.0.0, X-CUBE-MEMS1_V9.1.0, X-CUBE-MEMS1_V9.4.0, X-CUBE-MEMS1_V9.6.0, X-CUBE-NFC4_V3.0.0, X-CUBE-NFC7_V1.0.1, X-CUBE-SFXS2LP1_V4.0.0, X-CUBE-SUBG2_V5.0.0, X-CUBE-TOF1_V3.4.0]
2024-02-13 20:30:12,470 [INFO] ApiDb:240 - Found 371 in-development CPN: [B-G473E-ZEST1S, B-WB1M-WPAN1, B-WL5M-SUBG1, NUCLEO-C031C6, NUCLEO-H503RB, NUCLEO-H563ZI, NUCLEO-U545RE-Q, NUCLEO-U5A5ZJ-Q, NUCLEO-WBA52CG, NUCLEO-WBA55CG, STEVAL-MKBOXPRO, STEVAL-PROTEUS1, STEVAL-STWINBX1, STM320518-EVAL, STM32C0116-DK, STM32C011D6Y3TR, STM32C011D6Y6TR, STM32C011F4P3, STM32C011F4P6, STM32C011F4U3, STM32C011F4U6TR, STM32C011F6P3, STM32C011F6P6, STM32C011F6U3, STM32C011F6U6TR, STM32C011J4M3, STM32C011J4M6, STM32C011J6M3, STM32C011J6M6, STM32C0316-DK, STM32C031C4T3, STM32C031C4T6, STM32C031C4U3, STM32C031C4U6, STM32C031C6T3, STM32C031C6T6, STM32C031C6U3, STM32C031C6U6, STM32C031F4P3, STM32C031F4P6, STM32C031F6P3, STM32C031F6P6, STM32C031G4U3, STM32C031G4U6, STM32C031G6U3, STM32C031G6U6, STM32C031K4T3, STM32C031K4T6, STM32C031K4U3, STM32C031K4U6, STM32C031K6T3, STM32C031K6T6, STM32C031K6U3, STM32C031K6U6, STM32G071K8TXN, STM32G071K8UXN, STM32G081GBU6N, STM32G081KBT6N, STM32G081KBUXN, STM32G0B1CCT6N, STM32G0B1KCT6, STM32G0B1NEY6TR, STM32G0B1RCT6N, STM32G0C1CCT6, STM32G0C1CCT6N, STM32G0C1CCU6N, STM32G0C1CET6N, STM32G0C1CEU6N, STM32G0C1KCT6, STM32G0C1NEY6TR, STM32G0C1RCI6N, STM32G0C1RCT6N, STM32G0C1REI6N, STM32G0C1RET6N, STM32G0C1VCI6, STM32G0C1VEI6, STM32G471CCT6, STM32G471CCU6, STM32G471CET3, STM32G471CET6, STM32G471CEU3, STM32G471CEU6, STM32G471MCT6, STM32G471MET3, STM32G471MET6, STM32G471MEY6TR, STM32G471QCT6, STM32G471QET3, STM32G471RCT6, STM32G471RET3, STM32G471RET6, STM32G471VCH6, STM32G471VCI6, STM32G471VCT6, STM32G471VEH3, STM32G471VEH6, STM32G471VEI3, STM32G471VEI6, STM32G471VET3, STM32G471VET6, STM32G474CCT6, STM32H503CBT6, STM32H503CBU6, STM32H503EBY6TR, STM32H503KBU6, STM32H503RBT6, STM32H562AGI6, STM32H562AII6, STM32H562IGK6, STM32H562IGT6, STM32H562IIK6, STM32H562IIT6, STM32H562RGT6, STM32H562RGV6, STM32H562RIT6, STM32H562RIV6, STM32H562VGT6, STM32H562VIT6, STM32H562ZGT6, STM32H562ZIT6, STM32H563AGI6, STM32H563AII3Q, STM32H563AII6, STM32H563IGK6, STM32H563IGT6, STM32H563IIK3Q, STM32H563IIK6, STM32H563IIT3Q, STM32H563IIT6, STM32H563MIY3QTR, STM32H563RGT6, STM32H563RGV6, STM32H563RIT6, STM32H563RIV6, STM32H563VGT6, STM32H563VIT3Q, STM32H563VIT6, STM32H563ZGT6, STM32H563ZIT3Q, STM32H563ZIT6, STM32H573AII3Q, STM32H573AII6, STM32H573I-DK, STM32H573IIK3Q, STM32H573IIK6, STM32H573IIT3Q, STM32H573IIT6, STM32H573MIY3QTR, STM32H573RIT6, STM32H573RIV6, STM32H573VIT3Q, STM32H573VIT6, STM32H573ZIT3Q, STM32H573ZIT6, STM32L4R5QGI6STR, STM32MP131AAE3, STM32MP131AAF3, STM32MP131AAG3, STM32MP131CAE3, STM32MP131CAF3, STM32MP131CAG3, STM32MP131DAE7, STM32MP131DAF7, STM32MP131DAG7, STM32MP131FAE7, STM32MP131FAF7, STM32MP131FAG7, STM32MP133AAE3, STM32MP133AAF3, STM32MP133AAG3, STM32MP133CAE3, STM32MP133CAF3, STM32MP133CAG3, STM32MP133DAE7, STM32MP133DAF7, STM32MP133DAG7, STM32MP133FAE7, STM32MP133FAF7, STM32MP133FAG7, STM32MP135AAE3, STM32MP135AAF3, STM32MP135AAG3, STM32MP135CAE3, STM32MP135CAF3, STM32MP135CAG3, STM32MP135DAE7, STM32MP135DAF7, STM32MP135DAG7, STM32MP135F-DK, STM32MP135FAE7, STM32MP135FAF7, STM32MP135FAF7T, STM32MP135FAF7U, STM32MP135FAG7, STM32U535CBT6, STM32U535CBT6Q, STM32U535CBU6, STM32U535CBU6Q, STM32U535CCT6, STM32U535CCT6Q, STM32U535CCU6, STM32U535CCU6Q, STM32U535CET6, STM32U535CET6Q, STM32U535CEU6, STM32U535CEU6Q, STM32U535JEY6QTR, STM32U535NCY6QTR, STM32U535NEY6QTR, STM32U535RBI6, STM32U535RBI6Q, STM32U535RBT6, STM32U535RBT6Q, STM32U535RCI6, STM32U535RCI6Q, STM32U535RCT6, STM32U535RCT6Q, STM32U535REI6, STM32U535REI6Q, STM32U535RET6, STM32U535RET6Q, STM32U535VCI6, STM32U535VCI6Q, STM32U535VCT6, STM32U535VCT6Q, STM32U535VEI6, STM32U535VEI6Q, STM32U535VET6, STM32U535VET6Q, STM32U545CET6, STM32U545CET6Q, STM32U545CEU6, STM32U545CEU6Q, STM32U545JEY6QTR, STM32U545NEY6QTR, STM32U545REI6, STM32U545REI6Q, STM32U545RET6, STM32U545RET6Q, STM32U545VEI6, STM32U545VEI6Q, STM32U545VET6, STM32U545VET6Q, STM32U595AIH6, STM32U595AIH6Q, STM32U595AJH6, STM32U595AJH6Q, STM32U595QII6, STM32U595QII6Q, STM32U595QJI6, STM32U595QJI6Q, STM32U595RIT6, STM32U595RIT6Q, STM32U595RJT6, STM32U595RJT6Q, STM32U595VIT6, STM32U595VIT6Q, STM32U595VJT6, STM32U595VJT6Q, STM32U595ZIT6, STM32U595ZIT6Q, STM32U595ZIY6QTR, STM32U595ZJT6, STM32U595ZJT6Q, STM32U595ZJY6QTR, STM32U599BJY6QTR, STM32U599NIH6Q, STM32U599NJH6Q, STM32U599VIT6Q, STM32U599VJT6, STM32U599VJT6Q, STM32U599ZIT6Q, STM32U599ZIY6QTR, STM32U599ZJT6Q, STM32U599ZJY6QTR, STM32U5A5AJH6, STM32U5A5AJH6Q, STM32U5A5QJI6, STM32U5A5QJI6Q, STM32U5A5RJT6, STM32U5A5RJT6Q, STM32U5A5VJT6, STM32U5A5VJT6Q, STM32U5A5ZJT6, STM32U5A5ZJT6Q, STM32U5A5ZJY6QTR, STM32U5A9BJY6QTR, STM32U5A9J-DK, STM32U5A9NJH6Q, STM32U5A9VJT6Q, STM32U5A9ZJT6Q, STM32U5A9ZJY6QTR, STM32U5F7VIT6, STM32U5F7VIT6Q, STM32U5F7VJT6, STM32U5F7VJT6Q, STM32U5F9BJY6QTR, STM32U5F9NJH6Q, STM32U5F9VIT6Q, STM32U5F9VJT6Q, STM32U5F9ZIJ6QTR, STM32U5F9ZIT6Q, STM32U5F9ZJJ6QTR, STM32U5F9ZJT6Q, STM32U5G7VJT6, STM32U5G7VJT6Q, STM32U5G9BJY6QTR, STM32U5G9J-DK1, STM32U5G9J-DK2, STM32U5G9NJH6Q, STM32U5G9VJT6Q, STM32U5G9ZJJ6QTR, STM32U5G9ZJT6Q, STM32WB1MMCH6, STM32WBA50KEU6, STM32WBA50KEU6TR, STM32WBA50KGU6, STM32WBA50KGU6TR, STM32WBA52CEU6, STM32WBA52CEU6TR, STM32WBA52CEU7, STM32WBA52CEU7TR, STM32WBA52CGU6, STM32WBA52CGU6TR, STM32WBA52CGU6U, STM32WBA52CGU7, STM32WBA52CGU7TR, STM32WBA52KEU6, STM32WBA52KEU6TR, STM32WBA52KGU6, STM32WBA52KGU6TR, STM32WBA54CEU6, STM32WBA54CEU6TR, STM32WBA54CEU7, STM32WBA54CEU7TR, STM32WBA54CGU6, STM32WBA54CGU6TR, STM32WBA54CGU7, STM32WBA54CGU7TR, STM32WBA54KEU6, STM32WBA54KEU6TR, STM32WBA54KEU7, STM32WBA54KEU7TR, STM32WBA54KGU6, STM32WBA54KGU6TR, STM32WBA54KGU7, STM32WBA54KGU7TR, STM32WBA55CEU6, STM32WBA55CEU6TR, STM32WBA55CEU7, STM32WBA55CEU7TR, STM32WBA55CGU6, STM32WBA55CGU6TR, STM32WBA55CGU6U, STM32WBA55CGU7, STM32WBA55CGU7TR, STM32WBA55G-DK1, STM32WBA55HEF6, STM32WBA55HEF7, STM32WBA55HGF6, STM32WBA55HGF7, STM32WBA55UEI6, STM32WBA55UEI6TR, STM32WBA55UEI7, STM32WBA55UEI7TR, STM32WBA55UGI6, STM32WBA55UGI6TR, STM32WBA55UGI7, STM32WBA55UGI7TR, STM32WL5MOCH6, STM32WL5MOCH6TR]
2024-02-13 20:30:12,474 [INFO] DbMcus:218 - Found 3930 MCUs, 3930 are supported
2024-02-13 20:30:12,480 [INFO] ApiDb:423 - Load user favorites file C:\Users\hasan/.stm32cubeide/favorites.mcus.txt: 2 item(s)
2024-02-13 20:30:12,480 [INFO] ApiDb:427 - User favorites MCUs=[STM32F103C6T6A, STM32F103C8T6]
2024-02-13 20:30:12,480 [INFO] DbMcus:224 - Set 2 / 2 favorites MCUs
2024-02-13 20:30:12,733 [INFO] MicroXplorer:468 - Change Database Path : 
2024-02-13 20:30:12,733 [INFO] MicroXplorer:498 - Change Database Version : DB.6.0.100
2024-02-13 20:30:12,734 [WARN] ThirdParty:833 - waiting for thirdparty lock release [change project]
2024-02-13 20:30:12,734 [INFO] ThirdParty:835 - entering critical section [change project]
2024-02-13 20:30:12,734 [INFO] ThirdParty:1030 - CMSIS Pack Vendor :STMicroelectronics USBPD 4.1
2024-02-13 20:30:12,734 [INFO] ThirdParty:1030 - CMSIS Pack Vendor :STMicroelectronics X-CUBE-GNSS1 6.0.0
2024-02-13 20:30:12,734 [INFO] ThirdParty:1030 - CMSIS Pack Vendor :STMicroelectronics USB_HOST 2.0.0
2024-02-13 20:30:12,734 [INFO] ThirdParty:1030 - CMSIS Pack Vendor :STMicroelectronics X-CUBE-AZRTOS-F4 1.1.0
2024-02-13 20:30:12,734 [INFO] ThirdParty:1030 - CMSIS Pack Vendor :STMicroelectronics LIBJPEG 8.0.0
2024-02-13 20:30:12,734 [INFO] ThirdParty:1030 - CMSIS Pack Vendor :wolfSSL I-CUBE-wolfSSL 5.6.4
2024-02-13 20:30:12,734 [INFO] ThirdParty:1030 - CMSIS Pack Vendor :STMicroelectronics X-CUBE-SMBUS 2.1.0
2024-02-13 20:30:12,734 [INFO] ThirdParty:1030 - CMSIS Pack Vendor :STMicroelectronics USB_DEVICE 3.0.0
2024-02-13 20:30:12,734 [INFO] ThirdParty:1030 - CMSIS Pack Vendor :STMicroelectronics X-CUBE-AZRTOS-WB 2.0.0
2024-02-13 20:30:12,734 [INFO] ThirdParty:1030 - CMSIS Pack Vendor :STMicroelectronics X-CUBE-TOUCHGFX 4.23.0
2024-02-13 20:30:12,734 [INFO] ThirdParty:1030 - CMSIS Pack Vendor :STMicroelectronics X-CUBE-AZRTOS-F7 1.1.0
2024-02-13 20:30:12,734 [INFO] ThirdParty:1030 - CMSIS Pack Vendor :STMicroelectronics X-CUBE-AZRTOS-L5 2.0.0
2024-02-13 20:30:12,734 [INFO] ThirdParty:1030 - CMSIS Pack Vendor :STMicroelectronics USB_DEVICE 2.0.0
2024-02-13 20:30:12,734 [INFO] ThirdParty:1030 - CMSIS Pack Vendor :STMicroelectronics X-CUBE-EEPRMA1 4.2.0
2024-02-13 20:30:12,734 [INFO] ThirdParty:1030 - CMSIS Pack Vendor :ITTIA_DB I-CUBE-ITTIADB 8.8.0
2024-02-13 20:30:12,734 [INFO] ThirdParty:1030 - CMSIS Pack Vendor :STMicroelectronics FP-SNS-MOTENV1 4.3.2
2024-02-13 20:30:12,734 [INFO] ThirdParty:1030 - CMSIS Pack Vendor :STMicroelectronics X-CUBE-ALGOBUILD 1.3.0
2024-02-13 20:30:12,734 [INFO] ThirdParty:1030 - CMSIS Pack Vendor :STMicroelectronics FreeRTOS 0.0.1
2024-02-13 20:30:12,734 [INFO] ThirdParty:1030 - CMSIS Pack Vendor :STMicroelectronics X-CUBE-AZRTOS-G0 1.1.0
2024-02-13 20:30:12,734 [INFO] ThirdParty:1030 - CMSIS Pack Vendor :STMicroelectronics X-CUBE-NFC4 3.0.0
2024-02-13 20:30:12,734 [INFO] ThirdParty:1030 - CMSIS Pack Vendor :STMicroelectronics X-CUBE-SUBG2 5.0.0
2024-02-13 20:30:12,734 [INFO] ThirdParty:1030 - CMSIS Pack Vendor :STMicroelectronics STM32_WPAN 1.0.0
2024-02-13 20:30:12,734 [INFO] ThirdParty:1030 - CMSIS Pack Vendor :STMicroelectronics lwIP 2.0.3
2024-02-13 20:30:12,734 [INFO] ThirdParty:1030 - CMSIS Pack Vendor :STMicroelectronics FP-SNS-FLIGHT1 5.0.2
2024-02-13 20:30:12,734 [INFO] ThirdParty:1030 - CMSIS Pack Vendor :STMicroelectronics USB_HOST 1.0.0
2024-02-13 20:30:12,735 [INFO] ThirdParty:1030 - CMSIS Pack Vendor :STMicroelectronics X-CUBE-AZRTOS-G4 2.0.0
2024-02-13 20:30:12,735 [INFO] ThirdParty:1030 - CMSIS Pack Vendor :STMicroelectronics PDM2PCM 3.1.0
2024-02-13 20:30:12,735 [INFO] ThirdParty:1030 - CMSIS Pack Vendor :Infineon AIROC-Wi-Fi-Bluetooth-STM32 1.5.1
2024-02-13 20:30:12,735 [INFO] ThirdParty:1030 - CMSIS Pack Vendor :STMicroelectronics X-CUBE-BLEMGR 3.0.0
2024-02-13 20:30:12,735 [INFO] ThirdParty:1030 - CMSIS Pack Vendor :STMicroelectronics PDM2PCM 3.3.0
2024-02-13 20:30:12,735 [INFO] ThirdParty:1030 - CMSIS Pack Vendor :STMicroelectronics X-CUBE-DISPLAY 3.0.0
2024-02-13 20:30:12,735 [INFO] ThirdParty:1030 - CMSIS Pack Vendor :STMicroelectronics FP-SNS-MOTENVWB1 1.3.1
2024-02-13 20:30:12,735 [INFO] ThirdParty:1030 - CMSIS Pack Vendor :STMicroelectronics X-CUBE-BLE1 7.0.0
2024-02-13 20:30:12,735 [INFO] ThirdParty:1030 - CMSIS Pack Vendor :STMicroelectronics FP-ATR-SIGFOX1 3.2.0
2024-02-13 20:30:12,735 [INFO] ThirdParty:1030 - CMSIS Pack Vendor :STMicroelectronics X-CUBE-ISPU 2.0.0
2024-02-13 20:30:12,735 [INFO] ThirdParty:1030 - CMSIS Pack Vendor :STMicroelectronics X-CUBE-EEPRMA1 5.1.0
2024-02-13 20:30:12,735 [INFO] ThirdParty:1030 - CMSIS Pack Vendor :STMicroelectronics HAL Drivers 0.0.0
2024-02-13 20:30:12,735 [INFO] ThirdParty:1030 - CMSIS Pack Vendor :STMicroelectronics MBEDTLS 2.16.2
2024-02-13 20:30:12,735 [INFO] ThirdParty:1030 - CMSIS Pack Vendor :emotas I-CUBE-CANOPEN 1.3.0
2024-02-13 20:30:12,735 [INFO] ThirdParty:1030 - CMSIS Pack Vendor :STMicroelectronics X-CUBE-MEMS1 10.0.0
2024-02-13 20:30:12,735 [INFO] ThirdParty:1030 - CMSIS Pack Vendor :STMicroelectronics X-CUBE-FREERTOS 1.1.0
2024-02-13 20:30:12,735 [INFO] ThirdParty:1030 - CMSIS Pack Vendor :STMicroelectronics X-CUBE-NFC7 1.0.1
2024-02-13 20:30:12,735 [INFO] ThirdParty:1030 - CMSIS Pack Vendor :STMicroelectronics MBEDTLS 2.14.1
2024-02-13 20:30:12,735 [INFO] ThirdParty:1030 - CMSIS Pack Vendor :STMicroelectronics X-CUBE-NFC6 3.0.0
2024-02-13 20:30:12,735 [INFO] ThirdParty:1030 - CMSIS Pack Vendor :portGmbH I-Cube-SoM-uGOAL 1.1.0
2024-02-13 20:30:12,735 [INFO] ThirdParty:1030 - CMSIS Pack Vendor :STMicroelectronics X-CUBE-ALS 1.0.1
2024-02-13 20:30:12,735 [INFO] ThirdParty:1030 - CMSIS Pack Vendor :STMicroelectronics ThreadX 1.0.0
2024-02-13 20:30:12,735 [INFO] ThirdParty:1030 - CMSIS Pack Vendor :STMicroelectronics FP-SNS-SMARTAG2 1.2.0
2024-02-13 20:30:12,735 [INFO] ThirdParty:1030 - CMSIS Pack Vendor :STMicroelectronics X-CUBE-AZRTOS-WL 2.0.0
2024-02-13 20:30:12,735 [INFO] ThirdParty:1030 - CMSIS Pack Vendor :SEGGER I-CUBE-embOS 1.3.1
2024-02-13 20:30:12,735 [INFO] ThirdParty:1030 - CMSIS Pack Vendor :STMicroelectronics USB_DEVICE 1.0.0
2024-02-13 20:30:12,735 [INFO] ThirdParty:1030 - CMSIS Pack Vendor :STMicroelectronics X-CUBE-AI 8.1.0
2024-02-13 20:30:12,735 [INFO] ThirdParty:1030 - CMSIS Pack Vendor :STMicroelectronics X-CUBE-AZRTOS-L4 2.0.0
2024-02-13 20:30:12,735 [INFO] ThirdParty:1030 - CMSIS Pack Vendor :STMicroelectronics ThreadX 0.0.2
2024-02-13 20:30:12,735 [INFO] ThirdParty:1030 - CMSIS Pack Vendor :WES I-CUBE-Cesium 1.3.0
2024-02-13 20:30:12,735 [INFO] ThirdParty:1030 - CMSIS Pack Vendor :STMicroelectronics FP-ATR-ASTRA1 2.0.0
2024-02-13 20:30:12,735 [INFO] ThirdParty:1030 - CMSIS Pack Vendor :STMicroelectronics lwIP 2.1.2
2024-02-13 20:30:12,735 [INFO] ThirdParty:1030 - CMSIS Pack Vendor :STMicroelectronics X-CUBE-SFXS2LP1 4.0.0
2024-02-13 20:30:12,735 [INFO] ThirdParty:1030 - CMSIS Pack Vendor :STMicroelectronics X-CUBE-BLE2 3.3.0
2024-02-13 20:30:12,736 [INFO] ThirdParty:1030 - CMSIS Pack Vendor :STMicroelectronics X-CUBE-TOF1 3.4.0
2024-02-13 20:30:12,736 [INFO] ThirdParty:1030 - CMSIS Pack Vendor :STMicroelectronics X-CUBE-AZRTOS-H7 3.2.0
2024-02-13 20:30:12,736 [INFO] ThirdParty:1030 - CMSIS Pack Vendor :STMicroelectronics PDM2PCM 3.2.0
2024-02-13 20:30:12,736 [INFO] ThirdParty:841 - exiting critical section [change project]
2024-02-13 20:30:12,939 [INFO] PinOutPanel:1499 - setPackage(No Configuration,No Configuration)
2024-02-13 20:30:12,941 [INFO] PinOutPanel:1499 - setPackage(STM32F103C8Tx,LQFP48)
2024-02-13 20:30:13,306 [INFO] UtilMem:75 - Before build in PCC Used Memory: 278228448 Bytes (556793856)
2024-02-13 20:30:14,201 [INFO] UtilMem:75 - After build in PCC Used Memory: 314315216 Bytes (556793856)
2024-02-13 20:30:14,223 [INFO] IPUIPlugin:80 - create IPUIPlugin
2024-02-13 20:30:14,223 [INFO] IPUIPlugin:80 - create IPUIPlugin
2024-02-13 20:30:14,223 [INFO] IPUIPlugin:80 - create IPUIPlugin
2024-02-13 20:30:14,223 [INFO] IPUIPlugin:80 - create IPUIPlugin
2024-02-13 20:30:14,224 [INFO] IPUIPlugin:80 - create IPUIPlugin
2024-02-13 20:30:14,224 [INFO] IPUIPlugin:80 - create IPUIPlugin
2024-02-13 20:30:14,224 [INFO] IPUIPlugin:80 - create IPUIPlugin
2024-02-13 20:30:14,224 [INFO] IPUIPlugin:80 - create IPUIPlugin
2024-02-13 20:30:14,224 [INFO] IPUIPlugin:80 - create IPUIPlugin
2024-02-13 20:30:14,224 [INFO] IPUIPlugin:80 - create IPUIPlugin
2024-02-13 20:30:14,224 [INFO] IPUIPlugin:80 - create IPUIPlugin
2024-02-13 20:30:14,224 [INFO] IPUIPlugin:80 - create IPUIPlugin
2024-02-13 20:30:14,224 [INFO] IPUIPlugin:80 - create IPUIPlugin
2024-02-13 20:30:14,224 [INFO] IPUIPlugin:80 - create IPUIPlugin
2024-02-13 20:30:14,224 [INFO] IPUIPlugin:80 - create IPUIPlugin
2024-02-13 20:30:14,225 [INFO] IPUIPlugin:80 - create IPUIPlugin
2024-02-13 20:30:14,225 [INFO] IPUIPlugin:80 - create IPUIPlugin
2024-02-13 20:30:14,225 [INFO] IPUIPlugin:80 - create IPUIPlugin
2024-02-13 20:30:14,225 [INFO] IPUIPlugin:80 - create IPUIPlugin
2024-02-13 20:30:14,225 [INFO] IPUIPlugin:80 - create IPUIPlugin
2024-02-13 20:30:14,225 [INFO] IPUIPlugin:80 - create IPUIPlugin
2024-02-13 20:30:14,225 [INFO] IPUIPlugin:80 - create IPUIPlugin
2024-02-13 20:30:14,225 [INFO] IPUIPlugin:80 - create IPUIPlugin
2024-02-13 20:30:14,226 [INFO] IPUIPlugin:80 - create IPUIPlugin
2024-02-13 20:30:14,226 [INFO] IPUIPlugin:80 - create IPUIPlugin
2024-02-13 20:30:14,226 [INFO] IPUIPlugin:80 - create IPUIPlugin
2024-02-13 20:30:14,226 [INFO] IPUIPlugin:80 - create IPUIPlugin
2024-02-13 20:30:14,237 [WARN] IP:2119 - I2C_Coeff_DF not found: check if there is a RefParameter without a condition.
2024-02-13 20:30:14,237 [WARN] IP:2119 - Analog_Filter not found: check if there is a RefParameter without a condition.
2024-02-13 20:30:14,456 [INFO] CADModel:165 - CPN selected for project levelSTM32F103C8T6
2024-02-13 20:30:14,456 [INFO] CADModel:114 - Register for checkConnection events
2024-02-13 20:30:14,507 [INFO] OpenFileManager:343 - Restore cursor
2024-02-13 20:30:14,627 [WARN] IP:2119 - I2C_Coeff_DF not found: check if there is a RefParameter without a condition.
2024-02-13 20:30:14,627 [WARN] IP:2119 - Analog_Filter not found: check if there is a RefParameter without a condition.
2024-02-13 20:30:14,628 [WARN] IP:2119 - I2C_Coeff_DF not found: check if there is a RefParameter without a condition.
2024-02-13 20:30:14,628 [WARN] IP:2119 - Analog_Filter not found: check if there is a RefParameter without a condition.
2024-02-13 20:30:40,355 [ERROR] LogOutputStream:75 - [STDERR_REDIRECT] 
2024-02-13 20:30:40,355 [ERROR] LogOutputStream:75 - [STDERR_REDIRECT] 
