2023-12-30 00:10:16,736 [INFO] UtilMem:75 - End SaveConfig() Used Memory: 225247928 Bytes (657457152)
2023-12-30 00:10:16,880 [INFO] BlockDiagram:2759 - set Specific Code input for plugin: NVIC
2023-12-30 00:10:16,880 [INFO] BlockDiagram:2759 - set Specific Code input for plugin: SYS
2023-12-30 00:10:16,880 [INFO] BlockDiagram:2759 - set Specific Code input for plugin: GPIO
2023-12-30 00:10:16,880 [INFO] BlockDiagram:2759 - set Specific Code input for plugin: ADC
2023-12-30 00:10:16,880 [INFO] BlockDiagram:2759 - set Specific Code input for plugin: RCC
2023-12-30 00:10:16,881 [INFO] CodeGenerator:807 - code generatio: config db path: C:\ST\STM32CubeIDE_1.14.0\STM32CubeIDE\plugins\com.st.stm32cube.common.mx_6.10.0.202311202037\\db\
2023-12-30 00:10:16,998 [INFO] CodeEngine:255 - oldGeneratedFile, C:\Users\hasan\STM32CubeIDE\workspace_1.14.0\pc13led\MXTmpFiles\license.tmp_save
2023-12-30 00:10:17,062 [INFO] CodeEngine:279 - Generated code: C:\Users\hasan\STM32CubeIDE\workspace_1.14.0\pc13led\MXTmpFiles\license.tmp
2023-12-30 00:10:17,071 [INFO] CodeEngine:255 - oldGeneratedFile, C:\Users\hasan\STM32CubeIDE\workspace_1.14.0\pc13led\MXTmpFiles\gpio.tmp_save
2023-12-30 00:10:17,153 [INFO] CodeEngine:279 - Generated code: C:\Users\hasan\STM32CubeIDE\workspace_1.14.0\pc13led\MXTmpFiles\gpio.tmp
2023-12-30 00:10:17,185 [INFO] CodeEngine:255 - oldGeneratedFile, C:\Users\hasan\STM32CubeIDE\workspace_1.14.0\pc13led\Core\Src\stm32f1xx_it.c_save
2023-12-30 00:10:17,296 [INFO] CodeEngine:279 - Generated code: C:\Users\hasan\STM32CubeIDE\workspace_1.14.0\pc13led\Core\Src\stm32f1xx_it.c
2023-12-30 00:10:17,305 [INFO] CodeEngine:255 - oldGeneratedFile, C:\Users\hasan\STM32CubeIDE\workspace_1.14.0\pc13led\Core\Inc\stm32f1xx_it.h_save
2023-12-30 00:10:17,355 [INFO] CodeEngine:279 - Generated code: C:\Users\hasan\STM32CubeIDE\workspace_1.14.0\pc13led\Core\Inc\stm32f1xx_it.h
2023-12-30 00:10:17,369 [INFO] CodeEngine:255 - oldGeneratedFile, C:\Users\hasan\STM32CubeIDE\workspace_1.14.0\pc13led\Core\Src\stm32f1xx_hal_msp.c_save
2023-12-30 00:10:17,435 [INFO] CodeEngine:279 - Generated code: C:\Users\hasan\STM32CubeIDE\workspace_1.14.0\pc13led\Core\Src\stm32f1xx_hal_msp.c
2023-12-30 00:10:17,437 [INFO] CodeEngine:255 - oldGeneratedFile, C:\Users\hasan\STM32CubeIDE\workspace_1.14.0\pc13led\MXTmpFiles\system.tmp_save
2023-12-30 00:10:17,480 [INFO] CodeEngine:279 - Generated code: C:\Users\hasan\STM32CubeIDE\workspace_1.14.0\pc13led\MXTmpFiles\system.tmp
2023-12-30 00:10:17,529 [INFO] CodeEngine:311 - oldGeneratedFile, C:\Users\hasan\STM32CubeIDE\workspace_1.14.0\pc13led\Core\Inc\stm32f1xx_hal_conf.h_save
2023-12-30 00:10:17,612 [INFO] CodeEngine:335 - Generated code: C:\Users\hasan\STM32CubeIDE\workspace_1.14.0\pc13led\Core\Inc\stm32f1xx_hal_conf.h
2023-12-30 00:10:17,633 [INFO] CodeEngine:255 - oldGeneratedFile, C:\Users\hasan\STM32CubeIDE\workspace_1.14.0\pc13led\Core\Inc\main.h_save
2023-12-30 00:10:17,697 [INFO] CodeEngine:279 - Generated code: C:\Users\hasan\STM32CubeIDE\workspace_1.14.0\pc13led\Core\Inc\main.h
2023-12-30 00:10:17,706 [INFO] CodeEngine:255 - oldGeneratedFile, C:\Users\hasan\STM32CubeIDE\workspace_1.14.0\pc13led\Core\Src\main.c_save
2023-12-30 00:10:17,772 [INFO] CodeEngine:279 - Generated code: C:\Users\hasan\STM32CubeIDE\workspace_1.14.0\pc13led\Core\Src\main.c
2023-12-30 00:10:18,084 [INFO] ProjectBuilder:3076 - Time for Copy HAL[1] : 74mS.
2023-12-30 00:10:18,086 [INFO] ProjectBuilder:4485 - Project Generator version: 4.2.0-B44
2023-12-30 00:10:18,282 [INFO] ConfigFileManager:1495 - The Die is : DIE410
2023-12-30 00:10:19,097 [INFO] ProjectBuilder:4747 - Time for Generating toolchain IDE Files: 1011mS.
2023-12-30 00:10:19,098 [INFO] ProjectBuilder:2947 - Time for Copy CMSIS : 1mS.
2023-12-30 00:10:19,099 [INFO] ProjectBuilder:2947 - Time for Copy CMSIS : 0mS.
2023-12-30 00:13:44,517 [ERROR] LogOutputStream:75 - [STDERR_REDIRECT] 
2023-12-30 00:18:58,531 [INFO] Activator:176 - 


2023-12-30 00:18:58,532 [INFO] Activator:177 - !SESSION log4j initialized
2023-12-30 00:19:03,193 [INFO] LogOutputStream:77 - [STDOUT_REDIRECT] 
2023-12-30 00:19:03,955 [INFO] ApplicationProperties:184 - Using Application install path: C:\ST\STM32CubeIDE_1.14.0\STM32CubeIDE\plugins\com.st.stm32cube.common.mx_6.10.0.202311202037
2023-12-30 00:19:03,971 [INFO] DbMcusXml:78 - Set database path to: C:\ST\STM32CubeIDE_1.14.0\STM32CubeIDE\plugins\com.st.stm32cube.common.mx_6.10.0.202311202037\\db\/mcu/
2023-12-30 00:19:03,971 [INFO] ApiDb:274 - Set plugin database path to: C:\ST\STM32CubeIDE_1.14.0\STM32CubeIDE\plugins\com.st.stm32cube.common.mx_6.10.0.202311202037\\db\/plugins/boardmanager/
2023-12-30 00:19:03,971 [WARN] ApiDb:259 - Overriding images path with different value:  => C:\ST\STM32CubeIDE_1.14.0\STM32CubeIDE\plugins\com.st.stm32cube.common.mx_6.10.0.202311202037\\db\/plugins/mcufinder/images/
2023-12-30 00:19:03,976 [INFO] ApiDb:250 - Set database path to: C:\Users\hasan\.stmcufinder\plugins\mcufinder//mcu/
2023-12-30 00:19:03,976 [INFO] DbMcusAds:125 - Set database path to: C:\Users\hasan\.stmcufinder\plugins\mcufinder//mcu/
2023-12-30 00:19:03,978 [INFO] CrossReferenceDbSqlite:203 - Set database path to: C:\Users\hasan\.stmcufinder\plugins\mcufinder//mcu/cs/
2023-12-30 00:19:04,054 [INFO] RulesReader:64 - Compatibility file has been processed (297 Rules)
2023-12-30 00:19:04,113 [INFO] DbMcusXml:78 - Set database path to: C:\ST\STM32CubeIDE_1.14.0\STM32CubeIDE\plugins\com.st.stm32cube.common.mx_6.10.0.202311202037\\db\/mcu/
2023-12-30 00:19:04,113 [INFO] ApiDb:274 - Set plugin database path to: C:\ST\STM32CubeIDE_1.14.0\STM32CubeIDE\plugins\com.st.stm32cube.common.mx_6.10.0.202311202037\\db\/plugins/boardmanager/
2023-12-30 00:19:04,113 [INFO] ApiDb:261 - Set plugin images path to: C:\ST\STM32CubeIDE_1.14.0\STM32CubeIDE\plugins\com.st.stm32cube.common.mx_6.10.0.202311202037\\db\/plugins/mcufinder/images/
2023-12-30 00:19:04,114 [WARN] DbFile:41 - Overriding database path with different value: C:\Users\hasan\.stmcufinder\plugins\mcufinder/ => C:\Users\hasan\.stmcufinder\plugins\mcufinder
2023-12-30 00:19:04,114 [INFO] ApiDb:250 - Set database path to: C:\Users\hasan\.stmcufinder\plugins\mcufinder//mcu/
2023-12-30 00:19:04,114 [WARN] DbFile:41 - Overriding database path with different value: C:\Users\hasan\.stmcufinder\plugins\mcufinder/ => C:\Users\hasan\.stmcufinder\plugins\mcufinder
2023-12-30 00:19:04,114 [INFO] DbMcusAds:125 - Set database path to: C:\Users\hasan\.stmcufinder\plugins\mcufinder//mcu/
2023-12-30 00:19:04,114 [WARN] DbFile:41 - Overriding database path with different value: C:\Users\hasan\.stmcufinder\plugins\mcufinder/ => C:\Users\hasan\.stmcufinder\plugins\mcufinder
2023-12-30 00:19:04,114 [WARN] DbFile:41 - Overriding database path with different value: C:\Users\hasan\.stmcufinder\plugins\mcufinder/ => C:\Users\hasan\.stmcufinder\plugins\mcufinder
2023-12-30 00:19:04,114 [INFO] CrossReferenceDbSqlite:203 - Set database path to: C:\Users\hasan\.stmcufinder\plugins\mcufinder//mcu/cs/
2023-12-30 00:19:04,164 [INFO] MainPanel:264 - HeapMemory: 268435456
2023-12-30 00:19:04,212 [INFO] DbMcusXml:78 - Set database path to: C:\ST\STM32CubeIDE_1.14.0\STM32CubeIDE\plugins\com.st.stm32cube.common.mx_6.10.0.202311202037\\db\/mcu/
2023-12-30 00:19:04,212 [INFO] ApiDb:274 - Set plugin database path to: C:\ST\STM32CubeIDE_1.14.0\STM32CubeIDE\plugins\com.st.stm32cube.common.mx_6.10.0.202311202037\\db\/plugins/boardmanager/
2023-12-30 00:19:04,212 [INFO] ApiDb:261 - Set plugin images path to: C:\ST\STM32CubeIDE_1.14.0\STM32CubeIDE\plugins\com.st.stm32cube.common.mx_6.10.0.202311202037\\db\/plugins/mcufinder/images/
2023-12-30 00:19:04,212 [WARN] DbFile:41 - Overriding database path with different value: C:\Users\hasan\.stmcufinder\plugins\mcufinder/ => C:\Users\hasan\.stmcufinder\plugins\mcufinder
2023-12-30 00:19:04,212 [INFO] ApiDb:250 - Set database path to: C:\Users\hasan\.stmcufinder\plugins\mcufinder//mcu/
2023-12-30 00:19:04,212 [WARN] DbFile:41 - Overriding database path with different value: C:\Users\hasan\.stmcufinder\plugins\mcufinder/ => C:\Users\hasan\.stmcufinder\plugins\mcufinder
2023-12-30 00:19:04,212 [INFO] DbMcusAds:125 - Set database path to: C:\Users\hasan\.stmcufinder\plugins\mcufinder//mcu/
2023-12-30 00:19:04,212 [WARN] DbFile:41 - Overriding database path with different value: C:\Users\hasan\.stmcufinder\plugins\mcufinder/ => C:\Users\hasan\.stmcufinder\plugins\mcufinder
2023-12-30 00:19:04,212 [WARN] DbFile:41 - Overriding database path with different value: C:\Users\hasan\.stmcufinder\plugins\mcufinder/ => C:\Users\hasan\.stmcufinder\plugins\mcufinder
2023-12-30 00:19:04,212 [INFO] CrossReferenceDbSqlite:203 - Set database path to: C:\Users\hasan\.stmcufinder\plugins\mcufinder//mcu/cs/
2023-12-30 00:19:04,224 [INFO] ApplicationProperties:184 - Using Application install path: C:\ST\STM32CubeIDE_1.14.0\STM32CubeIDE\plugins\com.st.stm32cube.common.mx_6.10.0.202311202037
2023-12-30 00:19:04,225 [INFO] PluginManage:196 - Search for loadable plugins [exclusion list=, ]
2023-12-30 00:19:04,226 [INFO] PluginManage:310 - Check plugin analytics
2023-12-30 00:19:04,361 [INFO] AnalyticsPlugin:253 - Accepted Software Licenses: 
2023-12-30 00:19:04,362 [INFO] AnalyticsPlugin:255 - Accepted CMSIS Pack Licenses: 
2023-12-30 00:19:04,362 [INFO] AnalyticsPlugin:257 - Accepted Firmware Licenses: 
2023-12-30 00:19:04,365 [INFO] PluginManage:359 - Loaded plugin analytics (category:tool,tabindex:-1)
2023-12-30 00:19:04,365 [INFO] PluginManage:310 - Check plugin cadmodel
2023-12-30 00:19:04,371 [INFO] CADModel:105 - Init CAD model plugin
2023-12-30 00:19:04,371 [INFO] PluginManage:359 - Loaded plugin cadmodel (category:power,tabindex:5)
2023-12-30 00:19:04,371 [INFO] PluginManage:310 - Check plugin clock
2023-12-30 00:19:04,385 [INFO] PluginManage:359 - Loaded plugin clock (category:base,tabindex:2)
2023-12-30 00:19:04,385 [INFO] PluginManage:310 - Check plugin ddr
2023-12-30 00:19:04,389 [INFO] PluginManage:359 - Loaded plugin ddr (category:tool,tabindex:6)
2023-12-30 00:19:04,391 [INFO] PluginManage:310 - Check plugin filemanager
2023-12-30 00:19:04,523 [INFO] PluginManage:359 - Loaded plugin filemanager (category:base,tabindex:10)
2023-12-30 00:19:04,523 [INFO] PluginManage:310 - Check plugin ipmanager
2023-12-30 00:19:04,530 [INFO] PluginManage:359 - Loaded plugin ipmanager (category:base,tabindex:5)
2023-12-30 00:19:04,530 [INFO] PluginManage:310 - Check plugin lpbam
2023-12-30 00:19:04,538 [INFO] PluginManage:359 - Loaded plugin lpbam (category:base,tabindex:0)
2023-12-30 00:19:04,539 [INFO] PluginManage:310 - Check plugin memorymap
2023-12-30 00:19:04,550 [INFO] PluginManage:359 - Loaded plugin memorymap (category:base,tabindex:4)
2023-12-30 00:19:04,550 [INFO] PluginManage:310 - Check plugin pinoutandconfiguration
2023-12-30 00:19:04,555 [INFO] PluginManage:359 - Loaded plugin pinoutandconfiguration (category:base,tabindex:1)
2023-12-30 00:19:04,555 [INFO] PluginManage:310 - Check plugin pinoutconfig
2023-12-30 00:19:04,635 [WARN] SupportedApi:132 - Cannot load RTOS API schema: s4s-elt-must-match.1: The content of 'definitions' must match (annotation?, (simpleType | complexType)?, (unique | key | keyref)*)). A problem was found starting at: attribute.
2023-12-30 00:19:04,730 [INFO] PluginManage:359 - Loaded plugin pinoutconfig (category:base,tabindex:0)
2023-12-30 00:19:04,730 [INFO] PluginManage:310 - Check plugin power
2023-12-30 00:19:04,736 [INFO] PluginManage:359 - Loaded plugin power (category:power,tabindex:4)
2023-12-30 00:19:04,736 [INFO] PluginManage:310 - Check plugin projectmanager
2023-12-30 00:19:04,748 [INFO] PluginManage:359 - Loaded plugin projectmanager (category:projectmanager,tabindex:3)
2023-12-30 00:19:04,748 [INFO] PluginManage:310 - Check plugin thirdparty
2023-12-30 00:19:04,844 [WARN] IntegrityCheckThread:84 - waiting for thirdparty lock release [integrity check]
2023-12-30 00:19:04,844 [INFO] IntegrityCheckThread:86 - entering critical section [integrity check]
2023-12-30 00:19:04,844 [INFO] PluginManage:359 - Loaded plugin thirdparty (category:base,tabindex:-1)
2023-12-30 00:19:04,844 [INFO] PluginManage:310 - Check plugin tools
2023-12-30 00:19:04,845 [INFO] ThirdPartyUpdaterWithRetryManager:70 - Updater plugin not ready yet. [1/15]
2023-12-30 00:19:04,848 [INFO] PluginManage:359 - Loaded plugin tools (category:base,tabindex:7)
2023-12-30 00:19:04,848 [INFO] PluginManage:310 - Check plugin tutovideos
2023-12-30 00:19:04,974 [INFO] PluginManage:359 - Loaded plugin tutovideos (category:base,tabindex:-1)
2023-12-30 00:19:04,974 [INFO] PluginManage:310 - Check plugin updater
2023-12-30 00:19:04,982 [INFO] PluginManage:359 - Loaded plugin updater (category:base,tabindex:12)
2023-12-30 00:19:04,982 [INFO] PluginManage:310 - Check plugin userauth
2023-12-30 00:19:04,986 [INFO] UserAuth:114 - Init User Auth plugin
2023-12-30 00:19:04,986 [INFO] PluginManage:359 - Loaded plugin userauth (category:base,tabindex:14)
2023-12-30 00:19:04,986 [INFO] PluginManage:283 - PluginManage : Loaded plugins [17]
2023-12-30 00:19:05,149 [INFO] PinOutPanel:1499 - setPackage(No Configuration,No Configuration)
2023-12-30 00:19:05,198 [INFO] CADModel:165 - CPN selected for project level
2023-12-30 00:19:05,199 [INFO] CADModel:114 - Register for checkConnection events
2023-12-30 00:19:05,211 [INFO] IPUIPlugin:80 - create IPUIPlugin
2023-12-30 00:19:05,212 [INFO] PluginManager:220 - loadIPPluginJar : add adc
2023-12-30 00:19:05,213 [INFO] IPUIPlugin:80 - create IPUIPlugin
2023-12-30 00:19:05,213 [INFO] PluginManager:220 - loadIPPluginJar : add aes
2023-12-30 00:19:05,215 [INFO] IPUIPlugin:80 - create IPUIPlugin
2023-12-30 00:19:05,215 [INFO] PluginManager:220 - loadIPPluginJar : add can
2023-12-30 00:19:05,216 [INFO] IPUIPlugin:80 - create IPUIPlugin
2023-12-30 00:19:05,216 [INFO] PluginManager:220 - loadIPPluginJar : add comp
2023-12-30 00:19:05,217 [INFO] IPUIPlugin:80 - create IPUIPlugin
2023-12-30 00:19:05,217 [INFO] PluginManager:220 - loadIPPluginJar : add cryp
2023-12-30 00:19:05,219 [INFO] IPUIPlugin:80 - create IPUIPlugin
2023-12-30 00:19:05,219 [INFO] PluginManager:220 - loadIPPluginJar : add dfsdm
2023-12-30 00:19:05,223 [INFO] IPUIPlugin:80 - create IPUIPlugin
2023-12-30 00:19:05,223 [INFO] PluginManager:220 - loadIPPluginJar : add dma
2023-12-30 00:19:05,225 [INFO] IPUIPlugin:80 - create IPUIPlugin
2023-12-30 00:19:05,225 [INFO] PluginManager:220 - loadIPPluginJar : add dma3
2023-12-30 00:19:05,226 [INFO] IPUIPlugin:80 - create IPUIPlugin
2023-12-30 00:19:05,226 [INFO] PluginManager:220 - loadIPPluginJar : add fatfs
2023-12-30 00:19:05,228 [INFO] IPUIPlugin:80 - create IPUIPlugin
2023-12-30 00:19:05,228 [INFO] PluginManager:220 - loadIPPluginJar : add fmc
2023-12-30 00:19:05,231 [INFO] IPUIPlugin:80 - create IPUIPlugin
2023-12-30 00:19:05,232 [INFO] PluginManager:220 - loadIPPluginJar : add freertos
2023-12-30 00:19:05,232 [INFO] IPUIPlugin:80 - create IPUIPlugin
2023-12-30 00:19:05,232 [INFO] PluginManager:220 - loadIPPluginJar : add genericplugin
2023-12-30 00:19:05,234 [INFO] IPUIPlugin:80 - create IPUIPlugin
2023-12-30 00:19:05,234 [INFO] PluginManager:220 - loadIPPluginJar : add gfxmmu
2023-12-30 00:19:05,237 [INFO] IPUIPlugin:80 - create IPUIPlugin
2023-12-30 00:19:05,237 [INFO] PluginManager:220 - loadIPPluginJar : add gic
2023-12-30 00:19:05,240 [INFO] IPUIPlugin:80 - create IPUIPlugin
2023-12-30 00:19:05,240 [INFO] PluginManager:220 - loadIPPluginJar : add gpio
2023-12-30 00:19:05,241 [INFO] IPUIPlugin:80 - create IPUIPlugin
2023-12-30 00:19:05,241 [INFO] PluginManager:220 - loadIPPluginJar : add gtzc
2023-12-30 00:19:05,242 [INFO] IPUIPlugin:80 - create IPUIPlugin
2023-12-30 00:19:05,243 [INFO] PluginManager:220 - loadIPPluginJar : add hash
2023-12-30 00:19:05,244 [INFO] IPUIPlugin:80 - create IPUIPlugin
2023-12-30 00:19:05,244 [INFO] PluginManager:220 - loadIPPluginJar : add i2c
2023-12-30 00:19:05,245 [INFO] IPUIPlugin:80 - create IPUIPlugin
2023-12-30 00:19:05,245 [INFO] PluginManager:220 - loadIPPluginJar : add i2s
2023-12-30 00:19:05,247 [INFO] IPUIPlugin:80 - create IPUIPlugin
2023-12-30 00:19:05,247 [INFO] PluginManager:220 - loadIPPluginJar : add i3c
2023-12-30 00:19:05,249 [INFO] IPUIPlugin:80 - create IPUIPlugin
2023-12-30 00:19:05,249 [INFO] PluginManager:220 - loadIPPluginJar : add ipddr
2023-12-30 00:19:05,254 [INFO] IPUIPlugin:80 - create IPUIPlugin
2023-12-30 00:19:05,254 [INFO] PluginManager:220 - loadIPPluginJar : add linkedlist
2023-12-30 00:19:05,256 [INFO] IPUIPlugin:80 - create IPUIPlugin
2023-12-30 00:19:05,256 [INFO] PluginManager:220 - loadIPPluginJar : add lorawan
2023-12-30 00:19:05,257 [INFO] IPUIPlugin:80 - create IPUIPlugin
2023-12-30 00:19:05,257 [INFO] PluginManager:220 - loadIPPluginJar : add ltdc
2023-12-30 00:19:05,260 [INFO] IPUIPlugin:80 - create IPUIPlugin
2023-12-30 00:19:05,260 [INFO] PluginManager:220 - loadIPPluginJar : add mdma
2023-12-30 00:19:05,262 [INFO] IPUIPlugin:80 - create IPUIPlugin
2023-12-30 00:19:05,262 [INFO] PluginManager:220 - loadIPPluginJar : add nvic
2023-12-30 00:19:05,264 [INFO] IPUIPlugin:80 - create IPUIPlugin
2023-12-30 00:19:05,264 [INFO] PluginManager:220 - loadIPPluginJar : add opamp
2023-12-30 00:19:05,265 [INFO] IPUIPlugin:80 - create IPUIPlugin
2023-12-30 00:19:05,265 [INFO] PluginManager:220 - loadIPPluginJar : add openamp
2023-12-30 00:19:05,268 [INFO] IPUIPlugin:80 - create IPUIPlugin
2023-12-30 00:19:05,268 [INFO] PluginManager:220 - loadIPPluginJar : add pdm2pcm
2023-12-30 00:19:05,271 [INFO] IPUIPlugin:80 - create IPUIPlugin
2023-12-30 00:19:05,273 [INFO] PluginManager:220 - loadIPPluginJar : add plateformsettings
2023-12-30 00:19:05,274 [INFO] IPUIPlugin:80 - create IPUIPlugin
2023-12-30 00:19:05,274 [INFO] PluginManager:220 - loadIPPluginJar : add quadspi
2023-12-30 00:19:05,276 [INFO] IPUIPlugin:80 - create IPUIPlugin
2023-12-30 00:19:05,276 [INFO] PluginManager:220 - loadIPPluginJar : add resmgrutility
2023-12-30 00:19:05,278 [INFO] IPUIPlugin:80 - create IPUIPlugin
2023-12-30 00:19:05,278 [INFO] PluginManager:220 - loadIPPluginJar : add sai
2023-12-30 00:19:05,279 [INFO] IPUIPlugin:80 - create IPUIPlugin
2023-12-30 00:19:05,279 [INFO] PluginManager:220 - loadIPPluginJar : add spi
2023-12-30 00:19:05,282 [INFO] IPUIPlugin:80 - create IPUIPlugin
2023-12-30 00:19:05,282 [INFO] PluginManager:220 - loadIPPluginJar : add stm32_wpan
2023-12-30 00:19:05,283 [INFO] IPUIPlugin:80 - create IPUIPlugin
2023-12-30 00:19:05,283 [INFO] PluginManager:220 - loadIPPluginJar : add tim
2023-12-30 00:19:05,284 [INFO] IPUIPlugin:80 - create IPUIPlugin
2023-12-30 00:19:05,285 [INFO] PluginManager:220 - loadIPPluginJar : add touchsensing
2023-12-30 00:19:05,286 [INFO] IPUIPlugin:80 - create IPUIPlugin
2023-12-30 00:19:05,286 [INFO] PluginManager:220 - loadIPPluginJar : add tracer_emb
2023-12-30 00:19:05,287 [INFO] IPUIPlugin:80 - create IPUIPlugin
2023-12-30 00:19:05,287 [INFO] PluginManager:220 - loadIPPluginJar : add ts
2023-12-30 00:19:05,287 [INFO] IPUIPlugin:80 - create IPUIPlugin
2023-12-30 00:19:05,287 [INFO] PluginManager:220 - loadIPPluginJar : add tsc
2023-12-30 00:19:05,289 [INFO] IPUIPlugin:80 - create IPUIPlugin
2023-12-30 00:19:05,289 [INFO] PluginManager:220 - loadIPPluginJar : add ucpd
2023-12-30 00:19:05,291 [INFO] IPUIPlugin:80 - create IPUIPlugin
2023-12-30 00:19:05,291 [INFO] PluginManager:220 - loadIPPluginJar : add usart
2023-12-30 00:19:05,292 [INFO] IPUIPlugin:80 - create IPUIPlugin
2023-12-30 00:19:05,292 [INFO] PluginManager:220 - loadIPPluginJar : add usbx
2023-12-30 00:19:05,398 [INFO] CADModel:165 - CPN selected for project level
2023-12-30 00:19:05,398 [INFO] CADModel:114 - Register for checkConnection events
2023-12-30 00:19:05,398 [FATAL] Updater:308 - Updater called before beeing initialized
2023-12-30 00:19:05,398 [ERROR] CADModel:125 - Updater not yet initialized, retry later 
2023-12-30 00:19:05,491 [INFO] CADModel:165 - CPN selected for project level
2023-12-30 00:19:05,491 [INFO] CADModel:114 - Register for checkConnection events
2023-12-30 00:19:05,491 [FATAL] Updater:308 - Updater called before beeing initialized
2023-12-30 00:19:05,491 [ERROR] CADModel:125 - Updater not yet initialized, retry later 
2023-12-30 00:19:05,495 [FATAL] Updater:308 - Updater called before beeing initialized
2023-12-30 00:19:05,564 [FATAL] Updater:308 - Updater called before beeing initialized
2023-12-30 00:19:05,568 [INFO] DbMcusAds:53 - JSON generation date=Thu Sep 30 09:55:09 TRT 2021 (1632984909247)
2023-12-30 00:19:05,568 [FATAL] Updater:308 - Updater called before beeing initialized
2023-12-30 00:19:05,594 [WARN] DetailPanel:346 - Failed to get advertising image, set to default
2023-12-30 00:19:05,657 [FATAL] Updater:308 - Updater called before beeing initialized
2023-12-30 00:19:05,659 [FATAL] Updater:308 - Updater called before beeing initialized
2023-12-30 00:19:05,659 [FATAL] Updater:308 - Updater called before beeing initialized
2023-12-30 00:19:05,660 [WARN] DetailPanel:346 - Failed to get advertising image, set to default
2023-12-30 00:19:05,660 [FATAL] Updater:308 - Updater called before beeing initialized
2023-12-30 00:19:05,690 [ERROR] Updater:1120 - MainUpdater not yet initialized. External WinMGr cannot be set.
2023-12-30 00:19:05,692 [INFO] Updater:1056 - Updater Version found : 6.10.0
2023-12-30 00:19:05,705 [INFO] ApplicationProperties:184 - Using Application install path: C:\ST\STM32CubeIDE_1.14.0\STM32CubeIDE\plugins\com.st.stm32cube.common.mx_6.10.0.202311202037
2023-12-30 00:19:07,275 [ERROR] LogOutputStream:75 - [STDERR_REDIRECT] Dec 30, 2023 12:19:07 AM java.util.prefs.WindowsPreferences <init>
2023-12-30 00:19:07,276 [ERROR] LogOutputStream:75 - [STDERR_REDIRECT] WARNING: Could not open/create prefs root node Software\JavaSoft\Prefs at root 0xffffffff80000002. Windows RegCreateKeyEx(...) returned error code 5.
2023-12-30 00:19:07,276 [ERROR] LogOutputStream:75 - [STDERR_REDIRECT] 
2023-12-30 00:19:07,687 [INFO] MainUpdater:2873 - connection check result : 10
2023-12-30 00:19:07,688 [INFO] MainUpdater:290 - Updater Check For Update Now.
2023-12-30 00:19:07,688 [INFO] MicroXplorer:498 - Change Database Version : DB.6.0.100
2023-12-30 00:19:07,694 [INFO] McuFinderGlobals:63 - Set McuFinder mode to 2 (CubeIDE integrated)
2023-12-30 00:19:07,846 [WARN] MainUpdater:1194 - Updater busy. Cannot search thirdparties
2023-12-30 00:19:07,846 [INFO] ThirdPartyUpdaterWithRetryManager:96 - Updater plugin is busy. [1/15]
2023-12-30 00:19:07,858 [INFO] CheckServerUpdateThread:120 - End of CheckServer Thread
2023-12-30 00:19:08,027 [INFO] McuFinderGlobals:63 - Set McuFinder mode to 2 (CubeIDE integrated)
2023-12-30 00:19:08,031 [INFO] MainUpdater:2873 - connection check result : 10
2023-12-30 00:19:08,032 [INFO] MainUpdater:2873 - connection check result : 10
2023-12-30 00:19:08,056 [INFO] MicroXplorer:468 - Change Database Path : 
2023-12-30 00:19:08,057 [INFO] MicroXplorer:498 - Change Database Version : DB.6.0.100
2023-12-30 00:19:08,066 [WARN] ThirdParty:871 - waiting for thirdparty lock release [close project]
2023-12-30 00:19:08,596 [INFO] UserAuth:404 - Internet connection configuration mode: 1
2023-12-30 00:19:08,604 [INFO] JxBrowserEngine:152 - Initiate JxBrowser Engine with user profile folder
2023-12-30 00:19:08,977 [INFO] WebApp:161 - Instantiating new browser for Auth
2023-12-30 00:19:09,310 [INFO] WebApp:780 - Register for checkConnection events
2023-12-30 00:19:09,310 [INFO] WebApp:414 - Apply proxy settings
2023-12-30 00:19:09,311 [INFO] WebApp:499 - Chromium requires no authentication
2023-12-30 00:19:09,315 [INFO] WebApp:442 - Direct internet connection detected
2023-12-30 00:19:09,406 [INFO] WebApp:192 - Starting web application
2023-12-30 00:19:09,407 [INFO] WebApp:544 - Web application path used C:\ST\STM32CubeIDE_1.14.0\STM32CubeIDE\plugins\com.st.stm32cube.common.mx_6.10.0.202311202037\db\plugins\mcufinder\reactClient1\index.html
2023-12-30 00:19:10,943 [WARN] PackLoader:240 - Cannot read IP mode file for STMicroelectronics.X-CUBE-SMBUS.2.1.0
2023-12-30 00:19:10,947 [WARN] PackLoader:240 - Cannot read IP mode file for STMicroelectronics.X-CUBE-TOUCHGFX.4.23.0
2023-12-30 00:19:10,966 [WARN] PackLoader:240 - Cannot read IP mode file for STMicroelectronics.X-CUBE-AZRTOS-F7.1.1.0
2023-12-30 00:19:10,974 [WARN] PackLoader:240 - Cannot read IP mode file for STMicroelectronics.FP-SNS-MOTENV1.4.3.2
2023-12-30 00:19:10,979 [WARN] PackLoader:240 - Cannot read IP mode file for STMicroelectronics.FP-SNS-FLIGHT1.5.0.2
2023-12-30 00:19:10,984 [WARN] PackLoader:240 - Cannot read IP mode file for STMicroelectronics.X-CUBE-DISPLAY.3.0.0
2023-12-30 00:19:10,994 [WARN] PackLoader:240 - Cannot read IP mode file for STMicroelectronics.X-CUBE-BLE1.7.0.0
2023-12-30 00:19:10,998 [WARN] PackLoader:240 - Cannot read IP mode file for emotas.I-CUBE-CANOPEN.1.3.0
2023-12-30 00:19:11,001 [WARN] PackLoader:240 - Cannot read IP mode file for STMicroelectronics.FP-SNS-SMARTAG2.1.2.0
2023-12-30 00:19:11,011 [INFO] LogOutputStream:77 - [STDOUT_REDIRECT] 1 : Invalid condition id : UX_CORESTACK_Condition cause : null
2023-12-30 00:19:11,011 [INFO] LogOutputStream:77 - [STDOUT_REDIRECT] 1 : Invalid condition id : UX_CORESTACK_Condition cause : null
2023-12-30 00:19:11,012 [INFO] LogOutputStream:77 - [STDOUT_REDIRECT] 1 : Invalid condition id : UX_CORESTACK_Condition cause : null
2023-12-30 00:19:11,013 [INFO] LogOutputStream:77 - [STDOUT_REDIRECT] 1 : Invalid condition id : UX_CORESTACK_Condition cause : null
2023-12-30 00:19:11,014 [INFO] LogOutputStream:77 - [STDOUT_REDIRECT] 1 : Invalid condition id : UX_CORESTACK_Condition cause : null
2023-12-30 00:19:11,016 [WARN] PackLoader:240 - Cannot read IP mode file for STMicroelectronics.X-CUBE-AZRTOS-WL.2.0.0
2023-12-30 00:19:11,024 [WARN] PackLoader:240 - Cannot read IP mode file for WES.I-CUBE-Cesium.1.3.0
2023-12-30 00:19:11,028 [WARN] PackLoader:240 - Cannot read IP mode file for STMicroelectronics.X-CUBE-BLE2.3.3.0
2023-12-30 00:19:11,033 [WARN] PackLoader:240 - Cannot read IP mode file for STMicroelectronics.X-CUBE-ALGOBUILD.1.3.0
2023-12-30 00:19:11,052 [WARN] PackLoader:240 - Cannot read IP mode file for STMicroelectronics.X-CUBE-AZRTOS-G0.1.1.0
2023-12-30 00:19:11,058 [WARN] PackLoader:240 - Cannot read IP mode file for STMicroelectronics.X-CUBE-NFC4.3.0.0
2023-12-30 00:19:11,065 [WARN] PackLoader:240 - Cannot read IP mode file for STMicroelectronics.X-CUBE-BLEMGR.3.0.0
2023-12-30 00:19:11,070 [WARN] PackLoader:240 - Cannot read IP mode file for STMicroelectronics.FP-ATR-SIGFOX1.3.2.0
2023-12-30 00:19:11,075 [WARN] PackLoader:240 - Cannot read IP mode file for STMicroelectronics.X-CUBE-GNSS1.6.0.0
2023-12-30 00:19:11,084 [WARN] PackLoader:240 - Cannot read IP mode file for STMicroelectronics.X-CUBE-AZRTOS-F4.1.1.0
2023-12-30 00:19:11,088 [WARN] PackLoader:240 - Cannot read IP mode file for wolfSSL.I-CUBE-wolfSSL.5.6.4
2023-12-30 00:19:11,098 [WARN] PackLoader:240 - Cannot read IP mode file for STMicroelectronics.X-CUBE-AZRTOS-L5.2.0.0
2023-12-30 00:19:11,103 [WARN] PackLoader:240 - Cannot read IP mode file for STMicroelectronics.X-CUBE-EEPRMA1.4.2.0
2023-12-30 00:19:11,108 [WARN] PackLoader:240 - Cannot read IP mode file for ITTIA_DB.I-CUBE-ITTIADB.8.8.0
2023-12-30 00:19:11,111 [WARN] PackLoader:240 - Cannot read IP mode file for STMicroelectronics.X-CUBE-NFC7.1.0.1
2023-12-30 00:19:11,116 [WARN] PackLoader:240 - Cannot read IP mode file for STMicroelectronics.X-CUBE-NFC6.3.0.0
2023-12-30 00:19:11,120 [WARN] PackLoader:240 - Cannot read IP mode file for STMicroelectronics.X-CUBE-AI.8.1.0
2023-12-30 00:19:11,130 [WARN] ConditionMgr:438 - getConditionDescription Invalid condition id : LAN8742 Phy interface Condition cause : null
2023-12-30 00:19:11,131 [WARN] PackLoader:240 - Cannot read IP mode file for STMicroelectronics.X-CUBE-AZRTOS-L4.2.0.0
2023-12-30 00:19:11,132 [WARN] ConditionMgr:1039 - genDependencies : Invalid condition id : LAN8742 Phy interface Condition cause : null
2023-12-30 00:19:11,132 [WARN] ConditionMgr:1039 - genDependencies : Invalid condition id : LAN8742 Phy interface Condition cause : null
2023-12-30 00:19:11,132 [WARN] ConditionMgr:1039 - genDependencies : Invalid condition id : LAN8742 Phy interface Condition cause : null
2023-12-30 00:19:11,137 [WARN] PackLoader:240 - Cannot read IP mode file for STMicroelectronics.X-CUBE-SFXS2LP1.4.0.0
2023-12-30 00:19:11,144 [WARN] ConditionMgr:438 - getConditionDescription Invalid condition id : UX DEVICE CLASS RTOS Condition cause : null
2023-12-30 00:19:11,145 [WARN] ConditionMgr:438 - getConditionDescription Invalid condition id : UX DEVICE CLASS RTOS Condition cause : null
2023-12-30 00:19:11,146 [WARN] PackLoader:240 - Cannot read IP mode file for STMicroelectronics.X-CUBE-AZRTOS-WB.2.0.0
2023-12-30 00:19:11,146 [WARN] ConditionMgr:1039 - genDependencies : Invalid condition id : UX DEVICE CLASS RTOS Condition cause : null
2023-12-30 00:19:11,146 [WARN] ConditionMgr:1039 - genDependencies : Invalid condition id : UX DEVICE CLASS RTOS Condition cause : null
2023-12-30 00:19:11,147 [WARN] ConditionMgr:1039 - genDependencies : Invalid condition id : UX DEVICE CLASS RTOS Condition cause : null
2023-12-30 00:19:11,147 [WARN] ConditionMgr:1039 - genDependencies : Invalid condition id : UX DEVICE CLASS RTOS Condition cause : null
2023-12-30 00:19:11,147 [WARN] ConditionMgr:1039 - genDependencies : Invalid condition id : UX DEVICE CLASS RTOS Condition cause : null
2023-12-30 00:19:11,153 [WARN] PackLoader:240 - Cannot read IP mode file for STMicroelectronics.X-CUBE-SUBG2.5.0.0
2023-12-30 00:19:11,164 [WARN] PackLoader:240 - Cannot read IP mode file for STMicroelectronics.X-CUBE-AZRTOS-G4.2.0.0
2023-12-30 00:19:11,173 [WARN] PackLoader:240 - Cannot read IP mode file for Infineon.AIROC-Wi-Fi-Bluetooth-STM32.1.5.1
2023-12-30 00:19:11,179 [WARN] PackLoader:240 - Cannot read IP mode file for STMicroelectronics.FP-SNS-MOTENVWB1.1.3.1
2023-12-30 00:19:11,182 [WARN] PackLoader:240 - Cannot read IP mode file for STMicroelectronics.X-CUBE-ISPU.2.0.0
2023-12-30 00:19:11,218 [WARN] PackLoader:240 - Cannot read IP mode file for STMicroelectronics.X-CUBE-MEMS1.10.0.0
2023-12-30 00:19:11,406 [WARN] PackLoader:240 - Cannot read IP mode file for STMicroelectronics.X-CUBE-FREERTOS.1.1.0
2023-12-30 00:19:11,414 [WARN] PackLoader:240 - Cannot read IP mode file for portGmbH.I-Cube-SoM-uGOAL.1.1.0
2023-12-30 00:19:11,422 [WARN] PackLoader:240 - Cannot read IP mode file for STMicroelectronics.X-CUBE-ALS.1.0.1
2023-12-30 00:19:11,429 [WARN] PackLoader:240 - Cannot read IP mode file for STMicroelectronics.FP-ATR-ASTRA1.2.0.0
2023-12-30 00:19:11,440 [WARN] PackLoader:240 - Cannot read IP mode file for STMicroelectronics.X-CUBE-TOF1.3.4.0
2023-12-30 00:19:11,470 [WARN] PackLoader:240 - Cannot read IP mode file for STMicroelectronics.X-CUBE-AZRTOS-H7.3.2.0
2023-12-30 00:19:11,474 [INFO] ThirdParty:978 - Integrity check success = true
2023-12-30 00:19:11,475 [INFO] IntegrityCheckThread:100 - exiting critical section [integrity check]
2023-12-30 00:19:11,475 [INFO] IntegrityCheckThread:103 - End integrity checks thread
2023-12-30 00:19:11,475 [INFO] ThirdParty:873 - entering critical section [close project]
2023-12-30 00:19:11,476 [INFO] ThirdParty:883 - exiting critical section [close project]
2023-12-30 00:19:11,480 [INFO] PinOutPanel:1499 - setPackage(No Configuration,No Configuration)
2023-12-30 00:19:11,488 [INFO] UtilMem:75 - Begin LoadConfig() Used Memory: 174987856 Bytes (276824064)
2023-12-30 00:19:11,490 [INFO] MicroXplorer:468 - Change Database Path : 
2023-12-30 00:19:11,491 [INFO] MicroXplorer:498 - Change Database Version : DB.6.0.100
2023-12-30 00:19:11,491 [INFO] OpenFileManager:312 - Change cursor
2023-12-30 00:19:11,532 [INFO] Mcu:2016 - Initializing MCU STM32F103C(8-B)Tx STM32F103C8Tx STM32F103C8T6
2023-12-30 00:19:12,208 [INFO] Context:659 - Trying to add GPIOservice into a context  which must be forbidden
2023-12-30 00:19:12,476 [INFO] RtosManager:555 - Registered RTOS mode: class=CMSIS, group=RTOS, mode=CMSIS_V1, owner=FREERTOS
2023-12-30 00:19:12,476 [INFO] RtosManager:555 - Registered RTOS mode: class=CMSIS, group=RTOS2, mode=CMSIS_V2, owner=FREERTOS
2023-12-30 00:19:12,476 [INFO] RtosManager:555 - Registered RTOS mode: class=RTOS, group=Core, mode=CMSIS_V1, owner=FREERTOS
2023-12-30 00:19:12,476 [INFO] RtosManager:555 - Registered RTOS mode: class=RTOS, group=Core, mode=CMSIS_V2, owner=FREERTOS
2023-12-30 00:19:12,476 [WARN] ModelIntegratedComponent:184 - Missing modes for component STMicroelectronics:FreeRTOS:0.0.1:STMicroelectronics:RTOS:FreeRTOS:Core:::10.2.0:
2023-12-30 00:19:12,487 [WARN] ModelIntegratedComponent:63 - No mode defined for component null
2023-12-30 00:19:12,488 [WARN] ModelIntegratedComponent:63 - No mode defined for component null
2023-12-30 00:19:12,488 [WARN] ModelIntegratedComponent:63 - No mode defined for component null
2023-12-30 00:19:12,488 [WARN] ModelIntegratedComponent:63 - No mode defined for component null
2023-12-30 00:19:12,488 [WARN] ModelIntegratedComponent:63 - No mode defined for component null
2023-12-30 00:19:12,488 [WARN] ModelIntegratedComponent:63 - No mode defined for component null
2023-12-30 00:19:12,488 [WARN] ModelIntegratedComponent:63 - No mode defined for component null
2023-12-30 00:19:12,488 [WARN] ModelIntegratedComponent:63 - No mode defined for component null
2023-12-30 00:19:12,488 [WARN] ModelIntegratedComponent:63 - No mode defined for component null
2023-12-30 00:19:12,488 [WARN] ModelIntegratedComponent:63 - No mode defined for component null
2023-12-30 00:19:12,488 [WARN] ModelIntegratedComponent:63 - No mode defined for component null
2023-12-30 00:19:12,488 [WARN] ModelIntegratedComponent:63 - No mode defined for component null
2023-12-30 00:19:12,488 [WARN] ModelIntegratedComponent:63 - No mode defined for component null
2023-12-30 00:19:12,488 [WARN] ModelIntegratedComponent:63 - No mode defined for component null
2023-12-30 00:19:12,488 [WARN] ModelIntegratedComponent:63 - No mode defined for component null
2023-12-30 00:19:12,488 [WARN] ModelIntegratedComponent:63 - No mode defined for component null
2023-12-30 00:19:12,488 [WARN] ModelIntegratedComponent:63 - No mode defined for component null
2023-12-30 00:19:12,488 [WARN] ModelIntegratedComponent:63 - No mode defined for component null
2023-12-30 00:19:12,489 [WARN] ModelIntegratedComponent:63 - No mode defined for component null
2023-12-30 00:19:12,489 [WARN] ModelIntegratedComponent:63 - No mode defined for component null
2023-12-30 00:19:12,489 [WARN] ModelIntegratedComponent:63 - No mode defined for component null
2023-12-30 00:19:12,489 [WARN] ModelIntegratedComponent:63 - No mode defined for component null
2023-12-30 00:19:12,489 [WARN] ModelIntegratedComponent:63 - No mode defined for component null
2023-12-30 00:19:12,489 [WARN] ModelIntegratedComponent:63 - No mode defined for component null
2023-12-30 00:19:12,489 [WARN] ModelIntegratedComponent:63 - No mode defined for component null
2023-12-30 00:19:12,489 [WARN] ModelIntegratedComponent:63 - No mode defined for component null
2023-12-30 00:19:12,489 [WARN] ModelIntegratedComponent:63 - No mode defined for component null
2023-12-30 00:19:12,489 [WARN] ModelIntegratedComponent:63 - No mode defined for component null
2023-12-30 00:19:12,489 [WARN] ModelIntegratedComponent:63 - No mode defined for component null
2023-12-30 00:19:12,489 [WARN] ModelIntegratedComponent:63 - No mode defined for component null
2023-12-30 00:19:12,489 [WARN] ModelIntegratedComponent:63 - No mode defined for component null
2023-12-30 00:19:12,489 [WARN] ModelIntegratedComponent:63 - No mode defined for component null
2023-12-30 00:19:12,489 [WARN] ModelIntegratedComponent:63 - No mode defined for component null
2023-12-30 00:19:12,545 [INFO] ThirdPartyModel:298 - Start build external matchings
2023-12-30 00:19:12,687 [INFO] ThirdPartyModel:316 - End build external matchings
2023-12-30 00:19:12,848 [INFO] UtilMem:75 - End LoadConfig() Used Memory: 151354592 Bytes (444596224)
2023-12-30 00:19:12,943 [INFO] ApiDb:581 - Connected to CubeFinder SQLite database (C:\Users\hasan\.stmcufinder\plugins\mcufinder\mcu\cube-finder-db.db)
2023-12-30 00:19:12,982 [INFO] ApiDb:668 - CubeFinder database Data Model version=2.1
2023-12-30 00:19:12,982 [INFO] ApiDb:669 - CubeFinder database Configuration version=3.0.39
2023-12-30 00:19:12,983 [INFO] ApiDb:670 - CubeFinder database generation date=2023-11-06 (1699269565)
2023-12-30 00:19:12,983 [INFO] ApiDb:671 - CubeFinder database FW Pack versions=[FP-ATR-ASTRA1_V2.0.0, FP-SNS-FLIGHT1_V5.0.1, FP-SNS-FLIGHT1_V5.0.2, FP-SNS-MOTENV1_V4.3.1, FP-SNS-MOTENV1_V4.3.2, FP-SNS-MOTENVWB1_V1.3.0, FP-SNS-SMARTAG2_V1.2.0, STM32Cube_FW_C0_V1.1.0, STM32Cube_FW_F4_V1.28.0, STM32Cube_FW_F7_V1.17.0, STM32Cube_FW_G0_V1.6.1, STM32Cube_FW_G4_V1.5.1, STM32Cube_FW_H5_V0.5.1, STM32Cube_FW_H5_V1.1.1, STM32Cube_FW_H5_V1.2.0RC2, STM32Cube_FW_H7_V1.11.0, STM32Cube_FW_L0_V1.12.2, STM32Cube_FW_L5_V1.5.0, STM32Cube_FW_U5_V1.3.0RC4, STM32Cube_FW_U5_V1.4.0, STM32Cube_FW_WBA_V1.0.0RC1, STM32Cube_FW_WBA_V1.1.0RC1, STM32Cube_FW_WBA_V1.2.0, STM32Cube_FW_WBA_V1.2.0RC2, STM32Cube_FW_WB_V1.15.0RC1, STM32Cube_FW_WB_V1.16.0, STM32Cube_FW_WB_V1.16.0RC2, STM32Cube_FW_WB_V1.18.0, STM32Cube_FW_WL_V1.3.0, X-CUBE-ALGOBUILD_V1.3.0, X-CUBE-ALS_V1.0.1, X-CUBE-AZRTOS-F4_V1.1.0, X-CUBE-AZRTOS-F7_V1.1.0, X-CUBE-AZRTOS-G0_V1.1.0, X-CUBE-AZRTOS-G4_V2.0.0, X-CUBE-AZRTOS-H7_V3.1.0, X-CUBE-AZRTOS-L4_V1.0.0, X-CUBE-AZRTOS-L4_V2.0.0, X-CUBE-AZRTOS-L5_V1.1.0, X-CUBE-AZRTOS-WB_V2.0.0, X-CUBE-AZRTOS-WL_V2.0.0, X-CUBE-BLE1_V7.0.0, X-CUBE-BLE2_V3.3.0, X-CUBE-BLEMGR_V2.0.0, X-CUBE-EEPRMA1_V4.1.0, X-CUBE-EEPRMA1_V4.2.0, X-CUBE-FREERTOS_V1.1.0, X-CUBE-GNSS1_V6.0.0, X-CUBE-MEMS1_V10.0.0, X-CUBE-MEMS1_V9.1.0, X-CUBE-MEMS1_V9.4.0, X-CUBE-MEMS1_V9.6.0, X-CUBE-NFC4_V3.0.0, X-CUBE-NFC7_V1.0.1, X-CUBE-SFXS2LP1_V4.0.0, X-CUBE-SUBG2_V5.0.0, X-CUBE-TOF1_V3.3.1]
2023-12-30 00:19:14,147 [INFO] ApiDb:240 - Found 371 in-development CPN: [B-G473E-ZEST1S, B-WB1M-WPAN1, B-WL5M-SUBG1, NUCLEO-C031C6, NUCLEO-H503RB, NUCLEO-H563ZI, NUCLEO-U545RE-Q, NUCLEO-U5A5ZJ-Q, NUCLEO-WBA52CG, NUCLEO-WBA55CG, STEVAL-MKBOXPRO, STEVAL-PROTEUS1, STEVAL-STWINBX1, STM320518-EVAL, STM32C0116-DK, STM32C011D6Y3TR, STM32C011D6Y6TR, STM32C011F4P3, STM32C011F4P6, STM32C011F4U3, STM32C011F4U6TR, STM32C011F6P3, STM32C011F6P6, STM32C011F6U3, STM32C011F6U6TR, STM32C011J4M3, STM32C011J4M6, STM32C011J6M3, STM32C011J6M6, STM32C0316-DK, STM32C031C4T3, STM32C031C4T6, STM32C031C4U3, STM32C031C4U6, STM32C031C6T3, STM32C031C6T6, STM32C031C6U3, STM32C031C6U6, STM32C031F4P3, STM32C031F4P6, STM32C031F6P3, STM32C031F6P6, STM32C031G4U3, STM32C031G4U6, STM32C031G6U3, STM32C031G6U6, STM32C031K4T3, STM32C031K4T6, STM32C031K4U3, STM32C031K4U6, STM32C031K6T3, STM32C031K6T6, STM32C031K6U3, STM32C031K6U6, STM32G071K8TXN, STM32G071K8UXN, STM32G081GBU6N, STM32G081KBT6N, STM32G081KBUXN, STM32G0B1CCT6N, STM32G0B1KCT6, STM32G0B1NEY6TR, STM32G0B1RCT6N, STM32G0C1CCT6, STM32G0C1CCT6N, STM32G0C1CCU6N, STM32G0C1CET6N, STM32G0C1CEU6N, STM32G0C1KCT6, STM32G0C1NEY6TR, STM32G0C1RCI6N, STM32G0C1RCT6N, STM32G0C1REI6N, STM32G0C1RET6N, STM32G0C1VCI6, STM32G0C1VEI6, STM32G471CCT6, STM32G471CCU6, STM32G471CET3, STM32G471CET6, STM32G471CEU3, STM32G471CEU6, STM32G471MCT6, STM32G471MET3, STM32G471MET6, STM32G471MEY6TR, STM32G471QCT6, STM32G471QET3, STM32G471RCT6, STM32G471RET3, STM32G471RET6, STM32G471VCH6, STM32G471VCI6, STM32G471VCT6, STM32G471VEH3, STM32G471VEH6, STM32G471VEI3, STM32G471VEI6, STM32G471VET3, STM32G471VET6, STM32G474CCT6, STM32H503CBT6, STM32H503CBU6, STM32H503EBY6TR, STM32H503KBU6, STM32H503RBT6, STM32H562AGI6, STM32H562AII6, STM32H562IGK6, STM32H562IGT6, STM32H562IIK6, STM32H562IIT6, STM32H562RGT6, STM32H562RGV6, STM32H562RIT6, STM32H562RIV6, STM32H562VGT6, STM32H562VIT6, STM32H562ZGT6, STM32H562ZIT6, STM32H563AGI6, STM32H563AII3Q, STM32H563AII6, STM32H563IGK6, STM32H563IGT6, STM32H563IIK3Q, STM32H563IIK6, STM32H563IIT3Q, STM32H563IIT6, STM32H563MIY3QTR, STM32H563RGT6, STM32H563RGV6, STM32H563RIT6, STM32H563RIV6, STM32H563VGT6, STM32H563VIT3Q, STM32H563VIT6, STM32H563ZGT6, STM32H563ZIT3Q, STM32H563ZIT6, STM32H573AII3Q, STM32H573AII6, STM32H573I-DK, STM32H573IIK3Q, STM32H573IIK6, STM32H573IIT3Q, STM32H573IIT6, STM32H573MIY3QTR, STM32H573RIT6, STM32H573RIV6, STM32H573VIT3Q, STM32H573VIT6, STM32H573ZIT3Q, STM32H573ZIT6, STM32L4R5QGI6STR, STM32MP131AAE3, STM32MP131AAF3, STM32MP131AAG3, STM32MP131CAE3, STM32MP131CAF3, STM32MP131CAG3, STM32MP131DAE7, STM32MP131DAF7, STM32MP131DAG7, STM32MP131FAE7, STM32MP131FAF7, STM32MP131FAG7, STM32MP133AAE3, STM32MP133AAF3, STM32MP133AAG3, STM32MP133CAE3, STM32MP133CAF3, STM32MP133CAG3, STM32MP133DAE7, STM32MP133DAF7, STM32MP133DAG7, STM32MP133FAE7, STM32MP133FAF7, STM32MP133FAG7, STM32MP135AAE3, STM32MP135AAF3, STM32MP135AAG3, STM32MP135CAE3, STM32MP135CAF3, STM32MP135CAG3, STM32MP135DAE7, STM32MP135DAF7, STM32MP135DAG7, STM32MP135F-DK, STM32MP135FAE7, STM32MP135FAF7, STM32MP135FAF7T, STM32MP135FAF7U, STM32MP135FAG7, STM32U535CBT6, STM32U535CBT6Q, STM32U535CBU6, STM32U535CBU6Q, STM32U535CCT6, STM32U535CCT6Q, STM32U535CCU6, STM32U535CCU6Q, STM32U535CET6, STM32U535CET6Q, STM32U535CEU6, STM32U535CEU6Q, STM32U535JEY6QTR, STM32U535NCY6QTR, STM32U535NEY6QTR, STM32U535RBI6, STM32U535RBI6Q, STM32U535RBT6, STM32U535RBT6Q, STM32U535RCI6, STM32U535RCI6Q, STM32U535RCT6, STM32U535RCT6Q, STM32U535REI6, STM32U535REI6Q, STM32U535RET6, STM32U535RET6Q, STM32U535VCI6, STM32U535VCI6Q, STM32U535VCT6, STM32U535VCT6Q, STM32U535VEI6, STM32U535VEI6Q, STM32U535VET6, STM32U535VET6Q, STM32U545CET6, STM32U545CET6Q, STM32U545CEU6, STM32U545CEU6Q, STM32U545JEY6QTR, STM32U545NEY6QTR, STM32U545REI6, STM32U545REI6Q, STM32U545RET6, STM32U545RET6Q, STM32U545VEI6, STM32U545VEI6Q, STM32U545VET6, STM32U545VET6Q, STM32U595AIH6, STM32U595AIH6Q, STM32U595AJH6, STM32U595AJH6Q, STM32U595QII6, STM32U595QII6Q, STM32U595QJI6, STM32U595QJI6Q, STM32U595RIT6, STM32U595RIT6Q, STM32U595RJT6, STM32U595RJT6Q, STM32U595VIT6, STM32U595VIT6Q, STM32U595VJT6, STM32U595VJT6Q, STM32U595ZIT6, STM32U595ZIT6Q, STM32U595ZIY6QTR, STM32U595ZJT6, STM32U595ZJT6Q, STM32U595ZJY6QTR, STM32U599BJY6QTR, STM32U599NIH6Q, STM32U599NJH6Q, STM32U599VIT6Q, STM32U599VJT6, STM32U599VJT6Q, STM32U599ZIT6Q, STM32U599ZIY6QTR, STM32U599ZJT6Q, STM32U599ZJY6QTR, STM32U5A5AJH6, STM32U5A5AJH6Q, STM32U5A5QJI6, STM32U5A5QJI6Q, STM32U5A5RJT6, STM32U5A5RJT6Q, STM32U5A5VJT6, STM32U5A5VJT6Q, STM32U5A5ZJT6, STM32U5A5ZJT6Q, STM32U5A5ZJY6QTR, STM32U5A9BJY6QTR, STM32U5A9J-DK, STM32U5A9NJH6Q, STM32U5A9VJT6Q, STM32U5A9ZJT6Q, STM32U5A9ZJY6QTR, STM32U5F7VIT6, STM32U5F7VIT6Q, STM32U5F7VJT6, STM32U5F7VJT6Q, STM32U5F9BJY6QTR, STM32U5F9NJH6Q, STM32U5F9VIT6Q, STM32U5F9VJT6Q, STM32U5F9ZIJ6QTR, STM32U5F9ZIT6Q, STM32U5F9ZJJ6QTR, STM32U5F9ZJT6Q, STM32U5G7VJT6, STM32U5G7VJT6Q, STM32U5G9BJY6QTR, STM32U5G9J-DK1, STM32U5G9J-DK2, STM32U5G9NJH6Q, STM32U5G9VJT6Q, STM32U5G9ZJJ6QTR, STM32U5G9ZJT6Q, STM32WB1MMCH6, STM32WBA50KEU6, STM32WBA50KEU6TR, STM32WBA50KGU6, STM32WBA50KGU6TR, STM32WBA52CEU6, STM32WBA52CEU6TR, STM32WBA52CEU7, STM32WBA52CEU7TR, STM32WBA52CGU6, STM32WBA52CGU6TR, STM32WBA52CGU6U, STM32WBA52CGU7, STM32WBA52CGU7TR, STM32WBA52KEU6, STM32WBA52KEU6TR, STM32WBA52KGU6, STM32WBA52KGU6TR, STM32WBA54CEU6, STM32WBA54CEU6TR, STM32WBA54CEU7, STM32WBA54CEU7TR, STM32WBA54CGU6, STM32WBA54CGU6TR, STM32WBA54CGU7, STM32WBA54CGU7TR, STM32WBA54KEU6, STM32WBA54KEU6TR, STM32WBA54KEU7, STM32WBA54KEU7TR, STM32WBA54KGU6, STM32WBA54KGU6TR, STM32WBA54KGU7, STM32WBA54KGU7TR, STM32WBA55CEU6, STM32WBA55CEU6TR, STM32WBA55CEU7, STM32WBA55CEU7TR, STM32WBA55CGU6, STM32WBA55CGU6TR, STM32WBA55CGU6U, STM32WBA55CGU7, STM32WBA55CGU7TR, STM32WBA55G-DK1, STM32WBA55HEF6, STM32WBA55HEF7, STM32WBA55HGF6, STM32WBA55HGF7, STM32WBA55UEI6, STM32WBA55UEI6TR, STM32WBA55UEI7, STM32WBA55UEI7TR, STM32WBA55UGI6, STM32WBA55UGI6TR, STM32WBA55UGI7, STM32WBA55UGI7TR, STM32WL5MOCH6, STM32WL5MOCH6TR]
2023-12-30 00:19:14,152 [INFO] DbMcus:218 - Found 3930 MCUs, 3930 are supported
2023-12-30 00:19:14,152 [INFO] ApiDb:423 - Load user favorites file C:\Users\hasan/.stm32cubeide/favorites.mcus.txt: 0 item(s)
2023-12-30 00:19:14,153 [INFO] ApiDb:427 - User favorites MCUs=[]
2023-12-30 00:19:14,153 [INFO] DbMcus:224 - Set 0 / 0 favorites MCUs
2023-12-30 00:19:14,348 [INFO] MicroXplorer:468 - Change Database Path : 
2023-12-30 00:19:14,349 [INFO] MicroXplorer:498 - Change Database Version : DB.6.0.100
2023-12-30 00:19:14,349 [WARN] ThirdParty:833 - waiting for thirdparty lock release [change project]
2023-12-30 00:19:14,349 [INFO] ThirdParty:835 - entering critical section [change project]
2023-12-30 00:19:14,349 [INFO] ThirdParty:1030 - CMSIS Pack Vendor :STMicroelectronics USBPD 4.1
2023-12-30 00:19:14,349 [INFO] ThirdParty:1030 - CMSIS Pack Vendor :STMicroelectronics X-CUBE-GNSS1 6.0.0
2023-12-30 00:19:14,349 [INFO] ThirdParty:1030 - CMSIS Pack Vendor :STMicroelectronics USB_HOST 2.0.0
2023-12-30 00:19:14,349 [INFO] ThirdParty:1030 - CMSIS Pack Vendor :STMicroelectronics X-CUBE-AZRTOS-F4 1.1.0
2023-12-30 00:19:14,349 [INFO] ThirdParty:1030 - CMSIS Pack Vendor :STMicroelectronics LIBJPEG 8.0.0
2023-12-30 00:19:14,349 [INFO] ThirdParty:1030 - CMSIS Pack Vendor :wolfSSL I-CUBE-wolfSSL 5.6.4
2023-12-30 00:19:14,349 [INFO] ThirdParty:1030 - CMSIS Pack Vendor :STMicroelectronics X-CUBE-SMBUS 2.1.0
2023-12-30 00:19:14,349 [INFO] ThirdParty:1030 - CMSIS Pack Vendor :STMicroelectronics USB_DEVICE 3.0.0
2023-12-30 00:19:14,349 [INFO] ThirdParty:1030 - CMSIS Pack Vendor :STMicroelectronics X-CUBE-AZRTOS-WB 2.0.0
2023-12-30 00:19:14,349 [INFO] ThirdParty:1030 - CMSIS Pack Vendor :STMicroelectronics X-CUBE-TOUCHGFX 4.23.0
2023-12-30 00:19:14,349 [INFO] ThirdParty:1030 - CMSIS Pack Vendor :STMicroelectronics X-CUBE-AZRTOS-F7 1.1.0
2023-12-30 00:19:14,349 [INFO] ThirdParty:1030 - CMSIS Pack Vendor :STMicroelectronics X-CUBE-AZRTOS-L5 2.0.0
2023-12-30 00:19:14,349 [INFO] ThirdParty:1030 - CMSIS Pack Vendor :STMicroelectronics USB_DEVICE 2.0.0
2023-12-30 00:19:14,349 [INFO] ThirdParty:1030 - CMSIS Pack Vendor :STMicroelectronics X-CUBE-EEPRMA1 4.2.0
2023-12-30 00:19:14,349 [INFO] ThirdParty:1030 - CMSIS Pack Vendor :ITTIA_DB I-CUBE-ITTIADB 8.8.0
2023-12-30 00:19:14,349 [INFO] ThirdParty:1030 - CMSIS Pack Vendor :STMicroelectronics FP-SNS-MOTENV1 4.3.2
2023-12-30 00:19:14,349 [INFO] ThirdParty:1030 - CMSIS Pack Vendor :STMicroelectronics X-CUBE-ALGOBUILD 1.3.0
2023-12-30 00:19:14,349 [INFO] ThirdParty:1030 - CMSIS Pack Vendor :STMicroelectronics FreeRTOS 0.0.1
2023-12-30 00:19:14,349 [INFO] ThirdParty:1030 - CMSIS Pack Vendor :STMicroelectronics X-CUBE-AZRTOS-G0 1.1.0
2023-12-30 00:19:14,349 [INFO] ThirdParty:1030 - CMSIS Pack Vendor :STMicroelectronics X-CUBE-NFC4 3.0.0
2023-12-30 00:19:14,349 [INFO] ThirdParty:1030 - CMSIS Pack Vendor :STMicroelectronics X-CUBE-SUBG2 5.0.0
2023-12-30 00:19:14,350 [INFO] ThirdParty:1030 - CMSIS Pack Vendor :STMicroelectronics STM32_WPAN 1.0.0
2023-12-30 00:19:14,350 [INFO] ThirdParty:1030 - CMSIS Pack Vendor :STMicroelectronics lwIP 2.0.3
2023-12-30 00:19:14,350 [INFO] ThirdParty:1030 - CMSIS Pack Vendor :STMicroelectronics FP-SNS-FLIGHT1 5.0.2
2023-12-30 00:19:14,350 [INFO] ThirdParty:1030 - CMSIS Pack Vendor :STMicroelectronics USB_HOST 1.0.0
2023-12-30 00:19:14,350 [INFO] ThirdParty:1030 - CMSIS Pack Vendor :STMicroelectronics X-CUBE-AZRTOS-G4 2.0.0
2023-12-30 00:19:14,350 [INFO] ThirdParty:1030 - CMSIS Pack Vendor :STMicroelectronics PDM2PCM 3.1.0
2023-12-30 00:19:14,350 [INFO] ThirdParty:1030 - CMSIS Pack Vendor :Infineon AIROC-Wi-Fi-Bluetooth-STM32 1.5.1
2023-12-30 00:19:14,350 [INFO] ThirdParty:1030 - CMSIS Pack Vendor :STMicroelectronics X-CUBE-BLEMGR 3.0.0
2023-12-30 00:19:14,350 [INFO] ThirdParty:1030 - CMSIS Pack Vendor :STMicroelectronics PDM2PCM 3.3.0
2023-12-30 00:19:14,350 [INFO] ThirdParty:1030 - CMSIS Pack Vendor :STMicroelectronics X-CUBE-DISPLAY 3.0.0
2023-12-30 00:19:14,350 [INFO] ThirdParty:1030 - CMSIS Pack Vendor :STMicroelectronics FP-SNS-MOTENVWB1 1.3.1
2023-12-30 00:19:14,350 [INFO] ThirdParty:1030 - CMSIS Pack Vendor :STMicroelectronics X-CUBE-BLE1 7.0.0
2023-12-30 00:19:14,350 [INFO] ThirdParty:1030 - CMSIS Pack Vendor :STMicroelectronics FP-ATR-SIGFOX1 3.2.0
2023-12-30 00:19:14,350 [INFO] ThirdParty:1030 - CMSIS Pack Vendor :STMicroelectronics X-CUBE-ISPU 2.0.0
2023-12-30 00:19:14,350 [INFO] ThirdParty:1030 - CMSIS Pack Vendor :STMicroelectronics HAL Drivers 0.0.0
2023-12-30 00:19:14,350 [INFO] ThirdParty:1030 - CMSIS Pack Vendor :STMicroelectronics MBEDTLS 2.16.2
2023-12-30 00:19:14,350 [INFO] ThirdParty:1030 - CMSIS Pack Vendor :emotas I-CUBE-CANOPEN 1.3.0
2023-12-30 00:19:14,350 [INFO] ThirdParty:1030 - CMSIS Pack Vendor :STMicroelectronics X-CUBE-MEMS1 10.0.0
2023-12-30 00:19:14,350 [INFO] ThirdParty:1030 - CMSIS Pack Vendor :STMicroelectronics X-CUBE-FREERTOS 1.1.0
2023-12-30 00:19:14,350 [INFO] ThirdParty:1030 - CMSIS Pack Vendor :STMicroelectronics X-CUBE-NFC7 1.0.1
2023-12-30 00:19:14,350 [INFO] ThirdParty:1030 - CMSIS Pack Vendor :STMicroelectronics MBEDTLS 2.14.1
2023-12-30 00:19:14,350 [INFO] ThirdParty:1030 - CMSIS Pack Vendor :STMicroelectronics X-CUBE-NFC6 3.0.0
2023-12-30 00:19:14,350 [INFO] ThirdParty:1030 - CMSIS Pack Vendor :portGmbH I-Cube-SoM-uGOAL 1.1.0
2023-12-30 00:19:14,350 [INFO] ThirdParty:1030 - CMSIS Pack Vendor :STMicroelectronics X-CUBE-ALS 1.0.1
2023-12-30 00:19:14,350 [INFO] ThirdParty:1030 - CMSIS Pack Vendor :STMicroelectronics ThreadX 1.0.0
2023-12-30 00:19:14,350 [INFO] ThirdParty:1030 - CMSIS Pack Vendor :STMicroelectronics FP-SNS-SMARTAG2 1.2.0
2023-12-30 00:19:14,350 [INFO] ThirdParty:1030 - CMSIS Pack Vendor :STMicroelectronics X-CUBE-AZRTOS-WL 2.0.0
2023-12-30 00:19:14,350 [INFO] ThirdParty:1030 - CMSIS Pack Vendor :STMicroelectronics USB_DEVICE 1.0.0
2023-12-30 00:19:14,350 [INFO] ThirdParty:1030 - CMSIS Pack Vendor :STMicroelectronics X-CUBE-AI 8.1.0
2023-12-30 00:19:14,350 [INFO] ThirdParty:1030 - CMSIS Pack Vendor :STMicroelectronics X-CUBE-AZRTOS-L4 2.0.0
2023-12-30 00:19:14,350 [INFO] ThirdParty:1030 - CMSIS Pack Vendor :STMicroelectronics ThreadX 0.0.2
2023-12-30 00:19:14,350 [INFO] ThirdParty:1030 - CMSIS Pack Vendor :WES I-CUBE-Cesium 1.3.0
2023-12-30 00:19:14,350 [INFO] ThirdParty:1030 - CMSIS Pack Vendor :STMicroelectronics FP-ATR-ASTRA1 2.0.0
2023-12-30 00:19:14,350 [INFO] ThirdParty:1030 - CMSIS Pack Vendor :STMicroelectronics lwIP 2.1.2
2023-12-30 00:19:14,350 [INFO] ThirdParty:1030 - CMSIS Pack Vendor :STMicroelectronics X-CUBE-SFXS2LP1 4.0.0
2023-12-30 00:19:14,350 [INFO] ThirdParty:1030 - CMSIS Pack Vendor :STMicroelectronics X-CUBE-BLE2 3.3.0
2023-12-30 00:19:14,350 [INFO] ThirdParty:1030 - CMSIS Pack Vendor :STMicroelectronics X-CUBE-TOF1 3.4.0
2023-12-30 00:19:14,351 [INFO] ThirdParty:1030 - CMSIS Pack Vendor :STMicroelectronics X-CUBE-AZRTOS-H7 3.2.0
2023-12-30 00:19:14,351 [INFO] ThirdParty:1030 - CMSIS Pack Vendor :STMicroelectronics PDM2PCM 3.2.0
2023-12-30 00:19:14,351 [INFO] ThirdParty:841 - exiting critical section [change project]
2023-12-30 00:19:14,542 [INFO] PinOutPanel:1499 - setPackage(No Configuration,No Configuration)
2023-12-30 00:19:14,543 [INFO] PinOutPanel:1499 - setPackage(STM32F103C8Tx,LQFP48)
2023-12-30 00:19:14,829 [INFO] UtilMem:75 - Before build in PCC Used Memory: 334122448 Bytes (444596224)
2023-12-30 00:19:15,591 [INFO] UtilMem:75 - After build in PCC Used Memory: 209592448 Bytes (444596224)
2023-12-30 00:19:15,615 [INFO] IPUIPlugin:80 - create IPUIPlugin
2023-12-30 00:19:15,616 [INFO] IPUIPlugin:80 - create IPUIPlugin
2023-12-30 00:19:15,616 [INFO] IPUIPlugin:80 - create IPUIPlugin
2023-12-30 00:19:15,616 [INFO] IPUIPlugin:80 - create IPUIPlugin
2023-12-30 00:19:15,616 [INFO] IPUIPlugin:80 - create IPUIPlugin
2023-12-30 00:19:15,616 [INFO] IPUIPlugin:80 - create IPUIPlugin
2023-12-30 00:19:15,616 [INFO] IPUIPlugin:80 - create IPUIPlugin
2023-12-30 00:19:15,616 [INFO] IPUIPlugin:80 - create IPUIPlugin
2023-12-30 00:19:15,616 [INFO] IPUIPlugin:80 - create IPUIPlugin
2023-12-30 00:19:15,616 [INFO] IPUIPlugin:80 - create IPUIPlugin
2023-12-30 00:19:15,616 [INFO] IPUIPlugin:80 - create IPUIPlugin
2023-12-30 00:19:15,616 [INFO] IPUIPlugin:80 - create IPUIPlugin
2023-12-30 00:19:15,617 [INFO] IPUIPlugin:80 - create IPUIPlugin
2023-12-30 00:19:15,617 [INFO] IPUIPlugin:80 - create IPUIPlugin
2023-12-30 00:19:15,617 [INFO] IPUIPlugin:80 - create IPUIPlugin
2023-12-30 00:19:15,617 [INFO] IPUIPlugin:80 - create IPUIPlugin
2023-12-30 00:19:15,618 [INFO] IPUIPlugin:80 - create IPUIPlugin
2023-12-30 00:19:15,618 [INFO] IPUIPlugin:80 - create IPUIPlugin
2023-12-30 00:19:15,618 [INFO] IPUIPlugin:80 - create IPUIPlugin
2023-12-30 00:19:15,618 [INFO] IPUIPlugin:80 - create IPUIPlugin
2023-12-30 00:19:15,618 [INFO] IPUIPlugin:80 - create IPUIPlugin
2023-12-30 00:19:15,619 [INFO] IPUIPlugin:80 - create IPUIPlugin
2023-12-30 00:19:15,619 [INFO] IPUIPlugin:80 - create IPUIPlugin
2023-12-30 00:19:15,619 [INFO] IPUIPlugin:80 - create IPUIPlugin
2023-12-30 00:19:15,619 [INFO] IPUIPlugin:80 - create IPUIPlugin
2023-12-30 00:19:15,620 [INFO] IPUIPlugin:80 - create IPUIPlugin
2023-12-30 00:19:15,620 [INFO] IPUIPlugin:80 - create IPUIPlugin
2023-12-30 00:19:15,844 [INFO] CADModel:165 - CPN selected for project levelSTM32F103C8T6
2023-12-30 00:19:15,844 [INFO] CADModel:114 - Register for checkConnection events
2023-12-30 00:19:15,882 [INFO] OpenFileManager:343 - Restore cursor
2023-12-30 00:19:29,896 [ERROR] LogOutputStream:75 - [STDERR_REDIRECT] SLF4J: Failed to load class "org.slf4j.impl.StaticLoggerBinder".
2023-12-30 00:19:29,898 [ERROR] LogOutputStream:75 - [STDERR_REDIRECT] SLF4J: Defaulting to no-operation (NOP) logger implementation
2023-12-30 00:19:29,899 [ERROR] LogOutputStream:75 - [STDERR_REDIRECT] SLF4J: See http://www.slf4j.org/codes.html#StaticLoggerBinder for further details.
2023-12-30 00:21:43,433 [ERROR] LogOutputStream:75 - [STDERR_REDIRECT] 
2023-12-30 00:21:49,337 [INFO] Activator:176 - 


2023-12-30 00:21:49,339 [INFO] Activator:177 - !SESSION log4j initialized
2023-12-30 00:21:53,062 [INFO] LogOutputStream:77 - [STDOUT_REDIRECT] 
2023-12-30 00:21:53,607 [INFO] ApplicationProperties:184 - Using Application install path: C:\ST\STM32CubeIDE_1.14.0\STM32CubeIDE\plugins\com.st.stm32cube.common.mx_6.10.0.202311202037
2023-12-30 00:21:53,626 [INFO] DbMcusXml:78 - Set database path to: C:\ST\STM32CubeIDE_1.14.0\STM32CubeIDE\plugins\com.st.stm32cube.common.mx_6.10.0.202311202037\\db\/mcu/
2023-12-30 00:21:53,626 [INFO] ApiDb:274 - Set plugin database path to: C:\ST\STM32CubeIDE_1.14.0\STM32CubeIDE\plugins\com.st.stm32cube.common.mx_6.10.0.202311202037\\db\/plugins/boardmanager/
2023-12-30 00:21:53,626 [WARN] ApiDb:259 - Overriding images path with different value:  => C:\ST\STM32CubeIDE_1.14.0\STM32CubeIDE\plugins\com.st.stm32cube.common.mx_6.10.0.202311202037\\db\/plugins/mcufinder/images/
2023-12-30 00:21:53,629 [INFO] ApiDb:250 - Set database path to: C:\Users\hasan\.stmcufinder\plugins\mcufinder//mcu/
2023-12-30 00:21:53,630 [INFO] DbMcusAds:125 - Set database path to: C:\Users\hasan\.stmcufinder\plugins\mcufinder//mcu/
2023-12-30 00:21:53,632 [INFO] CrossReferenceDbSqlite:203 - Set database path to: C:\Users\hasan\.stmcufinder\plugins\mcufinder//mcu/cs/
2023-12-30 00:21:53,701 [INFO] RulesReader:64 - Compatibility file has been processed (297 Rules)
2023-12-30 00:21:53,756 [INFO] DbMcusXml:78 - Set database path to: C:\ST\STM32CubeIDE_1.14.0\STM32CubeIDE\plugins\com.st.stm32cube.common.mx_6.10.0.202311202037\\db\/mcu/
2023-12-30 00:21:53,756 [INFO] ApiDb:274 - Set plugin database path to: C:\ST\STM32CubeIDE_1.14.0\STM32CubeIDE\plugins\com.st.stm32cube.common.mx_6.10.0.202311202037\\db\/plugins/boardmanager/
2023-12-30 00:21:53,756 [INFO] ApiDb:261 - Set plugin images path to: C:\ST\STM32CubeIDE_1.14.0\STM32CubeIDE\plugins\com.st.stm32cube.common.mx_6.10.0.202311202037\\db\/plugins/mcufinder/images/
2023-12-30 00:21:53,756 [WARN] DbFile:41 - Overriding database path with different value: C:\Users\hasan\.stmcufinder\plugins\mcufinder/ => C:\Users\hasan\.stmcufinder\plugins\mcufinder
2023-12-30 00:21:53,757 [INFO] ApiDb:250 - Set database path to: C:\Users\hasan\.stmcufinder\plugins\mcufinder//mcu/
2023-12-30 00:21:53,757 [WARN] DbFile:41 - Overriding database path with different value: C:\Users\hasan\.stmcufinder\plugins\mcufinder/ => C:\Users\hasan\.stmcufinder\plugins\mcufinder
2023-12-30 00:21:53,757 [INFO] DbMcusAds:125 - Set database path to: C:\Users\hasan\.stmcufinder\plugins\mcufinder//mcu/
2023-12-30 00:21:53,757 [WARN] DbFile:41 - Overriding database path with different value: C:\Users\hasan\.stmcufinder\plugins\mcufinder/ => C:\Users\hasan\.stmcufinder\plugins\mcufinder
2023-12-30 00:21:53,757 [WARN] DbFile:41 - Overriding database path with different value: C:\Users\hasan\.stmcufinder\plugins\mcufinder/ => C:\Users\hasan\.stmcufinder\plugins\mcufinder
2023-12-30 00:21:53,757 [INFO] CrossReferenceDbSqlite:203 - Set database path to: C:\Users\hasan\.stmcufinder\plugins\mcufinder//mcu/cs/
2023-12-30 00:21:53,806 [INFO] MainPanel:264 - HeapMemory: 268435456
2023-12-30 00:21:53,856 [INFO] DbMcusXml:78 - Set database path to: C:\ST\STM32CubeIDE_1.14.0\STM32CubeIDE\plugins\com.st.stm32cube.common.mx_6.10.0.202311202037\\db\/mcu/
2023-12-30 00:21:53,856 [INFO] ApiDb:274 - Set plugin database path to: C:\ST\STM32CubeIDE_1.14.0\STM32CubeIDE\plugins\com.st.stm32cube.common.mx_6.10.0.202311202037\\db\/plugins/boardmanager/
2023-12-30 00:21:53,856 [INFO] ApiDb:261 - Set plugin images path to: C:\ST\STM32CubeIDE_1.14.0\STM32CubeIDE\plugins\com.st.stm32cube.common.mx_6.10.0.202311202037\\db\/plugins/mcufinder/images/
2023-12-30 00:21:53,856 [WARN] DbFile:41 - Overriding database path with different value: C:\Users\hasan\.stmcufinder\plugins\mcufinder/ => C:\Users\hasan\.stmcufinder\plugins\mcufinder
2023-12-30 00:21:53,856 [INFO] ApiDb:250 - Set database path to: C:\Users\hasan\.stmcufinder\plugins\mcufinder//mcu/
2023-12-30 00:21:53,857 [WARN] DbFile:41 - Overriding database path with different value: C:\Users\hasan\.stmcufinder\plugins\mcufinder/ => C:\Users\hasan\.stmcufinder\plugins\mcufinder
2023-12-30 00:21:53,857 [INFO] DbMcusAds:125 - Set database path to: C:\Users\hasan\.stmcufinder\plugins\mcufinder//mcu/
2023-12-30 00:21:53,857 [WARN] DbFile:41 - Overriding database path with different value: C:\Users\hasan\.stmcufinder\plugins\mcufinder/ => C:\Users\hasan\.stmcufinder\plugins\mcufinder
2023-12-30 00:21:53,857 [WARN] DbFile:41 - Overriding database path with different value: C:\Users\hasan\.stmcufinder\plugins\mcufinder/ => C:\Users\hasan\.stmcufinder\plugins\mcufinder
2023-12-30 00:21:53,857 [INFO] CrossReferenceDbSqlite:203 - Set database path to: C:\Users\hasan\.stmcufinder\plugins\mcufinder//mcu/cs/
2023-12-30 00:21:53,868 [INFO] ApplicationProperties:184 - Using Application install path: C:\ST\STM32CubeIDE_1.14.0\STM32CubeIDE\plugins\com.st.stm32cube.common.mx_6.10.0.202311202037
2023-12-30 00:21:53,869 [INFO] PluginManage:196 - Search for loadable plugins [exclusion list=, ]
2023-12-30 00:21:53,869 [INFO] PluginManage:310 - Check plugin analytics
2023-12-30 00:21:54,000 [INFO] AnalyticsPlugin:253 - Accepted Software Licenses: 
2023-12-30 00:21:54,001 [INFO] AnalyticsPlugin:255 - Accepted CMSIS Pack Licenses: 
2023-12-30 00:21:54,001 [INFO] AnalyticsPlugin:257 - Accepted Firmware Licenses: 
2023-12-30 00:21:54,004 [INFO] PluginManage:359 - Loaded plugin analytics (category:tool,tabindex:-1)
2023-12-30 00:21:54,004 [INFO] PluginManage:310 - Check plugin cadmodel
2023-12-30 00:21:54,009 [INFO] CADModel:105 - Init CAD model plugin
2023-12-30 00:21:54,009 [INFO] PluginManage:359 - Loaded plugin cadmodel (category:power,tabindex:5)
2023-12-30 00:21:54,009 [INFO] PluginManage:310 - Check plugin clock
2023-12-30 00:21:54,015 [INFO] PluginManage:359 - Loaded plugin clock (category:base,tabindex:2)
2023-12-30 00:21:54,015 [INFO] PluginManage:310 - Check plugin ddr
2023-12-30 00:21:54,016 [INFO] PluginManage:359 - Loaded plugin ddr (category:tool,tabindex:6)
2023-12-30 00:21:54,016 [INFO] PluginManage:310 - Check plugin filemanager
2023-12-30 00:21:54,126 [INFO] PluginManage:359 - Loaded plugin filemanager (category:base,tabindex:10)
2023-12-30 00:21:54,126 [INFO] PluginManage:310 - Check plugin ipmanager
2023-12-30 00:21:54,132 [INFO] PluginManage:359 - Loaded plugin ipmanager (category:base,tabindex:5)
2023-12-30 00:21:54,132 [INFO] PluginManage:310 - Check plugin lpbam
2023-12-30 00:21:54,139 [INFO] PluginManage:359 - Loaded plugin lpbam (category:base,tabindex:0)
2023-12-30 00:21:54,139 [INFO] PluginManage:310 - Check plugin memorymap
2023-12-30 00:21:54,151 [INFO] PluginManage:359 - Loaded plugin memorymap (category:base,tabindex:4)
2023-12-30 00:21:54,152 [INFO] PluginManage:310 - Check plugin pinoutandconfiguration
2023-12-30 00:21:54,156 [INFO] PluginManage:359 - Loaded plugin pinoutandconfiguration (category:base,tabindex:1)
2023-12-30 00:21:54,157 [INFO] PluginManage:310 - Check plugin pinoutconfig
2023-12-30 00:21:54,211 [WARN] SupportedApi:132 - Cannot load RTOS API schema: s4s-elt-must-match.1: The content of 'definitions' must match (annotation?, (simpleType | complexType)?, (unique | key | keyref)*)). A problem was found starting at: attribute.
2023-12-30 00:21:54,293 [INFO] PluginManage:359 - Loaded plugin pinoutconfig (category:base,tabindex:0)
2023-12-30 00:21:54,293 [INFO] PluginManage:310 - Check plugin power
2023-12-30 00:21:54,299 [INFO] PluginManage:359 - Loaded plugin power (category:power,tabindex:4)
2023-12-30 00:21:54,299 [INFO] PluginManage:310 - Check plugin projectmanager
2023-12-30 00:21:54,312 [INFO] PluginManage:359 - Loaded plugin projectmanager (category:projectmanager,tabindex:3)
2023-12-30 00:21:54,312 [INFO] PluginManage:310 - Check plugin thirdparty
2023-12-30 00:21:54,400 [INFO] PluginManage:359 - Loaded plugin thirdparty (category:base,tabindex:-1)
2023-12-30 00:21:54,400 [WARN] IntegrityCheckThread:84 - waiting for thirdparty lock release [integrity check]
2023-12-30 00:21:54,401 [INFO] PluginManage:310 - Check plugin tools
2023-12-30 00:21:54,401 [INFO] IntegrityCheckThread:86 - entering critical section [integrity check]
2023-12-30 00:21:54,401 [INFO] ThirdPartyUpdaterWithRetryManager:70 - Updater plugin not ready yet. [1/15]
2023-12-30 00:21:54,403 [INFO] PluginManage:359 - Loaded plugin tools (category:base,tabindex:7)
2023-12-30 00:21:54,403 [INFO] PluginManage:310 - Check plugin tutovideos
2023-12-30 00:21:54,524 [INFO] PluginManage:359 - Loaded plugin tutovideos (category:base,tabindex:-1)
2023-12-30 00:21:54,524 [INFO] PluginManage:310 - Check plugin updater
2023-12-30 00:21:54,532 [INFO] PluginManage:359 - Loaded plugin updater (category:base,tabindex:12)
2023-12-30 00:21:54,532 [INFO] PluginManage:310 - Check plugin userauth
2023-12-30 00:21:54,536 [INFO] UserAuth:114 - Init User Auth plugin
2023-12-30 00:21:54,536 [INFO] PluginManage:359 - Loaded plugin userauth (category:base,tabindex:14)
2023-12-30 00:21:54,536 [INFO] PluginManage:283 - PluginManage : Loaded plugins [17]
2023-12-30 00:21:54,667 [INFO] PinOutPanel:1499 - setPackage(No Configuration,No Configuration)
2023-12-30 00:21:54,714 [INFO] CADModel:165 - CPN selected for project level
2023-12-30 00:21:54,714 [INFO] CADModel:114 - Register for checkConnection events
2023-12-30 00:21:54,725 [INFO] IPUIPlugin:80 - create IPUIPlugin
2023-12-30 00:21:54,725 [INFO] PluginManager:220 - loadIPPluginJar : add adc
2023-12-30 00:21:54,726 [INFO] IPUIPlugin:80 - create IPUIPlugin
2023-12-30 00:21:54,726 [INFO] PluginManager:220 - loadIPPluginJar : add aes
2023-12-30 00:21:54,738 [INFO] IPUIPlugin:80 - create IPUIPlugin
2023-12-30 00:21:54,738 [INFO] PluginManager:220 - loadIPPluginJar : add can
2023-12-30 00:21:54,739 [INFO] IPUIPlugin:80 - create IPUIPlugin
2023-12-30 00:21:54,740 [INFO] PluginManager:220 - loadIPPluginJar : add comp
2023-12-30 00:21:54,741 [INFO] IPUIPlugin:80 - create IPUIPlugin
2023-12-30 00:21:54,741 [INFO] PluginManager:220 - loadIPPluginJar : add cryp
2023-12-30 00:21:54,743 [INFO] IPUIPlugin:80 - create IPUIPlugin
2023-12-30 00:21:54,743 [INFO] PluginManager:220 - loadIPPluginJar : add dfsdm
2023-12-30 00:21:54,747 [INFO] IPUIPlugin:80 - create IPUIPlugin
2023-12-30 00:21:54,747 [INFO] PluginManager:220 - loadIPPluginJar : add dma
2023-12-30 00:21:54,748 [INFO] IPUIPlugin:80 - create IPUIPlugin
2023-12-30 00:21:54,748 [INFO] PluginManager:220 - loadIPPluginJar : add dma3
2023-12-30 00:21:54,749 [INFO] IPUIPlugin:80 - create IPUIPlugin
2023-12-30 00:21:54,749 [INFO] PluginManager:220 - loadIPPluginJar : add fatfs
2023-12-30 00:21:54,758 [INFO] IPUIPlugin:80 - create IPUIPlugin
2023-12-30 00:21:54,758 [INFO] PluginManager:220 - loadIPPluginJar : add fmc
2023-12-30 00:21:54,761 [INFO] IPUIPlugin:80 - create IPUIPlugin
2023-12-30 00:21:54,761 [INFO] PluginManager:220 - loadIPPluginJar : add freertos
2023-12-30 00:21:54,763 [INFO] IPUIPlugin:80 - create IPUIPlugin
2023-12-30 00:21:54,763 [INFO] PluginManager:220 - loadIPPluginJar : add genericplugin
2023-12-30 00:21:54,765 [INFO] IPUIPlugin:80 - create IPUIPlugin
2023-12-30 00:21:54,765 [INFO] PluginManager:220 - loadIPPluginJar : add gfxmmu
2023-12-30 00:21:54,770 [INFO] IPUIPlugin:80 - create IPUIPlugin
2023-12-30 00:21:54,770 [INFO] PluginManager:220 - loadIPPluginJar : add gic
2023-12-30 00:21:54,772 [INFO] IPUIPlugin:80 - create IPUIPlugin
2023-12-30 00:21:54,773 [INFO] PluginManager:220 - loadIPPluginJar : add gpio
2023-12-30 00:21:54,774 [INFO] IPUIPlugin:80 - create IPUIPlugin
2023-12-30 00:21:54,774 [INFO] PluginManager:220 - loadIPPluginJar : add gtzc
2023-12-30 00:21:54,775 [INFO] IPUIPlugin:80 - create IPUIPlugin
2023-12-30 00:21:54,775 [INFO] PluginManager:220 - loadIPPluginJar : add hash
2023-12-30 00:21:54,777 [INFO] IPUIPlugin:80 - create IPUIPlugin
2023-12-30 00:21:54,777 [INFO] PluginManager:220 - loadIPPluginJar : add i2c
2023-12-30 00:21:54,778 [INFO] IPUIPlugin:80 - create IPUIPlugin
2023-12-30 00:21:54,778 [INFO] PluginManager:220 - loadIPPluginJar : add i2s
2023-12-30 00:21:54,779 [INFO] IPUIPlugin:80 - create IPUIPlugin
2023-12-30 00:21:54,780 [INFO] PluginManager:220 - loadIPPluginJar : add i3c
2023-12-30 00:21:54,781 [INFO] IPUIPlugin:80 - create IPUIPlugin
2023-12-30 00:21:54,782 [INFO] PluginManager:220 - loadIPPluginJar : add ipddr
2023-12-30 00:21:54,786 [INFO] IPUIPlugin:80 - create IPUIPlugin
2023-12-30 00:21:54,786 [INFO] PluginManager:220 - loadIPPluginJar : add linkedlist
2023-12-30 00:21:54,788 [INFO] IPUIPlugin:80 - create IPUIPlugin
2023-12-30 00:21:54,788 [INFO] PluginManager:220 - loadIPPluginJar : add lorawan
2023-12-30 00:21:54,789 [INFO] IPUIPlugin:80 - create IPUIPlugin
2023-12-30 00:21:54,789 [INFO] PluginManager:220 - loadIPPluginJar : add ltdc
2023-12-30 00:21:54,792 [INFO] IPUIPlugin:80 - create IPUIPlugin
2023-12-30 00:21:54,793 [INFO] PluginManager:220 - loadIPPluginJar : add mdma
2023-12-30 00:21:54,797 [INFO] IPUIPlugin:80 - create IPUIPlugin
2023-12-30 00:21:54,797 [INFO] PluginManager:220 - loadIPPluginJar : add nvic
2023-12-30 00:21:54,799 [INFO] IPUIPlugin:80 - create IPUIPlugin
2023-12-30 00:21:54,799 [INFO] PluginManager:220 - loadIPPluginJar : add opamp
2023-12-30 00:21:54,800 [INFO] IPUIPlugin:80 - create IPUIPlugin
2023-12-30 00:21:54,800 [INFO] PluginManager:220 - loadIPPluginJar : add openamp
2023-12-30 00:21:54,802 [INFO] IPUIPlugin:80 - create IPUIPlugin
2023-12-30 00:21:54,802 [INFO] PluginManager:220 - loadIPPluginJar : add pdm2pcm
2023-12-30 00:21:54,806 [INFO] IPUIPlugin:80 - create IPUIPlugin
2023-12-30 00:21:54,808 [INFO] PluginManager:220 - loadIPPluginJar : add plateformsettings
2023-12-30 00:21:54,809 [INFO] IPUIPlugin:80 - create IPUIPlugin
2023-12-30 00:21:54,809 [INFO] PluginManager:220 - loadIPPluginJar : add quadspi
2023-12-30 00:21:54,811 [INFO] IPUIPlugin:80 - create IPUIPlugin
2023-12-30 00:21:54,811 [INFO] PluginManager:220 - loadIPPluginJar : add resmgrutility
2023-12-30 00:21:54,813 [INFO] IPUIPlugin:80 - create IPUIPlugin
2023-12-30 00:21:54,813 [INFO] PluginManager:220 - loadIPPluginJar : add sai
2023-12-30 00:21:54,814 [INFO] IPUIPlugin:80 - create IPUIPlugin
2023-12-30 00:21:54,814 [INFO] PluginManager:220 - loadIPPluginJar : add spi
2023-12-30 00:21:54,817 [INFO] IPUIPlugin:80 - create IPUIPlugin
2023-12-30 00:21:54,817 [INFO] PluginManager:220 - loadIPPluginJar : add stm32_wpan
2023-12-30 00:21:54,818 [INFO] IPUIPlugin:80 - create IPUIPlugin
2023-12-30 00:21:54,818 [INFO] PluginManager:220 - loadIPPluginJar : add tim
2023-12-30 00:21:54,820 [INFO] IPUIPlugin:80 - create IPUIPlugin
2023-12-30 00:21:54,820 [INFO] PluginManager:220 - loadIPPluginJar : add touchsensing
2023-12-30 00:21:54,821 [INFO] IPUIPlugin:80 - create IPUIPlugin
2023-12-30 00:21:54,821 [INFO] PluginManager:220 - loadIPPluginJar : add tracer_emb
2023-12-30 00:21:54,822 [INFO] IPUIPlugin:80 - create IPUIPlugin
2023-12-30 00:21:54,822 [INFO] PluginManager:220 - loadIPPluginJar : add ts
2023-12-30 00:21:54,823 [INFO] IPUIPlugin:80 - create IPUIPlugin
2023-12-30 00:21:54,823 [INFO] PluginManager:220 - loadIPPluginJar : add tsc
2023-12-30 00:21:54,824 [INFO] IPUIPlugin:80 - create IPUIPlugin
2023-12-30 00:21:54,824 [INFO] PluginManager:220 - loadIPPluginJar : add ucpd
2023-12-30 00:21:54,826 [INFO] IPUIPlugin:80 - create IPUIPlugin
2023-12-30 00:21:54,826 [INFO] PluginManager:220 - loadIPPluginJar : add usart
2023-12-30 00:21:54,830 [INFO] IPUIPlugin:80 - create IPUIPlugin
2023-12-30 00:21:54,830 [INFO] PluginManager:220 - loadIPPluginJar : add usbx
2023-12-30 00:21:54,937 [INFO] CADModel:165 - CPN selected for project level
2023-12-30 00:21:54,938 [INFO] CADModel:114 - Register for checkConnection events
2023-12-30 00:21:54,938 [FATAL] Updater:308 - Updater called before beeing initialized
2023-12-30 00:21:54,938 [ERROR] CADModel:125 - Updater not yet initialized, retry later 
2023-12-30 00:21:55,029 [INFO] CADModel:165 - CPN selected for project level
2023-12-30 00:21:55,029 [INFO] CADModel:114 - Register for checkConnection events
2023-12-30 00:21:55,029 [FATAL] Updater:308 - Updater called before beeing initialized
2023-12-30 00:21:55,029 [ERROR] CADModel:125 - Updater not yet initialized, retry later 
2023-12-30 00:21:55,032 [FATAL] Updater:308 - Updater called before beeing initialized
2023-12-30 00:21:55,097 [FATAL] Updater:308 - Updater called before beeing initialized
2023-12-30 00:21:55,100 [INFO] DbMcusAds:53 - JSON generation date=Thu Sep 30 09:55:09 TRT 2021 (1632984909247)
2023-12-30 00:21:55,100 [FATAL] Updater:308 - Updater called before beeing initialized
2023-12-30 00:21:55,124 [WARN] DetailPanel:346 - Failed to get advertising image, set to default
2023-12-30 00:21:55,181 [FATAL] Updater:308 - Updater called before beeing initialized
2023-12-30 00:21:55,182 [FATAL] Updater:308 - Updater called before beeing initialized
2023-12-30 00:21:55,182 [FATAL] Updater:308 - Updater called before beeing initialized
2023-12-30 00:21:55,182 [WARN] DetailPanel:346 - Failed to get advertising image, set to default
2023-12-30 00:21:55,183 [FATAL] Updater:308 - Updater called before beeing initialized
2023-12-30 00:21:55,214 [ERROR] Updater:1120 - MainUpdater not yet initialized. External WinMGr cannot be set.
2023-12-30 00:21:55,216 [INFO] Updater:1056 - Updater Version found : 6.10.0
2023-12-30 00:21:55,230 [INFO] ApplicationProperties:184 - Using Application install path: C:\ST\STM32CubeIDE_1.14.0\STM32CubeIDE\plugins\com.st.stm32cube.common.mx_6.10.0.202311202037
2023-12-30 00:21:56,798 [ERROR] LogOutputStream:75 - [STDERR_REDIRECT] Dec 30, 2023 12:21:56 AM java.util.prefs.WindowsPreferences <init>
2023-12-30 00:21:56,799 [ERROR] LogOutputStream:75 - [STDERR_REDIRECT] WARNING: Could not open/create prefs root node Software\JavaSoft\Prefs at root 0xffffffff80000002. Windows RegCreateKeyEx(...) returned error code 5.
2023-12-30 00:21:56,801 [ERROR] LogOutputStream:75 - [STDERR_REDIRECT] 
2023-12-30 00:21:57,149 [INFO] MainUpdater:2873 - connection check result : 10
2023-12-30 00:21:57,149 [INFO] MainUpdater:290 - Updater Check For Update Now.
2023-12-30 00:21:57,149 [INFO] MicroXplorer:498 - Change Database Version : DB.6.0.100
2023-12-30 00:21:57,154 [INFO] McuFinderGlobals:63 - Set McuFinder mode to 2 (CubeIDE integrated)
2023-12-30 00:21:57,311 [INFO] CheckServerUpdateThread:120 - End of CheckServer Thread
2023-12-30 00:21:57,501 [WARN] PackLoader:240 - Cannot read IP mode file for STMicroelectronics.X-CUBE-SMBUS.2.1.0
2023-12-30 00:21:57,506 [WARN] PackLoader:240 - Cannot read IP mode file for STMicroelectronics.X-CUBE-TOUCHGFX.4.23.0
2023-12-30 00:21:57,529 [WARN] PackLoader:240 - Cannot read IP mode file for STMicroelectronics.X-CUBE-AZRTOS-F7.1.1.0
2023-12-30 00:21:57,539 [WARN] PackLoader:240 - Cannot read IP mode file for STMicroelectronics.FP-SNS-MOTENV1.4.3.2
2023-12-30 00:21:57,544 [WARN] PackLoader:240 - Cannot read IP mode file for STMicroelectronics.FP-SNS-FLIGHT1.5.0.2
2023-12-30 00:21:57,552 [WARN] PackLoader:240 - Cannot read IP mode file for STMicroelectronics.X-CUBE-DISPLAY.3.0.0
2023-12-30 00:21:57,565 [WARN] PackLoader:240 - Cannot read IP mode file for STMicroelectronics.X-CUBE-BLE1.7.0.0
2023-12-30 00:21:57,570 [WARN] PackLoader:240 - Cannot read IP mode file for emotas.I-CUBE-CANOPEN.1.3.0
2023-12-30 00:21:57,574 [WARN] PackLoader:240 - Cannot read IP mode file for STMicroelectronics.FP-SNS-SMARTAG2.1.2.0
2023-12-30 00:21:57,584 [INFO] LogOutputStream:77 - [STDOUT_REDIRECT] 1 : Invalid condition id : UX_CORESTACK_Condition cause : null
2023-12-30 00:21:57,585 [INFO] LogOutputStream:77 - [STDOUT_REDIRECT] 1 : Invalid condition id : UX_CORESTACK_Condition cause : null
2023-12-30 00:21:57,587 [INFO] LogOutputStream:77 - [STDOUT_REDIRECT] 1 : Invalid condition id : UX_CORESTACK_Condition cause : null
2023-12-30 00:21:57,588 [INFO] LogOutputStream:77 - [STDOUT_REDIRECT] 1 : Invalid condition id : UX_CORESTACK_Condition cause : null
2023-12-30 00:21:57,589 [INFO] LogOutputStream:77 - [STDOUT_REDIRECT] 1 : Invalid condition id : UX_CORESTACK_Condition cause : null
2023-12-30 00:21:57,591 [WARN] PackLoader:240 - Cannot read IP mode file for STMicroelectronics.X-CUBE-AZRTOS-WL.2.0.0
2023-12-30 00:21:57,600 [WARN] PackLoader:240 - Cannot read IP mode file for WES.I-CUBE-Cesium.1.3.0
2023-12-30 00:21:57,604 [WARN] PackLoader:240 - Cannot read IP mode file for STMicroelectronics.X-CUBE-BLE2.3.3.0
2023-12-30 00:21:57,609 [WARN] PackLoader:240 - Cannot read IP mode file for STMicroelectronics.X-CUBE-ALGOBUILD.1.3.0
2023-12-30 00:21:57,620 [WARN] PackLoader:240 - Cannot read IP mode file for STMicroelectronics.X-CUBE-AZRTOS-G0.1.1.0
2023-12-30 00:21:57,625 [WARN] PackLoader:240 - Cannot read IP mode file for STMicroelectronics.X-CUBE-NFC4.3.0.0
2023-12-30 00:21:57,632 [WARN] PackLoader:240 - Cannot read IP mode file for STMicroelectronics.X-CUBE-BLEMGR.3.0.0
2023-12-30 00:21:57,636 [WARN] PackLoader:240 - Cannot read IP mode file for STMicroelectronics.FP-ATR-SIGFOX1.3.2.0
2023-12-30 00:21:57,641 [WARN] PackLoader:240 - Cannot read IP mode file for STMicroelectronics.X-CUBE-GNSS1.6.0.0
2023-12-30 00:21:57,659 [WARN] PackLoader:240 - Cannot read IP mode file for STMicroelectronics.X-CUBE-AZRTOS-F4.1.1.0
2023-12-30 00:21:57,664 [WARN] PackLoader:240 - Cannot read IP mode file for wolfSSL.I-CUBE-wolfSSL.5.6.4
2023-12-30 00:21:57,675 [WARN] PackLoader:240 - Cannot read IP mode file for STMicroelectronics.X-CUBE-AZRTOS-L5.2.0.0
2023-12-30 00:21:57,682 [WARN] PackLoader:240 - Cannot read IP mode file for STMicroelectronics.X-CUBE-EEPRMA1.4.2.0
2023-12-30 00:21:57,686 [WARN] PackLoader:240 - Cannot read IP mode file for ITTIA_DB.I-CUBE-ITTIADB.8.8.0
2023-12-30 00:21:57,689 [WARN] PackLoader:240 - Cannot read IP mode file for STMicroelectronics.X-CUBE-NFC7.1.0.1
2023-12-30 00:21:57,694 [WARN] PackLoader:240 - Cannot read IP mode file for STMicroelectronics.X-CUBE-NFC6.3.0.0
2023-12-30 00:21:57,698 [WARN] PackLoader:240 - Cannot read IP mode file for STMicroelectronics.X-CUBE-AI.8.1.0
2023-12-30 00:21:57,708 [WARN] ConditionMgr:438 - getConditionDescription Invalid condition id : LAN8742 Phy interface Condition cause : null
2023-12-30 00:21:57,709 [WARN] PackLoader:240 - Cannot read IP mode file for STMicroelectronics.X-CUBE-AZRTOS-L4.2.0.0
2023-12-30 00:21:57,710 [WARN] ConditionMgr:1039 - genDependencies : Invalid condition id : LAN8742 Phy interface Condition cause : null
2023-12-30 00:21:57,710 [WARN] ConditionMgr:1039 - genDependencies : Invalid condition id : LAN8742 Phy interface Condition cause : null
2023-12-30 00:21:57,711 [WARN] ConditionMgr:1039 - genDependencies : Invalid condition id : LAN8742 Phy interface Condition cause : null
2023-12-30 00:21:57,717 [WARN] PackLoader:240 - Cannot read IP mode file for STMicroelectronics.X-CUBE-SFXS2LP1.4.0.0
2023-12-30 00:21:57,725 [WARN] ConditionMgr:438 - getConditionDescription Invalid condition id : UX DEVICE CLASS RTOS Condition cause : null
2023-12-30 00:21:57,725 [WARN] ConditionMgr:438 - getConditionDescription Invalid condition id : UX DEVICE CLASS RTOS Condition cause : null
2023-12-30 00:21:57,726 [WARN] PackLoader:240 - Cannot read IP mode file for STMicroelectronics.X-CUBE-AZRTOS-WB.2.0.0
2023-12-30 00:21:57,727 [WARN] ConditionMgr:1039 - genDependencies : Invalid condition id : UX DEVICE CLASS RTOS Condition cause : null
2023-12-30 00:21:57,727 [WARN] ConditionMgr:1039 - genDependencies : Invalid condition id : UX DEVICE CLASS RTOS Condition cause : null
2023-12-30 00:21:57,727 [WARN] ConditionMgr:1039 - genDependencies : Invalid condition id : UX DEVICE CLASS RTOS Condition cause : null
2023-12-30 00:21:57,727 [WARN] ConditionMgr:1039 - genDependencies : Invalid condition id : UX DEVICE CLASS RTOS Condition cause : null
2023-12-30 00:21:57,727 [WARN] ConditionMgr:1039 - genDependencies : Invalid condition id : UX DEVICE CLASS RTOS Condition cause : null
2023-12-30 00:21:57,734 [WARN] PackLoader:240 - Cannot read IP mode file for STMicroelectronics.X-CUBE-SUBG2.5.0.0
2023-12-30 00:21:57,736 [INFO] UserAuth:404 - Internet connection configuration mode: 1
2023-12-30 00:21:57,746 [WARN] PackLoader:240 - Cannot read IP mode file for STMicroelectronics.X-CUBE-AZRTOS-G4.2.0.0
2023-12-30 00:21:57,755 [WARN] PackLoader:240 - Cannot read IP mode file for Infineon.AIROC-Wi-Fi-Bluetooth-STM32.1.5.1
2023-12-30 00:21:57,758 [INFO] JxBrowserEngine:152 - Initiate JxBrowser Engine with user profile folder
2023-12-30 00:21:57,760 [WARN] PackLoader:240 - Cannot read IP mode file for STMicroelectronics.FP-SNS-MOTENVWB1.1.3.1
2023-12-30 00:21:57,764 [WARN] PackLoader:240 - Cannot read IP mode file for STMicroelectronics.X-CUBE-ISPU.2.0.0
2023-12-30 00:21:57,788 [WARN] PackLoader:240 - Cannot read IP mode file for STMicroelectronics.X-CUBE-MEMS1.10.0.0
2023-12-30 00:21:57,885 [WARN] PackLoader:240 - Cannot read IP mode file for STMicroelectronics.X-CUBE-FREERTOS.1.1.0
2023-12-30 00:21:57,890 [WARN] PackLoader:240 - Cannot read IP mode file for portGmbH.I-Cube-SoM-uGOAL.1.1.0
2023-12-30 00:21:57,893 [WARN] PackLoader:240 - Cannot read IP mode file for STMicroelectronics.X-CUBE-ALS.1.0.1
2023-12-30 00:21:57,897 [WARN] PackLoader:240 - Cannot read IP mode file for STMicroelectronics.FP-ATR-ASTRA1.2.0.0
2023-12-30 00:21:57,903 [WARN] PackLoader:240 - Cannot read IP mode file for STMicroelectronics.X-CUBE-TOF1.3.4.0
2023-12-30 00:21:57,923 [WARN] PackLoader:240 - Cannot read IP mode file for STMicroelectronics.X-CUBE-AZRTOS-H7.3.2.0
2023-12-30 00:21:57,926 [INFO] ThirdParty:978 - Integrity check success = true
2023-12-30 00:21:57,927 [INFO] IntegrityCheckThread:100 - exiting critical section [integrity check]
2023-12-30 00:21:57,927 [INFO] IntegrityCheckThread:103 - End integrity checks thread
2023-12-30 00:21:58,485 [INFO] WebApp:161 - Instantiating new browser for Auth
2023-12-30 00:21:58,877 [INFO] WebApp:780 - Register for checkConnection events
2023-12-30 00:21:58,877 [INFO] WebApp:414 - Apply proxy settings
2023-12-30 00:21:58,877 [INFO] WebApp:499 - Chromium requires no authentication
2023-12-30 00:21:58,882 [INFO] WebApp:442 - Direct internet connection detected
2023-12-30 00:21:58,979 [INFO] WebApp:192 - Starting web application
2023-12-30 00:21:58,979 [INFO] WebApp:544 - Web application path used C:\ST\STM32CubeIDE_1.14.0\STM32CubeIDE\plugins\com.st.stm32cube.common.mx_6.10.0.202311202037\db\plugins\mcufinder\reactClient1\index.html
2023-12-30 00:22:19,500 [ERROR] LogOutputStream:75 - [STDERR_REDIRECT] SLF4J: Failed to load class "org.slf4j.impl.StaticLoggerBinder".
2023-12-30 00:22:19,500 [ERROR] LogOutputStream:75 - [STDERR_REDIRECT] SLF4J: Defaulting to no-operation (NOP) logger implementation
2023-12-30 00:22:19,501 [ERROR] LogOutputStream:75 - [STDERR_REDIRECT] SLF4J: See http://www.slf4j.org/codes.html#StaticLoggerBinder for further details.
2023-12-30 00:53:37,905 [ERROR] LogOutputStream:75 - [STDERR_REDIRECT] 
2023-12-30 00:53:37,907 [ERROR] LogOutputStream:75 - [STDERR_REDIRECT] 
