2024-03-19 00:48:49,202 [INFO] Activator:176 - 


2024-03-19 00:48:49,207 [INFO] Activator:177 - !SESSION log4j initialized
2024-03-19 00:48:54,943 [INFO] LogOutputStream:77 - [STDOUT_REDIRECT] 
2024-03-19 00:48:56,684 [INFO] ApplicationProperties:184 - Using Application install path: C:\ST\STM32CubeIDE_1.14.0\STM32CubeIDE\plugins\com.st.stm32cube.common.mx_6.10.0.202311202037
2024-03-19 00:48:56,700 [INFO] DbMcusXml:78 - Set database path to: C:\ST\STM32CubeIDE_1.14.0\STM32CubeIDE\plugins\com.st.stm32cube.common.mx_6.10.0.202311202037\\db\/mcu/
2024-03-19 00:48:56,700 [INFO] ApiDb:274 - Set plugin database path to: C:\ST\STM32CubeIDE_1.14.0\STM32CubeIDE\plugins\com.st.stm32cube.common.mx_6.10.0.202311202037\\db\/plugins/boardmanager/
2024-03-19 00:48:56,701 [WARN] ApiDb:259 - Overriding images path with different value:  => C:\ST\STM32CubeIDE_1.14.0\STM32CubeIDE\plugins\com.st.stm32cube.common.mx_6.10.0.202311202037\\db\/plugins/mcufinder/images/
2024-03-19 00:48:56,710 [INFO] ApiDb:250 - Set database path to: C:\Users\hasan\.stmcufinder\plugins\mcufinder//mcu/
2024-03-19 00:48:56,711 [INFO] DbMcusAds:125 - Set database path to: C:\Users\hasan\.stmcufinder\plugins\mcufinder//mcu/
2024-03-19 00:48:56,712 [INFO] CrossReferenceDbSqlite:203 - Set database path to: C:\Users\hasan\.stmcufinder\plugins\mcufinder//mcu/cs/
2024-03-19 00:48:56,794 [INFO] RulesReader:64 - Compatibility file has been processed (297 Rules)
2024-03-19 00:48:56,866 [INFO] DbMcusXml:78 - Set database path to: C:\ST\STM32CubeIDE_1.14.0\STM32CubeIDE\plugins\com.st.stm32cube.common.mx_6.10.0.202311202037\\db\/mcu/
2024-03-19 00:48:56,867 [INFO] ApiDb:274 - Set plugin database path to: C:\ST\STM32CubeIDE_1.14.0\STM32CubeIDE\plugins\com.st.stm32cube.common.mx_6.10.0.202311202037\\db\/plugins/boardmanager/
2024-03-19 00:48:56,867 [INFO] ApiDb:261 - Set plugin images path to: C:\ST\STM32CubeIDE_1.14.0\STM32CubeIDE\plugins\com.st.stm32cube.common.mx_6.10.0.202311202037\\db\/plugins/mcufinder/images/
2024-03-19 00:48:56,867 [WARN] DbFile:41 - Overriding database path with different value: C:\Users\hasan\.stmcufinder\plugins\mcufinder/ => C:\Users\hasan\.stmcufinder\plugins\mcufinder
2024-03-19 00:48:56,867 [INFO] ApiDb:250 - Set database path to: C:\Users\hasan\.stmcufinder\plugins\mcufinder//mcu/
2024-03-19 00:48:56,867 [WARN] DbFile:41 - Overriding database path with different value: C:\Users\hasan\.stmcufinder\plugins\mcufinder/ => C:\Users\hasan\.stmcufinder\plugins\mcufinder
2024-03-19 00:48:56,867 [INFO] DbMcusAds:125 - Set database path to: C:\Users\hasan\.stmcufinder\plugins\mcufinder//mcu/
2024-03-19 00:48:56,867 [WARN] DbFile:41 - Overriding database path with different value: C:\Users\hasan\.stmcufinder\plugins\mcufinder/ => C:\Users\hasan\.stmcufinder\plugins\mcufinder
2024-03-19 00:48:56,867 [WARN] DbFile:41 - Overriding database path with different value: C:\Users\hasan\.stmcufinder\plugins\mcufinder/ => C:\Users\hasan\.stmcufinder\plugins\mcufinder
2024-03-19 00:48:56,867 [INFO] CrossReferenceDbSqlite:203 - Set database path to: C:\Users\hasan\.stmcufinder\plugins\mcufinder//mcu/cs/
2024-03-19 00:48:56,943 [INFO] MainPanel:264 - HeapMemory: 268435456
2024-03-19 00:48:57,037 [INFO] DbMcusXml:78 - Set database path to: C:\ST\STM32CubeIDE_1.14.0\STM32CubeIDE\plugins\com.st.stm32cube.common.mx_6.10.0.202311202037\\db\/mcu/
2024-03-19 00:48:57,037 [INFO] ApiDb:274 - Set plugin database path to: C:\ST\STM32CubeIDE_1.14.0\STM32CubeIDE\plugins\com.st.stm32cube.common.mx_6.10.0.202311202037\\db\/plugins/boardmanager/
2024-03-19 00:48:57,037 [INFO] ApiDb:261 - Set plugin images path to: C:\ST\STM32CubeIDE_1.14.0\STM32CubeIDE\plugins\com.st.stm32cube.common.mx_6.10.0.202311202037\\db\/plugins/mcufinder/images/
2024-03-19 00:48:57,038 [WARN] DbFile:41 - Overriding database path with different value: C:\Users\hasan\.stmcufinder\plugins\mcufinder/ => C:\Users\hasan\.stmcufinder\plugins\mcufinder
2024-03-19 00:48:57,038 [INFO] ApiDb:250 - Set database path to: C:\Users\hasan\.stmcufinder\plugins\mcufinder//mcu/
2024-03-19 00:48:57,038 [WARN] DbFile:41 - Overriding database path with different value: C:\Users\hasan\.stmcufinder\plugins\mcufinder/ => C:\Users\hasan\.stmcufinder\plugins\mcufinder
2024-03-19 00:48:57,038 [INFO] DbMcusAds:125 - Set database path to: C:\Users\hasan\.stmcufinder\plugins\mcufinder//mcu/
2024-03-19 00:48:57,038 [WARN] DbFile:41 - Overriding database path with different value: C:\Users\hasan\.stmcufinder\plugins\mcufinder/ => C:\Users\hasan\.stmcufinder\plugins\mcufinder
2024-03-19 00:48:57,038 [WARN] DbFile:41 - Overriding database path with different value: C:\Users\hasan\.stmcufinder\plugins\mcufinder/ => C:\Users\hasan\.stmcufinder\plugins\mcufinder
2024-03-19 00:48:57,038 [INFO] CrossReferenceDbSqlite:203 - Set database path to: C:\Users\hasan\.stmcufinder\plugins\mcufinder//mcu/cs/
2024-03-19 00:48:57,054 [INFO] ApplicationProperties:184 - Using Application install path: C:\ST\STM32CubeIDE_1.14.0\STM32CubeIDE\plugins\com.st.stm32cube.common.mx_6.10.0.202311202037
2024-03-19 00:48:57,055 [INFO] PluginManage:196 - Search for loadable plugins [exclusion list=, ]
2024-03-19 00:48:57,057 [INFO] PluginManage:310 - Check plugin analytics
2024-03-19 00:48:57,197 [INFO] AnalyticsPlugin:253 - Accepted Software Licenses: 
2024-03-19 00:48:57,197 [INFO] AnalyticsPlugin:255 - Accepted CMSIS Pack Licenses: 
2024-03-19 00:48:57,197 [INFO] AnalyticsPlugin:257 - Accepted Firmware Licenses: 
2024-03-19 00:48:57,200 [INFO] PluginManage:359 - Loaded plugin analytics (category:tool,tabindex:-1)
2024-03-19 00:48:57,200 [INFO] PluginManage:310 - Check plugin cadmodel
2024-03-19 00:48:57,214 [INFO] CADModel:105 - Init CAD model plugin
2024-03-19 00:48:57,215 [INFO] PluginManage:359 - Loaded plugin cadmodel (category:power,tabindex:5)
2024-03-19 00:48:57,215 [INFO] PluginManage:310 - Check plugin clock
2024-03-19 00:48:57,235 [INFO] PluginManage:359 - Loaded plugin clock (category:base,tabindex:2)
2024-03-19 00:48:57,235 [INFO] PluginManage:310 - Check plugin ddr
2024-03-19 00:48:57,237 [INFO] PluginManage:359 - Loaded plugin ddr (category:tool,tabindex:6)
2024-03-19 00:48:57,237 [INFO] PluginManage:310 - Check plugin filemanager
2024-03-19 00:48:57,362 [INFO] PluginManage:359 - Loaded plugin filemanager (category:base,tabindex:10)
2024-03-19 00:48:57,362 [INFO] PluginManage:310 - Check plugin ipmanager
2024-03-19 00:48:57,367 [INFO] PluginManage:359 - Loaded plugin ipmanager (category:base,tabindex:5)
2024-03-19 00:48:57,368 [INFO] PluginManage:310 - Check plugin lpbam
2024-03-19 00:48:57,383 [INFO] PluginManage:359 - Loaded plugin lpbam (category:base,tabindex:0)
2024-03-19 00:48:57,384 [INFO] PluginManage:310 - Check plugin memorymap
2024-03-19 00:48:57,402 [INFO] PluginManage:359 - Loaded plugin memorymap (category:base,tabindex:4)
2024-03-19 00:48:57,402 [INFO] PluginManage:310 - Check plugin pinoutandconfiguration
2024-03-19 00:48:57,414 [INFO] PluginManage:359 - Loaded plugin pinoutandconfiguration (category:base,tabindex:1)
2024-03-19 00:48:57,414 [INFO] PluginManage:310 - Check plugin pinoutconfig
2024-03-19 00:48:57,486 [WARN] SupportedApi:132 - Cannot load RTOS API schema: s4s-elt-must-match.1: The content of 'definitions' must match (annotation?, (simpleType | complexType)?, (unique | key | keyref)*)). A problem was found starting at: attribute.
2024-03-19 00:48:57,600 [INFO] PluginManage:359 - Loaded plugin pinoutconfig (category:base,tabindex:0)
2024-03-19 00:48:57,600 [INFO] PluginManage:310 - Check plugin power
2024-03-19 00:48:57,617 [INFO] PluginManage:359 - Loaded plugin power (category:power,tabindex:4)
2024-03-19 00:48:57,617 [INFO] PluginManage:310 - Check plugin projectmanager
2024-03-19 00:48:57,646 [INFO] PluginManage:359 - Loaded plugin projectmanager (category:projectmanager,tabindex:3)
2024-03-19 00:48:57,646 [INFO] PluginManage:310 - Check plugin thirdparty
2024-03-19 00:48:57,845 [INFO] PluginManage:359 - Loaded plugin thirdparty (category:base,tabindex:-1)
2024-03-19 00:48:57,845 [INFO] PluginManage:310 - Check plugin tools
2024-03-19 00:48:57,845 [WARN] IntegrityCheckThread:84 - waiting for thirdparty lock release [integrity check]
2024-03-19 00:48:57,846 [INFO] IntegrityCheckThread:86 - entering critical section [integrity check]
2024-03-19 00:48:57,846 [INFO] ThirdPartyUpdaterWithRetryManager:70 - Updater plugin not ready yet. [1/15]
2024-03-19 00:48:57,868 [INFO] PluginManage:359 - Loaded plugin tools (category:base,tabindex:7)
2024-03-19 00:48:57,869 [INFO] PluginManage:310 - Check plugin tutovideos
2024-03-19 00:48:58,028 [INFO] PluginManage:359 - Loaded plugin tutovideos (category:base,tabindex:-1)
2024-03-19 00:48:58,029 [INFO] PluginManage:310 - Check plugin updater
2024-03-19 00:48:58,040 [INFO] PluginManage:359 - Loaded plugin updater (category:base,tabindex:12)
2024-03-19 00:48:58,041 [INFO] PluginManage:310 - Check plugin userauth
2024-03-19 00:48:58,046 [INFO] UserAuth:114 - Init User Auth plugin
2024-03-19 00:48:58,046 [INFO] PluginManage:359 - Loaded plugin userauth (category:base,tabindex:14)
2024-03-19 00:48:58,046 [INFO] PluginManage:283 - PluginManage : Loaded plugins [17]
2024-03-19 00:48:58,240 [INFO] PinOutPanel:1499 - setPackage(No Configuration,No Configuration)
2024-03-19 00:48:58,299 [INFO] CADModel:165 - CPN selected for project level
2024-03-19 00:48:58,299 [INFO] CADModel:114 - Register for checkConnection events
2024-03-19 00:48:58,322 [INFO] IPUIPlugin:80 - create IPUIPlugin
2024-03-19 00:48:58,322 [INFO] PluginManager:220 - loadIPPluginJar : add adc
2024-03-19 00:48:58,346 [INFO] IPUIPlugin:80 - create IPUIPlugin
2024-03-19 00:48:58,346 [INFO] PluginManager:220 - loadIPPluginJar : add aes
2024-03-19 00:48:58,372 [INFO] IPUIPlugin:80 - create IPUIPlugin
2024-03-19 00:48:58,372 [INFO] PluginManager:220 - loadIPPluginJar : add can
2024-03-19 00:48:58,385 [INFO] IPUIPlugin:80 - create IPUIPlugin
2024-03-19 00:48:58,386 [INFO] PluginManager:220 - loadIPPluginJar : add comp
2024-03-19 00:48:58,406 [INFO] IPUIPlugin:80 - create IPUIPlugin
2024-03-19 00:48:58,406 [INFO] PluginManager:220 - loadIPPluginJar : add cryp
2024-03-19 00:48:58,424 [INFO] IPUIPlugin:80 - create IPUIPlugin
2024-03-19 00:48:58,424 [INFO] PluginManager:220 - loadIPPluginJar : add dfsdm
2024-03-19 00:48:58,435 [INFO] IPUIPlugin:80 - create IPUIPlugin
2024-03-19 00:48:58,435 [INFO] PluginManager:220 - loadIPPluginJar : add dma
2024-03-19 00:48:58,462 [INFO] IPUIPlugin:80 - create IPUIPlugin
2024-03-19 00:48:58,462 [INFO] PluginManager:220 - loadIPPluginJar : add dma3
2024-03-19 00:48:58,474 [INFO] IPUIPlugin:80 - create IPUIPlugin
2024-03-19 00:48:58,474 [INFO] PluginManager:220 - loadIPPluginJar : add fatfs
2024-03-19 00:48:58,502 [INFO] IPUIPlugin:80 - create IPUIPlugin
2024-03-19 00:48:58,502 [INFO] PluginManager:220 - loadIPPluginJar : add fmc
2024-03-19 00:48:58,514 [INFO] IPUIPlugin:80 - create IPUIPlugin
2024-03-19 00:48:58,515 [INFO] PluginManager:220 - loadIPPluginJar : add freertos
2024-03-19 00:48:58,527 [INFO] IPUIPlugin:80 - create IPUIPlugin
2024-03-19 00:48:58,527 [INFO] PluginManager:220 - loadIPPluginJar : add genericplugin
2024-03-19 00:48:58,580 [INFO] IPUIPlugin:80 - create IPUIPlugin
2024-03-19 00:48:58,580 [INFO] PluginManager:220 - loadIPPluginJar : add gfxmmu
2024-03-19 00:48:58,660 [INFO] IPUIPlugin:80 - create IPUIPlugin
2024-03-19 00:48:58,661 [INFO] PluginManager:220 - loadIPPluginJar : add gic
2024-03-19 00:48:58,670 [INFO] IPUIPlugin:80 - create IPUIPlugin
2024-03-19 00:48:58,670 [INFO] PluginManager:220 - loadIPPluginJar : add gpio
2024-03-19 00:48:58,726 [INFO] IPUIPlugin:80 - create IPUIPlugin
2024-03-19 00:48:58,726 [INFO] PluginManager:220 - loadIPPluginJar : add gtzc
2024-03-19 00:48:58,745 [INFO] IPUIPlugin:80 - create IPUIPlugin
2024-03-19 00:48:58,745 [INFO] PluginManager:220 - loadIPPluginJar : add hash
2024-03-19 00:48:58,775 [INFO] IPUIPlugin:80 - create IPUIPlugin
2024-03-19 00:48:58,775 [INFO] PluginManager:220 - loadIPPluginJar : add i2c
2024-03-19 00:48:58,800 [INFO] IPUIPlugin:80 - create IPUIPlugin
2024-03-19 00:48:58,800 [INFO] PluginManager:220 - loadIPPluginJar : add i2s
2024-03-19 00:48:58,824 [INFO] IPUIPlugin:80 - create IPUIPlugin
2024-03-19 00:48:58,825 [INFO] PluginManager:220 - loadIPPluginJar : add i3c
2024-03-19 00:48:58,891 [INFO] IPUIPlugin:80 - create IPUIPlugin
2024-03-19 00:48:58,891 [INFO] PluginManager:220 - loadIPPluginJar : add ipddr
2024-03-19 00:48:58,947 [INFO] IPUIPlugin:80 - create IPUIPlugin
2024-03-19 00:48:58,947 [INFO] PluginManager:220 - loadIPPluginJar : add linkedlist
2024-03-19 00:48:58,967 [INFO] IPUIPlugin:80 - create IPUIPlugin
2024-03-19 00:48:58,967 [INFO] PluginManager:220 - loadIPPluginJar : add lorawan
2024-03-19 00:48:58,990 [INFO] IPUIPlugin:80 - create IPUIPlugin
2024-03-19 00:48:58,990 [INFO] PluginManager:220 - loadIPPluginJar : add ltdc
2024-03-19 00:48:58,999 [INFO] IPUIPlugin:80 - create IPUIPlugin
2024-03-19 00:48:58,999 [INFO] PluginManager:220 - loadIPPluginJar : add mdma
2024-03-19 00:48:59,008 [INFO] IPUIPlugin:80 - create IPUIPlugin
2024-03-19 00:48:59,008 [INFO] PluginManager:220 - loadIPPluginJar : add nvic
2024-03-19 00:48:59,029 [INFO] IPUIPlugin:80 - create IPUIPlugin
2024-03-19 00:48:59,029 [INFO] PluginManager:220 - loadIPPluginJar : add opamp
2024-03-19 00:48:59,065 [INFO] IPUIPlugin:80 - create IPUIPlugin
2024-03-19 00:48:59,065 [INFO] PluginManager:220 - loadIPPluginJar : add openamp
2024-03-19 00:48:59,090 [INFO] IPUIPlugin:80 - create IPUIPlugin
2024-03-19 00:48:59,090 [INFO] PluginManager:220 - loadIPPluginJar : add pdm2pcm
2024-03-19 00:48:59,099 [INFO] IPUIPlugin:80 - create IPUIPlugin
2024-03-19 00:48:59,101 [INFO] PluginManager:220 - loadIPPluginJar : add plateformsettings
2024-03-19 00:48:59,114 [INFO] IPUIPlugin:80 - create IPUIPlugin
2024-03-19 00:48:59,114 [INFO] PluginManager:220 - loadIPPluginJar : add quadspi
2024-03-19 00:48:59,123 [INFO] IPUIPlugin:80 - create IPUIPlugin
2024-03-19 00:48:59,123 [INFO] PluginManager:220 - loadIPPluginJar : add resmgrutility
2024-03-19 00:48:59,151 [INFO] IPUIPlugin:80 - create IPUIPlugin
2024-03-19 00:48:59,152 [INFO] PluginManager:220 - loadIPPluginJar : add sai
2024-03-19 00:48:59,174 [INFO] IPUIPlugin:80 - create IPUIPlugin
2024-03-19 00:48:59,174 [INFO] PluginManager:220 - loadIPPluginJar : add spi
2024-03-19 00:48:59,218 [INFO] IPUIPlugin:80 - create IPUIPlugin
2024-03-19 00:48:59,218 [INFO] PluginManager:220 - loadIPPluginJar : add stm32_wpan
2024-03-19 00:48:59,231 [INFO] IPUIPlugin:80 - create IPUIPlugin
2024-03-19 00:48:59,231 [INFO] PluginManager:220 - loadIPPluginJar : add tim
2024-03-19 00:48:59,264 [INFO] IPUIPlugin:80 - create IPUIPlugin
2024-03-19 00:48:59,265 [INFO] PluginManager:220 - loadIPPluginJar : add touchsensing
2024-03-19 00:48:59,277 [INFO] IPUIPlugin:80 - create IPUIPlugin
2024-03-19 00:48:59,277 [INFO] PluginManager:220 - loadIPPluginJar : add tracer_emb
2024-03-19 00:48:59,291 [INFO] IPUIPlugin:80 - create IPUIPlugin
2024-03-19 00:48:59,292 [INFO] PluginManager:220 - loadIPPluginJar : add ts
2024-03-19 00:48:59,303 [INFO] IPUIPlugin:80 - create IPUIPlugin
2024-03-19 00:48:59,303 [INFO] PluginManager:220 - loadIPPluginJar : add tsc
2024-03-19 00:48:59,316 [INFO] IPUIPlugin:80 - create IPUIPlugin
2024-03-19 00:48:59,316 [INFO] PluginManager:220 - loadIPPluginJar : add ucpd
2024-03-19 00:48:59,341 [INFO] IPUIPlugin:80 - create IPUIPlugin
2024-03-19 00:48:59,341 [INFO] PluginManager:220 - loadIPPluginJar : add usart
2024-03-19 00:48:59,366 [INFO] IPUIPlugin:80 - create IPUIPlugin
2024-03-19 00:48:59,367 [INFO] PluginManager:220 - loadIPPluginJar : add usbx
2024-03-19 00:48:59,478 [INFO] CADModel:165 - CPN selected for project level
2024-03-19 00:48:59,479 [INFO] CADModel:114 - Register for checkConnection events
2024-03-19 00:48:59,479 [FATAL] Updater:308 - Updater called before beeing initialized
2024-03-19 00:48:59,479 [ERROR] CADModel:125 - Updater not yet initialized, retry later 
2024-03-19 00:48:59,598 [INFO] CADModel:165 - CPN selected for project level
2024-03-19 00:48:59,598 [INFO] CADModel:114 - Register for checkConnection events
2024-03-19 00:48:59,598 [FATAL] Updater:308 - Updater called before beeing initialized
2024-03-19 00:48:59,599 [ERROR] CADModel:125 - Updater not yet initialized, retry later 
2024-03-19 00:48:59,601 [FATAL] Updater:308 - Updater called before beeing initialized
2024-03-19 00:48:59,673 [FATAL] Updater:308 - Updater called before beeing initialized
2024-03-19 00:48:59,680 [INFO] DbMcusAds:53 - JSON generation date=Wed Nov 29 13:52:27 TRT 2023 (1701255147349)
2024-03-19 00:48:59,680 [FATAL] Updater:308 - Updater called before beeing initialized
2024-03-19 00:48:59,743 [WARN] DetailPanel:346 - Failed to get advertising image, set to default
2024-03-19 00:48:59,817 [FATAL] Updater:308 - Updater called before beeing initialized
2024-03-19 00:48:59,819 [FATAL] Updater:308 - Updater called before beeing initialized
2024-03-19 00:48:59,819 [FATAL] Updater:308 - Updater called before beeing initialized
2024-03-19 00:48:59,819 [WARN] DetailPanel:346 - Failed to get advertising image, set to default
2024-03-19 00:48:59,820 [FATAL] Updater:308 - Updater called before beeing initialized
2024-03-19 00:48:59,869 [ERROR] Updater:1120 - MainUpdater not yet initialized. External WinMGr cannot be set.
2024-03-19 00:48:59,878 [INFO] Updater:1056 - Updater Version found : 6.10.0
2024-03-19 00:48:59,898 [INFO] ApplicationProperties:184 - Using Application install path: C:\ST\STM32CubeIDE_1.14.0\STM32CubeIDE\plugins\com.st.stm32cube.common.mx_6.10.0.202311202037
2024-03-19 00:49:00,848 [INFO] ThirdPartyUpdaterWithRetryManager:70 - Updater plugin not ready yet. [2/15]
2024-03-19 00:49:01,474 [ERROR] LogOutputStream:75 - [STDERR_REDIRECT] Mar 19, 2024 12:49:01 AM java.util.prefs.WindowsPreferences <init>
2024-03-19 00:49:01,477 [ERROR] LogOutputStream:75 - [STDERR_REDIRECT] WARNING: Could not open/create prefs root node Software\JavaSoft\Prefs at root 0xffffffff80000002. Windows RegCreateKeyEx(...) returned error code 5.
2024-03-19 00:49:01,477 [ERROR] LogOutputStream:75 - [STDERR_REDIRECT] 
2024-03-19 00:49:02,656 [INFO] MainUpdater:2873 - connection check result : 10
2024-03-19 00:49:02,656 [INFO] MainUpdater:290 - Updater Check For Update Now.
2024-03-19 00:49:02,657 [INFO] MicroXplorer:498 - Change Database Version : DB.6.0.100
2024-03-19 00:49:02,670 [INFO] McuFinderGlobals:63 - Set McuFinder mode to 2 (CubeIDE integrated)
2024-03-19 00:49:02,688 [INFO] UserAuth:404 - Internet connection configuration mode: 1
2024-03-19 00:49:02,726 [INFO] JxBrowserEngine:152 - Initiate JxBrowser Engine with user profile folder
2024-03-19 00:49:02,851 [INFO] CheckServerUpdateThread:120 - End of CheckServer Thread
2024-03-19 00:49:03,995 [WARN] PackLoader:240 - Cannot read IP mode file for STMicroelectronics.X-CUBE-SMBUS.2.1.0
2024-03-19 00:49:04,006 [WARN] PackLoader:240 - Cannot read IP mode file for STMicroelectronics.X-CUBE-TOUCHGFX.4.23.0
2024-03-19 00:49:04,036 [WARN] PackLoader:240 - Cannot read IP mode file for STMicroelectronics.X-CUBE-AZRTOS-F7.1.1.0
2024-03-19 00:49:04,053 [WARN] PackLoader:240 - Cannot read IP mode file for STMicroelectronics.FP-SNS-MOTENV1.4.3.2
2024-03-19 00:49:04,067 [WARN] PackLoader:240 - Cannot read IP mode file for STMicroelectronics.FP-SNS-FLIGHT1.5.0.2
2024-03-19 00:49:04,081 [WARN] PackLoader:240 - Cannot read IP mode file for STMicroelectronics.X-CUBE-DISPLAY.3.0.0
2024-03-19 00:49:04,100 [WARN] PackLoader:240 - Cannot read IP mode file for STMicroelectronics.X-CUBE-BLE1.7.0.0
2024-03-19 00:49:04,112 [WARN] PackLoader:240 - Cannot read IP mode file for emotas.I-CUBE-CANOPEN.1.3.0
2024-03-19 00:49:04,128 [WARN] PackLoader:240 - Cannot read IP mode file for STMicroelectronics.X-CUBE-BLEMGR.3.1.0
2024-03-19 00:49:04,140 [WARN] PackLoader:240 - Cannot read IP mode file for STMicroelectronics.FP-SNS-SMARTAG2.1.2.0
2024-03-19 00:49:04,154 [INFO] LogOutputStream:77 - [STDOUT_REDIRECT] 1 : Invalid condition id : UX_CORESTACK_Condition cause : null
2024-03-19 00:49:04,155 [INFO] LogOutputStream:77 - [STDOUT_REDIRECT] 1 : Invalid condition id : UX_CORESTACK_Condition cause : null
2024-03-19 00:49:04,156 [INFO] LogOutputStream:77 - [STDOUT_REDIRECT] 1 : Invalid condition id : UX_CORESTACK_Condition cause : null
2024-03-19 00:49:04,156 [INFO] LogOutputStream:77 - [STDOUT_REDIRECT] 1 : Invalid condition id : UX_CORESTACK_Condition cause : null
2024-03-19 00:49:04,157 [INFO] LogOutputStream:77 - [STDOUT_REDIRECT] 1 : Invalid condition id : UX_CORESTACK_Condition cause : null
2024-03-19 00:49:04,168 [WARN] PackLoader:240 - Cannot read IP mode file for STMicroelectronics.X-CUBE-AZRTOS-WL.2.0.0
2024-03-19 00:49:04,180 [WARN] PackLoader:240 - Cannot read IP mode file for WES.I-CUBE-Cesium.1.3.0
2024-03-19 00:49:04,190 [WARN] PackLoader:240 - Cannot read IP mode file for STMicroelectronics.X-CUBE-BLE2.3.3.0
2024-03-19 00:49:04,202 [WARN] PackLoader:240 - Cannot read IP mode file for STMicroelectronics.X-CUBE-ALGOBUILD.1.3.0
2024-03-19 00:49:04,223 [WARN] PackLoader:240 - Cannot read IP mode file for STMicroelectronics.X-CUBE-AZRTOS-G0.1.1.0
2024-03-19 00:49:04,234 [WARN] PackLoader:240 - Cannot read IP mode file for STMicroelectronics.X-CUBE-NFC4.3.0.0
2024-03-19 00:49:04,246 [WARN] PackLoader:240 - Cannot read IP mode file for STMicroelectronics.X-CUBE-BLEMGR.3.0.0
2024-03-19 00:49:04,256 [WARN] PackLoader:240 - Cannot read IP mode file for STMicroelectronics.FP-ATR-SIGFOX1.3.2.0
2024-03-19 00:49:04,267 [WARN] PackLoader:240 - Cannot read IP mode file for STMicroelectronics.X-CUBE-EEPRMA1.5.1.0
2024-03-19 00:49:04,296 [WARN] PackLoader:240 - Cannot read IP mode file for SEGGER.I-CUBE-embOS.1.3.1
2024-03-19 00:49:04,330 [WARN] PackLoader:240 - Cannot read IP mode file for STMicroelectronics.X-CUBE-GNSS1.6.0.0
2024-03-19 00:49:04,353 [WARN] PackLoader:240 - Cannot read IP mode file for STMicroelectronics.X-CUBE-AZRTOS-F4.1.1.0
2024-03-19 00:49:04,364 [WARN] PackLoader:240 - Cannot read IP mode file for wolfSSL.I-CUBE-wolfSSL.5.6.4
2024-03-19 00:49:04,388 [WARN] PackLoader:240 - Cannot read IP mode file for STMicroelectronics.X-CUBE-AZRTOS-L5.2.0.0
2024-03-19 00:49:04,400 [WARN] PackLoader:240 - Cannot read IP mode file for STMicroelectronics.X-CUBE-EEPRMA1.4.2.0
2024-03-19 00:49:04,412 [WARN] PackLoader:240 - Cannot read IP mode file for ITTIA_DB.I-CUBE-ITTIADB.8.8.0
2024-03-19 00:49:04,426 [WARN] PackLoader:240 - Cannot read IP mode file for STMicroelectronics.X-CUBE-NFC7.1.0.1
2024-03-19 00:49:04,441 [WARN] PackLoader:240 - Cannot read IP mode file for STMicroelectronics.X-CUBE-NFC6.3.0.0
2024-03-19 00:49:04,454 [WARN] PackLoader:240 - Cannot read IP mode file for STMicroelectronics.X-CUBE-AI.8.1.0
2024-03-19 00:49:04,479 [WARN] ConditionMgr:438 - getConditionDescription Invalid condition id : LAN8742 Phy interface Condition cause : null
2024-03-19 00:49:04,480 [WARN] PackLoader:240 - Cannot read IP mode file for STMicroelectronics.X-CUBE-AZRTOS-L4.2.0.0
2024-03-19 00:49:04,481 [WARN] ConditionMgr:1039 - genDependencies : Invalid condition id : LAN8742 Phy interface Condition cause : null
2024-03-19 00:49:04,481 [WARN] ConditionMgr:1039 - genDependencies : Invalid condition id : LAN8742 Phy interface Condition cause : null
2024-03-19 00:49:04,481 [WARN] ConditionMgr:1039 - genDependencies : Invalid condition id : LAN8742 Phy interface Condition cause : null
2024-03-19 00:49:04,494 [WARN] PackLoader:240 - Cannot read IP mode file for STMicroelectronics.X-CUBE-SFXS2LP1.4.0.0
2024-03-19 00:49:04,516 [WARN] ConditionMgr:438 - getConditionDescription Invalid condition id : UX DEVICE CLASS RTOS Condition cause : null
2024-03-19 00:49:04,516 [WARN] ConditionMgr:438 - getConditionDescription Invalid condition id : UX DEVICE CLASS RTOS Condition cause : null
2024-03-19 00:49:04,518 [WARN] PackLoader:240 - Cannot read IP mode file for STMicroelectronics.X-CUBE-AZRTOS-WB.2.0.0
2024-03-19 00:49:04,518 [WARN] ConditionMgr:1039 - genDependencies : Invalid condition id : UX DEVICE CLASS RTOS Condition cause : null
2024-03-19 00:49:04,518 [WARN] ConditionMgr:1039 - genDependencies : Invalid condition id : UX DEVICE CLASS RTOS Condition cause : null
2024-03-19 00:49:04,518 [WARN] ConditionMgr:1039 - genDependencies : Invalid condition id : UX DEVICE CLASS RTOS Condition cause : null
2024-03-19 00:49:04,519 [WARN] ConditionMgr:1039 - genDependencies : Invalid condition id : UX DEVICE CLASS RTOS Condition cause : null
2024-03-19 00:49:04,519 [WARN] ConditionMgr:1039 - genDependencies : Invalid condition id : UX DEVICE CLASS RTOS Condition cause : null
2024-03-19 00:49:04,542 [WARN] PackLoader:240 - Cannot read IP mode file for STMicroelectronics.X-CUBE-SUBG2.5.0.0
2024-03-19 00:49:04,567 [WARN] PackLoader:240 - Cannot read IP mode file for STMicroelectronics.X-CUBE-AZRTOS-G4.2.0.0
2024-03-19 00:49:04,585 [WARN] PackLoader:240 - Cannot read IP mode file for Infineon.AIROC-Wi-Fi-Bluetooth-STM32.1.5.1
2024-03-19 00:49:04,598 [WARN] PackLoader:240 - Cannot read IP mode file for STMicroelectronics.FP-SNS-MOTENVWB1.1.3.1
2024-03-19 00:49:04,607 [WARN] PackLoader:240 - Cannot read IP mode file for STMicroelectronics.X-CUBE-ISPU.2.0.0
2024-03-19 00:49:04,643 [WARN] PackLoader:240 - Cannot read IP mode file for STMicroelectronics.X-CUBE-MEMS1.10.0.0
2024-03-19 00:49:04,723 [WARN] PackLoader:240 - Cannot read IP mode file for STMicroelectronics.X-CUBE-FREERTOS.1.1.0
2024-03-19 00:49:04,735 [WARN] PackLoader:240 - Cannot read IP mode file for portGmbH.I-Cube-SoM-uGOAL.1.1.0
2024-03-19 00:49:04,749 [WARN] PackLoader:240 - Cannot read IP mode file for STMicroelectronics.X-CUBE-ALS.1.0.1
2024-03-19 00:49:04,760 [WARN] PackLoader:240 - Cannot read IP mode file for STMicroelectronics.FP-ATR-ASTRA1.2.0.0
2024-03-19 00:49:04,777 [WARN] PackLoader:240 - Cannot read IP mode file for STMicroelectronics.X-CUBE-TOF1.3.4.0
2024-03-19 00:49:04,803 [WARN] PackLoader:240 - Cannot read IP mode file for STMicroelectronics.X-CUBE-TOF1.3.4.1
2024-03-19 00:49:04,835 [WARN] PackLoader:240 - Cannot read IP mode file for STMicroelectronics.X-CUBE-AZRTOS-H7.3.2.0
2024-03-19 00:49:04,837 [INFO] ThirdParty:978 - Integrity check success = true
2024-03-19 00:49:04,838 [INFO] IntegrityCheckThread:100 - exiting critical section [integrity check]
2024-03-19 00:49:04,838 [INFO] IntegrityCheckThread:103 - End integrity checks thread
2024-03-19 00:49:05,668 [INFO] WebApp:161 - Instantiating new browser for Auth
2024-03-19 00:49:06,244 [INFO] WebApp:780 - Register for checkConnection events
2024-03-19 00:49:06,244 [INFO] WebApp:414 - Apply proxy settings
2024-03-19 00:49:06,244 [INFO] WebApp:499 - Chromium requires no authentication
2024-03-19 00:49:06,253 [INFO] WebApp:442 - Direct internet connection detected
2024-03-19 00:49:06,393 [INFO] WebApp:192 - Starting web application
2024-03-19 00:49:06,393 [INFO] WebApp:544 - Web application path used C:\ST\STM32CubeIDE_1.14.0\STM32CubeIDE\plugins\com.st.stm32cube.common.mx_6.10.0.202311202037\db\plugins\mcufinder\reactClient1\index.html
2024-03-19 00:49:16,473 [ERROR] LogOutputStream:75 - [STDERR_REDIRECT] SLF4J: Failed to load class "org.slf4j.impl.StaticLoggerBinder".
2024-03-19 00:49:16,474 [ERROR] LogOutputStream:75 - [STDERR_REDIRECT] SLF4J: Defaulting to no-operation (NOP) logger implementation
2024-03-19 00:49:16,474 [ERROR] LogOutputStream:75 - [STDERR_REDIRECT] SLF4J: See http://www.slf4j.org/codes.html#StaticLoggerBinder for further details.
2024-03-19 00:49:56,205 [INFO] McuFinderGlobals:63 - Set McuFinder mode to 2 (CubeIDE integrated)
2024-03-19 00:49:56,225 [INFO] MainUpdater:2873 - connection check result : 10
2024-03-19 00:49:56,230 [INFO] MainUpdater:2873 - connection check result : 10
2024-03-19 00:49:56,354 [INFO] MicroXplorer:468 - Change Database Path : 
2024-03-19 00:49:56,354 [INFO] MicroXplorer:498 - Change Database Version : DB.6.0.100
2024-03-19 00:49:56,358 [WARN] ThirdParty:871 - waiting for thirdparty lock release [close project]
2024-03-19 00:49:56,358 [INFO] ThirdParty:873 - entering critical section [close project]
2024-03-19 00:49:56,359 [INFO] ThirdParty:883 - exiting critical section [close project]
2024-03-19 00:49:56,360 [INFO] PinOutPanel:1499 - setPackage(No Configuration,No Configuration)
2024-03-19 00:49:56,362 [INFO] UtilMem:75 - Begin LoadConfig() Used Memory: 657519120 Bytes (715128832)
2024-03-19 00:49:56,363 [INFO] MicroXplorer:468 - Change Database Path : 
2024-03-19 00:49:56,363 [INFO] MicroXplorer:498 - Change Database Version : DB.6.0.100
2024-03-19 00:49:56,363 [INFO] OpenFileManager:312 - Change cursor
2024-03-19 00:49:56,388 [INFO] Mcu:2016 - Initializing MCU STM32F103C(8-B)Tx STM32F103C8Tx STM32F103C8T6
2024-03-19 00:49:57,138 [INFO] Context:659 - Trying to add GPIOservice into a context  which must be forbidden
2024-03-19 00:49:57,392 [INFO] RtosManager:555 - Registered RTOS mode: class=CMSIS, group=RTOS, mode=CMSIS_V1, owner=FREERTOS
2024-03-19 00:49:57,393 [INFO] RtosManager:555 - Registered RTOS mode: class=CMSIS, group=RTOS2, mode=CMSIS_V2, owner=FREERTOS
2024-03-19 00:49:57,393 [INFO] RtosManager:555 - Registered RTOS mode: class=RTOS, group=Core, mode=CMSIS_V1, owner=FREERTOS
2024-03-19 00:49:57,393 [INFO] RtosManager:555 - Registered RTOS mode: class=RTOS, group=Core, mode=CMSIS_V2, owner=FREERTOS
2024-03-19 00:49:57,393 [WARN] ModelIntegratedComponent:184 - Missing modes for component STMicroelectronics:FreeRTOS:0.0.1:STMicroelectronics:RTOS:FreeRTOS:Core:::10.2.0:
2024-03-19 00:49:57,406 [WARN] ModelIntegratedComponent:63 - No mode defined for component null
2024-03-19 00:49:57,406 [WARN] ModelIntegratedComponent:63 - No mode defined for component null
2024-03-19 00:49:57,406 [WARN] ModelIntegratedComponent:63 - No mode defined for component null
2024-03-19 00:49:57,406 [WARN] ModelIntegratedComponent:63 - No mode defined for component null
2024-03-19 00:49:57,406 [WARN] ModelIntegratedComponent:63 - No mode defined for component null
2024-03-19 00:49:57,406 [WARN] ModelIntegratedComponent:63 - No mode defined for component null
2024-03-19 00:49:57,406 [WARN] ModelIntegratedComponent:63 - No mode defined for component null
2024-03-19 00:49:57,406 [WARN] ModelIntegratedComponent:63 - No mode defined for component null
2024-03-19 00:49:57,406 [WARN] ModelIntegratedComponent:63 - No mode defined for component null
2024-03-19 00:49:57,406 [WARN] ModelIntegratedComponent:63 - No mode defined for component null
2024-03-19 00:49:57,406 [WARN] ModelIntegratedComponent:63 - No mode defined for component null
2024-03-19 00:49:57,406 [WARN] ModelIntegratedComponent:63 - No mode defined for component null
2024-03-19 00:49:57,406 [WARN] ModelIntegratedComponent:63 - No mode defined for component null
2024-03-19 00:49:57,406 [WARN] ModelIntegratedComponent:63 - No mode defined for component null
2024-03-19 00:49:57,407 [WARN] ModelIntegratedComponent:63 - No mode defined for component null
2024-03-19 00:49:57,407 [WARN] ModelIntegratedComponent:63 - No mode defined for component null
2024-03-19 00:49:57,407 [WARN] ModelIntegratedComponent:63 - No mode defined for component null
2024-03-19 00:49:57,407 [WARN] ModelIntegratedComponent:63 - No mode defined for component null
2024-03-19 00:49:57,407 [WARN] ModelIntegratedComponent:63 - No mode defined for component null
2024-03-19 00:49:57,407 [WARN] ModelIntegratedComponent:63 - No mode defined for component null
2024-03-19 00:49:57,407 [WARN] ModelIntegratedComponent:63 - No mode defined for component null
2024-03-19 00:49:57,407 [WARN] ModelIntegratedComponent:63 - No mode defined for component null
2024-03-19 00:49:57,407 [WARN] ModelIntegratedComponent:63 - No mode defined for component null
2024-03-19 00:49:57,407 [WARN] ModelIntegratedComponent:63 - No mode defined for component null
2024-03-19 00:49:57,407 [WARN] ModelIntegratedComponent:63 - No mode defined for component null
2024-03-19 00:49:57,407 [WARN] ModelIntegratedComponent:63 - No mode defined for component null
2024-03-19 00:49:57,407 [WARN] ModelIntegratedComponent:63 - No mode defined for component null
2024-03-19 00:49:57,407 [WARN] ModelIntegratedComponent:63 - No mode defined for component null
2024-03-19 00:49:57,407 [WARN] ModelIntegratedComponent:63 - No mode defined for component null
2024-03-19 00:49:57,407 [WARN] ModelIntegratedComponent:63 - No mode defined for component null
2024-03-19 00:49:57,407 [WARN] ModelIntegratedComponent:63 - No mode defined for component null
2024-03-19 00:49:57,407 [WARN] ModelIntegratedComponent:63 - No mode defined for component null
2024-03-19 00:49:57,407 [WARN] ModelIntegratedComponent:63 - No mode defined for component null
2024-03-19 00:49:57,475 [INFO] ThirdPartyModel:298 - Start build external matchings
2024-03-19 00:49:57,660 [INFO] ThirdPartyModel:316 - End build external matchings
2024-03-19 00:49:57,669 [INFO] RtosManager:919 - Current active RTOS is FREERTOS [Cortex-M3NS]
2024-03-19 00:49:57,675 [INFO] ImportTextPane:194 - (OptionalMessage_ERROR) IP (DMA) : Parameter (Instance) has Id (ADC1) currently not set
2024-03-19 00:49:57,675 [INFO] ImportTextPane:194 - (OptionalMessage_ERROR) IP (DMA) : Parameter (Direction) has Id (ADC1) currently not set
2024-03-19 00:49:57,675 [INFO] ImportTextPane:194 - (OptionalMessage_ERROR) IP (DMA) : Parameter (PeriphInc) has Id (ADC1) currently not set
2024-03-19 00:49:57,675 [INFO] ImportTextPane:194 - (OptionalMessage_ERROR) IP (DMA) : Parameter (MemInc) has Id (ADC1) currently not set
2024-03-19 00:49:57,675 [INFO] ImportTextPane:194 - (OptionalMessage_ERROR) IP (DMA) : Parameter (PeriphDataAlignment) has Id (ADC1) currently not set
2024-03-19 00:49:57,676 [INFO] ImportTextPane:194 - (OptionalMessage_ERROR) IP (DMA) : Parameter (MemDataAlignment) has Id (ADC1) currently not set
2024-03-19 00:49:57,676 [INFO] ImportTextPane:194 - (OptionalMessage_ERROR) IP (DMA) : Parameter (Mode) has Id (ADC1) currently not set
2024-03-19 00:49:57,676 [INFO] ImportTextPane:194 - (OptionalMessage_ERROR) IP (DMA) : Parameter (Priority) has Id (ADC1) currently not set
2024-03-19 00:49:57,682 [INFO] ImportTextPane:194 - (OptionalMessage_ERROR) IP (RCC) : Invalid parameter (FamilyName)
2024-03-19 00:49:57,682 [INFO] ImportTextPane:194 - (OptionalMessage_ERROR) IP (RCC) : Parameter (MCOFreq_Value) has invalid value (64000000)
2024-03-19 00:49:57,683 [INFO] ImportTextPane:194 - (OptionalMessage_ERROR) IP (RCC) : Parameter (USBFreq_Value) has invalid value (64000000)
2024-03-19 00:49:57,874 [INFO] UtilMem:75 - End LoadConfig() Used Memory: 416259808 Bytes (843055104)
2024-03-19 00:49:57,987 [INFO] ApiDb:581 - Connected to CubeFinder SQLite database (C:\Users\hasan\.stmcufinder\plugins\mcufinder\mcu\cube-finder-db.db)
2024-03-19 00:49:58,054 [INFO] ApiDb:668 - CubeFinder database Data Model version=2.1
2024-03-19 00:49:58,054 [INFO] ApiDb:669 - CubeFinder database Configuration version=3.0.39
2024-03-19 00:49:58,054 [INFO] ApiDb:670 - CubeFinder database generation date=2024-02-19 (1708350410)
2024-03-19 00:49:58,054 [INFO] ApiDb:671 - CubeFinder database FW Pack versions=[FP-ATR-ASTRA1_V2.0.0, FP-SNS-FLIGHT1_V5.0.1, FP-SNS-FLIGHT1_V5.0.2, FP-SNS-MOTENV1_V4.3.1, FP-SNS-MOTENV1_V4.3.2, FP-SNS-MOTENVWB1_V1.3.1, FP-SNS-SMARTAG2_V1.2.0, STM32Cube_FW_C0_V1.1.0, STM32Cube_FW_F4_V1.28.0, STM32Cube_FW_F7_V1.17.0, STM32Cube_FW_G0_V1.6.2, STM32Cube_FW_G4_V1.5.2, STM32Cube_FW_H5_V0.5.1, STM32Cube_FW_H5_V1.1.1, STM32Cube_FW_H5_V1.2.0RC2, STM32Cube_FW_H7_V1.11.0, STM32Cube_FW_L0_V1.12.2, STM32Cube_FW_L5_V1.5.0, STM32Cube_FW_U5_V1.3.0RC4, STM32Cube_FW_U5_V1.4.0, STM32Cube_FW_WBA_V1.0.0RC1, STM32Cube_FW_WBA_V1.1.0RC1, STM32Cube_FW_WBA_V1.2.0, STM32Cube_FW_WBA_V1.2.0RC2, STM32Cube_FW_WB_V1.15.0RC1, STM32Cube_FW_WB_V1.16.0, STM32Cube_FW_WB_V1.16.0RC2, STM32Cube_FW_WB_V1.18.0, STM32Cube_FW_WL_V1.3.0, X-CUBE-ALGOBUILD_V1.3.0, X-CUBE-ALS_V1.0.1, X-CUBE-AZRTOS-F4_V1.1.0, X-CUBE-AZRTOS-F7_V1.1.0, X-CUBE-AZRTOS-G0_V1.1.0, X-CUBE-AZRTOS-G4_V2.0.0, X-CUBE-AZRTOS-H7_V3.2.0, X-CUBE-AZRTOS-L4_V1.0.0, X-CUBE-AZRTOS-L4_V2.0.0, X-CUBE-AZRTOS-L5_V1.1.0, X-CUBE-AZRTOS-WB_V2.0.0, X-CUBE-AZRTOS-WL_V2.0.0, X-CUBE-BLE1_V7.0.0, X-CUBE-BLE2_V3.3.0, X-CUBE-BLEMGR_V3.0.0, X-CUBE-EEPRMA1_V4.1.0, X-CUBE-EEPRMA1_V5.1.0, X-CUBE-FREERTOS_V1.1.0, X-CUBE-GNSS1_V6.0.0, X-CUBE-MEMS1_V10.0.0, X-CUBE-MEMS1_V9.1.0, X-CUBE-MEMS1_V9.4.0, X-CUBE-MEMS1_V9.6.0, X-CUBE-NFC4_V3.0.0, X-CUBE-NFC7_V1.0.1, X-CUBE-SFXS2LP1_V4.0.0, X-CUBE-SUBG2_V5.0.0, X-CUBE-TOF1_V3.4.0]
2024-03-19 00:50:00,479 [INFO] ApiDb:240 - Found 371 in-development CPN: [B-G473E-ZEST1S, B-WB1M-WPAN1, B-WL5M-SUBG1, NUCLEO-C031C6, NUCLEO-H503RB, NUCLEO-H563ZI, NUCLEO-U545RE-Q, NUCLEO-U5A5ZJ-Q, NUCLEO-WBA52CG, NUCLEO-WBA55CG, STEVAL-MKBOXPRO, STEVAL-PROTEUS1, STEVAL-STWINBX1, STM320518-EVAL, STM32C0116-DK, STM32C011D6Y3TR, STM32C011D6Y6TR, STM32C011F4P3, STM32C011F4P6, STM32C011F4U3, STM32C011F4U6TR, STM32C011F6P3, STM32C011F6P6, STM32C011F6U3, STM32C011F6U6TR, STM32C011J4M3, STM32C011J4M6, STM32C011J6M3, STM32C011J6M6, STM32C0316-DK, STM32C031C4T3, STM32C031C4T6, STM32C031C4U3, STM32C031C4U6, STM32C031C6T3, STM32C031C6T6, STM32C031C6U3, STM32C031C6U6, STM32C031F4P3, STM32C031F4P6, STM32C031F6P3, STM32C031F6P6, STM32C031G4U3, STM32C031G4U6, STM32C031G6U3, STM32C031G6U6, STM32C031K4T3, STM32C031K4T6, STM32C031K4U3, STM32C031K4U6, STM32C031K6T3, STM32C031K6T6, STM32C031K6U3, STM32C031K6U6, STM32G071K8TXN, STM32G071K8UXN, STM32G081GBU6N, STM32G081KBT6N, STM32G081KBUXN, STM32G0B1CCT6N, STM32G0B1KCT6, STM32G0B1NEY6TR, STM32G0B1RCT6N, STM32G0C1CCT6, STM32G0C1CCT6N, STM32G0C1CCU6N, STM32G0C1CET6N, STM32G0C1CEU6N, STM32G0C1KCT6, STM32G0C1NEY6TR, STM32G0C1RCI6N, STM32G0C1RCT6N, STM32G0C1REI6N, STM32G0C1RET6N, STM32G0C1VCI6, STM32G0C1VEI6, STM32G471CCT6, STM32G471CCU6, STM32G471CET3, STM32G471CET6, STM32G471CEU3, STM32G471CEU6, STM32G471MCT6, STM32G471MET3, STM32G471MET6, STM32G471MEY6TR, STM32G471QCT6, STM32G471QET3, STM32G471RCT6, STM32G471RET3, STM32G471RET6, STM32G471VCH6, STM32G471VCI6, STM32G471VCT6, STM32G471VEH3, STM32G471VEH6, STM32G471VEI3, STM32G471VEI6, STM32G471VET3, STM32G471VET6, STM32G474CCT6, STM32H503CBT6, STM32H503CBU6, STM32H503EBY6TR, STM32H503KBU6, STM32H503RBT6, STM32H562AGI6, STM32H562AII6, STM32H562IGK6, STM32H562IGT6, STM32H562IIK6, STM32H562IIT6, STM32H562RGT6, STM32H562RGV6, STM32H562RIT6, STM32H562RIV6, STM32H562VGT6, STM32H562VIT6, STM32H562ZGT6, STM32H562ZIT6, STM32H563AGI6, STM32H563AII3Q, STM32H563AII6, STM32H563IGK6, STM32H563IGT6, STM32H563IIK3Q, STM32H563IIK6, STM32H563IIT3Q, STM32H563IIT6, STM32H563MIY3QTR, STM32H563RGT6, STM32H563RGV6, STM32H563RIT6, STM32H563RIV6, STM32H563VGT6, STM32H563VIT3Q, STM32H563VIT6, STM32H563ZGT6, STM32H563ZIT3Q, STM32H563ZIT6, STM32H573AII3Q, STM32H573AII6, STM32H573I-DK, STM32H573IIK3Q, STM32H573IIK6, STM32H573IIT3Q, STM32H573IIT6, STM32H573MIY3QTR, STM32H573RIT6, STM32H573RIV6, STM32H573VIT3Q, STM32H573VIT6, STM32H573ZIT3Q, STM32H573ZIT6, STM32L4R5QGI6STR, STM32MP131AAE3, STM32MP131AAF3, STM32MP131AAG3, STM32MP131CAE3, STM32MP131CAF3, STM32MP131CAG3, STM32MP131DAE7, STM32MP131DAF7, STM32MP131DAG7, STM32MP131FAE7, STM32MP131FAF7, STM32MP131FAG7, STM32MP133AAE3, STM32MP133AAF3, STM32MP133AAG3, STM32MP133CAE3, STM32MP133CAF3, STM32MP133CAG3, STM32MP133DAE7, STM32MP133DAF7, STM32MP133DAG7, STM32MP133FAE7, STM32MP133FAF7, STM32MP133FAG7, STM32MP135AAE3, STM32MP135AAF3, STM32MP135AAG3, STM32MP135CAE3, STM32MP135CAF3, STM32MP135CAG3, STM32MP135DAE7, STM32MP135DAF7, STM32MP135DAG7, STM32MP135F-DK, STM32MP135FAE7, STM32MP135FAF7, STM32MP135FAF7T, STM32MP135FAF7U, STM32MP135FAG7, STM32U535CBT6, STM32U535CBT6Q, STM32U535CBU6, STM32U535CBU6Q, STM32U535CCT6, STM32U535CCT6Q, STM32U535CCU6, STM32U535CCU6Q, STM32U535CET6, STM32U535CET6Q, STM32U535CEU6, STM32U535CEU6Q, STM32U535JEY6QTR, STM32U535NCY6QTR, STM32U535NEY6QTR, STM32U535RBI6, STM32U535RBI6Q, STM32U535RBT6, STM32U535RBT6Q, STM32U535RCI6, STM32U535RCI6Q, STM32U535RCT6, STM32U535RCT6Q, STM32U535REI6, STM32U535REI6Q, STM32U535RET6, STM32U535RET6Q, STM32U535VCI6, STM32U535VCI6Q, STM32U535VCT6, STM32U535VCT6Q, STM32U535VEI6, STM32U535VEI6Q, STM32U535VET6, STM32U535VET6Q, STM32U545CET6, STM32U545CET6Q, STM32U545CEU6, STM32U545CEU6Q, STM32U545JEY6QTR, STM32U545NEY6QTR, STM32U545REI6, STM32U545REI6Q, STM32U545RET6, STM32U545RET6Q, STM32U545VEI6, STM32U545VEI6Q, STM32U545VET6, STM32U545VET6Q, STM32U595AIH6, STM32U595AIH6Q, STM32U595AJH6, STM32U595AJH6Q, STM32U595QII6, STM32U595QII6Q, STM32U595QJI6, STM32U595QJI6Q, STM32U595RIT6, STM32U595RIT6Q, STM32U595RJT6, STM32U595RJT6Q, STM32U595VIT6, STM32U595VIT6Q, STM32U595VJT6, STM32U595VJT6Q, STM32U595ZIT6, STM32U595ZIT6Q, STM32U595ZIY6QTR, STM32U595ZJT6, STM32U595ZJT6Q, STM32U595ZJY6QTR, STM32U599BJY6QTR, STM32U599NIH6Q, STM32U599NJH6Q, STM32U599VIT6Q, STM32U599VJT6, STM32U599VJT6Q, STM32U599ZIT6Q, STM32U599ZIY6QTR, STM32U599ZJT6Q, STM32U599ZJY6QTR, STM32U5A5AJH6, STM32U5A5AJH6Q, STM32U5A5QJI6, STM32U5A5QJI6Q, STM32U5A5RJT6, STM32U5A5RJT6Q, STM32U5A5VJT6, STM32U5A5VJT6Q, STM32U5A5ZJT6, STM32U5A5ZJT6Q, STM32U5A5ZJY6QTR, STM32U5A9BJY6QTR, STM32U5A9J-DK, STM32U5A9NJH6Q, STM32U5A9VJT6Q, STM32U5A9ZJT6Q, STM32U5A9ZJY6QTR, STM32U5F7VIT6, STM32U5F7VIT6Q, STM32U5F7VJT6, STM32U5F7VJT6Q, STM32U5F9BJY6QTR, STM32U5F9NJH6Q, STM32U5F9VIT6Q, STM32U5F9VJT6Q, STM32U5F9ZIJ6QTR, STM32U5F9ZIT6Q, STM32U5F9ZJJ6QTR, STM32U5F9ZJT6Q, STM32U5G7VJT6, STM32U5G7VJT6Q, STM32U5G9BJY6QTR, STM32U5G9J-DK1, STM32U5G9J-DK2, STM32U5G9NJH6Q, STM32U5G9VJT6Q, STM32U5G9ZJJ6QTR, STM32U5G9ZJT6Q, STM32WB1MMCH6, STM32WBA50KEU6, STM32WBA50KEU6TR, STM32WBA50KGU6, STM32WBA50KGU6TR, STM32WBA52CEU6, STM32WBA52CEU6TR, STM32WBA52CEU7, STM32WBA52CEU7TR, STM32WBA52CGU6, STM32WBA52CGU6TR, STM32WBA52CGU6U, STM32WBA52CGU7, STM32WBA52CGU7TR, STM32WBA52KEU6, STM32WBA52KEU6TR, STM32WBA52KGU6, STM32WBA52KGU6TR, STM32WBA54CEU6, STM32WBA54CEU6TR, STM32WBA54CEU7, STM32WBA54CEU7TR, STM32WBA54CGU6, STM32WBA54CGU6TR, STM32WBA54CGU7, STM32WBA54CGU7TR, STM32WBA54KEU6, STM32WBA54KEU6TR, STM32WBA54KEU7, STM32WBA54KEU7TR, STM32WBA54KGU6, STM32WBA54KGU6TR, STM32WBA54KGU7, STM32WBA54KGU7TR, STM32WBA55CEU6, STM32WBA55CEU6TR, STM32WBA55CEU7, STM32WBA55CEU7TR, STM32WBA55CGU6, STM32WBA55CGU6TR, STM32WBA55CGU6U, STM32WBA55CGU7, STM32WBA55CGU7TR, STM32WBA55G-DK1, STM32WBA55HEF6, STM32WBA55HEF7, STM32WBA55HGF6, STM32WBA55HGF7, STM32WBA55UEI6, STM32WBA55UEI6TR, STM32WBA55UEI7, STM32WBA55UEI7TR, STM32WBA55UGI6, STM32WBA55UGI6TR, STM32WBA55UGI7, STM32WBA55UGI7TR, STM32WL5MOCH6, STM32WL5MOCH6TR]
2024-03-19 00:50:00,483 [INFO] DbMcus:218 - Found 3930 MCUs, 3930 are supported
2024-03-19 00:50:00,489 [INFO] ApiDb:423 - Load user favorites file C:\Users\hasan/.stm32cubeide/favorites.mcus.txt: 3 item(s)
2024-03-19 00:50:00,489 [INFO] ApiDb:427 - User favorites MCUs=[STM32F103C6T6A, STM32F103C8T6, STM32G030C8T6]
2024-03-19 00:50:00,489 [INFO] DbMcus:224 - Set 3 / 3 favorites MCUs
2024-03-19 00:50:00,777 [INFO] MicroXplorer:468 - Change Database Path : 
2024-03-19 00:50:00,777 [INFO] MicroXplorer:498 - Change Database Version : DB.6.0.100
2024-03-19 00:50:00,777 [WARN] ThirdParty:833 - waiting for thirdparty lock release [change project]
2024-03-19 00:50:00,777 [INFO] ThirdParty:835 - entering critical section [change project]
2024-03-19 00:50:00,778 [INFO] ThirdParty:1030 - CMSIS Pack Vendor :STMicroelectronics USBPD 4.1
2024-03-19 00:50:00,778 [INFO] ThirdParty:1030 - CMSIS Pack Vendor :STMicroelectronics X-CUBE-GNSS1 6.0.0
2024-03-19 00:50:00,778 [INFO] ThirdParty:1030 - CMSIS Pack Vendor :STMicroelectronics USB_HOST 2.0.0
2024-03-19 00:50:00,778 [INFO] ThirdParty:1030 - CMSIS Pack Vendor :STMicroelectronics X-CUBE-AZRTOS-F4 1.1.0
2024-03-19 00:50:00,778 [INFO] ThirdParty:1030 - CMSIS Pack Vendor :STMicroelectronics LIBJPEG 8.0.0
2024-03-19 00:50:00,778 [INFO] ThirdParty:1030 - CMSIS Pack Vendor :wolfSSL I-CUBE-wolfSSL 5.6.4
2024-03-19 00:50:00,778 [INFO] ThirdParty:1030 - CMSIS Pack Vendor :STMicroelectronics X-CUBE-SMBUS 2.1.0
2024-03-19 00:50:00,778 [INFO] ThirdParty:1030 - CMSIS Pack Vendor :STMicroelectronics USB_DEVICE 3.0.0
2024-03-19 00:50:00,778 [INFO] ThirdParty:1030 - CMSIS Pack Vendor :STMicroelectronics X-CUBE-AZRTOS-WB 2.0.0
2024-03-19 00:50:00,778 [INFO] ThirdParty:1030 - CMSIS Pack Vendor :STMicroelectronics X-CUBE-TOUCHGFX 4.23.0
2024-03-19 00:50:00,778 [INFO] ThirdParty:1030 - CMSIS Pack Vendor :STMicroelectronics X-CUBE-AZRTOS-F7 1.1.0
2024-03-19 00:50:00,778 [INFO] ThirdParty:1030 - CMSIS Pack Vendor :STMicroelectronics X-CUBE-AZRTOS-L5 2.0.0
2024-03-19 00:50:00,778 [INFO] ThirdParty:1030 - CMSIS Pack Vendor :STMicroelectronics USB_DEVICE 2.0.0
2024-03-19 00:50:00,778 [INFO] ThirdParty:1030 - CMSIS Pack Vendor :STMicroelectronics X-CUBE-EEPRMA1 4.2.0
2024-03-19 00:50:00,778 [INFO] ThirdParty:1030 - CMSIS Pack Vendor :ITTIA_DB I-CUBE-ITTIADB 8.8.0
2024-03-19 00:50:00,778 [INFO] ThirdParty:1030 - CMSIS Pack Vendor :STMicroelectronics FP-SNS-MOTENV1 4.3.2
2024-03-19 00:50:00,778 [INFO] ThirdParty:1030 - CMSIS Pack Vendor :STMicroelectronics X-CUBE-ALGOBUILD 1.3.0
2024-03-19 00:50:00,778 [INFO] ThirdParty:1030 - CMSIS Pack Vendor :STMicroelectronics FreeRTOS 0.0.1
2024-03-19 00:50:00,778 [INFO] ThirdParty:1030 - CMSIS Pack Vendor :STMicroelectronics X-CUBE-AZRTOS-G0 1.1.0
2024-03-19 00:50:00,778 [INFO] ThirdParty:1030 - CMSIS Pack Vendor :STMicroelectronics X-CUBE-NFC4 3.0.0
2024-03-19 00:50:00,778 [INFO] ThirdParty:1030 - CMSIS Pack Vendor :STMicroelectronics X-CUBE-SUBG2 5.0.0
2024-03-19 00:50:00,778 [INFO] ThirdParty:1030 - CMSIS Pack Vendor :STMicroelectronics STM32_WPAN 1.0.0
2024-03-19 00:50:00,778 [INFO] ThirdParty:1030 - CMSIS Pack Vendor :STMicroelectronics lwIP 2.0.3
2024-03-19 00:50:00,778 [INFO] ThirdParty:1030 - CMSIS Pack Vendor :STMicroelectronics FP-SNS-FLIGHT1 5.0.2
2024-03-19 00:50:00,778 [INFO] ThirdParty:1030 - CMSIS Pack Vendor :STMicroelectronics USB_HOST 1.0.0
2024-03-19 00:50:00,778 [INFO] ThirdParty:1030 - CMSIS Pack Vendor :STMicroelectronics X-CUBE-AZRTOS-G4 2.0.0
2024-03-19 00:50:00,778 [INFO] ThirdParty:1030 - CMSIS Pack Vendor :STMicroelectronics PDM2PCM 3.1.0
2024-03-19 00:50:00,778 [INFO] ThirdParty:1030 - CMSIS Pack Vendor :Infineon AIROC-Wi-Fi-Bluetooth-STM32 1.5.1
2024-03-19 00:50:00,778 [INFO] ThirdParty:1030 - CMSIS Pack Vendor :STMicroelectronics X-CUBE-BLEMGR 3.0.0
2024-03-19 00:50:00,778 [INFO] ThirdParty:1030 - CMSIS Pack Vendor :STMicroelectronics PDM2PCM 3.3.0
2024-03-19 00:50:00,778 [INFO] ThirdParty:1030 - CMSIS Pack Vendor :STMicroelectronics X-CUBE-DISPLAY 3.0.0
2024-03-19 00:50:00,778 [INFO] ThirdParty:1030 - CMSIS Pack Vendor :STMicroelectronics FP-SNS-MOTENVWB1 1.3.1
2024-03-19 00:50:00,778 [INFO] ThirdParty:1030 - CMSIS Pack Vendor :STMicroelectronics X-CUBE-BLE1 7.0.0
2024-03-19 00:50:00,778 [INFO] ThirdParty:1030 - CMSIS Pack Vendor :STMicroelectronics FP-ATR-SIGFOX1 3.2.0
2024-03-19 00:50:00,778 [INFO] ThirdParty:1030 - CMSIS Pack Vendor :STMicroelectronics X-CUBE-ISPU 2.0.0
2024-03-19 00:50:00,778 [INFO] ThirdParty:1030 - CMSIS Pack Vendor :STMicroelectronics X-CUBE-EEPRMA1 5.1.0
2024-03-19 00:50:00,779 [INFO] ThirdParty:1030 - CMSIS Pack Vendor :STMicroelectronics HAL Drivers 0.0.0
2024-03-19 00:50:00,779 [INFO] ThirdParty:1030 - CMSIS Pack Vendor :STMicroelectronics MBEDTLS 2.16.2
2024-03-19 00:50:00,779 [INFO] ThirdParty:1030 - CMSIS Pack Vendor :emotas I-CUBE-CANOPEN 1.3.0
2024-03-19 00:50:00,779 [INFO] ThirdParty:1030 - CMSIS Pack Vendor :STMicroelectronics X-CUBE-MEMS1 10.0.0
2024-03-19 00:50:00,779 [INFO] ThirdParty:1030 - CMSIS Pack Vendor :STMicroelectronics X-CUBE-FREERTOS 1.1.0
2024-03-19 00:50:00,779 [INFO] ThirdParty:1030 - CMSIS Pack Vendor :STMicroelectronics X-CUBE-NFC7 1.0.1
2024-03-19 00:50:00,779 [INFO] ThirdParty:1030 - CMSIS Pack Vendor :STMicroelectronics MBEDTLS 2.14.1
2024-03-19 00:50:00,779 [INFO] ThirdParty:1030 - CMSIS Pack Vendor :STMicroelectronics X-CUBE-NFC6 3.0.0
2024-03-19 00:50:00,779 [INFO] ThirdParty:1030 - CMSIS Pack Vendor :portGmbH I-Cube-SoM-uGOAL 1.1.0
2024-03-19 00:50:00,779 [INFO] ThirdParty:1030 - CMSIS Pack Vendor :STMicroelectronics X-CUBE-ALS 1.0.1
2024-03-19 00:50:00,779 [INFO] ThirdParty:1030 - CMSIS Pack Vendor :STMicroelectronics X-CUBE-BLEMGR 3.1.0
2024-03-19 00:50:00,779 [INFO] ThirdParty:1030 - CMSIS Pack Vendor :STMicroelectronics ThreadX 1.0.0
2024-03-19 00:50:00,779 [INFO] ThirdParty:1030 - CMSIS Pack Vendor :STMicroelectronics FP-SNS-SMARTAG2 1.2.0
2024-03-19 00:50:00,779 [INFO] ThirdParty:1030 - CMSIS Pack Vendor :STMicroelectronics X-CUBE-AZRTOS-WL 2.0.0
2024-03-19 00:50:00,779 [INFO] ThirdParty:1030 - CMSIS Pack Vendor :SEGGER I-CUBE-embOS 1.3.1
2024-03-19 00:50:00,779 [INFO] ThirdParty:1030 - CMSIS Pack Vendor :STMicroelectronics USB_DEVICE 1.0.0
2024-03-19 00:50:00,779 [INFO] ThirdParty:1030 - CMSIS Pack Vendor :STMicroelectronics X-CUBE-AI 8.1.0
2024-03-19 00:50:00,779 [INFO] ThirdParty:1030 - CMSIS Pack Vendor :STMicroelectronics X-CUBE-AZRTOS-L4 2.0.0
2024-03-19 00:50:00,779 [INFO] ThirdParty:1030 - CMSIS Pack Vendor :STMicroelectronics ThreadX 0.0.2
2024-03-19 00:50:00,779 [INFO] ThirdParty:1030 - CMSIS Pack Vendor :WES I-CUBE-Cesium 1.3.0
2024-03-19 00:50:00,779 [INFO] ThirdParty:1030 - CMSIS Pack Vendor :STMicroelectronics FP-ATR-ASTRA1 2.0.0
2024-03-19 00:50:00,779 [INFO] ThirdParty:1030 - CMSIS Pack Vendor :STMicroelectronics lwIP 2.1.2
2024-03-19 00:50:00,779 [INFO] ThirdParty:1030 - CMSIS Pack Vendor :STMicroelectronics X-CUBE-SFXS2LP1 4.0.0
2024-03-19 00:50:00,779 [INFO] ThirdParty:1030 - CMSIS Pack Vendor :STMicroelectronics X-CUBE-BLE2 3.3.0
2024-03-19 00:50:00,779 [INFO] ThirdParty:1030 - CMSIS Pack Vendor :STMicroelectronics X-CUBE-TOF1 3.4.0
2024-03-19 00:50:00,779 [INFO] ThirdParty:1030 - CMSIS Pack Vendor :STMicroelectronics X-CUBE-TOF1 3.4.1
2024-03-19 00:50:00,779 [INFO] ThirdParty:1030 - CMSIS Pack Vendor :STMicroelectronics X-CUBE-AZRTOS-H7 3.2.0
2024-03-19 00:50:00,779 [INFO] ThirdParty:1030 - CMSIS Pack Vendor :STMicroelectronics PDM2PCM 3.2.0
2024-03-19 00:50:00,779 [INFO] ThirdParty:841 - exiting critical section [change project]
2024-03-19 00:50:00,987 [INFO] PinOutPanel:1499 - setPackage(No Configuration,No Configuration)
2024-03-19 00:50:00,988 [INFO] PinOutPanel:1499 - setPackage(STM32F103C8Tx,LQFP48)
2024-03-19 00:50:01,357 [INFO] UtilMem:75 - Before build in PCC Used Memory: 485381248 Bytes (843055104)
2024-03-19 00:50:02,267 [INFO] UtilMem:75 - After build in PCC Used Memory: 688862504 Bytes (843055104)
2024-03-19 00:50:02,423 [INFO] ApiDbMcu:508 - Load IP Config File for FREERTOS
2024-03-19 00:50:02,443 [INFO] IPUIPlugin:80 - create IPUIPlugin
2024-03-19 00:50:02,443 [INFO] IPUIPlugin:80 - create IPUIPlugin
2024-03-19 00:50:02,443 [INFO] IPUIPlugin:80 - create IPUIPlugin
2024-03-19 00:50:02,443 [INFO] IPUIPlugin:80 - create IPUIPlugin
2024-03-19 00:50:02,443 [INFO] IPUIPlugin:80 - create IPUIPlugin
2024-03-19 00:50:02,443 [INFO] IPUIPlugin:80 - create IPUIPlugin
2024-03-19 00:50:02,444 [INFO] IPUIPlugin:80 - create IPUIPlugin
2024-03-19 00:50:02,444 [INFO] IPUIPlugin:80 - create IPUIPlugin
2024-03-19 00:50:02,444 [INFO] IPUIPlugin:80 - create IPUIPlugin
2024-03-19 00:50:02,444 [INFO] IPUIPlugin:80 - create IPUIPlugin
2024-03-19 00:50:02,444 [INFO] IPUIPlugin:80 - create IPUIPlugin
2024-03-19 00:50:02,444 [INFO] IPUIPlugin:80 - create IPUIPlugin
2024-03-19 00:50:02,444 [INFO] IPUIPlugin:80 - create IPUIPlugin
2024-03-19 00:50:02,444 [INFO] IPUIPlugin:80 - create IPUIPlugin
2024-03-19 00:50:02,444 [INFO] IPUIPlugin:80 - create IPUIPlugin
2024-03-19 00:50:02,444 [INFO] IPUIPlugin:80 - create IPUIPlugin
2024-03-19 00:50:02,445 [INFO] IPUIPlugin:80 - create IPUIPlugin
2024-03-19 00:50:02,445 [INFO] IPUIPlugin:80 - create IPUIPlugin
2024-03-19 00:50:02,445 [INFO] IPUIPlugin:80 - create IPUIPlugin
2024-03-19 00:50:02,445 [INFO] IPUIPlugin:80 - create IPUIPlugin
2024-03-19 00:50:02,445 [INFO] IPUIPlugin:80 - create IPUIPlugin
2024-03-19 00:50:02,445 [INFO] IPUIPlugin:80 - create IPUIPlugin
2024-03-19 00:50:02,445 [INFO] IPUIPlugin:80 - create IPUIPlugin
2024-03-19 00:50:02,446 [INFO] IPUIPlugin:80 - create IPUIPlugin
2024-03-19 00:50:02,446 [INFO] IPUIPlugin:80 - create IPUIPlugin
2024-03-19 00:50:02,446 [INFO] IPUIPlugin:80 - create IPUIPlugin
2024-03-19 00:50:02,446 [INFO] IPUIPlugin:80 - create IPUIPlugin
2024-03-19 00:50:02,459 [WARN] IP:2119 - I2C_Coeff_DF not found: check if there is a RefParameter without a condition.
2024-03-19 00:50:02,459 [WARN] IP:2119 - Analog_Filter not found: check if there is a RefParameter without a condition.
2024-03-19 00:50:02,490 [WARN] FreeRTOS:1023 - Null or empty value: should not occur! (nothing added to the table)
2024-03-19 00:50:02,654 [INFO] CADModel:165 - CPN selected for project levelSTM32F103C8T6
2024-03-19 00:50:02,654 [INFO] CADModel:114 - Register for checkConnection events
2024-03-19 00:50:02,656 [INFO] RtosManager:697 - Active RTOS found at IOC load: FREERTOS [Cortex-M3NS]
2024-03-19 00:50:02,705 [INFO] OpenFileManager:343 - Restore cursor
2024-03-19 00:50:02,873 [WARN] IP:2119 - I2C_Coeff_DF not found: check if there is a RefParameter without a condition.
2024-03-19 00:50:02,873 [WARN] IP:2119 - Analog_Filter not found: check if there is a RefParameter without a condition.
2024-03-19 00:50:02,873 [WARN] IP:2119 - I2C_Coeff_DF not found: check if there is a RefParameter without a condition.
2024-03-19 00:50:02,873 [WARN] IP:2119 - Analog_Filter not found: check if there is a RefParameter without a condition.
2024-03-19 00:50:07,859 [WARN] IP:2119 - I2C_Coeff_DF not found: check if there is a RefParameter without a condition.
2024-03-19 00:50:07,859 [WARN] IP:2119 - Analog_Filter not found: check if there is a RefParameter without a condition.
2024-03-19 00:50:07,860 [WARN] IP:2119 - I2C_Coeff_DF not found: check if there is a RefParameter without a condition.
2024-03-19 00:50:07,860 [WARN] IP:2119 - Analog_Filter not found: check if there is a RefParameter without a condition.
2024-03-19 00:59:48,161 [ERROR] RtosPanel:558 - Can not restore the selected Tab for FREERTOS(A reason can be that the tab is no more available.)
2024-03-19 00:59:55,939 [INFO] TasksAndQueuesTab:757 - Dynamic
2024-03-19 00:59:55,940 [WARN] TasksAndQueuesTab:763 - 128 128
2024-03-19 00:59:55,940 [WARN] TasksAndQueuesTab:775 - max value is: 768.0
2024-03-19 00:59:55,940 [INFO] TasksAndQueuesTab:757 - Dynamic
2024-03-19 00:59:55,940 [WARN] TasksAndQueuesTab:763 - 128 128
2024-03-19 00:59:55,940 [WARN] TasksAndQueuesTab:775 - max value is: 768.0
2024-03-19 00:59:56,981 [INFO] EditThreadDialog:704 - RAM SIZE (in KB): 20
2024-03-19 00:59:56,981 [INFO] EditThreadDialog:706 - RAM SIZE (in words): 5120
2024-03-19 00:59:59,610 [INFO] TasksAndQueuesTab:757 - Dynamic
2024-03-19 00:59:59,610 [WARN] TasksAndQueuesTab:763 - 128 128
2024-03-19 00:59:59,610 [WARN] TasksAndQueuesTab:775 - max value is: 768.0
2024-03-19 00:59:59,610 [INFO] TasksAndQueuesTab:757 - Dynamic
2024-03-19 00:59:59,611 [WARN] TasksAndQueuesTab:763 - 128 128
2024-03-19 00:59:59,611 [WARN] TasksAndQueuesTab:775 - max value is: 768.0
2024-03-19 01:00:00,267 [INFO] EditThreadDialog:704 - RAM SIZE (in KB): 20
2024-03-19 01:00:00,267 [INFO] EditThreadDialog:706 - RAM SIZE (in words): 5120
2024-03-19 01:00:03,649 [INFO] UtilMem:75 - End SaveConfig() Used Memory: 531817176 Bytes (1067450368)
2024-03-19 01:00:03,709 [INFO] UtilMem:75 - End SaveConfig() Used Memory: 544400088 Bytes (1067450368)
2024-03-19 01:00:03,848 [INFO] UtilMem:75 - End SaveConfig() Used Memory: 594209496 Bytes (1067450368)
2024-03-19 01:00:04,267 [INFO] BlockDiagram:2759 - set Specific Code input for plugin: NVIC
2024-03-19 01:00:04,267 [INFO] BlockDiagram:2759 - set Specific Code input for plugin: FREERTOS
2024-03-19 01:00:04,267 [INFO] BlockDiagram:2759 - set Specific Code input for plugin: USART
2024-03-19 01:00:04,267 [INFO] BlockDiagram:2759 - set Specific Code input for plugin: DMA
2024-03-19 01:00:04,267 [INFO] BlockDiagram:2759 - set Specific Code input for plugin: TIM1_8F1
2024-03-19 01:00:04,267 [INFO] BlockDiagram:2759 - set Specific Code input for plugin: TIM1_8F1
2024-03-19 01:00:04,267 [INFO] BlockDiagram:2759 - set Specific Code input for plugin: SYS
2024-03-19 01:00:04,268 [INFO] BlockDiagram:2759 - set Specific Code input for plugin: GPIO
2024-03-19 01:00:04,268 [INFO] BlockDiagram:2759 - set Specific Code input for plugin: ADC
2024-03-19 01:00:04,268 [INFO] BlockDiagram:2759 - set Specific Code input for plugin: RCC
2024-03-19 01:00:04,268 [INFO] BlockDiagram:2759 - set Specific Code input for plugin: I2C
2024-03-19 01:00:04,269 [INFO] CodeGenerator:807 - code generatio: config db path: C:\ST\STM32CubeIDE_1.14.0\STM32CubeIDE\plugins\com.st.stm32cube.common.mx_6.10.0.202311202037\\db\
2024-03-19 01:00:04,283 [WARN] IP:2119 - I2C_Coeff_DF not found: check if there is a RefParameter without a condition.
2024-03-19 01:00:04,284 [WARN] IP:2119 - Analog_Filter not found: check if there is a RefParameter without a condition.
2024-03-19 01:00:04,544 [INFO] CodeEngine:255 - oldGeneratedFile, C:\Users\hasan\STM32CubeIDE\workspace_1.14.0\ROVISA\MXTmpFiles\license.tmp_save
2024-03-19 01:00:04,859 [INFO] CodeEngine:279 - Generated code: C:\Users\hasan\STM32CubeIDE\workspace_1.14.0\ROVISA\MXTmpFiles\license.tmp
2024-03-19 01:00:04,951 [INFO] CodeEngine:255 - oldGeneratedFile, C:\Users\hasan\STM32CubeIDE\workspace_1.14.0\ROVISA\MXTmpFiles\gpio.tmp_save
2024-03-19 01:00:05,090 [INFO] CodeEngine:279 - Generated code: C:\Users\hasan\STM32CubeIDE\workspace_1.14.0\ROVISA\MXTmpFiles\gpio.tmp
2024-03-19 01:00:05,470 [INFO] Middleware:1439 - No code input for Bsp Dependency
2024-03-19 01:00:05,486 [INFO] CodeEngine:255 - oldGeneratedFile, C:\Users\hasan\STM32CubeIDE\workspace_1.14.0\ROVISA\MXTmpFiles\rtos_inc.tmp_save
2024-03-19 01:00:05,574 [INFO] CodeEngine:279 - Generated code: C:\Users\hasan\STM32CubeIDE\workspace_1.14.0\ROVISA\MXTmpFiles\rtos_inc.tmp
2024-03-19 01:00:05,587 [INFO] CodeEngine:255 - oldGeneratedFile, C:\Users\hasan\STM32CubeIDE\workspace_1.14.0\ROVISA\MXTmpFiles\rtos_vars.tmp_save
2024-03-19 01:00:05,674 [INFO] CodeEngine:279 - Generated code: C:\Users\hasan\STM32CubeIDE\workspace_1.14.0\ROVISA\MXTmpFiles\rtos_vars.tmp
2024-03-19 01:00:05,689 [INFO] CodeEngine:255 - oldGeneratedFile, C:\Users\hasan\STM32CubeIDE\workspace_1.14.0\ROVISA\MXTmpFiles\rtos_pfp.tmp_save
2024-03-19 01:00:05,767 [INFO] CodeEngine:279 - Generated code: C:\Users\hasan\STM32CubeIDE\workspace_1.14.0\ROVISA\MXTmpFiles\rtos_pfp.tmp
2024-03-19 01:00:05,778 [INFO] CodeEngine:255 - oldGeneratedFile, C:\Users\hasan\STM32CubeIDE\workspace_1.14.0\ROVISA\MXTmpFiles\rtos_obj_creat.tmp_save
2024-03-19 01:00:05,844 [INFO] CodeEngine:279 - Generated code: C:\Users\hasan\STM32CubeIDE\workspace_1.14.0\ROVISA\MXTmpFiles\rtos_obj_creat.tmp
2024-03-19 01:00:05,853 [INFO] CodeEngine:255 - oldGeneratedFile, C:\Users\hasan\STM32CubeIDE\workspace_1.14.0\ROVISA\MXTmpFiles\rtos_kernelStart.tmp_save
2024-03-19 01:00:05,907 [INFO] CodeEngine:279 - Generated code: C:\Users\hasan\STM32CubeIDE\workspace_1.14.0\ROVISA\MXTmpFiles\rtos_kernelStart.tmp
2024-03-19 01:00:05,916 [INFO] CodeEngine:255 - oldGeneratedFile, C:\Users\hasan\STM32CubeIDE\workspace_1.14.0\ROVISA\MXTmpFiles\rtos_default_thread.tmp_save
2024-03-19 01:00:05,970 [INFO] CodeEngine:279 - Generated code: C:\Users\hasan\STM32CubeIDE\workspace_1.14.0\ROVISA\MXTmpFiles\rtos_default_thread.tmp
2024-03-19 01:00:05,977 [INFO] CodeEngine:255 - oldGeneratedFile, C:\Users\hasan\STM32CubeIDE\workspace_1.14.0\ROVISA\MXTmpFiles\rtos_threads.tmp_save
2024-03-19 01:00:06,029 [INFO] CodeEngine:279 - Generated code: C:\Users\hasan\STM32CubeIDE\workspace_1.14.0\ROVISA\MXTmpFiles\rtos_threads.tmp
2024-03-19 01:00:06,041 [INFO] Middleware:1439 - No code input for Bsp Dependency
2024-03-19 01:00:06,045 [INFO] CodeEngine:255 - oldGeneratedFile, C:\Users\hasan\STM32CubeIDE\workspace_1.14.0\ROVISA\MXTmpFiles\rtos_inc.tmp_save
2024-03-19 01:00:06,097 [INFO] CodeEngine:279 - Generated code: C:\Users\hasan\STM32CubeIDE\workspace_1.14.0\ROVISA\MXTmpFiles\rtos_inc.tmp
2024-03-19 01:00:06,101 [INFO] CodeEngine:255 - oldGeneratedFile, C:\Users\hasan\STM32CubeIDE\workspace_1.14.0\ROVISA\MXTmpFiles\rtos_vars.tmp_save
2024-03-19 01:00:06,142 [INFO] CodeEngine:279 - Generated code: C:\Users\hasan\STM32CubeIDE\workspace_1.14.0\ROVISA\MXTmpFiles\rtos_vars.tmp
2024-03-19 01:00:06,146 [INFO] CodeEngine:255 - oldGeneratedFile, C:\Users\hasan\STM32CubeIDE\workspace_1.14.0\ROVISA\MXTmpFiles\rtos_pfp.tmp_save
2024-03-19 01:00:06,187 [INFO] CodeEngine:279 - Generated code: C:\Users\hasan\STM32CubeIDE\workspace_1.14.0\ROVISA\MXTmpFiles\rtos_pfp.tmp
2024-03-19 01:00:06,197 [INFO] CodeEngine:255 - oldGeneratedFile, C:\Users\hasan\STM32CubeIDE\workspace_1.14.0\ROVISA\MXTmpFiles\rtos_obj_creat.tmp_save
2024-03-19 01:00:06,242 [INFO] CodeEngine:279 - Generated code: C:\Users\hasan\STM32CubeIDE\workspace_1.14.0\ROVISA\MXTmpFiles\rtos_obj_creat.tmp
2024-03-19 01:00:06,244 [INFO] CodeEngine:255 - oldGeneratedFile, C:\Users\hasan\STM32CubeIDE\workspace_1.14.0\ROVISA\MXTmpFiles\rtos_kernelStart.tmp_save
2024-03-19 01:00:06,282 [INFO] CodeEngine:279 - Generated code: C:\Users\hasan\STM32CubeIDE\workspace_1.14.0\ROVISA\MXTmpFiles\rtos_kernelStart.tmp
2024-03-19 01:00:06,286 [INFO] CodeEngine:255 - oldGeneratedFile, C:\Users\hasan\STM32CubeIDE\workspace_1.14.0\ROVISA\MXTmpFiles\rtos_default_thread.tmp_save
2024-03-19 01:00:06,328 [INFO] CodeEngine:279 - Generated code: C:\Users\hasan\STM32CubeIDE\workspace_1.14.0\ROVISA\MXTmpFiles\rtos_default_thread.tmp
2024-03-19 01:00:06,331 [INFO] CodeEngine:255 - oldGeneratedFile, C:\Users\hasan\STM32CubeIDE\workspace_1.14.0\ROVISA\MXTmpFiles\rtos_threads.tmp_save
2024-03-19 01:00:06,370 [INFO] CodeEngine:279 - Generated code: C:\Users\hasan\STM32CubeIDE\workspace_1.14.0\ROVISA\MXTmpFiles\rtos_threads.tmp
2024-03-19 01:00:06,399 [INFO] CodeEngine:255 - oldGeneratedFile, C:\Users\hasan\STM32CubeIDE\workspace_1.14.0\ROVISA\Core\Inc\FreeRTOSConfig.h_save
2024-03-19 01:00:06,468 [INFO] CodeEngine:279 - Generated code: C:\Users\hasan\STM32CubeIDE\workspace_1.14.0\ROVISA\Core\Inc\FreeRTOSConfig.h
2024-03-19 01:00:06,485 [INFO] CodeEngine:255 - oldGeneratedFile, C:\Users\hasan\STM32CubeIDE\workspace_1.14.0\ROVISA\Core\Src\freertos.c_save
2024-03-19 01:00:06,550 [INFO] CodeEngine:279 - Generated code: C:\Users\hasan\STM32CubeIDE\workspace_1.14.0\ROVISA\Core\Src\freertos.c
2024-03-19 01:00:06,569 [INFO] CodeEngine:255 - oldGeneratedFile, C:\Users\hasan\STM32CubeIDE\workspace_1.14.0\ROVISA\MXTmpFiles\dma.tmp_save
2024-03-19 01:00:06,627 [INFO] CodeEngine:279 - Generated code: C:\Users\hasan\STM32CubeIDE\workspace_1.14.0\ROVISA\MXTmpFiles\dma.tmp
2024-03-19 01:00:06,633 [INFO] CodeEngine:255 - oldGeneratedFile, C:\Users\hasan\STM32CubeIDE\workspace_1.14.0\ROVISA\MXTmpFiles\dma_GV.tmp_save
2024-03-19 01:00:06,673 [INFO] CodeEngine:279 - Generated code: C:\Users\hasan\STM32CubeIDE\workspace_1.14.0\ROVISA\MXTmpFiles\dma_GV.tmp
2024-03-19 01:00:06,765 [INFO] CodeEngine:255 - oldGeneratedFile, C:\Users\hasan\STM32CubeIDE\workspace_1.14.0\ROVISA\Core\Src\stm32f1xx_it.c_save
2024-03-19 01:00:06,844 [INFO] CodeEngine:279 - Generated code: C:\Users\hasan\STM32CubeIDE\workspace_1.14.0\ROVISA\Core\Src\stm32f1xx_it.c
2024-03-19 01:00:06,857 [INFO] CodeEngine:255 - oldGeneratedFile, C:\Users\hasan\STM32CubeIDE\workspace_1.14.0\ROVISA\Core\Inc\stm32f1xx_it.h_save
2024-03-19 01:00:06,907 [INFO] CodeEngine:279 - Generated code: C:\Users\hasan\STM32CubeIDE\workspace_1.14.0\ROVISA\Core\Inc\stm32f1xx_it.h
2024-03-19 01:00:06,927 [INFO] CodeEngine:255 - oldGeneratedFile, C:\Users\hasan\STM32CubeIDE\workspace_1.14.0\ROVISA\Core\Src\stm32f1xx_hal_msp.c_save
2024-03-19 01:00:07,030 [INFO] CodeEngine:279 - Generated code: C:\Users\hasan\STM32CubeIDE\workspace_1.14.0\ROVISA\Core\Src\stm32f1xx_hal_msp.c
2024-03-19 01:00:07,040 [INFO] CodeEngine:255 - oldGeneratedFile, C:\Users\hasan\STM32CubeIDE\workspace_1.14.0\ROVISA\MXTmpFiles\system.tmp_save
2024-03-19 01:00:07,090 [INFO] CodeEngine:279 - Generated code: C:\Users\hasan\STM32CubeIDE\workspace_1.14.0\ROVISA\MXTmpFiles\system.tmp
2024-03-19 01:00:07,105 [INFO] CodeEngine:255 - oldGeneratedFile, C:\Users\hasan\STM32CubeIDE\workspace_1.14.0\ROVISA\Core\Src\stm32f1xx_hal_timebase_tim.c_save
2024-03-19 01:00:07,160 [INFO] CodeEngine:279 - Generated code: C:\Users\hasan\STM32CubeIDE\workspace_1.14.0\ROVISA\Core\Src\stm32f1xx_hal_timebase_tim.c
2024-03-19 01:00:07,177 [INFO] CodeEngine:311 - oldGeneratedFile, C:\Users\hasan\STM32CubeIDE\workspace_1.14.0\ROVISA\Core\Inc\stm32f1xx_hal_conf.h_save
2024-03-19 01:00:07,241 [INFO] CodeEngine:335 - Generated code: C:\Users\hasan\STM32CubeIDE\workspace_1.14.0\ROVISA\Core\Inc\stm32f1xx_hal_conf.h
2024-03-19 01:00:07,262 [WARN] IPConfigManager:3440 - IP not found : TIM
2024-03-19 01:00:07,263 [WARN] CodeGenerator:3939 - IP not found : null
2024-03-19 01:00:07,279 [INFO] CodeEngine:255 - oldGeneratedFile, C:\Users\hasan\STM32CubeIDE\workspace_1.14.0\ROVISA\Core\Inc\main.h_save
2024-03-19 01:00:07,375 [INFO] CodeEngine:279 - Generated code: C:\Users\hasan\STM32CubeIDE\workspace_1.14.0\ROVISA\Core\Inc\main.h
2024-03-19 01:00:07,389 [INFO] CodeEngine:255 - oldGeneratedFile, C:\Users\hasan\STM32CubeIDE\workspace_1.14.0\ROVISA\Core\Src\main.c_save
2024-03-19 01:00:07,573 [INFO] CodeEngine:279 - Generated code: C:\Users\hasan\STM32CubeIDE\workspace_1.14.0\ROVISA\Core\Src\main.c
2024-03-19 01:00:08,035 [INFO] ProjectBuilder:3076 - Time for Copy HAL[1] : 192mS.
2024-03-19 01:00:08,041 [INFO] ProjectBuilder:4485 - Project Generator version: 4.2.0-B44
2024-03-19 01:00:08,182 [INFO] ConfigFileManager:1495 - The Die is : DIE410
2024-03-19 01:00:08,193 [INFO] ApiDbMcu:508 - Load IP Config File for FATFS
2024-03-19 01:00:08,204 [INFO] ApiDbMcu:508 - Load IP Config File for USB_DEVICE
2024-03-19 01:00:09,004 [INFO] LogOutputStream:77 - [STDOUT_REDIRECT] 
2024-03-19 01:00:10,153 [INFO] ProjectBuilder:4747 - Time for Generating toolchain IDE Files: 2111mS.
2024-03-19 01:00:10,154 [INFO] ProjectBuilder:2947 - Time for Copy CMSIS : 1mS.
2024-03-19 01:00:10,159 [INFO] ProjectBuilder:2947 - Time for Copy CMSIS : 0mS.
2024-03-19 01:03:41,428 [ERROR] RtosPanel:558 - Can not restore the selected Tab for FREERTOS(A reason can be that the tab is no more available.)
2024-03-19 01:03:50,602 [INFO] UtilMem:75 - End SaveConfig() Used Memory: 770057736 Bytes (909115392)
2024-03-19 01:03:50,657 [INFO] UtilMem:75 - End SaveConfig() Used Memory: 279162552 Bytes (909115392)
2024-03-19 01:03:50,802 [INFO] UtilMem:75 - End SaveConfig() Used Memory: 284638144 Bytes (909115392)
2024-03-19 01:03:50,994 [INFO] BlockDiagram:2759 - set Specific Code input for plugin: NVIC
2024-03-19 01:03:50,994 [INFO] BlockDiagram:2759 - set Specific Code input for plugin: FREERTOS
2024-03-19 01:03:50,994 [INFO] BlockDiagram:2759 - set Specific Code input for plugin: USART
2024-03-19 01:03:50,994 [INFO] BlockDiagram:2759 - set Specific Code input for plugin: DMA
2024-03-19 01:03:50,994 [INFO] BlockDiagram:2759 - set Specific Code input for plugin: TIM1_8F1
2024-03-19 01:03:50,994 [INFO] BlockDiagram:2759 - set Specific Code input for plugin: TIM1_8F1
2024-03-19 01:03:50,994 [INFO] BlockDiagram:2759 - set Specific Code input for plugin: SYS
2024-03-19 01:03:50,995 [INFO] BlockDiagram:2759 - set Specific Code input for plugin: GPIO
2024-03-19 01:03:50,995 [INFO] BlockDiagram:2759 - set Specific Code input for plugin: ADC
2024-03-19 01:03:50,995 [INFO] BlockDiagram:2759 - set Specific Code input for plugin: RCC
2024-03-19 01:03:50,995 [INFO] BlockDiagram:2759 - set Specific Code input for plugin: I2C
2024-03-19 01:03:50,995 [INFO] CodeGenerator:807 - code generatio: config db path: C:\ST\STM32CubeIDE_1.14.0\STM32CubeIDE\plugins\com.st.stm32cube.common.mx_6.10.0.202311202037\\db\
2024-03-19 01:03:51,001 [INFO] Argument:325 - Argument : hdmavalue: null
2024-03-19 01:03:51,001 [INFO] Argument:327 - 	 sub Args: 
2024-03-19 01:03:51,001 [INFO] Argument:325 - Argument : Instancevalue: DMA1_Channel1
2024-03-19 01:03:51,001 [INFO] Argument:335 - Argument : Instancevalue: DMA1_Channel1
2024-03-19 01:03:51,001 [INFO] Argument:325 - Argument : Initvalue: null
2024-03-19 01:03:51,001 [INFO] Argument:327 - 	 sub Args: 
2024-03-19 01:03:51,001 [INFO] Argument:325 - Argument : Directionvalue: DMA_PERIPH_TO_MEMORY
2024-03-19 01:03:51,001 [INFO] Argument:335 - Argument : Directionvalue: DMA_PERIPH_TO_MEMORY
2024-03-19 01:03:51,001 [INFO] Argument:325 - Argument : PeriphIncvalue: DMA_PINC_DISABLE
2024-03-19 01:03:51,001 [INFO] Argument:335 - Argument : PeriphIncvalue: DMA_PINC_DISABLE
2024-03-19 01:03:51,001 [INFO] Argument:325 - Argument : MemIncvalue: DMA_MINC_ENABLE
2024-03-19 01:03:51,001 [INFO] Argument:335 - Argument : MemIncvalue: DMA_MINC_ENABLE
2024-03-19 01:03:51,001 [INFO] Argument:325 - Argument : PeriphDataAlignmentvalue: DMA_PDATAALIGN_WORD
2024-03-19 01:03:51,001 [INFO] Argument:335 - Argument : PeriphDataAlignmentvalue: DMA_PDATAALIGN_WORD
2024-03-19 01:03:51,001 [INFO] Argument:325 - Argument : MemDataAlignmentvalue: DMA_MDATAALIGN_WORD
2024-03-19 01:03:51,001 [INFO] Argument:335 - Argument : MemDataAlignmentvalue: DMA_MDATAALIGN_WORD
2024-03-19 01:03:51,001 [INFO] Argument:325 - Argument : Modevalue: DMA_CIRCULAR
2024-03-19 01:03:51,001 [INFO] Argument:335 - Argument : Modevalue: DMA_CIRCULAR
2024-03-19 01:03:51,001 [INFO] Argument:325 - Argument : Priorityvalue: DMA_PRIORITY_LOW
2024-03-19 01:03:51,001 [INFO] Argument:335 - Argument : Priorityvalue: DMA_PRIORITY_LOW
2024-03-19 01:03:51,001 [INFO] Argument:325 - Argument : Lockvalue: null
2024-03-19 01:03:51,001 [INFO] Argument:335 - Argument : Lockvalue: null
2024-03-19 01:03:51,001 [INFO] Argument:325 - Argument : Statevalue: null
2024-03-19 01:03:51,002 [INFO] Argument:335 - Argument : Statevalue: null
2024-03-19 01:03:51,002 [INFO] Argument:325 - Argument : Parentvalue: null
2024-03-19 01:03:51,002 [INFO] Argument:335 - Argument : Parentvalue: null
2024-03-19 01:03:51,002 [INFO] Argument:325 - Argument : XferCpltCallbackvalue: null
2024-03-19 01:03:51,002 [INFO] Argument:335 - Argument : XferCpltCallbackvalue: null
2024-03-19 01:03:51,002 [INFO] Argument:325 - Argument : XferHalfCpltCallbackvalue: null
2024-03-19 01:03:51,002 [INFO] Argument:335 - Argument : XferHalfCpltCallbackvalue: null
2024-03-19 01:03:51,002 [INFO] Argument:325 - Argument : XferErrorCallbackvalue: null
2024-03-19 01:03:51,002 [INFO] Argument:335 - Argument : XferErrorCallbackvalue: null
2024-03-19 01:03:51,002 [INFO] Argument:325 - Argument : ErrorCodevalue: null
2024-03-19 01:03:51,002 [INFO] Argument:335 - Argument : ErrorCodevalue: null
2024-03-19 01:03:51,005 [WARN] IP:2119 - I2C_Coeff_DF not found: check if there is a RefParameter without a condition.
2024-03-19 01:03:51,005 [WARN] IP:2119 - Analog_Filter not found: check if there is a RefParameter without a condition.
2024-03-19 01:03:51,103 [INFO] CodeEngine:255 - oldGeneratedFile, C:\Users\hasan\STM32CubeIDE\workspace_1.14.0\ROVISA\MXTmpFiles\license.tmp_save
2024-03-19 01:03:51,163 [INFO] CodeEngine:279 - Generated code: C:\Users\hasan\STM32CubeIDE\workspace_1.14.0\ROVISA\MXTmpFiles\license.tmp
2024-03-19 01:03:51,184 [INFO] CodeEngine:255 - oldGeneratedFile, C:\Users\hasan\STM32CubeIDE\workspace_1.14.0\ROVISA\MXTmpFiles\gpio.tmp_save
2024-03-19 01:03:51,243 [INFO] CodeEngine:279 - Generated code: C:\Users\hasan\STM32CubeIDE\workspace_1.14.0\ROVISA\MXTmpFiles\gpio.tmp
2024-03-19 01:03:51,397 [INFO] Middleware:1439 - No code input for Bsp Dependency
2024-03-19 01:03:51,402 [INFO] CodeEngine:255 - oldGeneratedFile, C:\Users\hasan\STM32CubeIDE\workspace_1.14.0\ROVISA\MXTmpFiles\rtos_inc.tmp_save
2024-03-19 01:03:51,457 [INFO] CodeEngine:279 - Generated code: C:\Users\hasan\STM32CubeIDE\workspace_1.14.0\ROVISA\MXTmpFiles\rtos_inc.tmp
2024-03-19 01:03:51,459 [INFO] CodeEngine:255 - oldGeneratedFile, C:\Users\hasan\STM32CubeIDE\workspace_1.14.0\ROVISA\MXTmpFiles\rtos_vars.tmp_save
2024-03-19 01:03:51,501 [INFO] CodeEngine:279 - Generated code: C:\Users\hasan\STM32CubeIDE\workspace_1.14.0\ROVISA\MXTmpFiles\rtos_vars.tmp
2024-03-19 01:03:51,503 [INFO] CodeEngine:255 - oldGeneratedFile, C:\Users\hasan\STM32CubeIDE\workspace_1.14.0\ROVISA\MXTmpFiles\rtos_pfp.tmp_save
2024-03-19 01:03:51,547 [INFO] CodeEngine:279 - Generated code: C:\Users\hasan\STM32CubeIDE\workspace_1.14.0\ROVISA\MXTmpFiles\rtos_pfp.tmp
2024-03-19 01:03:51,550 [INFO] CodeEngine:255 - oldGeneratedFile, C:\Users\hasan\STM32CubeIDE\workspace_1.14.0\ROVISA\MXTmpFiles\rtos_obj_creat.tmp_save
2024-03-19 01:03:51,597 [INFO] CodeEngine:279 - Generated code: C:\Users\hasan\STM32CubeIDE\workspace_1.14.0\ROVISA\MXTmpFiles\rtos_obj_creat.tmp
2024-03-19 01:03:51,600 [INFO] CodeEngine:255 - oldGeneratedFile, C:\Users\hasan\STM32CubeIDE\workspace_1.14.0\ROVISA\MXTmpFiles\rtos_kernelStart.tmp_save
2024-03-19 01:03:51,641 [INFO] CodeEngine:279 - Generated code: C:\Users\hasan\STM32CubeIDE\workspace_1.14.0\ROVISA\MXTmpFiles\rtos_kernelStart.tmp
2024-03-19 01:03:51,643 [INFO] CodeEngine:255 - oldGeneratedFile, C:\Users\hasan\STM32CubeIDE\workspace_1.14.0\ROVISA\MXTmpFiles\rtos_default_thread.tmp_save
2024-03-19 01:03:51,685 [INFO] CodeEngine:279 - Generated code: C:\Users\hasan\STM32CubeIDE\workspace_1.14.0\ROVISA\MXTmpFiles\rtos_default_thread.tmp
2024-03-19 01:03:51,688 [INFO] CodeEngine:255 - oldGeneratedFile, C:\Users\hasan\STM32CubeIDE\workspace_1.14.0\ROVISA\MXTmpFiles\rtos_threads.tmp_save
2024-03-19 01:03:51,727 [INFO] CodeEngine:279 - Generated code: C:\Users\hasan\STM32CubeIDE\workspace_1.14.0\ROVISA\MXTmpFiles\rtos_threads.tmp
2024-03-19 01:03:51,736 [INFO] Middleware:1439 - No code input for Bsp Dependency
2024-03-19 01:03:51,741 [INFO] CodeEngine:255 - oldGeneratedFile, C:\Users\hasan\STM32CubeIDE\workspace_1.14.0\ROVISA\MXTmpFiles\rtos_inc.tmp_save
2024-03-19 01:03:51,794 [INFO] CodeEngine:279 - Generated code: C:\Users\hasan\STM32CubeIDE\workspace_1.14.0\ROVISA\MXTmpFiles\rtos_inc.tmp
2024-03-19 01:03:51,798 [INFO] CodeEngine:255 - oldGeneratedFile, C:\Users\hasan\STM32CubeIDE\workspace_1.14.0\ROVISA\MXTmpFiles\rtos_vars.tmp_save
2024-03-19 01:03:51,837 [INFO] CodeEngine:279 - Generated code: C:\Users\hasan\STM32CubeIDE\workspace_1.14.0\ROVISA\MXTmpFiles\rtos_vars.tmp
2024-03-19 01:03:51,840 [INFO] CodeEngine:255 - oldGeneratedFile, C:\Users\hasan\STM32CubeIDE\workspace_1.14.0\ROVISA\MXTmpFiles\rtos_pfp.tmp_save
2024-03-19 01:03:51,878 [INFO] CodeEngine:279 - Generated code: C:\Users\hasan\STM32CubeIDE\workspace_1.14.0\ROVISA\MXTmpFiles\rtos_pfp.tmp
2024-03-19 01:03:51,887 [INFO] CodeEngine:255 - oldGeneratedFile, C:\Users\hasan\STM32CubeIDE\workspace_1.14.0\ROVISA\MXTmpFiles\rtos_obj_creat.tmp_save
2024-03-19 01:03:51,926 [INFO] CodeEngine:279 - Generated code: C:\Users\hasan\STM32CubeIDE\workspace_1.14.0\ROVISA\MXTmpFiles\rtos_obj_creat.tmp
2024-03-19 01:03:51,930 [INFO] CodeEngine:255 - oldGeneratedFile, C:\Users\hasan\STM32CubeIDE\workspace_1.14.0\ROVISA\MXTmpFiles\rtos_kernelStart.tmp_save
2024-03-19 01:03:51,968 [INFO] CodeEngine:279 - Generated code: C:\Users\hasan\STM32CubeIDE\workspace_1.14.0\ROVISA\MXTmpFiles\rtos_kernelStart.tmp
2024-03-19 01:03:51,971 [INFO] CodeEngine:255 - oldGeneratedFile, C:\Users\hasan\STM32CubeIDE\workspace_1.14.0\ROVISA\MXTmpFiles\rtos_default_thread.tmp_save
2024-03-19 01:03:52,008 [INFO] CodeEngine:279 - Generated code: C:\Users\hasan\STM32CubeIDE\workspace_1.14.0\ROVISA\MXTmpFiles\rtos_default_thread.tmp
2024-03-19 01:03:52,012 [INFO] CodeEngine:255 - oldGeneratedFile, C:\Users\hasan\STM32CubeIDE\workspace_1.14.0\ROVISA\MXTmpFiles\rtos_threads.tmp_save
2024-03-19 01:03:52,051 [INFO] CodeEngine:279 - Generated code: C:\Users\hasan\STM32CubeIDE\workspace_1.14.0\ROVISA\MXTmpFiles\rtos_threads.tmp
2024-03-19 01:03:52,060 [INFO] CodeEngine:255 - oldGeneratedFile, C:\Users\hasan\STM32CubeIDE\workspace_1.14.0\ROVISA\Core\Inc\FreeRTOSConfig.h_save
2024-03-19 01:03:52,113 [INFO] CodeEngine:279 - Generated code: C:\Users\hasan\STM32CubeIDE\workspace_1.14.0\ROVISA\Core\Inc\FreeRTOSConfig.h
2024-03-19 01:03:52,123 [INFO] CodeEngine:255 - oldGeneratedFile, C:\Users\hasan\STM32CubeIDE\workspace_1.14.0\ROVISA\Core\Src\freertos.c_save
2024-03-19 01:03:52,167 [INFO] CodeEngine:279 - Generated code: C:\Users\hasan\STM32CubeIDE\workspace_1.14.0\ROVISA\Core\Src\freertos.c
2024-03-19 01:03:52,178 [INFO] CodeEngine:255 - oldGeneratedFile, C:\Users\hasan\STM32CubeIDE\workspace_1.14.0\ROVISA\MXTmpFiles\dma.tmp_save
2024-03-19 01:03:52,232 [INFO] CodeEngine:279 - Generated code: C:\Users\hasan\STM32CubeIDE\workspace_1.14.0\ROVISA\MXTmpFiles\dma.tmp
2024-03-19 01:03:52,235 [INFO] CodeEngine:255 - oldGeneratedFile, C:\Users\hasan\STM32CubeIDE\workspace_1.14.0\ROVISA\MXTmpFiles\dma_GV.tmp_save
2024-03-19 01:03:52,277 [INFO] CodeEngine:279 - Generated code: C:\Users\hasan\STM32CubeIDE\workspace_1.14.0\ROVISA\MXTmpFiles\dma_GV.tmp
2024-03-19 01:03:52,337 [INFO] CodeEngine:255 - oldGeneratedFile, C:\Users\hasan\STM32CubeIDE\workspace_1.14.0\ROVISA\Core\Src\stm32f1xx_it.c_save
2024-03-19 01:03:52,392 [INFO] CodeEngine:279 - Generated code: C:\Users\hasan\STM32CubeIDE\workspace_1.14.0\ROVISA\Core\Src\stm32f1xx_it.c
2024-03-19 01:03:52,402 [INFO] CodeEngine:255 - oldGeneratedFile, C:\Users\hasan\STM32CubeIDE\workspace_1.14.0\ROVISA\Core\Inc\stm32f1xx_it.h_save
2024-03-19 01:03:52,451 [INFO] CodeEngine:279 - Generated code: C:\Users\hasan\STM32CubeIDE\workspace_1.14.0\ROVISA\Core\Inc\stm32f1xx_it.h
2024-03-19 01:03:52,464 [INFO] CodeEngine:255 - oldGeneratedFile, C:\Users\hasan\STM32CubeIDE\workspace_1.14.0\ROVISA\Core\Src\stm32f1xx_hal_msp.c_save
2024-03-19 01:03:52,545 [INFO] CodeEngine:279 - Generated code: C:\Users\hasan\STM32CubeIDE\workspace_1.14.0\ROVISA\Core\Src\stm32f1xx_hal_msp.c
2024-03-19 01:03:52,548 [INFO] CodeEngine:255 - oldGeneratedFile, C:\Users\hasan\STM32CubeIDE\workspace_1.14.0\ROVISA\MXTmpFiles\system.tmp_save
2024-03-19 01:03:52,586 [INFO] CodeEngine:279 - Generated code: C:\Users\hasan\STM32CubeIDE\workspace_1.14.0\ROVISA\MXTmpFiles\system.tmp
2024-03-19 01:03:52,594 [INFO] CodeEngine:255 - oldGeneratedFile, C:\Users\hasan\STM32CubeIDE\workspace_1.14.0\ROVISA\Core\Src\stm32f1xx_hal_timebase_tim.c_save
2024-03-19 01:03:52,638 [INFO] CodeEngine:279 - Generated code: C:\Users\hasan\STM32CubeIDE\workspace_1.14.0\ROVISA\Core\Src\stm32f1xx_hal_timebase_tim.c
2024-03-19 01:03:52,650 [INFO] CodeEngine:311 - oldGeneratedFile, C:\Users\hasan\STM32CubeIDE\workspace_1.14.0\ROVISA\Core\Inc\stm32f1xx_hal_conf.h_save
2024-03-19 01:03:52,719 [INFO] CodeEngine:335 - Generated code: C:\Users\hasan\STM32CubeIDE\workspace_1.14.0\ROVISA\Core\Inc\stm32f1xx_hal_conf.h
2024-03-19 01:03:52,739 [WARN] IPConfigManager:3440 - IP not found : TIM
2024-03-19 01:03:52,740 [WARN] CodeGenerator:3939 - IP not found : null
2024-03-19 01:03:52,752 [INFO] CodeEngine:255 - oldGeneratedFile, C:\Users\hasan\STM32CubeIDE\workspace_1.14.0\ROVISA\Core\Inc\main.h_save
2024-03-19 01:03:52,809 [INFO] CodeEngine:279 - Generated code: C:\Users\hasan\STM32CubeIDE\workspace_1.14.0\ROVISA\Core\Inc\main.h
2024-03-19 01:03:52,820 [INFO] CodeEngine:255 - oldGeneratedFile, C:\Users\hasan\STM32CubeIDE\workspace_1.14.0\ROVISA\Core\Src\main.c_save
2024-03-19 01:03:52,948 [INFO] CodeEngine:279 - Generated code: C:\Users\hasan\STM32CubeIDE\workspace_1.14.0\ROVISA\Core\Src\main.c
2024-03-19 01:03:53,363 [INFO] ProjectBuilder:3076 - Time for Copy HAL[1] : 137mS.
2024-03-19 01:03:53,366 [INFO] ProjectBuilder:4485 - Project Generator version: 4.2.0-B44
2024-03-19 01:03:53,510 [INFO] ConfigFileManager:1495 - The Die is : DIE410
2024-03-19 01:03:54,565 [INFO] ProjectBuilder:4747 - Time for Generating toolchain IDE Files: 1198mS.
2024-03-19 01:03:54,566 [INFO] ProjectBuilder:2947 - Time for Copy CMSIS : 1mS.
2024-03-19 01:03:54,571 [INFO] ProjectBuilder:2947 - Time for Copy CMSIS : 0mS.
2024-03-19 01:04:26,449 [ERROR] LogOutputStream:75 - [STDERR_REDIRECT] 
2024-03-19 01:04:26,450 [ERROR] LogOutputStream:75 - [STDERR_REDIRECT] 
